2025-06-19 10:02:40,324 - INFO - Logging to: /home/abhishek/projects/CUPCAKE/logs/enhanced_historical_data_fetcher_20250619_100240_IST.log
2025-06-19 10:02:40,325 - INFO - Script directory: /home/abhishek/projects/CUPCAKE/scripts
2025-06-19 10:02:40,325 - INFO - Looking for symbols.json at: /home/abhishek/projects/CUPCAKE/scripts/symbols.json
2025-06-19 10:02:40,325 - INFO - Loaded credentials from /home/abhishek/projects/CUPCAKE/authentication/credentials.json
2025-06-19 10:02:40,325 - INFO - Loaded 15 symbols from /home/abhishek/projects/CUPCAKE/scripts/symbols.json
2025-06-19 10:02:40,327 - INFO - Connected to Redis at localhost:6379, DB 0
2025-06-19 10:02:40,327 - INFO - Flushed Redis database
2025-06-19 10:02:40,327 - INFO - Starting enhanced data fetch at 2025-06-19 10:02:40.327903
2025-06-19 10:02:40,327 - INFO - Starting to process 15 symbols with 3 workers
2025-06-19 10:02:40,328 - INFO - Processing symbol: Reliance Industries (NSE_EQ|INE002A01018)
2025-06-19 10:02:40,328 - INFO - Processing symbol: Tata Consultancy Services (NSE_EQ|INE467B01029)
2025-06-19 10:02:40,329 - INFO - Processing symbol: Infosys (NSE_EQ|INE009A01021)
2025-06-19 10:02:40,418 - INFO - Trying V3 intraday API for Infosys
2025-06-19 10:02:40,424 - INFO - Trying V3 intraday API for Reliance Industries
2025-06-19 10:02:40,476 - INFO - Trying V3 intraday API for Tata Consultancy Services
2025-06-19 10:02:40,538 - INFO - V3 Intraday: Got 47 candles
2025-06-19 10:02:40,538 - INFO - Need 203 more candles from historical data
2025-06-19 10:02:40,539 - INFO - Fetching historical data from 2025-06-17 to 2025-06-18
2025-06-19 10:02:40,599 - INFO - V3 Intraday: Got 47 candles
2025-06-19 10:02:40,599 - INFO - Need 203 more candles from historical data
2025-06-19 10:02:40,599 - INFO - Fetching historical data from 2025-06-17 to 2025-06-18
2025-06-19 10:02:40,624 - INFO - V3 Historical: Got 750 candles
2025-06-19 10:02:40,627 - INFO - Final dataset: 250 candles from 2025-06-18 12:07:00+05:30 to 2025-06-19 10:01:00+05:30
2025-06-19 10:02:40,627 - INFO - ✓ Successfully included today's data
2025-06-19 10:02:40,656 - INFO - Added 250 candles for Reliance_Industries
2025-06-19 10:02:40,657 - INFO - V3 Intraday: Got 47 candles
2025-06-19 10:02:40,657 - INFO - Need 203 more candles from historical data
2025-06-19 10:02:40,658 - INFO - Fetching historical data from 2025-06-17 to 2025-06-18
2025-06-19 10:02:40,659 - INFO - Processing symbol: HDFC Bank (NSE_EQ|INE040A01034)
2025-06-19 10:02:40,659 - INFO - Progress: 1/15 symbols processed
2025-06-19 10:02:40,659 - INFO - Trying V3 intraday API for HDFC Bank
2025-06-19 10:02:40,680 - INFO - V3 Historical: Got 750 candles
2025-06-19 10:02:40,682 - INFO - Final dataset: 250 candles from 2025-06-18 12:07:00+05:30 to 2025-06-19 10:01:00+05:30
2025-06-19 10:02:40,682 - INFO - ✓ Successfully included today's data
2025-06-19 10:02:40,700 - INFO - Added 250 candles for Infosys
2025-06-19 10:02:40,701 - INFO - Processing symbol: ICICI Bank (NSE_EQ|INE090A01021)
2025-06-19 10:02:40,701 - INFO - Trying V3 intraday API for ICICI Bank
2025-06-19 10:02:40,741 - INFO - V3 Historical: Got 750 candles
2025-06-19 10:02:40,745 - INFO - Final dataset: 250 candles from 2025-06-18 12:07:00+05:30 to 2025-06-19 10:01:00+05:30
2025-06-19 10:02:40,746 - INFO - ✓ Successfully included today's data
2025-06-19 10:02:40,751 - INFO - V3 Intraday: Got 47 candles
2025-06-19 10:02:40,756 - INFO - Need 203 more candles from historical data
2025-06-19 10:02:40,756 - INFO - Fetching historical data from 2025-06-17 to 2025-06-18
2025-06-19 10:02:40,790 - INFO - Added 250 candles for Tata_Consultancy_Services
2025-06-19 10:02:40,791 - INFO - Processing symbol: Hindustan Unilever (NSE_EQ|INE030A01027)
2025-06-19 10:02:40,791 - INFO - Trying V3 intraday API for Hindustan Unilever
2025-06-19 10:02:40,812 - INFO - V3 Intraday: Got 47 candles
2025-06-19 10:02:40,813 - INFO - Need 203 more candles from historical data
2025-06-19 10:02:40,813 - INFO - Fetching historical data from 2025-06-17 to 2025-06-18
2025-06-19 10:02:40,842 - INFO - V3 Historical: Got 750 candles
2025-06-19 10:02:40,843 - INFO - Final dataset: 250 candles from 2025-06-18 12:07:00+05:30 to 2025-06-19 10:01:00+05:30
2025-06-19 10:02:40,843 - INFO - ✓ Successfully included today's data
2025-06-19 10:02:40,859 - INFO - Progress: 2/15 symbols processed
2025-06-19 10:02:40,869 - INFO - Added 250 candles for HDFC_Bank
2025-06-19 10:02:40,870 - INFO - Processing symbol: ITC (NSE_EQ|INE154A01025)
2025-06-19 10:02:40,870 - INFO - Trying V3 intraday API for ITC
2025-06-19 10:02:40,877 - INFO - V3 Intraday: Got 47 candles
2025-06-19 10:02:40,878 - INFO - Need 203 more candles from historical data
2025-06-19 10:02:40,878 - INFO - Fetching historical data from 2025-06-17 to 2025-06-18
2025-06-19 10:02:40,892 - INFO - V3 Historical: Got 750 candles
2025-06-19 10:02:40,894 - INFO - Final dataset: 250 candles from 2025-06-18 12:07:00+05:30 to 2025-06-19 10:01:00+05:30
2025-06-19 10:02:40,894 - INFO - ✓ Successfully included today's data
2025-06-19 10:02:40,915 - INFO - Added 250 candles for ICICI_Bank
2025-06-19 10:02:40,916 - INFO - Processing symbol: State Bank of India (NSE_EQ|INE062A01020)
2025-06-19 10:02:40,916 - INFO - Trying V3 intraday API for State Bank of India
2025-06-19 10:02:40,955 - INFO - V3 Historical: Got 750 candles
2025-06-19 10:02:40,956 - INFO - Final dataset: 250 candles from 2025-06-18 12:07:00+05:30 to 2025-06-19 10:01:00+05:30
2025-06-19 10:02:40,956 - INFO - ✓ Successfully included today's data
2025-06-19 10:02:40,975 - INFO - V3 Intraday: Got 47 candles
2025-06-19 10:02:40,979 - INFO - Need 203 more candles from historical data
2025-06-19 10:02:40,979 - INFO - Fetching historical data from 2025-06-17 to 2025-06-18
2025-06-19 10:02:41,008 - INFO - Added 250 candles for Hindustan_Unilever
2025-06-19 10:02:41,008 - INFO - Processing symbol: Bharti Airtel (NSE_EQ|INE397D01024)
2025-06-19 10:02:41,009 - INFO - Trying V3 intraday API for Bharti Airtel
2025-06-19 10:02:41,021 - INFO - V3 Intraday: Got 47 candles
2025-06-19 10:02:41,021 - INFO - Need 203 more candles from historical data
2025-06-19 10:02:41,021 - INFO - Fetching historical data from 2025-06-17 to 2025-06-18
2025-06-19 10:02:41,057 - INFO - V3 Historical: Got 750 candles
2025-06-19 10:02:41,060 - INFO - Final dataset: 250 candles from 2025-06-18 12:07:00+05:30 to 2025-06-19 10:01:00+05:30
2025-06-19 10:02:41,060 - INFO - ✓ Successfully included today's data
2025-06-19 10:02:41,061 - INFO - Progress: 3/15 symbols processed
2025-06-19 10:02:41,082 - INFO - Added 250 candles for ITC
2025-06-19 10:02:41,083 - INFO - Processing symbol: Kotak Mahindra Bank (NSE_EQ|INE237A01028)
2025-06-19 10:02:41,083 - INFO - Trying V3 intraday API for Kotak Mahindra Bank
2025-06-19 10:02:41,109 - INFO - V3 Intraday: Got 47 candles
2025-06-19 10:02:41,110 - INFO - Need 203 more candles from historical data
2025-06-19 10:02:41,112 - INFO - V3 Historical: Got 750 candles
2025-06-19 10:02:41,113 - INFO - Fetching historical data from 2025-06-17 to 2025-06-18
2025-06-19 10:02:41,114 - INFO - Final dataset: 250 candles from 2025-06-18 12:07:00+05:30 to 2025-06-19 10:01:00+05:30
2025-06-19 10:02:41,114 - INFO - ✓ Successfully included today's data
2025-06-19 10:02:41,135 - INFO - Added 250 candles for State_Bank_of_India
2025-06-19 10:02:41,136 - INFO - Processing symbol: Larsen & Toubro (NSE_EQ|INE018A01030)
2025-06-19 10:02:41,136 - INFO - Trying V3 intraday API for Larsen & Toubro
2025-06-19 10:02:41,187 - INFO - V3 Historical: Got 750 candles
2025-06-19 10:02:41,188 - INFO - Final dataset: 250 candles from 2025-06-18 12:07:00+05:30 to 2025-06-19 10:01:00+05:30
2025-06-19 10:02:41,189 - INFO - ✓ Successfully included today's data
2025-06-19 10:02:41,198 - INFO - V3 Intraday: Got 47 candles
2025-06-19 10:02:41,200 - INFO - Need 203 more candles from historical data
2025-06-19 10:02:41,200 - INFO - Fetching historical data from 2025-06-17 to 2025-06-18
2025-06-19 10:02:41,210 - INFO - Added 250 candles for Bharti_Airtel
2025-06-19 10:02:41,211 - INFO - Processing symbol: Asian Paints (NSE_EQ|INE021A01026)
2025-06-19 10:02:41,211 - INFO - Trying V3 intraday API for Asian Paints
2025-06-19 10:02:41,235 - INFO - V3 Intraday: Got 47 candles
2025-06-19 10:02:41,236 - INFO - Need 203 more candles from historical data
2025-06-19 10:02:41,236 - INFO - Fetching historical data from 2025-06-17 to 2025-06-18
2025-06-19 10:02:41,262 - INFO - Progress: 4/15 symbols processed
2025-06-19 10:02:41,273 - INFO - V3 Historical: Got 750 candles
2025-06-19 10:02:41,274 - INFO - Final dataset: 250 candles from 2025-06-18 12:07:00+05:30 to 2025-06-19 10:01:00+05:30
2025-06-19 10:02:41,274 - INFO - ✓ Successfully included today's data
2025-06-19 10:02:41,293 - INFO - Added 250 candles for Kotak_Mahindra_Bank
2025-06-19 10:02:41,294 - INFO - Processing symbol: Maruti Suzuki (NSE_EQ|INE585B01010)
2025-06-19 10:02:41,294 - INFO - Trying V3 intraday API for Maruti Suzuki
2025-06-19 10:02:41,302 - INFO - V3 Historical: Got 750 candles
2025-06-19 10:02:41,304 - INFO - Final dataset: 250 candles from 2025-06-18 12:07:00+05:30 to 2025-06-19 10:01:00+05:30
2025-06-19 10:02:41,305 - INFO - V3 Intraday: Got 47 candles
2025-06-19 10:02:41,305 - INFO - Need 203 more candles from historical data
2025-06-19 10:02:41,305 - INFO - Fetching historical data from 2025-06-17 to 2025-06-18
2025-06-19 10:02:41,305 - INFO - ✓ Successfully included today's data
2025-06-19 10:02:41,326 - INFO - Added 250 candles for Larsen_and_Toubro
2025-06-19 10:02:41,326 - INFO - Processing symbol: Bajaj Finance (NSE_EQ|INE296A01024)
2025-06-19 10:02:41,326 - INFO - Trying V3 intraday API for Bajaj Finance
2025-06-19 10:02:41,399 - INFO - V3 Historical: Got 750 candles
2025-06-19 10:02:41,403 - INFO - Final dataset: 250 candles from 2025-06-18 12:07:00+05:30 to 2025-06-19 10:01:00+05:30
2025-06-19 10:02:41,405 - INFO - V3 Intraday: Got 47 candles
2025-06-19 10:02:41,406 - INFO - ✓ Successfully included today's data
2025-06-19 10:02:41,406 - INFO - Need 203 more candles from historical data
2025-06-19 10:02:41,407 - INFO - Fetching historical data from 2025-06-17 to 2025-06-18
2025-06-19 10:02:41,424 - ERROR - V3 Intraday API request failed for NSE_EQ|INE296A01024: 400 Client Error: Bad Request for url: https://api.upstox.com/v3/historical-candle/intraday/NSE_EQ%7CINE296A01024/minutes/1
2025-06-19 10:02:41,431 - INFO - V3 intraday failed, trying V2 for Bajaj Finance
2025-06-19 10:02:41,464 - INFO - Progress: 5/15 symbols processed
2025-06-19 10:02:41,489 - INFO - Added 250 candles for Asian_Paints
2025-06-19 10:02:41,491 - INFO - Processing symbol: HCL Technologies (NSE_EQ|INE860A01027)
2025-06-19 10:02:41,492 - INFO - Trying V3 intraday API for HCL Technologies
2025-06-19 10:02:41,510 - INFO - V3 Historical: Got 750 candles
2025-06-19 10:02:41,513 - INFO - Final dataset: 250 candles from 2025-06-18 12:07:00+05:30 to 2025-06-19 10:01:00+05:30
2025-06-19 10:02:41,513 - INFO - ✓ Successfully included today's data
2025-06-19 10:02:41,539 - INFO - Added 250 candles for Maruti_Suzuki
2025-06-19 10:02:41,554 - ERROR - V2 Intraday API failed for NSE_EQ|INE296A01024: 400 Client Error: Bad Request for url: https://api.upstox.com/v2/historical-candle/intraday/NSE_EQ%7CINE296A01024/1minute
2025-06-19 10:02:41,554 - INFO - Need 250 more candles from historical data
2025-06-19 10:02:41,555 - INFO - Fetching historical data from 2025-06-17 to 2025-06-19
2025-06-19 10:02:41,588 - INFO - V3 Intraday: Got 47 candles
2025-06-19 10:02:41,589 - INFO - Need 203 more candles from historical data
2025-06-19 10:02:41,589 - INFO - Fetching historical data from 2025-06-17 to 2025-06-18
2025-06-19 10:02:41,669 - INFO - Progress: 6/15 symbols processed
2025-06-19 10:02:41,674 - ERROR - V3 Historical API failed for NSE_EQ|INE296A01024: 400 Client Error: Bad Request for url: https://api.upstox.com/v3/historical-candle/NSE_EQ%7CINE296A01024/minutes/1/2025-06-19/2025-06-17
2025-06-19 10:02:41,674 - INFO - V3 Historical: Got 750 candles
2025-06-19 10:02:41,680 - INFO - Final dataset: 250 candles from 2025-06-18 12:07:00+05:30 to 2025-06-19 10:01:00+05:30
2025-06-19 10:02:41,680 - INFO - ✓ Successfully included today's data
2025-06-19 10:02:41,741 - INFO - Added 250 candles for HCL_Technologies
2025-06-19 10:02:41,841 - ERROR - V2 Historical API failed for NSE_EQ|INE296A01024: 400 Client Error: Bad Request for url: https://api.upstox.com/v2/historical-candle/NSE_EQ%7CINE296A01024/1minute/2025-06-19/2025-06-17
2025-06-19 10:02:41,841 - WARNING - No data received for Bajaj Finance
2025-06-19 10:02:41,875 - INFO - Progress: 7/15 symbols processed
2025-06-19 10:02:42,076 - INFO - Progress: 8/15 symbols processed
2025-06-19 10:02:42,276 - INFO - Progress: 9/15 symbols processed
2025-06-19 10:02:42,477 - INFO - Progress: 10/15 symbols processed
2025-06-19 10:02:42,677 - INFO - Progress: 11/15 symbols processed
2025-06-19 10:02:42,878 - INFO - Progress: 12/15 symbols processed
2025-06-19 10:02:43,078 - INFO - Progress: 13/15 symbols processed
2025-06-19 10:02:43,279 - INFO - Progress: 14/15 symbols processed
2025-06-19 10:02:43,480 - INFO - Progress: 15/15 symbols processed
2025-06-19 10:02:43,682 - INFO - Enhanced fetch completed in 0:00:03.353463. 14 successful, 1 failed
