2025-06-19 23:58:22,844 - INFO - Logging to: /home/abhishek/projects/CUPCAKE/logs/enhanced_historical_data_fetcher_20250619_235822_IST.log
2025-06-19 23:58:22,845 - INFO - Script directory: /home/abhishek/projects/CUPCAKE/scripts
2025-06-19 23:58:22,845 - INFO - Looking for symbols.json at: /home/abhishek/projects/CUPCAKE/scripts/symbols.json
2025-06-19 23:58:22,845 - INFO - Loaded credentials from /home/abhishek/projects/CUPCAKE/authentication/credentials.json
2025-06-19 23:58:22,845 - INFO - Loaded 15 symbols from /home/abhishek/projects/CUPCAKE/scripts/symbols.json
2025-06-19 23:58:22,847 - INFO - Connected to Redis at localhost:6379, DB 0
2025-06-19 23:58:22,847 - INFO - Flushed Redis database
2025-06-19 23:58:22,847 - INFO - Starting enhanced data fetch at 2025-06-19 23:58:22.847668
2025-06-19 23:58:22,847 - INFO - Starting to process 15 symbols with 3 workers
2025-06-19 23:58:22,848 - INFO - Processing symbol: Reliance Industries (NSE_EQ|INE002A01018)
2025-06-19 23:58:22,848 - INFO - Processing symbol: Tata Consultancy Services (NSE_EQ|INE467B01029)
2025-06-19 23:58:22,848 - INFO - Processing symbol: Infosys (NSE_EQ|INE009A01021)
2025-06-19 23:58:22,958 - INFO - Trying V3 intraday API for Reliance Industries
2025-06-19 23:58:22,964 - INFO - Trying V3 intraday API for Tata Consultancy Services
2025-06-19 23:58:22,970 - INFO - Trying V3 intraday API for Infosys
2025-06-19 23:58:23,135 - INFO - V3 Intraday: Got 375 candles
2025-06-19 23:58:23,137 - INFO - Final dataset: 250 candles from 2025-06-19 11:20:00+05:30 to 2025-06-19 15:29:00+05:30
2025-06-19 23:58:23,137 - INFO - ✓ Successfully included today's data
2025-06-19 23:58:23,150 - INFO - V3 Intraday: Got 375 candles
2025-06-19 23:58:23,152 - INFO - V3 Intraday: Got 375 candles
2025-06-19 23:58:23,153 - INFO - Final dataset: 250 candles from 2025-06-19 11:20:00+05:30 to 2025-06-19 15:29:00+05:30
2025-06-19 23:58:23,156 - INFO - Final dataset: 250 candles from 2025-06-19 11:20:00+05:30 to 2025-06-19 15:29:00+05:30
2025-06-19 23:58:23,158 - INFO - ✓ Successfully included today's data
2025-06-19 23:58:23,158 - INFO - ✓ Successfully included today's data
2025-06-19 23:58:23,179 - INFO - Added 250 candles for Reliance_Industries
2025-06-19 23:58:23,182 - INFO - Processing symbol: HDFC Bank (NSE_EQ|INE040A01034)
2025-06-19 23:58:23,183 - INFO - Trying V3 intraday API for HDFC Bank
2025-06-19 23:58:23,183 - INFO - Progress: 1/15 symbols processed
2025-06-19 23:58:23,204 - INFO - Added 250 candles for Infosys
2025-06-19 23:58:23,205 - INFO - Added 250 candles for Tata_Consultancy_Services
2025-06-19 23:58:23,205 - INFO - Processing symbol: ICICI Bank (NSE_EQ|INE090A01021)
2025-06-19 23:58:23,206 - INFO - Processing symbol: Hindustan Unilever (NSE_EQ|INE030A01027)
2025-06-19 23:58:23,206 - INFO - Trying V3 intraday API for ICICI Bank
2025-06-19 23:58:23,206 - INFO - Trying V3 intraday API for Hindustan Unilever
2025-06-19 23:58:23,303 - INFO - V3 Intraday: Got 375 candles
2025-06-19 23:58:23,305 - INFO - Final dataset: 250 candles from 2025-06-19 11:20:00+05:30 to 2025-06-19 15:29:00+05:30
2025-06-19 23:58:23,305 - INFO - ✓ Successfully included today's data
2025-06-19 23:58:23,324 - INFO - V3 Intraday: Got 375 candles
2025-06-19 23:58:23,327 - INFO - Final dataset: 250 candles from 2025-06-19 11:20:00+05:30 to 2025-06-19 15:29:00+05:30
2025-06-19 23:58:23,327 - INFO - ✓ Successfully included today's data
2025-06-19 23:58:23,336 - INFO - V3 Intraday: Got 375 candles
2025-06-19 23:58:23,338 - INFO - Final dataset: 250 candles from 2025-06-19 11:20:00+05:30 to 2025-06-19 15:29:00+05:30
2025-06-19 23:58:23,338 - INFO - ✓ Successfully included today's data
2025-06-19 23:58:23,385 - INFO - Added 250 candles for HDFC_Bank
2025-06-19 23:58:23,387 - INFO - Processing symbol: ITC (NSE_EQ|INE154A01025)
2025-06-19 23:58:23,387 - INFO - Trying V3 intraday API for ITC
2025-06-19 23:58:23,390 - INFO - Progress: 2/15 symbols processed
2025-06-19 23:58:23,398 - INFO - Added 250 candles for Hindustan_Unilever
2025-06-19 23:58:23,399 - INFO - Processing symbol: State Bank of India (NSE_EQ|INE062A01020)
2025-06-19 23:58:23,401 - INFO - Trying V3 intraday API for State Bank of India
2025-06-19 23:58:23,404 - INFO - Added 250 candles for ICICI_Bank
2025-06-19 23:58:23,405 - INFO - Processing symbol: Bharti Airtel (NSE_EQ|INE397D01024)
2025-06-19 23:58:23,405 - INFO - Trying V3 intraday API for Bharti Airtel
2025-06-19 23:58:23,512 - INFO - V3 Intraday: Got 375 candles
2025-06-19 23:58:23,513 - INFO - Final dataset: 250 candles from 2025-06-19 11:20:00+05:30 to 2025-06-19 15:29:00+05:30
2025-06-19 23:58:23,513 - INFO - ✓ Successfully included today's data
2025-06-19 23:58:23,518 - INFO - V3 Intraday: Got 375 candles
2025-06-19 23:58:23,519 - INFO - Final dataset: 250 candles from 2025-06-19 11:20:00+05:30 to 2025-06-19 15:29:00+05:30
2025-06-19 23:58:23,520 - INFO - ✓ Successfully included today's data
2025-06-19 23:58:23,565 - INFO - V3 Intraday: Got 375 candles
2025-06-19 23:58:23,567 - INFO - Final dataset: 250 candles from 2025-06-19 11:20:00+05:30 to 2025-06-19 15:29:00+05:30
2025-06-19 23:58:23,567 - INFO - ✓ Successfully included today's data
2025-06-19 23:58:23,600 - INFO - Progress: 3/15 symbols processed
2025-06-19 23:58:23,603 - INFO - Added 250 candles for ITC
2025-06-19 23:58:23,607 - INFO - Processing symbol: Kotak Mahindra Bank (NSE_EQ|INE237A01028)
2025-06-19 23:58:23,608 - INFO - Trying V3 intraday API for Kotak Mahindra Bank
2025-06-19 23:58:23,627 - INFO - Added 250 candles for Bharti_Airtel
2025-06-19 23:58:23,628 - INFO - Processing symbol: Larsen & Toubro (NSE_EQ|INE018A01030)
2025-06-19 23:58:23,630 - INFO - Trying V3 intraday API for Larsen & Toubro
2025-06-19 23:58:23,632 - INFO - Added 250 candles for State_Bank_of_India
2025-06-19 23:58:23,633 - INFO - Processing symbol: Asian Paints (NSE_EQ|INE021A01026)
2025-06-19 23:58:23,633 - INFO - Trying V3 intraday API for Asian Paints
2025-06-19 23:58:23,730 - INFO - V3 Intraday: Got 375 candles
2025-06-19 23:58:23,730 - INFO - Final dataset: 250 candles from 2025-06-19 11:20:00+05:30 to 2025-06-19 15:29:00+05:30
2025-06-19 23:58:23,730 - INFO - ✓ Successfully included today's data
2025-06-19 23:58:23,750 - INFO - Added 250 candles for Kotak_Mahindra_Bank
2025-06-19 23:58:23,750 - INFO - Processing symbol: Maruti Suzuki (NSE_EQ|INE585B01010)
2025-06-19 23:58:23,751 - INFO - Trying V3 intraday API for Maruti Suzuki
2025-06-19 23:58:23,765 - INFO - V3 Intraday: Got 375 candles
2025-06-19 23:58:23,765 - INFO - Final dataset: 250 candles from 2025-06-19 11:20:00+05:30 to 2025-06-19 15:29:00+05:30
2025-06-19 23:58:23,765 - INFO - ✓ Successfully included today's data
2025-06-19 23:58:23,767 - INFO - V3 Intraday: Got 375 candles
2025-06-19 23:58:23,768 - INFO - Final dataset: 250 candles from 2025-06-19 11:20:00+05:30 to 2025-06-19 15:29:00+05:30
2025-06-19 23:58:23,768 - INFO - ✓ Successfully included today's data
2025-06-19 23:58:23,802 - INFO - Added 250 candles for Asian_Paints
2025-06-19 23:58:23,803 - INFO - Added 250 candles for Larsen_and_Toubro
2025-06-19 23:58:23,803 - INFO - Processing symbol: Bajaj Finance (NSE_EQ|INE296A01024)
2025-06-19 23:58:23,804 - INFO - Processing symbol: HCL Technologies (NSE_EQ|INE860A01027)
2025-06-19 23:58:23,804 - INFO - Progress: 4/15 symbols processed
2025-06-19 23:58:23,804 - INFO - Trying V3 intraday API for Bajaj Finance
2025-06-19 23:58:23,804 - INFO - Trying V3 intraday API for HCL Technologies
2025-06-19 23:58:23,905 - INFO - V3 Intraday: Got 375 candles
2025-06-19 23:58:23,907 - INFO - Final dataset: 250 candles from 2025-06-19 11:20:00+05:30 to 2025-06-19 15:29:00+05:30
2025-06-19 23:58:23,907 - INFO - ✓ Successfully included today's data
2025-06-19 23:58:23,918 - ERROR - V3 Intraday API request failed for NSE_EQ|INE296A01024: 400 Client Error: Bad Request for url: https://api.upstox.com/v3/historical-candle/intraday/NSE_EQ%7CINE296A01024/minutes/1
2025-06-19 23:58:23,925 - INFO - V3 intraday failed, trying V2 for Bajaj Finance
2025-06-19 23:58:23,943 - INFO - V3 Intraday: Got 375 candles
2025-06-19 23:58:23,944 - INFO - Final dataset: 250 candles from 2025-06-19 11:20:00+05:30 to 2025-06-19 15:29:00+05:30
2025-06-19 23:58:23,945 - INFO - ✓ Successfully included today's data
2025-06-19 23:58:23,976 - INFO - Added 250 candles for Maruti_Suzuki
2025-06-19 23:58:23,980 - INFO - Added 250 candles for HCL_Technologies
2025-06-19 23:58:24,004 - INFO - Progress: 5/15 symbols processed
2025-06-19 23:58:24,037 - ERROR - V2 Intraday API failed for NSE_EQ|INE296A01024: 400 Client Error: Bad Request for url: https://api.upstox.com/v2/historical-candle/intraday/NSE_EQ%7CINE296A01024/1minute
2025-06-19 23:58:24,037 - INFO - Need 250 more candles from historical data
2025-06-19 23:58:24,037 - INFO - Fetching historical data from 2025-06-17 to 2025-06-19
2025-06-19 23:58:24,144 - ERROR - V3 Historical API failed for NSE_EQ|INE296A01024: 400 Client Error: Bad Request for url: https://api.upstox.com/v3/historical-candle/NSE_EQ%7CINE296A01024/minutes/1/2025-06-19/2025-06-17
2025-06-19 23:58:24,205 - INFO - Progress: 6/15 symbols processed
2025-06-19 23:58:24,267 - ERROR - V2 Historical API failed for NSE_EQ|INE296A01024: 400 Client Error: Bad Request for url: https://api.upstox.com/v2/historical-candle/NSE_EQ%7CINE296A01024/1minute/2025-06-19/2025-06-17
2025-06-19 23:58:24,267 - WARNING - No data received for Bajaj Finance
2025-06-19 23:58:24,406 - INFO - Progress: 7/15 symbols processed
2025-06-19 23:58:24,606 - INFO - Progress: 8/15 symbols processed
2025-06-19 23:58:24,807 - INFO - Progress: 9/15 symbols processed
2025-06-19 23:58:25,008 - INFO - Progress: 10/15 symbols processed
2025-06-19 23:58:25,208 - INFO - Progress: 11/15 symbols processed
2025-06-19 23:58:25,409 - INFO - Progress: 12/15 symbols processed
2025-06-19 23:58:25,610 - INFO - Progress: 13/15 symbols processed
2025-06-19 23:58:25,810 - INFO - Progress: 14/15 symbols processed
2025-06-19 23:58:26,011 - INFO - Progress: 15/15 symbols processed
2025-06-19 23:58:26,213 - INFO - Enhanced fetch completed in 0:00:03.364978. 14 successful, 1 failed
