2025-06-20 00:49:50,934 - INFO - Live fetcher logging to: /home/abhishek/projects/CUPCAKE/logs/enhanced_live_data_fetcher_20250620_004950_IST.log
2025-06-20 00:49:50,935 - INFO - Script directory: /home/abhishek/projects/CUPCAKE/scripts
2025-06-20 00:49:50,935 - INFO - Looking for symbols.json at: /home/abhishek/projects/CUPCAKE/scripts/symbols.json
2025-06-20 00:49:50,935 - INFO - Loaded credentials from /home/abhishek/projects/CUPCAKE/authentication/credentials.json
2025-06-20 00:49:50,935 - INFO - Loaded 15 symbols from /home/abhishek/projects/CUPCAKE/scripts/symbols.json
2025-06-20 00:49:50,938 - INFO - Live fetcher connected to Redis at localhost:6379, DB 0
2025-06-20 00:49:50,938 - INFO - Live data fetcher initialized for 15 symbols
2025-06-20 00:49:50,938 - INFO - === STARTING CONTINUOUS LIVE DATA FETCHING ===
2025-06-20 00:49:50,938 - INFO - Fetch interval: 1 minute(s)
2025-06-20 00:49:50,938 - INFO - Total symbols: 15
2025-06-20 00:49:50,938 - INFO - Market timer active: False
2025-06-20 00:49:50,938 - INFO - Press Ctrl+C to stop...
2025-06-20 00:49:50,938 - INFO - ============================================================
2025-06-20 00:49:50,938 - INFO - 🔍 STEP 1: Checking for historical-to-live transition gaps...
2025-06-20 00:49:50,938 - INFO - 🔍 CHECKING FOR TRANSITION GAPS (last 5 minutes)...
2025-06-20 00:49:50,941 - INFO - ✅ No transition gaps detected - data continuity is perfect!
2025-06-20 00:49:50,941 - INFO - 🚀 STEP 2: Starting continuous live fetching...
2025-06-20 00:49:50,941 - INFO - Outside market hours at 00:49:50, waiting...
2025-06-20 00:50:51,001 - INFO - Outside market hours at 00:50:51, waiting...
2025-06-20 00:51:06,517 - INFO - Received signal 2, initiating graceful shutdown...
