2025-06-19 23:53:16,273 - INFO - Logging to: /home/abhishek/projects/CUPCAKE/logs/enhanced_historical_data_fetcher_20250619_235316_IST.log
2025-06-19 23:53:16,274 - INFO - Script directory: /home/abhishek/projects/CUPCAKE/scripts
2025-06-19 23:53:16,274 - INFO - Looking for symbols.json at: /home/abhishek/projects/CUPCAKE/scripts/symbols.json
2025-06-19 23:53:16,274 - INFO - Loaded credentials from /home/abhishek/projects/CUPCAKE/authentication/credentials.json
2025-06-19 23:53:16,274 - INFO - Loaded 15 symbols from /home/abhishek/projects/CUPCAKE/scripts/symbols.json
2025-06-19 23:53:16,276 - INFO - Connected to Redis at localhost:6379, DB 0
2025-06-19 23:53:16,277 - INFO - Flushed Redis database
2025-06-19 23:53:16,277 - INFO - Starting enhanced data fetch at 2025-06-19 23:53:16.277240
2025-06-19 23:53:16,277 - INFO - Starting to process 15 symbols with 3 workers
2025-06-19 23:53:16,277 - INFO - Processing symbol: Reliance Industries (NSE_EQ|INE002A01018)
2025-06-19 23:53:16,278 - INFO - Processing symbol: Tata Consultancy Services (NSE_EQ|INE467B01029)
2025-06-19 23:53:16,278 - INFO - Processing symbol: Infosys (NSE_EQ|INE009A01021)
2025-06-19 23:53:16,359 - INFO - Trying V3 intraday API for Reliance Industries
2025-06-19 23:53:16,368 - INFO - Trying V3 intraday API for Tata Consultancy Services
2025-06-19 23:53:16,410 - INFO - Trying V3 intraday API for Infosys
2025-06-19 23:53:16,440 - INFO - V3 Intraday: Got 375 candles
2025-06-19 23:53:16,442 - INFO - Final dataset: 250 candles from 2025-06-19 11:20:00+05:30 to 2025-06-19 15:29:00+05:30
2025-06-19 23:53:16,442 - INFO - ✓ Successfully included today's data
2025-06-19 23:53:16,479 - INFO - V3 Intraday: Got 375 candles
2025-06-19 23:53:16,480 - INFO - Final dataset: 250 candles from 2025-06-19 11:20:00+05:30 to 2025-06-19 15:29:00+05:30
2025-06-19 23:53:16,482 - INFO - Added 250 candles for Reliance_Industries
2025-06-19 23:53:16,482 - INFO - ✓ Successfully included today's data
2025-06-19 23:53:16,483 - INFO - Processing symbol: HDFC Bank (NSE_EQ|INE040A01034)
2025-06-19 23:53:16,483 - INFO - Trying V3 intraday API for HDFC Bank
2025-06-19 23:53:16,483 - INFO - Progress: 1/15 symbols processed
2025-06-19 23:53:16,513 - INFO - V3 Intraday: Got 375 candles
2025-06-19 23:53:16,514 - INFO - Final dataset: 250 candles from 2025-06-19 11:20:00+05:30 to 2025-06-19 15:29:00+05:30
2025-06-19 23:53:16,514 - INFO - ✓ Successfully included today's data
2025-06-19 23:53:16,515 - INFO - Added 250 candles for Tata_Consultancy_Services
2025-06-19 23:53:16,516 - INFO - Processing symbol: ICICI Bank (NSE_EQ|INE090A01021)
2025-06-19 23:53:16,518 - INFO - Trying V3 intraday API for ICICI Bank
2025-06-19 23:53:16,535 - INFO - Added 250 candles for Infosys
2025-06-19 23:53:16,536 - INFO - Processing symbol: Hindustan Unilever (NSE_EQ|INE030A01027)
2025-06-19 23:53:16,536 - INFO - Trying V3 intraday API for Hindustan Unilever
2025-06-19 23:53:16,592 - INFO - V3 Intraday: Got 375 candles
2025-06-19 23:53:16,593 - INFO - Final dataset: 250 candles from 2025-06-19 11:20:00+05:30 to 2025-06-19 15:29:00+05:30
2025-06-19 23:53:16,593 - INFO - ✓ Successfully included today's data
2025-06-19 23:53:16,607 - INFO - V3 Intraday: Got 375 candles
2025-06-19 23:53:16,608 - INFO - Final dataset: 250 candles from 2025-06-19 11:20:00+05:30 to 2025-06-19 15:29:00+05:30
2025-06-19 23:53:16,608 - INFO - ✓ Successfully included today's data
2025-06-19 23:53:16,616 - INFO - V3 Intraday: Got 375 candles
2025-06-19 23:53:16,617 - INFO - Final dataset: 250 candles from 2025-06-19 11:20:00+05:30 to 2025-06-19 15:29:00+05:30
2025-06-19 23:53:16,617 - INFO - ✓ Successfully included today's data
2025-06-19 23:53:16,648 - INFO - Added 250 candles for HDFC_Bank
2025-06-19 23:53:16,649 - INFO - Processing symbol: ITC (NSE_EQ|INE154A01025)
2025-06-19 23:53:16,649 - INFO - Trying V3 intraday API for ITC
2025-06-19 23:53:16,677 - INFO - Added 250 candles for Hindustan_Unilever
2025-06-19 23:53:16,679 - INFO - Processing symbol: State Bank of India (NSE_EQ|INE062A01020)
2025-06-19 23:53:16,679 - INFO - Trying V3 intraday API for State Bank of India
2025-06-19 23:53:16,684 - INFO - Added 250 candles for ICICI_Bank
2025-06-19 23:53:16,684 - INFO - Progress: 2/15 symbols processed
2025-06-19 23:53:16,685 - INFO - Processing symbol: Bharti Airtel (NSE_EQ|INE397D01024)
2025-06-19 23:53:16,685 - INFO - Trying V3 intraday API for Bharti Airtel
2025-06-19 23:53:16,731 - INFO - V3 Intraday: Got 375 candles
2025-06-19 23:53:16,731 - INFO - Final dataset: 250 candles from 2025-06-19 11:20:00+05:30 to 2025-06-19 15:29:00+05:30
2025-06-19 23:53:16,731 - INFO - ✓ Successfully included today's data
2025-06-19 23:53:16,753 - INFO - Added 250 candles for ITC
2025-06-19 23:53:16,754 - INFO - Processing symbol: Kotak Mahindra Bank (NSE_EQ|INE237A01028)
2025-06-19 23:53:16,754 - INFO - Trying V3 intraday API for Kotak Mahindra Bank
2025-06-19 23:53:16,797 - INFO - V3 Intraday: Got 375 candles
2025-06-19 23:53:16,798 - INFO - Final dataset: 250 candles from 2025-06-19 11:20:00+05:30 to 2025-06-19 15:29:00+05:30
2025-06-19 23:53:16,798 - INFO - ✓ Successfully included today's data
2025-06-19 23:53:16,830 - INFO - Added 250 candles for State_Bank_of_India
2025-06-19 23:53:16,834 - INFO - V3 Intraday: Got 375 candles
2025-06-19 23:53:16,835 - INFO - Final dataset: 250 candles from 2025-06-19 11:20:00+05:30 to 2025-06-19 15:29:00+05:30
2025-06-19 23:53:16,835 - INFO - Processing symbol: Larsen & Toubro (NSE_EQ|INE018A01030)
2025-06-19 23:53:16,835 - INFO - ✓ Successfully included today's data
2025-06-19 23:53:16,836 - INFO - Trying V3 intraday API for Larsen & Toubro
2025-06-19 23:53:16,845 - INFO - V3 Intraday: Got 375 candles
2025-06-19 23:53:16,846 - INFO - Final dataset: 250 candles from 2025-06-19 11:20:00+05:30 to 2025-06-19 15:29:00+05:30
2025-06-19 23:53:16,846 - INFO - ✓ Successfully included today's data
2025-06-19 23:53:16,886 - INFO - Added 250 candles for Bharti_Airtel
2025-06-19 23:53:16,886 - INFO - Progress: 3/15 symbols processed
2025-06-19 23:53:16,888 - INFO - Added 250 candles for Kotak_Mahindra_Bank
2025-06-19 23:53:16,888 - INFO - Processing symbol: Asian Paints (NSE_EQ|INE021A01026)
2025-06-19 23:53:16,889 - INFO - Processing symbol: Maruti Suzuki (NSE_EQ|INE585B01010)
2025-06-19 23:53:16,889 - INFO - Trying V3 intraday API for Asian Paints
2025-06-19 23:53:16,889 - INFO - Trying V3 intraday API for Maruti Suzuki
2025-06-19 23:53:16,926 - INFO - V3 Intraday: Got 375 candles
2025-06-19 23:53:16,929 - INFO - Final dataset: 250 candles from 2025-06-19 11:20:00+05:30 to 2025-06-19 15:29:00+05:30
2025-06-19 23:53:16,929 - INFO - ✓ Successfully included today's data
2025-06-19 23:53:16,969 - INFO - V3 Intraday: Got 375 candles
2025-06-19 23:53:16,969 - INFO - Final dataset: 250 candles from 2025-06-19 11:20:00+05:30 to 2025-06-19 15:29:00+05:30
2025-06-19 23:53:16,970 - INFO - ✓ Successfully included today's data
2025-06-19 23:53:16,974 - INFO - V3 Intraday: Got 375 candles
2025-06-19 23:53:16,978 - INFO - Final dataset: 250 candles from 2025-06-19 11:20:00+05:30 to 2025-06-19 15:29:00+05:30
2025-06-19 23:53:16,978 - INFO - ✓ Successfully included today's data
2025-06-19 23:53:16,981 - INFO - Added 250 candles for Larsen_and_Toubro
2025-06-19 23:53:16,983 - INFO - Processing symbol: Bajaj Finance (NSE_EQ|INE296A01024)
2025-06-19 23:53:16,985 - INFO - Trying V3 intraday API for Bajaj Finance
2025-06-19 23:53:17,011 - INFO - Added 250 candles for Asian_Paints
2025-06-19 23:53:17,013 - INFO - Processing symbol: HCL Technologies (NSE_EQ|INE860A01027)
2025-06-19 23:53:17,014 - INFO - Trying V3 intraday API for HCL Technologies
2025-06-19 23:53:17,018 - INFO - Added 250 candles for Maruti_Suzuki
2025-06-19 23:53:17,081 - ERROR - V3 Intraday API request failed for NSE_EQ|INE296A01024: 400 Client Error: Bad Request for url: https://api.upstox.com/v3/historical-candle/intraday/NSE_EQ%7CINE296A01024/minutes/1
2025-06-19 23:53:17,082 - INFO - V3 intraday failed, trying V2 for Bajaj Finance
2025-06-19 23:53:17,083 - INFO - V3 Intraday: Got 375 candles
2025-06-19 23:53:17,085 - INFO - Final dataset: 250 candles from 2025-06-19 11:20:00+05:30 to 2025-06-19 15:29:00+05:30
2025-06-19 23:53:17,085 - INFO - ✓ Successfully included today's data
2025-06-19 23:53:17,087 - INFO - Progress: 4/15 symbols processed
2025-06-19 23:53:17,104 - INFO - Added 250 candles for HCL_Technologies
2025-06-19 23:53:17,176 - ERROR - V2 Intraday API failed for NSE_EQ|INE296A01024: 400 Client Error: Bad Request for url: https://api.upstox.com/v2/historical-candle/intraday/NSE_EQ%7CINE296A01024/1minute
2025-06-19 23:53:17,177 - INFO - Need 250 more candles from historical data
2025-06-19 23:53:17,177 - INFO - Fetching historical data from 2025-06-17 to 2025-06-19
2025-06-19 23:53:17,277 - ERROR - V3 Historical API failed for NSE_EQ|INE296A01024: 400 Client Error: Bad Request for url: https://api.upstox.com/v3/historical-candle/NSE_EQ%7CINE296A01024/minutes/1/2025-06-19/2025-06-17
2025-06-19 23:53:17,288 - INFO - Progress: 5/15 symbols processed
2025-06-19 23:53:17,490 - ERROR - V2 Historical API failed for NSE_EQ|INE296A01024: 400 Client Error: Bad Request for url: https://api.upstox.com/v2/historical-candle/NSE_EQ%7CINE296A01024/1minute/2025-06-19/2025-06-17
2025-06-19 23:53:17,491 - WARNING - No data received for Bajaj Finance
2025-06-19 23:53:17,491 - INFO - Progress: 6/15 symbols processed
2025-06-19 23:53:17,693 - INFO - Progress: 7/15 symbols processed
2025-06-19 23:53:17,894 - INFO - Progress: 8/15 symbols processed
2025-06-19 23:53:18,095 - INFO - Progress: 9/15 symbols processed
2025-06-19 23:53:18,295 - INFO - Progress: 10/15 symbols processed
2025-06-19 23:53:18,497 - INFO - Progress: 11/15 symbols processed
2025-06-19 23:53:18,697 - INFO - Progress: 12/15 symbols processed
2025-06-19 23:53:18,897 - INFO - Progress: 13/15 symbols processed
2025-06-19 23:53:19,098 - INFO - Progress: 14/15 symbols processed
2025-06-19 23:53:19,299 - INFO - Progress: 15/15 symbols processed
2025-06-19 23:53:19,501 - INFO - Enhanced fetch completed in 0:00:03.223276. 14 successful, 1 failed
