2025-06-19 10:05:33,913 - INFO - Logging to: /home/abhishek/projects/CUPCAKE/logs/enhanced_historical_data_fetcher_20250619_100533_IST.log
2025-06-19 10:05:33,915 - INFO - Script directory: /home/abhishek/projects/CUPCAKE/scripts
2025-06-19 10:05:33,915 - INFO - Looking for symbols.json at: /home/abhishek/projects/CUPCAKE/scripts/symbols.json
2025-06-19 10:05:33,915 - INFO - Loaded credentials from /home/abhishek/projects/CUPCAKE/authentication/credentials.json
2025-06-19 10:05:33,915 - INFO - Loaded 15 symbols from /home/abhishek/projects/CUPCAKE/scripts/symbols.json
2025-06-19 10:05:33,917 - INFO - Connected to Redis at localhost:6379, DB 0
2025-06-19 10:05:33,917 - INFO - Flushed Redis database
2025-06-19 10:05:33,917 - INFO - Starting enhanced data fetch at 2025-06-19 10:05:33.917487
2025-06-19 10:05:33,917 - INFO - Starting to process 15 symbols with 3 workers
2025-06-19 10:05:33,917 - INFO - Processing symbol: Reliance Industries (NSE_EQ|INE002A01018)
2025-06-19 10:05:33,918 - INFO - Processing symbol: Tata Consultancy Services (NSE_EQ|INE467B01029)
2025-06-19 10:05:33,918 - INFO - Processing symbol: Infosys (NSE_EQ|INE009A01021)
2025-06-19 10:05:33,986 - INFO - Trying V3 intraday API for Infosys
2025-06-19 10:05:33,988 - INFO - Trying V3 intraday API for Reliance Industries
2025-06-19 10:05:33,991 - INFO - Trying V3 intraday API for Tata Consultancy Services
2025-06-19 10:05:34,100 - INFO - V3 Intraday: Got 50 candles
2025-06-19 10:05:34,100 - INFO - Need 200 more candles from historical data
2025-06-19 10:05:34,101 - INFO - Fetching historical data from 2025-06-17 to 2025-06-18
2025-06-19 10:05:34,105 - INFO - V3 Intraday: Got 50 candles
2025-06-19 10:05:34,106 - INFO - Need 200 more candles from historical data
2025-06-19 10:05:34,106 - INFO - Fetching historical data from 2025-06-17 to 2025-06-18
2025-06-19 10:05:34,115 - INFO - V3 Intraday: Got 50 candles
2025-06-19 10:05:34,115 - INFO - Need 200 more candles from historical data
2025-06-19 10:05:34,116 - INFO - Fetching historical data from 2025-06-17 to 2025-06-18
2025-06-19 10:05:34,207 - INFO - V3 Historical: Got 750 candles
2025-06-19 10:05:34,210 - INFO - Final dataset: 250 candles from 2025-06-18 12:10:00+05:30 to 2025-06-19 10:04:00+05:30
2025-06-19 10:05:34,212 - INFO - ✓ Successfully included today's data
2025-06-19 10:05:34,224 - INFO - V3 Historical: Got 750 candles
2025-06-19 10:05:34,231 - INFO - Final dataset: 250 candles from 2025-06-18 12:10:00+05:30 to 2025-06-19 10:04:00+05:30
2025-06-19 10:05:34,231 - INFO - ✓ Successfully included today's data
2025-06-19 10:05:34,245 - INFO - V3 Historical: Got 750 candles
2025-06-19 10:05:34,250 - INFO - Final dataset: 250 candles from 2025-06-18 12:10:00+05:30 to 2025-06-19 10:04:00+05:30
2025-06-19 10:05:34,252 - INFO - ✓ Successfully included today's data
2025-06-19 10:05:34,293 - INFO - Added 250 candles for Tata_Consultancy_Services
2025-06-19 10:05:34,294 - INFO - Processing symbol: HDFC Bank (NSE_EQ|INE040A01034)
2025-06-19 10:05:34,294 - INFO - Trying V3 intraday API for HDFC Bank
2025-06-19 10:05:34,294 - INFO - Progress: 1/15 symbols processed
2025-06-19 10:05:34,299 - INFO - Added 250 candles for Reliance_Industries
2025-06-19 10:05:34,301 - INFO - Added 250 candles for Infosys
2025-06-19 10:05:34,302 - INFO - Processing symbol: ICICI Bank (NSE_EQ|INE090A01021)
2025-06-19 10:05:34,302 - INFO - Processing symbol: Hindustan Unilever (NSE_EQ|INE030A01027)
2025-06-19 10:05:34,302 - INFO - Trying V3 intraday API for ICICI Bank
2025-06-19 10:05:34,302 - INFO - Trying V3 intraday API for Hindustan Unilever
2025-06-19 10:05:34,402 - INFO - V3 Intraday: Got 50 candles
2025-06-19 10:05:34,402 - INFO - Need 200 more candles from historical data
2025-06-19 10:05:34,402 - INFO - Fetching historical data from 2025-06-17 to 2025-06-18
2025-06-19 10:05:34,407 - INFO - V3 Intraday: Got 50 candles
2025-06-19 10:05:34,407 - INFO - Need 200 more candles from historical data
2025-06-19 10:05:34,407 - INFO - Fetching historical data from 2025-06-17 to 2025-06-18
2025-06-19 10:05:34,417 - INFO - V3 Intraday: Got 50 candles
2025-06-19 10:05:34,417 - INFO - Need 200 more candles from historical data
2025-06-19 10:05:34,417 - INFO - Fetching historical data from 2025-06-17 to 2025-06-18
2025-06-19 10:05:34,475 - INFO - V3 Historical: Got 750 candles
2025-06-19 10:05:34,477 - INFO - Final dataset: 250 candles from 2025-06-18 12:10:00+05:30 to 2025-06-19 10:04:00+05:30
2025-06-19 10:05:34,477 - INFO - ✓ Successfully included today's data
2025-06-19 10:05:34,485 - INFO - V3 Historical: Got 750 candles
2025-06-19 10:05:34,489 - INFO - Final dataset: 250 candles from 2025-06-18 12:10:00+05:30 to 2025-06-19 10:04:00+05:30
2025-06-19 10:05:34,489 - INFO - ✓ Successfully included today's data
2025-06-19 10:05:34,499 - INFO - V3 Historical: Got 750 candles
2025-06-19 10:05:34,501 - INFO - Progress: 2/15 symbols processed
2025-06-19 10:05:34,505 - INFO - Final dataset: 250 candles from 2025-06-18 12:10:00+05:30 to 2025-06-19 10:04:00+05:30
2025-06-19 10:05:34,505 - INFO - ✓ Successfully included today's data
2025-06-19 10:05:34,528 - INFO - Added 250 candles for Hindustan_Unilever
2025-06-19 10:05:34,530 - INFO - Processing symbol: ITC (NSE_EQ|INE154A01025)
2025-06-19 10:05:34,532 - INFO - Trying V3 intraday API for ITC
2025-06-19 10:05:34,543 - INFO - Added 250 candles for HDFC_Bank
2025-06-19 10:05:34,545 - INFO - Processing symbol: State Bank of India (NSE_EQ|INE062A01020)
2025-06-19 10:05:34,545 - INFO - Trying V3 intraday API for State Bank of India
2025-06-19 10:05:34,550 - INFO - Added 250 candles for ICICI_Bank
2025-06-19 10:05:34,551 - INFO - Processing symbol: Bharti Airtel (NSE_EQ|INE397D01024)
2025-06-19 10:05:34,551 - INFO - Trying V3 intraday API for Bharti Airtel
2025-06-19 10:05:34,633 - INFO - V3 Intraday: Got 50 candles
2025-06-19 10:05:34,633 - INFO - Need 200 more candles from historical data
2025-06-19 10:05:34,633 - INFO - Fetching historical data from 2025-06-17 to 2025-06-18
2025-06-19 10:05:34,646 - INFO - V3 Intraday: Got 50 candles
2025-06-19 10:05:34,647 - INFO - Need 200 more candles from historical data
2025-06-19 10:05:34,647 - INFO - Fetching historical data from 2025-06-17 to 2025-06-18
2025-06-19 10:05:34,652 - INFO - V3 Intraday: Got 50 candles
2025-06-19 10:05:34,652 - INFO - Need 200 more candles from historical data
2025-06-19 10:05:34,652 - INFO - Fetching historical data from 2025-06-17 to 2025-06-18
2025-06-19 10:05:34,707 - INFO - V3 Historical: Got 750 candles
2025-06-19 10:05:34,707 - INFO - Progress: 3/15 symbols processed
2025-06-19 10:05:34,708 - INFO - Final dataset: 250 candles from 2025-06-18 12:10:00+05:30 to 2025-06-19 10:04:00+05:30
2025-06-19 10:05:34,708 - INFO - ✓ Successfully included today's data
2025-06-19 10:05:34,721 - INFO - V3 Historical: Got 750 candles
2025-06-19 10:05:34,723 - INFO - Final dataset: 250 candles from 2025-06-18 12:10:00+05:30 to 2025-06-19 10:04:00+05:30
2025-06-19 10:05:34,723 - INFO - ✓ Successfully included today's data
2025-06-19 10:05:34,735 - INFO - V3 Historical: Got 750 candles
2025-06-19 10:05:34,736 - INFO - Final dataset: 250 candles from 2025-06-18 12:10:00+05:30 to 2025-06-19 10:04:00+05:30
2025-06-19 10:05:34,736 - INFO - ✓ Successfully included today's data
2025-06-19 10:05:34,742 - INFO - Added 250 candles for ITC
2025-06-19 10:05:34,746 - INFO - Processing symbol: Kotak Mahindra Bank (NSE_EQ|INE237A01028)
2025-06-19 10:05:34,746 - INFO - Trying V3 intraday API for Kotak Mahindra Bank
2025-06-19 10:05:34,763 - INFO - Added 250 candles for Bharti_Airtel
2025-06-19 10:05:34,766 - INFO - Processing symbol: Larsen & Toubro (NSE_EQ|INE018A01030)
2025-06-19 10:05:34,766 - INFO - Trying V3 intraday API for Larsen & Toubro
2025-06-19 10:05:34,772 - INFO - Added 250 candles for State_Bank_of_India
2025-06-19 10:05:34,773 - INFO - Processing symbol: Asian Paints (NSE_EQ|INE021A01026)
2025-06-19 10:05:34,773 - INFO - Trying V3 intraday API for Asian Paints
2025-06-19 10:05:34,862 - INFO - V3 Intraday: Got 50 candles
2025-06-19 10:05:34,862 - INFO - Need 200 more candles from historical data
2025-06-19 10:05:34,863 - INFO - Fetching historical data from 2025-06-17 to 2025-06-18
2025-06-19 10:05:34,890 - INFO - V3 Intraday: Got 50 candles
2025-06-19 10:05:34,891 - INFO - Need 200 more candles from historical data
2025-06-19 10:05:34,891 - INFO - Fetching historical data from 2025-06-17 to 2025-06-18
2025-06-19 10:05:34,893 - INFO - V3 Intraday: Got 50 candles
2025-06-19 10:05:34,896 - INFO - Need 200 more candles from historical data
2025-06-19 10:05:34,897 - INFO - Fetching historical data from 2025-06-17 to 2025-06-18
2025-06-19 10:05:34,908 - INFO - Progress: 4/15 symbols processed
2025-06-19 10:05:34,964 - INFO - V3 Historical: Got 750 candles
2025-06-19 10:05:34,968 - INFO - Final dataset: 250 candles from 2025-06-18 12:10:00+05:30 to 2025-06-19 10:04:00+05:30
2025-06-19 10:05:34,968 - INFO - ✓ Successfully included today's data
2025-06-19 10:05:34,982 - INFO - V3 Historical: Got 750 candles
2025-06-19 10:05:34,984 - INFO - Final dataset: 250 candles from 2025-06-18 12:10:00+05:30 to 2025-06-19 10:04:00+05:30
2025-06-19 10:05:34,985 - INFO - ✓ Successfully included today's data
2025-06-19 10:05:34,999 - INFO - V3 Historical: Got 750 candles
2025-06-19 10:05:35,001 - INFO - Final dataset: 250 candles from 2025-06-18 12:10:00+05:30 to 2025-06-19 10:04:00+05:30
2025-06-19 10:05:35,001 - INFO - ✓ Successfully included today's data
2025-06-19 10:05:35,046 - INFO - Added 250 candles for Kotak_Mahindra_Bank
2025-06-19 10:05:35,049 - INFO - Processing symbol: Maruti Suzuki (NSE_EQ|INE585B01010)
2025-06-19 10:05:35,052 - INFO - Trying V3 intraday API for Maruti Suzuki
2025-06-19 10:05:35,059 - INFO - Added 250 candles for Larsen_and_Toubro
2025-06-19 10:05:35,059 - INFO - Processing symbol: Bajaj Finance (NSE_EQ|INE296A01024)
2025-06-19 10:05:35,059 - INFO - Trying V3 intraday API for Bajaj Finance
2025-06-19 10:05:35,065 - INFO - Added 250 candles for Asian_Paints
2025-06-19 10:05:35,066 - INFO - Processing symbol: HCL Technologies (NSE_EQ|INE860A01027)
2025-06-19 10:05:35,066 - INFO - Trying V3 intraday API for HCL Technologies
2025-06-19 10:05:35,109 - INFO - Progress: 5/15 symbols processed
2025-06-19 10:05:35,152 - ERROR - V3 Intraday API request failed for NSE_EQ|INE296A01024: 400 Client Error: Bad Request for url: https://api.upstox.com/v3/historical-candle/intraday/NSE_EQ%7CINE296A01024/minutes/1
2025-06-19 10:05:35,154 - INFO - V3 intraday failed, trying V2 for Bajaj Finance
2025-06-19 10:05:35,157 - INFO - V3 Intraday: Got 50 candles
2025-06-19 10:05:35,157 - INFO - Need 200 more candles from historical data
2025-06-19 10:05:35,157 - INFO - Fetching historical data from 2025-06-17 to 2025-06-18
2025-06-19 10:05:35,170 - INFO - V3 Intraday: Got 50 candles
2025-06-19 10:05:35,170 - INFO - Need 200 more candles from historical data
2025-06-19 10:05:35,171 - INFO - Fetching historical data from 2025-06-17 to 2025-06-18
2025-06-19 10:05:35,249 - INFO - V3 Historical: Got 750 candles
2025-06-19 10:05:35,254 - INFO - Final dataset: 250 candles from 2025-06-18 12:10:00+05:30 to 2025-06-19 10:04:00+05:30
2025-06-19 10:05:35,258 - INFO - ✓ Successfully included today's data
2025-06-19 10:05:35,273 - INFO - V3 Historical: Got 750 candles
2025-06-19 10:05:35,281 - INFO - Final dataset: 250 candles from 2025-06-18 12:10:00+05:30 to 2025-06-19 10:04:00+05:30
2025-06-19 10:05:35,284 - ERROR - V2 Intraday API failed for NSE_EQ|INE296A01024: 400 Client Error: Bad Request for url: https://api.upstox.com/v2/historical-candle/intraday/NSE_EQ%7CINE296A01024/1minute
2025-06-19 10:05:35,286 - INFO - ✓ Successfully included today's data
2025-06-19 10:05:35,291 - INFO - Need 250 more candles from historical data
2025-06-19 10:05:35,294 - INFO - Fetching historical data from 2025-06-17 to 2025-06-19
2025-06-19 10:05:35,313 - INFO - Progress: 6/15 symbols processed
2025-06-19 10:05:35,378 - INFO - Added 250 candles for Maruti_Suzuki
2025-06-19 10:05:35,382 - INFO - Added 250 candles for HCL_Technologies
2025-06-19 10:05:35,420 - ERROR - V3 Historical API failed for NSE_EQ|INE296A01024: 400 Client Error: Bad Request for url: https://api.upstox.com/v3/historical-candle/NSE_EQ%7CINE296A01024/minutes/1/2025-06-19/2025-06-17
2025-06-19 10:05:35,520 - ERROR - V2 Historical API failed for NSE_EQ|INE296A01024: 400 Client Error: Bad Request for url: https://api.upstox.com/v2/historical-candle/NSE_EQ%7CINE296A01024/1minute/2025-06-19/2025-06-17
2025-06-19 10:05:35,521 - WARNING - No data received for Bajaj Finance
2025-06-19 10:05:35,522 - INFO - Progress: 7/15 symbols processed
2025-06-19 10:05:35,723 - INFO - Progress: 8/15 symbols processed
2025-06-19 10:05:35,923 - INFO - Progress: 9/15 symbols processed
2025-06-19 10:05:36,124 - INFO - Progress: 10/15 symbols processed
2025-06-19 10:05:36,324 - INFO - Progress: 11/15 symbols processed
2025-06-19 10:05:36,525 - INFO - Progress: 12/15 symbols processed
2025-06-19 10:05:36,726 - INFO - Progress: 13/15 symbols processed
2025-06-19 10:05:36,926 - INFO - Progress: 14/15 symbols processed
2025-06-19 10:05:37,127 - INFO - Progress: 15/15 symbols processed
2025-06-19 10:05:37,329 - INFO - Enhanced fetch completed in 0:00:03.411315. 14 successful, 1 failed
