2025-06-20 12:34:15,231 - INFO - Live fetcher logging to: /home/abhishek/projects/CUPCAKE/logs/enhanced_live_data_fetcher_20250620_123415_IST.log
2025-06-20 12:34:15,233 - INFO - Script directory: /home/abhishek/projects/CUPCAKE/scripts
2025-06-20 12:34:15,233 - INFO - Looking for symbols.json at: /home/abhishek/projects/CUPCAKE/scripts/symbols.json
2025-06-20 12:34:15,234 - INFO - Loaded credentials from /home/abhishek/projects/CUPCAKE/authentication/credentials.json
2025-06-20 12:34:15,234 - INFO - Loaded 15 symbols from /home/abhishek/projects/CUPCAKE/scripts/symbols.json
2025-06-20 12:34:15,238 - INFO - Live fetcher connected to Redis at localhost:6379, DB 0
2025-06-20 12:34:15,238 - INFO - Live data fetcher initialized for 15 symbols
2025-06-20 12:34:15,239 - INFO - === STARTING CONTINUOUS LIVE DATA FETCHING ===
2025-06-20 12:34:15,239 - INFO - Fetch interval: 1 minute(s)
2025-06-20 12:34:15,239 - INFO - Total symbols: 15
2025-06-20 12:34:15,240 - INFO - Market timer active: True
2025-06-20 12:34:15,240 - INFO - Press Ctrl+C to stop...
2025-06-20 12:34:15,240 - INFO - ============================================================
2025-06-20 12:34:15,240 - INFO - 🔍 STEP 1: Checking for historical-to-live transition gaps...
2025-06-20 12:34:15,241 - INFO - 🔍 CHECKING FOR TRANSITION GAPS (last 5 minutes)...
2025-06-20 12:34:15,242 - INFO - 🔧 Attempting to fill gap for Reliance Industries at 12:33:00
2025-06-20 12:34:15,415 - INFO - 🔧 Attempting to fill gap for Tata Consultancy Services at 12:33:00
2025-06-20 12:34:15,524 - INFO - ✅ Filled gap for Tata Consultancy Services at 12:33:00
2025-06-20 12:34:15,575 - INFO - 🔧 Attempting to fill gap for Infosys at 12:33:00
2025-06-20 12:34:15,691 - INFO - ✅ Filled gap for Infosys at 12:33:00
2025-06-20 12:34:15,742 - INFO - 🔧 Attempting to fill gap for HDFC Bank at 12:33:00
2025-06-20 12:34:15,873 - INFO - ✅ Filled gap for HDFC Bank at 12:33:00
2025-06-20 12:34:15,923 - INFO - 🔧 Attempting to fill gap for ICICI Bank at 12:33:00
2025-06-20 12:34:16,038 - INFO - ✅ Filled gap for ICICI Bank at 12:33:00
2025-06-20 12:34:16,089 - INFO - 🔧 Attempting to fill gap for Hindustan Unilever at 12:33:00
2025-06-20 12:34:16,224 - INFO - ✅ Filled gap for Hindustan Unilever at 12:33:00
2025-06-20 12:34:16,275 - INFO - 🔧 Attempting to fill gap for ITC at 12:33:00
2025-06-20 12:34:16,438 - INFO - ✅ Filled gap for ITC at 12:33:00
2025-06-20 12:34:16,489 - INFO - 🔧 Attempting to fill gap for State Bank of India at 12:33:00
2025-06-20 12:34:16,591 - INFO - ✅ Filled gap for State Bank of India at 12:33:00
2025-06-20 12:34:16,642 - INFO - 🔧 Attempting to fill gap for Bharti Airtel at 12:33:00
2025-06-20 12:34:16,765 - INFO - ✅ Filled gap for Bharti Airtel at 12:33:00
2025-06-20 12:34:16,817 - INFO - 🔧 Attempting to fill gap for Kotak Mahindra Bank at 12:33:00
2025-06-20 12:34:16,942 - INFO - ✅ Filled gap for Kotak Mahindra Bank at 12:33:00
2025-06-20 12:34:16,993 - INFO - 🔧 Attempting to fill gap for Larsen & Toubro at 12:33:00
2025-06-20 12:34:17,104 - INFO - ✅ Filled gap for Larsen & Toubro at 12:33:00
2025-06-20 12:34:17,155 - INFO - 🔧 Attempting to fill gap for Asian Paints at 12:33:00
2025-06-20 12:34:17,307 - INFO - ✅ Filled gap for Asian Paints at 12:33:00
2025-06-20 12:34:17,358 - INFO - 🔧 Attempting to fill gap for Maruti Suzuki at 12:33:00
2025-06-20 12:34:17,467 - INFO - ✅ Filled gap for Maruti Suzuki at 12:33:00
2025-06-20 12:34:17,518 - INFO - 🔧 Attempting to fill gap for HCL Technologies at 12:33:00
2025-06-20 12:34:17,629 - INFO - ✅ Filled gap for HCL Technologies at 12:33:00
2025-06-20 12:34:17,679 - INFO - 📊 Gap analysis complete: 14 gaps detected, 13 filled
2025-06-20 12:34:17,679 - INFO - 🚀 STEP 2: Starting continuous live fetching...
2025-06-20 12:34:17,679 - INFO - Waiting 57.3 seconds until next fetch at 12:35:15
2025-06-20 12:35:15,056 - INFO - === FETCH CYCLE 1 ===
2025-06-20 12:35:15,057 - INFO - Current time: 12:35:15
2025-06-20 12:35:15,057 - INFO - Target timestamp: 12:34:00
2025-06-20 12:35:15,057 - INFO - Fetching data for 15 symbols at 12:34:00
2025-06-20 12:35:15,351 - ERROR - API request failed for NSE_EQ|INE296A01024: 400 Client Error: Bad Request for url: https://api.upstox.com/v3/historical-candle/intraday/NSE_EQ%7CINE296A01024/minutes/1
2025-06-20 12:35:15,981 - INFO - Fetch cycle completed: 12/15 successful (80.0%)
2025-06-20 12:35:15,981 - WARNING - Failed symbols: ['Tata Consultancy Services', 'State Bank of India', 'Bajaj Finance']
2025-06-20 12:35:15,981 - INFO - Waiting 59.0 seconds until next fetch at 12:36:15
2025-06-20 12:36:15,061 - INFO - === FETCH CYCLE 2 ===
2025-06-20 12:36:15,062 - INFO - Current time: 12:36:15
2025-06-20 12:36:15,062 - INFO - Target timestamp: 12:35:00
2025-06-20 12:36:15,062 - INFO - Fetching data for 15 symbols at 12:35:00
2025-06-20 12:36:15,379 - ERROR - API request failed for NSE_EQ|INE296A01024: 400 Client Error: Bad Request for url: https://api.upstox.com/v3/historical-candle/intraday/NSE_EQ%7CINE296A01024/minutes/1
2025-06-20 12:36:15,938 - INFO - Fetch cycle completed: 11/15 successful (73.3%)
2025-06-20 12:36:15,938 - WARNING - Failed symbols: ['Tata Consultancy Services', 'Reliance Industries', 'State Bank of India', 'Bajaj Finance']
2025-06-20 12:36:15,938 - INFO - Waiting 59.1 seconds until next fetch at 12:37:15
2025-06-20 12:37:15,060 - INFO - === FETCH CYCLE 3 ===
2025-06-20 12:37:15,060 - INFO - Current time: 12:37:15
2025-06-20 12:37:15,060 - INFO - Target timestamp: 12:36:00
2025-06-20 12:37:15,060 - INFO - Fetching data for 15 symbols at 12:36:00
2025-06-20 12:37:15,328 - ERROR - API request failed for NSE_EQ|INE296A01024: 400 Client Error: Bad Request for url: https://api.upstox.com/v3/historical-candle/intraday/NSE_EQ%7CINE296A01024/minutes/1
2025-06-20 12:37:15,917 - INFO - Fetch cycle completed: 12/15 successful (80.0%)
2025-06-20 12:37:15,918 - WARNING - Failed symbols: ['Tata Consultancy Services', 'State Bank of India', 'Bajaj Finance']
2025-06-20 12:37:15,918 - INFO - Waiting 59.1 seconds until next fetch at 12:38:15
2025-06-20 12:38:15,060 - INFO - === FETCH CYCLE 4 ===
2025-06-20 12:38:15,060 - INFO - Current time: 12:38:15
2025-06-20 12:38:15,060 - INFO - Target timestamp: 12:37:00
2025-06-20 12:38:15,061 - INFO - Fetching data for 15 symbols at 12:37:00
2025-06-20 12:38:15,314 - ERROR - API request failed for NSE_EQ|INE296A01024: 400 Client Error: Bad Request for url: https://api.upstox.com/v3/historical-candle/intraday/NSE_EQ%7CINE296A01024/minutes/1
2025-06-20 12:38:15,925 - INFO - Fetch cycle completed: 11/15 successful (73.3%)
2025-06-20 12:38:15,925 - WARNING - Failed symbols: ['State Bank of India', 'Tata Consultancy Services', 'Reliance Industries', 'Bajaj Finance']
2025-06-20 12:38:15,925 - INFO - Waiting 59.1 seconds until next fetch at 12:39:15
2025-06-20 12:39:15,063 - INFO - === FETCH CYCLE 5 ===
2025-06-20 12:39:15,064 - INFO - Current time: 12:39:15
2025-06-20 12:39:15,064 - INFO - Target timestamp: 12:38:00
2025-06-20 12:39:15,064 - INFO - Fetching data for 15 symbols at 12:38:00
2025-06-20 12:39:15,364 - ERROR - API request failed for NSE_EQ|INE296A01024: 400 Client Error: Bad Request for url: https://api.upstox.com/v3/historical-candle/intraday/NSE_EQ%7CINE296A01024/minutes/1
2025-06-20 12:39:15,952 - INFO - Fetch cycle completed: 11/15 successful (73.3%)
2025-06-20 12:39:15,953 - WARNING - Failed symbols: ['State Bank of India', 'Reliance Industries', 'Tata Consultancy Services', 'Bajaj Finance']
2025-06-20 12:39:15,953 - INFO - Waiting 59.0 seconds until next fetch at 12:40:15
2025-06-20 12:40:15,061 - INFO - === FETCH CYCLE 6 ===
2025-06-20 12:40:15,061 - INFO - Current time: 12:40:15
2025-06-20 12:40:15,062 - INFO - Target timestamp: 12:39:00
2025-06-20 12:40:15,062 - INFO - Fetching data for 15 symbols at 12:39:00
2025-06-20 12:40:15,311 - ERROR - API request failed for NSE_EQ|INE296A01024: 400 Client Error: Bad Request for url: https://api.upstox.com/v3/historical-candle/intraday/NSE_EQ%7CINE296A01024/minutes/1
2025-06-20 12:40:15,919 - INFO - Fetch cycle completed: 12/15 successful (80.0%)
2025-06-20 12:40:15,920 - WARNING - Failed symbols: ['Tata Consultancy Services', 'State Bank of India', 'Bajaj Finance']
2025-06-20 12:40:15,920 - INFO - Waiting 59.1 seconds until next fetch at 12:41:15
2025-06-20 12:41:15,063 - INFO - === FETCH CYCLE 7 ===
2025-06-20 12:41:15,063 - INFO - Current time: 12:41:15
2025-06-20 12:41:15,063 - INFO - Target timestamp: 12:40:00
2025-06-20 12:41:15,064 - INFO - Fetching data for 15 symbols at 12:40:00
2025-06-20 12:41:15,363 - ERROR - API request failed for NSE_EQ|INE296A01024: 400 Client Error: Bad Request for url: https://api.upstox.com/v3/historical-candle/intraday/NSE_EQ%7CINE296A01024/minutes/1
2025-06-20 12:41:15,943 - INFO - Fetch cycle completed: 11/15 successful (73.3%)
2025-06-20 12:41:15,943 - WARNING - Failed symbols: ['Tata Consultancy Services', 'Reliance Industries', 'State Bank of India', 'Bajaj Finance']
2025-06-20 12:41:15,943 - INFO - Waiting 59.1 seconds until next fetch at 12:42:15
2025-06-20 12:42:15,060 - INFO - === FETCH CYCLE 8 ===
2025-06-20 12:42:15,060 - INFO - Current time: 12:42:15
2025-06-20 12:42:15,061 - INFO - Target timestamp: 12:41:00
2025-06-20 12:42:15,061 - INFO - Fetching data for 15 symbols at 12:41:00
2025-06-20 12:42:15,379 - ERROR - API request failed for NSE_EQ|INE296A01024: 400 Client Error: Bad Request for url: https://api.upstox.com/v3/historical-candle/intraday/NSE_EQ%7CINE296A01024/minutes/1
2025-06-20 12:42:15,930 - INFO - Fetch cycle completed: 11/15 successful (73.3%)
2025-06-20 12:42:15,930 - WARNING - Failed symbols: ['Reliance Industries', 'State Bank of India', 'Tata Consultancy Services', 'Bajaj Finance']
2025-06-20 12:42:15,930 - INFO - Waiting 59.1 seconds until next fetch at 12:43:15
2025-06-20 12:43:15,063 - INFO - === FETCH CYCLE 9 ===
2025-06-20 12:43:15,064 - INFO - Current time: 12:43:15
2025-06-20 12:43:15,064 - INFO - Target timestamp: 12:42:00
2025-06-20 12:43:15,064 - INFO - Fetching data for 15 symbols at 12:42:00
2025-06-20 12:43:15,353 - ERROR - API request failed for NSE_EQ|INE296A01024: 400 Client Error: Bad Request for url: https://api.upstox.com/v3/historical-candle/intraday/NSE_EQ%7CINE296A01024/minutes/1
2025-06-20 12:43:15,935 - INFO - Fetch cycle completed: 12/15 successful (80.0%)
2025-06-20 12:43:15,935 - WARNING - Failed symbols: ['Tata Consultancy Services', 'State Bank of India', 'Bajaj Finance']
2025-06-20 12:43:15,935 - INFO - Waiting 59.1 seconds until next fetch at 12:44:15
2025-06-20 12:44:15,061 - INFO - === FETCH CYCLE 10 ===
2025-06-20 12:44:15,062 - INFO - Current time: 12:44:15
2025-06-20 12:44:15,062 - INFO - Target timestamp: 12:43:00
2025-06-20 12:44:15,062 - INFO - Fetching data for 15 symbols at 12:43:00
2025-06-20 12:44:15,388 - ERROR - API request failed for NSE_EQ|INE296A01024: 400 Client Error: Bad Request for url: https://api.upstox.com/v3/historical-candle/intraday/NSE_EQ%7CINE296A01024/minutes/1
2025-06-20 12:44:15,955 - INFO - Fetch cycle completed: 11/15 successful (73.3%)
2025-06-20 12:44:15,955 - WARNING - Failed symbols: ['Tata Consultancy Services', 'State Bank of India', 'Bharti Airtel', 'Bajaj Finance']
2025-06-20 12:44:15,956 - INFO - Waiting 59.0 seconds until next fetch at 12:45:15
2025-06-20 12:45:15,060 - INFO - === FETCH CYCLE 11 ===
2025-06-20 12:45:15,061 - INFO - Current time: 12:45:15
2025-06-20 12:45:15,061 - INFO - Target timestamp: 12:44:00
2025-06-20 12:45:15,061 - INFO - Fetching data for 15 symbols at 12:44:00
2025-06-20 12:45:15,355 - ERROR - API request failed for NSE_EQ|INE296A01024: 400 Client Error: Bad Request for url: https://api.upstox.com/v3/historical-candle/intraday/NSE_EQ%7CINE296A01024/minutes/1
2025-06-20 12:45:15,940 - INFO - Fetch cycle completed: 11/15 successful (73.3%)
2025-06-20 12:45:15,940 - WARNING - Failed symbols: ['Tata Consultancy Services', 'State Bank of India', 'Reliance Industries', 'Bajaj Finance']
2025-06-20 12:45:15,941 - INFO - Waiting 59.1 seconds until next fetch at 12:46:15
2025-06-20 12:46:15,060 - INFO - === FETCH CYCLE 12 ===
2025-06-20 12:46:15,061 - INFO - Current time: 12:46:15
2025-06-20 12:46:15,061 - INFO - Target timestamp: 12:45:00
2025-06-20 12:46:15,061 - INFO - Fetching data for 15 symbols at 12:45:00
2025-06-20 12:46:15,361 - ERROR - API request failed for NSE_EQ|INE296A01024: 400 Client Error: Bad Request for url: https://api.upstox.com/v3/historical-candle/intraday/NSE_EQ%7CINE296A01024/minutes/1
2025-06-20 12:46:15,937 - INFO - Fetch cycle completed: 10/15 successful (66.7%)
2025-06-20 12:46:15,937 - WARNING - Failed symbols: ['Reliance Industries', 'Tata Consultancy Services', 'State Bank of India', 'Bharti Airtel', 'Bajaj Finance']
2025-06-20 12:46:15,937 - INFO - Waiting 59.1 seconds until next fetch at 12:47:15
2025-06-20 12:47:15,062 - INFO - === FETCH CYCLE 13 ===
2025-06-20 12:47:15,062 - INFO - Current time: 12:47:15
2025-06-20 12:47:15,063 - INFO - Target timestamp: 12:46:00
2025-06-20 12:47:15,063 - INFO - Fetching data for 15 symbols at 12:46:00
2025-06-20 12:47:15,373 - ERROR - API request failed for NSE_EQ|INE296A01024: 400 Client Error: Bad Request for url: https://api.upstox.com/v3/historical-candle/intraday/NSE_EQ%7CINE296A01024/minutes/1
2025-06-20 12:47:15,948 - INFO - Fetch cycle completed: 12/15 successful (80.0%)
2025-06-20 12:47:15,948 - WARNING - Failed symbols: ['State Bank of India', 'Tata Consultancy Services', 'Bajaj Finance']
2025-06-20 12:47:15,948 - INFO - Waiting 59.1 seconds until next fetch at 12:48:15
2025-06-20 12:48:15,060 - INFO - === FETCH CYCLE 14 ===
2025-06-20 12:48:15,060 - INFO - Current time: 12:48:15
2025-06-20 12:48:15,060 - INFO - Target timestamp: 12:47:00
2025-06-20 12:48:15,060 - INFO - Fetching data for 15 symbols at 12:47:00
2025-06-20 12:48:15,340 - ERROR - API request failed for NSE_EQ|INE296A01024: 400 Client Error: Bad Request for url: https://api.upstox.com/v3/historical-candle/intraday/NSE_EQ%7CINE296A01024/minutes/1
2025-06-20 12:48:15,944 - INFO - Fetch cycle completed: 8/15 successful (53.3%)
2025-06-20 12:48:15,944 - WARNING - Failed symbols: ['Tata Consultancy Services', 'Reliance Industries', 'State Bank of India', 'Kotak Mahindra Bank', 'Larsen & Toubro', 'Maruti Suzuki', 'Bajaj Finance']
2025-06-20 12:48:15,945 - INFO - Waiting 59.1 seconds until next fetch at 12:49:15
2025-06-20 12:49:15,061 - INFO - === FETCH CYCLE 15 ===
2025-06-20 12:49:15,061 - INFO - Current time: 12:49:15
2025-06-20 12:49:15,061 - INFO - Target timestamp: 12:48:00
2025-06-20 12:49:15,062 - INFO - Fetching data for 15 symbols at 12:48:00
2025-06-20 12:49:15,460 - ERROR - API request failed for NSE_EQ|INE296A01024: 400 Client Error: Bad Request for url: https://api.upstox.com/v3/historical-candle/intraday/NSE_EQ%7CINE296A01024/minutes/1
2025-06-20 12:49:15,953 - INFO - Fetch cycle completed: 9/15 successful (60.0%)
2025-06-20 12:49:15,953 - WARNING - Failed symbols: ['Kotak Mahindra Bank', 'Tata Consultancy Services', 'State Bank of India', 'Larsen & Toubro', 'Maruti Suzuki', 'Bajaj Finance']
2025-06-20 12:49:15,954 - INFO - Waiting 59.0 seconds until next fetch at 12:50:15
2025-06-20 12:50:15,059 - INFO - === FETCH CYCLE 16 ===
2025-06-20 12:50:15,060 - INFO - Current time: 12:50:15
2025-06-20 12:50:15,060 - INFO - Target timestamp: 12:49:00
2025-06-20 12:50:15,060 - INFO - Fetching data for 15 symbols at 12:49:00
2025-06-20 12:50:15,386 - ERROR - API request failed for NSE_EQ|INE296A01024: 400 Client Error: Bad Request for url: https://api.upstox.com/v3/historical-candle/intraday/NSE_EQ%7CINE296A01024/minutes/1
2025-06-20 12:50:15,968 - INFO - Fetch cycle completed: 9/15 successful (60.0%)
2025-06-20 12:50:15,969 - WARNING - Failed symbols: ['State Bank of India', 'Tata Consultancy Services', 'Kotak Mahindra Bank', 'Larsen & Toubro', 'Bajaj Finance', 'Maruti Suzuki']
2025-06-20 12:50:15,969 - INFO - Waiting 59.0 seconds until next fetch at 12:51:15
2025-06-20 12:51:15,064 - INFO - === FETCH CYCLE 17 ===
2025-06-20 12:51:15,065 - INFO - Current time: 12:51:15
2025-06-20 12:51:15,065 - INFO - Target timestamp: 12:50:00
2025-06-20 12:51:15,065 - INFO - Fetching data for 15 symbols at 12:50:00
2025-06-20 12:51:15,409 - ERROR - API request failed for NSE_EQ|INE296A01024: 400 Client Error: Bad Request for url: https://api.upstox.com/v3/historical-candle/intraday/NSE_EQ%7CINE296A01024/minutes/1
2025-06-20 12:51:15,948 - INFO - Fetch cycle completed: 9/15 successful (60.0%)
2025-06-20 12:51:15,948 - WARNING - Failed symbols: ['Reliance Industries', 'Tata Consultancy Services', 'State Bank of India', 'Larsen & Toubro', 'Maruti Suzuki', 'Bajaj Finance']
2025-06-20 12:51:15,948 - INFO - Waiting 59.1 seconds until next fetch at 12:52:15
2025-06-20 12:52:15,058 - INFO - === FETCH CYCLE 18 ===
2025-06-20 12:52:15,059 - INFO - Current time: 12:52:15
2025-06-20 12:52:15,059 - INFO - Target timestamp: 12:51:00
2025-06-20 12:52:15,059 - INFO - Fetching data for 15 symbols at 12:51:00
2025-06-20 12:52:15,378 - ERROR - API request failed for NSE_EQ|INE296A01024: 400 Client Error: Bad Request for url: https://api.upstox.com/v3/historical-candle/intraday/NSE_EQ%7CINE296A01024/minutes/1
2025-06-20 12:52:15,955 - INFO - Fetch cycle completed: 10/15 successful (66.7%)
2025-06-20 12:52:15,955 - WARNING - Failed symbols: ['Tata Consultancy Services', 'State Bank of India', 'Larsen & Toubro', 'Maruti Suzuki', 'Bajaj Finance']
2025-06-20 12:52:15,955 - INFO - Waiting 59.0 seconds until next fetch at 12:53:15
2025-06-20 12:53:15,059 - INFO - === FETCH CYCLE 19 ===
2025-06-20 12:53:15,059 - INFO - Current time: 12:53:15
2025-06-20 12:53:15,059 - INFO - Target timestamp: 12:52:00
2025-06-20 12:53:15,060 - INFO - Fetching data for 15 symbols at 12:52:00
2025-06-20 12:53:15,375 - ERROR - API request failed for NSE_EQ|INE296A01024: 400 Client Error: Bad Request for url: https://api.upstox.com/v3/historical-candle/intraday/NSE_EQ%7CINE296A01024/minutes/1
2025-06-20 12:53:15,939 - INFO - Fetch cycle completed: 11/15 successful (73.3%)
2025-06-20 12:53:15,939 - WARNING - Failed symbols: ['State Bank of India', 'Tata Consultancy Services', 'Bajaj Finance', 'Maruti Suzuki']
2025-06-20 12:53:15,939 - INFO - Waiting 59.1 seconds until next fetch at 12:54:15
2025-06-20 12:54:15,059 - INFO - === FETCH CYCLE 20 ===
2025-06-20 12:54:15,059 - INFO - Current time: 12:54:15
2025-06-20 12:54:15,060 - INFO - Target timestamp: 12:53:00
2025-06-20 12:54:15,060 - INFO - Fetching data for 15 symbols at 12:53:00
2025-06-20 12:54:15,430 - ERROR - API request failed for NSE_EQ|INE296A01024: 400 Client Error: Bad Request for url: https://api.upstox.com/v3/historical-candle/intraday/NSE_EQ%7CINE296A01024/minutes/1
2025-06-20 12:54:15,942 - INFO - Fetch cycle completed: 10/15 successful (66.7%)
2025-06-20 12:54:15,942 - WARNING - Failed symbols: ['Reliance Industries', 'Tata Consultancy Services', 'State Bank of India', 'Maruti Suzuki', 'Bajaj Finance']
2025-06-20 12:54:15,943 - INFO - Waiting 59.1 seconds until next fetch at 12:55:15
2025-06-20 12:55:15,055 - INFO - === FETCH CYCLE 21 ===
2025-06-20 12:55:15,055 - INFO - Current time: 12:55:15
2025-06-20 12:55:15,055 - INFO - Target timestamp: 12:54:00
2025-06-20 12:55:15,055 - INFO - Fetching data for 15 symbols at 12:54:00
2025-06-20 12:55:15,336 - ERROR - API request failed for NSE_EQ|INE296A01024: 400 Client Error: Bad Request for url: https://api.upstox.com/v3/historical-candle/intraday/NSE_EQ%7CINE296A01024/minutes/1
2025-06-20 12:55:15,931 - INFO - Fetch cycle completed: 10/15 successful (66.7%)
2025-06-20 12:55:15,931 - WARNING - Failed symbols: ['Reliance Industries', 'State Bank of India', 'Tata Consultancy Services', 'Maruti Suzuki', 'Bajaj Finance']
2025-06-20 12:55:15,931 - INFO - Waiting 59.1 seconds until next fetch at 12:56:15
2025-06-20 12:56:15,057 - INFO - === FETCH CYCLE 22 ===
2025-06-20 12:56:15,058 - INFO - Current time: 12:56:15
2025-06-20 12:56:15,058 - INFO - Target timestamp: 12:55:00
2025-06-20 12:56:15,058 - INFO - Fetching data for 15 symbols at 12:55:00
2025-06-20 12:56:15,425 - ERROR - API request failed for NSE_EQ|INE296A01024: 400 Client Error: Bad Request for url: https://api.upstox.com/v3/historical-candle/intraday/NSE_EQ%7CINE296A01024/minutes/1
2025-06-20 12:56:15,978 - INFO - Fetch cycle completed: 11/15 successful (73.3%)
2025-06-20 12:56:15,978 - WARNING - Failed symbols: ['State Bank of India', 'Tata Consultancy Services', 'Maruti Suzuki', 'Bajaj Finance']
2025-06-20 12:56:15,978 - INFO - Waiting 59.0 seconds until next fetch at 12:57:15
2025-06-20 12:57:15,059 - INFO - === FETCH CYCLE 23 ===
2025-06-20 12:57:15,059 - INFO - Current time: 12:57:15
2025-06-20 12:57:15,060 - INFO - Target timestamp: 12:56:00
2025-06-20 12:57:15,060 - INFO - Fetching data for 15 symbols at 12:56:00
2025-06-20 12:57:15,382 - ERROR - API request failed for NSE_EQ|INE296A01024: 400 Client Error: Bad Request for url: https://api.upstox.com/v3/historical-candle/intraday/NSE_EQ%7CINE296A01024/minutes/1
2025-06-20 12:57:15,943 - INFO - Fetch cycle completed: 10/15 successful (66.7%)
2025-06-20 12:57:15,943 - WARNING - Failed symbols: ['Tata Consultancy Services', 'State Bank of India', 'Reliance Industries', 'Maruti Suzuki', 'Bajaj Finance']
2025-06-20 12:57:15,944 - INFO - Waiting 59.1 seconds until next fetch at 12:58:15
2025-06-20 12:58:15,060 - INFO - === FETCH CYCLE 24 ===
2025-06-20 12:58:15,060 - INFO - Current time: 12:58:15
2025-06-20 12:58:15,061 - INFO - Target timestamp: 12:57:00
2025-06-20 12:58:15,061 - INFO - Fetching data for 15 symbols at 12:57:00
2025-06-20 12:58:15,355 - ERROR - API request failed for NSE_EQ|INE296A01024: 400 Client Error: Bad Request for url: https://api.upstox.com/v3/historical-candle/intraday/NSE_EQ%7CINE296A01024/minutes/1
2025-06-20 12:58:15,934 - INFO - Fetch cycle completed: 10/15 successful (66.7%)
2025-06-20 12:58:15,934 - WARNING - Failed symbols: ['Tata Consultancy Services', 'Reliance Industries', 'State Bank of India', 'Bajaj Finance', 'Maruti Suzuki']
2025-06-20 12:58:15,934 - INFO - Waiting 59.1 seconds until next fetch at 12:59:15
2025-06-20 12:59:15,059 - INFO - === FETCH CYCLE 25 ===
2025-06-20 12:59:15,059 - INFO - Current time: 12:59:15
2025-06-20 12:59:15,060 - INFO - Target timestamp: 12:58:00
2025-06-20 12:59:15,060 - INFO - Fetching data for 15 symbols at 12:58:00
2025-06-20 12:59:15,373 - ERROR - API request failed for NSE_EQ|INE296A01024: 400 Client Error: Bad Request for url: https://api.upstox.com/v3/historical-candle/intraday/NSE_EQ%7CINE296A01024/minutes/1
2025-06-20 12:59:15,945 - INFO - Fetch cycle completed: 10/15 successful (66.7%)
2025-06-20 12:59:15,945 - WARNING - Failed symbols: ['Tata Consultancy Services', 'Reliance Industries', 'State Bank of India', 'Bajaj Finance', 'Maruti Suzuki']
2025-06-20 12:59:15,945 - INFO - Waiting 59.1 seconds until next fetch at 13:00:15
2025-06-20 13:00:15,059 - INFO - === FETCH CYCLE 26 ===
2025-06-20 13:00:15,059 - INFO - Current time: 13:00:15
2025-06-20 13:00:15,059 - INFO - Target timestamp: 12:59:00
2025-06-20 13:00:15,059 - INFO - Fetching data for 15 symbols at 12:59:00
2025-06-20 13:00:15,347 - ERROR - API request failed for NSE_EQ|INE296A01024: 400 Client Error: Bad Request for url: https://api.upstox.com/v3/historical-candle/intraday/NSE_EQ%7CINE296A01024/minutes/1
2025-06-20 13:00:15,950 - INFO - Fetch cycle completed: 10/15 successful (66.7%)
2025-06-20 13:00:15,950 - WARNING - Failed symbols: ['Tata Consultancy Services', 'State Bank of India', 'Larsen & Toubro', 'Maruti Suzuki', 'Bajaj Finance']
2025-06-20 13:00:15,950 - INFO - Waiting 59.0 seconds until next fetch at 13:01:15
2025-06-20 13:01:15,059 - INFO - === FETCH CYCLE 27 ===
2025-06-20 13:01:15,059 - INFO - Current time: 13:01:15
2025-06-20 13:01:15,059 - INFO - Target timestamp: 13:00:00
2025-06-20 13:01:15,060 - INFO - Fetching data for 15 symbols at 13:00:00
2025-06-20 13:01:15,368 - ERROR - API request failed for NSE_EQ|INE296A01024: 400 Client Error: Bad Request for url: https://api.upstox.com/v3/historical-candle/intraday/NSE_EQ%7CINE296A01024/minutes/1
2025-06-20 13:01:15,936 - INFO - Fetch cycle completed: 9/15 successful (60.0%)
2025-06-20 13:01:15,936 - WARNING - Failed symbols: ['Tata Consultancy Services', 'State Bank of India', 'Maruti Suzuki', 'Larsen & Toubro', 'Bajaj Finance', 'Kotak Mahindra Bank']
2025-06-20 13:01:15,936 - INFO - Waiting 59.1 seconds until next fetch at 13:02:15
2025-06-20 13:02:15,062 - INFO - === FETCH CYCLE 28 ===
2025-06-20 13:02:15,063 - INFO - Current time: 13:02:15
2025-06-20 13:02:15,063 - INFO - Target timestamp: 13:01:00
2025-06-20 13:02:15,063 - INFO - Fetching data for 15 symbols at 13:01:00
2025-06-20 13:02:15,373 - ERROR - API request failed for NSE_EQ|INE296A01024: 400 Client Error: Bad Request for url: https://api.upstox.com/v3/historical-candle/intraday/NSE_EQ%7CINE296A01024/minutes/1
2025-06-20 13:02:15,958 - INFO - Fetch cycle completed: 10/15 successful (66.7%)
2025-06-20 13:02:15,958 - WARNING - Failed symbols: ['Tata Consultancy Services', 'State Bank of India', 'Reliance Industries', 'Bajaj Finance', 'Maruti Suzuki']
2025-06-20 13:02:15,958 - INFO - Waiting 59.0 seconds until next fetch at 13:03:15
2025-06-20 13:03:15,060 - INFO - === FETCH CYCLE 29 ===
2025-06-20 13:03:15,060 - INFO - Current time: 13:03:15
2025-06-20 13:03:15,060 - INFO - Target timestamp: 13:02:00
2025-06-20 13:03:15,061 - INFO - Fetching data for 15 symbols at 13:02:00
2025-06-20 13:03:15,360 - ERROR - API request failed for NSE_EQ|INE296A01024: 400 Client Error: Bad Request for url: https://api.upstox.com/v3/historical-candle/intraday/NSE_EQ%7CINE296A01024/minutes/1
2025-06-20 13:03:15,947 - INFO - Fetch cycle completed: 14/15 successful (93.3%)
2025-06-20 13:03:15,948 - WARNING - Failed symbols: ['Bajaj Finance']
2025-06-20 13:03:15,948 - INFO - Waiting 59.1 seconds until next fetch at 13:04:15
2025-06-20 13:04:15,057 - INFO - === FETCH CYCLE 30 ===
2025-06-20 13:04:15,058 - INFO - Current time: 13:04:15
2025-06-20 13:04:15,058 - INFO - Target timestamp: 13:03:00
2025-06-20 13:04:15,058 - INFO - Fetching data for 15 symbols at 13:03:00
2025-06-20 13:04:15,408 - ERROR - API request failed for NSE_EQ|INE296A01024: 400 Client Error: Bad Request for url: https://api.upstox.com/v3/historical-candle/intraday/NSE_EQ%7CINE296A01024/minutes/1
2025-06-20 13:04:16,008 - INFO - Fetch cycle completed: 14/15 successful (93.3%)
2025-06-20 13:04:16,009 - WARNING - Failed symbols: ['Bajaj Finance']
2025-06-20 13:04:16,009 - INFO - Waiting 59.0 seconds until next fetch at 13:05:15
2025-06-20 13:05:15,059 - INFO - === FETCH CYCLE 31 ===
2025-06-20 13:05:15,060 - INFO - Current time: 13:05:15
2025-06-20 13:05:15,060 - INFO - Target timestamp: 13:04:00
2025-06-20 13:05:15,060 - INFO - Fetching data for 15 symbols at 13:04:00
2025-06-20 13:05:15,359 - ERROR - API request failed for NSE_EQ|INE296A01024: 400 Client Error: Bad Request for url: https://api.upstox.com/v3/historical-candle/intraday/NSE_EQ%7CINE296A01024/minutes/1
2025-06-20 13:05:15,952 - INFO - Fetch cycle completed: 14/15 successful (93.3%)
2025-06-20 13:05:15,952 - WARNING - Failed symbols: ['Bajaj Finance']
2025-06-20 13:05:15,952 - INFO - Waiting 59.0 seconds until next fetch at 13:06:15
2025-06-20 13:06:15,059 - INFO - === FETCH CYCLE 32 ===
2025-06-20 13:06:15,059 - INFO - Current time: 13:06:15
2025-06-20 13:06:15,059 - INFO - Target timestamp: 13:05:00
2025-06-20 13:06:15,059 - INFO - Fetching data for 15 symbols at 13:05:00
2025-06-20 13:06:15,365 - ERROR - API request failed for NSE_EQ|INE296A01024: 400 Client Error: Bad Request for url: https://api.upstox.com/v3/historical-candle/intraday/NSE_EQ%7CINE296A01024/minutes/1
2025-06-20 13:06:15,982 - INFO - Fetch cycle completed: 14/15 successful (93.3%)
2025-06-20 13:06:15,982 - WARNING - Failed symbols: ['Bajaj Finance']
2025-06-20 13:06:15,982 - INFO - Waiting 59.0 seconds until next fetch at 13:07:15
2025-06-20 13:07:15,061 - INFO - === FETCH CYCLE 33 ===
2025-06-20 13:07:15,061 - INFO - Current time: 13:07:15
2025-06-20 13:07:15,061 - INFO - Target timestamp: 13:06:00
2025-06-20 13:07:15,061 - INFO - Fetching data for 15 symbols at 13:06:00
2025-06-20 13:07:15,338 - ERROR - API request failed for NSE_EQ|INE296A01024: 400 Client Error: Bad Request for url: https://api.upstox.com/v3/historical-candle/intraday/NSE_EQ%7CINE296A01024/minutes/1
2025-06-20 13:07:15,952 - INFO - Fetch cycle completed: 14/15 successful (93.3%)
2025-06-20 13:07:15,952 - WARNING - Failed symbols: ['Bajaj Finance']
2025-06-20 13:07:15,952 - INFO - Waiting 59.0 seconds until next fetch at 13:08:15
2025-06-20 13:08:15,057 - INFO - === FETCH CYCLE 34 ===
2025-06-20 13:08:15,058 - INFO - Current time: 13:08:15
2025-06-20 13:08:15,058 - INFO - Target timestamp: 13:07:00
2025-06-20 13:08:15,058 - INFO - Fetching data for 15 symbols at 13:07:00
2025-06-20 13:08:15,390 - ERROR - API request failed for NSE_EQ|INE296A01024: 400 Client Error: Bad Request for url: https://api.upstox.com/v3/historical-candle/intraday/NSE_EQ%7CINE296A01024/minutes/1
2025-06-20 13:08:15,961 - INFO - Fetch cycle completed: 14/15 successful (93.3%)
2025-06-20 13:08:15,962 - WARNING - Failed symbols: ['Bajaj Finance']
2025-06-20 13:08:15,962 - INFO - Waiting 59.0 seconds until next fetch at 13:09:15
2025-06-20 13:09:15,061 - INFO - === FETCH CYCLE 35 ===
2025-06-20 13:09:15,061 - INFO - Current time: 13:09:15
2025-06-20 13:09:15,061 - INFO - Target timestamp: 13:08:00
2025-06-20 13:09:15,061 - INFO - Fetching data for 15 symbols at 13:08:00
2025-06-20 13:09:15,369 - ERROR - API request failed for NSE_EQ|INE296A01024: 400 Client Error: Bad Request for url: https://api.upstox.com/v3/historical-candle/intraday/NSE_EQ%7CINE296A01024/minutes/1
2025-06-20 13:09:15,995 - INFO - Fetch cycle completed: 14/15 successful (93.3%)
2025-06-20 13:09:15,995 - WARNING - Failed symbols: ['Bajaj Finance']
2025-06-20 13:09:15,995 - INFO - Waiting 59.0 seconds until next fetch at 13:10:15
2025-06-20 13:10:15,059 - INFO - === FETCH CYCLE 36 ===
2025-06-20 13:10:15,060 - INFO - Current time: 13:10:15
2025-06-20 13:10:15,060 - INFO - Target timestamp: 13:09:00
2025-06-20 13:10:15,060 - INFO - Fetching data for 15 symbols at 13:09:00
2025-06-20 13:10:15,375 - ERROR - API request failed for NSE_EQ|INE296A01024: 400 Client Error: Bad Request for url: https://api.upstox.com/v3/historical-candle/intraday/NSE_EQ%7CINE296A01024/minutes/1
2025-06-20 13:10:15,988 - INFO - Fetch cycle completed: 14/15 successful (93.3%)
2025-06-20 13:10:15,988 - WARNING - Failed symbols: ['Bajaj Finance']
2025-06-20 13:10:15,988 - INFO - Waiting 59.0 seconds until next fetch at 13:11:15
2025-06-20 13:11:15,060 - INFO - === FETCH CYCLE 37 ===
2025-06-20 13:11:15,060 - INFO - Current time: 13:11:15
2025-06-20 13:11:15,061 - INFO - Target timestamp: 13:10:00
2025-06-20 13:11:15,061 - INFO - Fetching data for 15 symbols at 13:10:00
2025-06-20 13:11:15,423 - ERROR - API request failed for NSE_EQ|INE296A01024: 400 Client Error: Bad Request for url: https://api.upstox.com/v3/historical-candle/intraday/NSE_EQ%7CINE296A01024/minutes/1
2025-06-20 13:11:16,012 - INFO - Fetch cycle completed: 14/15 successful (93.3%)
2025-06-20 13:11:16,013 - WARNING - Failed symbols: ['Bajaj Finance']
2025-06-20 13:11:16,013 - INFO - Waiting 59.0 seconds until next fetch at 13:12:15
2025-06-20 13:12:15,058 - INFO - === FETCH CYCLE 38 ===
2025-06-20 13:12:15,058 - INFO - Current time: 13:12:15
2025-06-20 13:12:15,058 - INFO - Target timestamp: 13:11:00
2025-06-20 13:12:15,058 - INFO - Fetching data for 15 symbols at 13:11:00
2025-06-20 13:12:15,369 - ERROR - API request failed for NSE_EQ|INE296A01024: 400 Client Error: Bad Request for url: https://api.upstox.com/v3/historical-candle/intraday/NSE_EQ%7CINE296A01024/minutes/1
2025-06-20 13:12:15,991 - INFO - Fetch cycle completed: 14/15 successful (93.3%)
2025-06-20 13:12:15,991 - WARNING - Failed symbols: ['Bajaj Finance']
2025-06-20 13:12:15,992 - INFO - Waiting 59.0 seconds until next fetch at 13:13:15
2025-06-20 13:13:15,062 - INFO - === FETCH CYCLE 39 ===
2025-06-20 13:13:15,062 - INFO - Current time: 13:13:15
2025-06-20 13:13:15,062 - INFO - Target timestamp: 13:12:00
2025-06-20 13:13:15,063 - INFO - Fetching data for 15 symbols at 13:12:00
2025-06-20 13:13:15,376 - ERROR - API request failed for NSE_EQ|INE296A01024: 400 Client Error: Bad Request for url: https://api.upstox.com/v3/historical-candle/intraday/NSE_EQ%7CINE296A01024/minutes/1
2025-06-20 13:13:15,947 - INFO - Fetch cycle completed: 14/15 successful (93.3%)
2025-06-20 13:13:15,948 - WARNING - Failed symbols: ['Bajaj Finance']
2025-06-20 13:13:15,948 - INFO - Waiting 59.1 seconds until next fetch at 13:14:15
2025-06-20 13:14:15,061 - INFO - === FETCH CYCLE 40 ===
2025-06-20 13:14:15,061 - INFO - Current time: 13:14:15
2025-06-20 13:14:15,061 - INFO - Target timestamp: 13:13:00
2025-06-20 13:14:15,061 - INFO - Fetching data for 15 symbols at 13:13:00
2025-06-20 13:14:15,574 - ERROR - API request failed for NSE_EQ|INE296A01024: 400 Client Error: Bad Request for url: https://api.upstox.com/v3/historical-candle/intraday/NSE_EQ%7CINE296A01024/minutes/1
2025-06-20 13:14:16,146 - INFO - Fetch cycle completed: 14/15 successful (93.3%)
2025-06-20 13:14:16,146 - WARNING - Failed symbols: ['Bajaj Finance']
2025-06-20 13:14:16,147 - INFO - Waiting 58.9 seconds until next fetch at 13:15:15
2025-06-20 13:15:15,058 - INFO - === FETCH CYCLE 41 ===
2025-06-20 13:15:15,058 - INFO - Current time: 13:15:15
2025-06-20 13:15:15,058 - INFO - Target timestamp: 13:14:00
2025-06-20 13:15:15,058 - INFO - Fetching data for 15 symbols at 13:14:00
2025-06-20 13:15:15,360 - ERROR - API request failed for NSE_EQ|INE296A01024: 400 Client Error: Bad Request for url: https://api.upstox.com/v3/historical-candle/intraday/NSE_EQ%7CINE296A01024/minutes/1
2025-06-20 13:15:15,959 - INFO - Fetch cycle completed: 14/15 successful (93.3%)
2025-06-20 13:15:15,959 - WARNING - Failed symbols: ['Bajaj Finance']
2025-06-20 13:15:15,960 - INFO - Waiting 59.0 seconds until next fetch at 13:16:15
2025-06-20 13:16:15,058 - INFO - === FETCH CYCLE 42 ===
2025-06-20 13:16:15,058 - INFO - Current time: 13:16:15
2025-06-20 13:16:15,058 - INFO - Target timestamp: 13:15:00
2025-06-20 13:16:15,058 - INFO - Fetching data for 15 symbols at 13:15:00
2025-06-20 13:16:15,421 - ERROR - API request failed for NSE_EQ|INE296A01024: 400 Client Error: Bad Request for url: https://api.upstox.com/v3/historical-candle/intraday/NSE_EQ%7CINE296A01024/minutes/1
2025-06-20 13:16:16,002 - INFO - Fetch cycle completed: 14/15 successful (93.3%)
2025-06-20 13:16:16,002 - WARNING - Failed symbols: ['Bajaj Finance']
2025-06-20 13:16:16,003 - INFO - Waiting 59.0 seconds until next fetch at 13:17:15
2025-06-20 13:17:15,062 - INFO - === FETCH CYCLE 43 ===
2025-06-20 13:17:15,062 - INFO - Current time: 13:17:15
2025-06-20 13:17:15,062 - INFO - Target timestamp: 13:16:00
2025-06-20 13:17:15,062 - INFO - Fetching data for 15 symbols at 13:16:00
2025-06-20 13:17:15,387 - ERROR - API request failed for NSE_EQ|INE296A01024: 400 Client Error: Bad Request for url: https://api.upstox.com/v3/historical-candle/intraday/NSE_EQ%7CINE296A01024/minutes/1
2025-06-20 13:17:16,007 - INFO - Fetch cycle completed: 14/15 successful (93.3%)
2025-06-20 13:17:16,008 - WARNING - Failed symbols: ['Bajaj Finance']
2025-06-20 13:17:16,008 - INFO - Waiting 59.0 seconds until next fetch at 13:18:15
2025-06-20 13:18:15,057 - INFO - === FETCH CYCLE 44 ===
2025-06-20 13:18:15,057 - INFO - Current time: 13:18:15
2025-06-20 13:18:15,057 - INFO - Target timestamp: 13:17:00
2025-06-20 13:18:15,057 - INFO - Fetching data for 15 symbols at 13:17:00
2025-06-20 13:18:15,303 - ERROR - API request failed for NSE_EQ|INE296A01024: 400 Client Error: Bad Request for url: https://api.upstox.com/v3/historical-candle/intraday/NSE_EQ%7CINE296A01024/minutes/1
2025-06-20 13:18:15,943 - INFO - Fetch cycle completed: 14/15 successful (93.3%)
2025-06-20 13:18:15,944 - WARNING - Failed symbols: ['Bajaj Finance']
2025-06-20 13:18:15,944 - INFO - Waiting 59.1 seconds until next fetch at 13:19:15
2025-06-20 13:19:15,059 - INFO - === FETCH CYCLE 45 ===
2025-06-20 13:19:15,059 - INFO - Current time: 13:19:15
2025-06-20 13:19:15,059 - INFO - Target timestamp: 13:18:00
2025-06-20 13:19:15,059 - INFO - Fetching data for 15 symbols at 13:18:00
2025-06-20 13:19:15,341 - ERROR - API request failed for NSE_EQ|INE296A01024: 400 Client Error: Bad Request for url: https://api.upstox.com/v3/historical-candle/intraday/NSE_EQ%7CINE296A01024/minutes/1
2025-06-20 13:19:15,940 - INFO - Fetch cycle completed: 14/15 successful (93.3%)
2025-06-20 13:19:15,940 - WARNING - Failed symbols: ['Bajaj Finance']
2025-06-20 13:19:15,940 - INFO - Waiting 59.1 seconds until next fetch at 13:20:15
2025-06-20 13:20:15,061 - INFO - === FETCH CYCLE 46 ===
2025-06-20 13:20:15,061 - INFO - Current time: 13:20:15
2025-06-20 13:20:15,061 - INFO - Target timestamp: 13:19:00
2025-06-20 13:20:15,062 - INFO - Fetching data for 15 symbols at 13:19:00
2025-06-20 13:20:15,347 - ERROR - API request failed for NSE_EQ|INE296A01024: 400 Client Error: Bad Request for url: https://api.upstox.com/v3/historical-candle/intraday/NSE_EQ%7CINE296A01024/minutes/1
2025-06-20 13:20:15,955 - INFO - Fetch cycle completed: 14/15 successful (93.3%)
2025-06-20 13:20:15,956 - WARNING - Failed symbols: ['Bajaj Finance']
2025-06-20 13:20:15,956 - INFO - Waiting 59.0 seconds until next fetch at 13:21:15
2025-06-20 13:21:15,060 - INFO - === FETCH CYCLE 47 ===
2025-06-20 13:21:15,060 - INFO - Current time: 13:21:15
2025-06-20 13:21:15,060 - INFO - Target timestamp: 13:20:00
2025-06-20 13:21:15,061 - INFO - Fetching data for 15 symbols at 13:20:00
2025-06-20 13:21:15,415 - ERROR - API request failed for NSE_EQ|INE296A01024: 400 Client Error: Bad Request for url: https://api.upstox.com/v3/historical-candle/intraday/NSE_EQ%7CINE296A01024/minutes/1
2025-06-20 13:21:15,987 - INFO - Fetch cycle completed: 14/15 successful (93.3%)
2025-06-20 13:21:15,987 - WARNING - Failed symbols: ['Bajaj Finance']
2025-06-20 13:21:15,988 - INFO - Waiting 59.0 seconds until next fetch at 13:22:15
2025-06-20 13:22:15,060 - INFO - === FETCH CYCLE 48 ===
2025-06-20 13:22:15,061 - INFO - Current time: 13:22:15
2025-06-20 13:22:15,061 - INFO - Target timestamp: 13:21:00
2025-06-20 13:22:15,061 - INFO - Fetching data for 15 symbols at 13:21:00
2025-06-20 13:22:15,302 - ERROR - API request failed for NSE_EQ|INE296A01024: 400 Client Error: Bad Request for url: https://api.upstox.com/v3/historical-candle/intraday/NSE_EQ%7CINE296A01024/minutes/1
2025-06-20 13:22:15,943 - INFO - Fetch cycle completed: 14/15 successful (93.3%)
2025-06-20 13:22:15,943 - WARNING - Failed symbols: ['Bajaj Finance']
2025-06-20 13:22:15,943 - INFO - Waiting 59.1 seconds until next fetch at 13:23:15
2025-06-20 13:23:15,064 - INFO - === FETCH CYCLE 49 ===
2025-06-20 13:23:15,065 - INFO - Current time: 13:23:15
2025-06-20 13:23:15,065 - INFO - Target timestamp: 13:22:00
2025-06-20 13:23:15,065 - INFO - Fetching data for 15 symbols at 13:22:00
2025-06-20 13:23:15,303 - ERROR - API request failed for NSE_EQ|INE296A01024: 400 Client Error: Bad Request for url: https://api.upstox.com/v3/historical-candle/intraday/NSE_EQ%7CINE296A01024/minutes/1
2025-06-20 13:23:15,931 - INFO - Fetch cycle completed: 14/15 successful (93.3%)
2025-06-20 13:23:15,931 - WARNING - Failed symbols: ['Bajaj Finance']
2025-06-20 13:23:15,931 - INFO - Waiting 59.1 seconds until next fetch at 13:24:15
2025-06-20 13:24:15,061 - INFO - === FETCH CYCLE 50 ===
2025-06-20 13:24:15,061 - INFO - Current time: 13:24:15
2025-06-20 13:24:15,062 - INFO - Target timestamp: 13:23:00
2025-06-20 13:24:15,062 - INFO - Fetching data for 15 symbols at 13:23:00
2025-06-20 13:24:15,432 - ERROR - API request failed for NSE_EQ|INE296A01024: 400 Client Error: Bad Request for url: https://api.upstox.com/v3/historical-candle/intraday/NSE_EQ%7CINE296A01024/minutes/1
2025-06-20 13:24:15,974 - INFO - Fetch cycle completed: 14/15 successful (93.3%)
2025-06-20 13:24:15,975 - WARNING - Failed symbols: ['Bajaj Finance']
2025-06-20 13:24:15,975 - INFO - Waiting 59.0 seconds until next fetch at 13:25:15
2025-06-20 13:25:15,057 - INFO - === FETCH CYCLE 51 ===
2025-06-20 13:25:15,057 - INFO - Current time: 13:25:15
2025-06-20 13:25:15,057 - INFO - Target timestamp: 13:24:00
2025-06-20 13:25:15,057 - INFO - Fetching data for 15 symbols at 13:24:00
2025-06-20 13:25:15,375 - ERROR - API request failed for NSE_EQ|INE296A01024: 400 Client Error: Bad Request for url: https://api.upstox.com/v3/historical-candle/intraday/NSE_EQ%7CINE296A01024/minutes/1
2025-06-20 13:25:15,932 - INFO - Fetch cycle completed: 14/15 successful (93.3%)
2025-06-20 13:25:15,932 - WARNING - Failed symbols: ['Bajaj Finance']
2025-06-20 13:25:15,932 - INFO - Waiting 59.1 seconds until next fetch at 13:26:15
2025-06-20 13:26:15,065 - INFO - === FETCH CYCLE 52 ===
2025-06-20 13:26:15,065 - INFO - Current time: 13:26:15
2025-06-20 13:26:15,065 - INFO - Target timestamp: 13:25:00
2025-06-20 13:26:15,065 - INFO - Fetching data for 15 symbols at 13:25:00
2025-06-20 13:26:15,352 - ERROR - API request failed for NSE_EQ|INE296A01024: 400 Client Error: Bad Request for url: https://api.upstox.com/v3/historical-candle/intraday/NSE_EQ%7CINE296A01024/minutes/1
2025-06-20 13:26:15,955 - INFO - Fetch cycle completed: 14/15 successful (93.3%)
2025-06-20 13:26:15,956 - WARNING - Failed symbols: ['Bajaj Finance']
2025-06-20 13:26:15,956 - INFO - Waiting 59.0 seconds until next fetch at 13:27:15
2025-06-20 13:27:15,064 - INFO - === FETCH CYCLE 53 ===
2025-06-20 13:27:15,064 - INFO - Current time: 13:27:15
2025-06-20 13:27:15,064 - INFO - Target timestamp: 13:26:00
2025-06-20 13:27:15,065 - INFO - Fetching data for 15 symbols at 13:26:00
2025-06-20 13:27:15,377 - ERROR - API request failed for NSE_EQ|INE296A01024: 400 Client Error: Bad Request for url: https://api.upstox.com/v3/historical-candle/intraday/NSE_EQ%7CINE296A01024/minutes/1
2025-06-20 13:27:15,995 - INFO - Fetch cycle completed: 14/15 successful (93.3%)
2025-06-20 13:27:15,995 - WARNING - Failed symbols: ['Bajaj Finance']
2025-06-20 13:27:15,995 - INFO - Waiting 59.0 seconds until next fetch at 13:28:15
2025-06-20 13:28:15,054 - INFO - === FETCH CYCLE 54 ===
2025-06-20 13:28:15,055 - INFO - Current time: 13:28:15
2025-06-20 13:28:15,055 - INFO - Target timestamp: 13:27:00
2025-06-20 13:28:15,055 - INFO - Fetching data for 15 symbols at 13:27:00
2025-06-20 13:28:15,444 - ERROR - API request failed for NSE_EQ|INE296A01024: 400 Client Error: Bad Request for url: https://api.upstox.com/v3/historical-candle/intraday/NSE_EQ%7CINE296A01024/minutes/1
2025-06-20 13:28:16,031 - INFO - Fetch cycle completed: 14/15 successful (93.3%)
2025-06-20 13:28:16,031 - WARNING - Failed symbols: ['Bajaj Finance']
2025-06-20 13:28:16,031 - INFO - Waiting 59.0 seconds until next fetch at 13:29:15
2025-06-20 13:29:15,057 - INFO - === FETCH CYCLE 55 ===
2025-06-20 13:29:15,057 - INFO - Current time: 13:29:15
2025-06-20 13:29:15,058 - INFO - Target timestamp: 13:28:00
2025-06-20 13:29:15,058 - INFO - Fetching data for 15 symbols at 13:28:00
2025-06-20 13:29:15,393 - ERROR - API request failed for NSE_EQ|INE296A01024: 400 Client Error: Bad Request for url: https://api.upstox.com/v3/historical-candle/intraday/NSE_EQ%7CINE296A01024/minutes/1
2025-06-20 13:29:15,989 - INFO - Fetch cycle completed: 14/15 successful (93.3%)
2025-06-20 13:29:15,989 - WARNING - Failed symbols: ['Bajaj Finance']
2025-06-20 13:29:15,990 - INFO - Waiting 59.0 seconds until next fetch at 13:30:15
2025-06-20 13:30:15,059 - INFO - === FETCH CYCLE 56 ===
2025-06-20 13:30:15,059 - INFO - Current time: 13:30:15
2025-06-20 13:30:15,059 - INFO - Target timestamp: 13:29:00
2025-06-20 13:30:15,059 - INFO - Fetching data for 15 symbols at 13:29:00
2025-06-20 13:30:15,461 - ERROR - API request failed for NSE_EQ|INE296A01024: 400 Client Error: Bad Request for url: https://api.upstox.com/v3/historical-candle/intraday/NSE_EQ%7CINE296A01024/minutes/1
2025-06-20 13:30:15,995 - INFO - Fetch cycle completed: 14/15 successful (93.3%)
2025-06-20 13:30:15,995 - WARNING - Failed symbols: ['Bajaj Finance']
2025-06-20 13:30:15,995 - INFO - Waiting 59.0 seconds until next fetch at 13:31:15
2025-06-20 13:31:15,060 - INFO - === FETCH CYCLE 57 ===
2025-06-20 13:31:15,060 - INFO - Current time: 13:31:15
2025-06-20 13:31:15,060 - INFO - Target timestamp: 13:30:00
2025-06-20 13:31:15,060 - INFO - Fetching data for 15 symbols at 13:30:00
2025-06-20 13:31:15,316 - ERROR - API request failed for NSE_EQ|INE296A01024: 400 Client Error: Bad Request for url: https://api.upstox.com/v3/historical-candle/intraday/NSE_EQ%7CINE296A01024/minutes/1
2025-06-20 13:31:15,930 - INFO - Fetch cycle completed: 13/15 successful (86.7%)
2025-06-20 13:31:15,930 - WARNING - Failed symbols: ['State Bank of India', 'Bajaj Finance']
2025-06-20 13:31:15,930 - INFO - Waiting 59.1 seconds until next fetch at 13:32:15
2025-06-20 13:32:15,061 - INFO - === FETCH CYCLE 58 ===
2025-06-20 13:32:15,061 - INFO - Current time: 13:32:15
2025-06-20 13:32:15,062 - INFO - Target timestamp: 13:31:00
2025-06-20 13:32:15,062 - INFO - Fetching data for 15 symbols at 13:31:00
2025-06-20 13:32:15,397 - ERROR - API request failed for NSE_EQ|INE296A01024: 400 Client Error: Bad Request for url: https://api.upstox.com/v3/historical-candle/intraday/NSE_EQ%7CINE296A01024/minutes/1
2025-06-20 13:32:15,979 - INFO - Fetch cycle completed: 14/15 successful (93.3%)
2025-06-20 13:32:15,979 - WARNING - Failed symbols: ['Bajaj Finance']
2025-06-20 13:32:15,980 - INFO - Waiting 59.0 seconds until next fetch at 13:33:15
2025-06-20 13:33:15,062 - INFO - === FETCH CYCLE 59 ===
2025-06-20 13:33:15,062 - INFO - Current time: 13:33:15
2025-06-20 13:33:15,062 - INFO - Target timestamp: 13:32:00
2025-06-20 13:33:15,063 - INFO - Fetching data for 15 symbols at 13:32:00
2025-06-20 13:33:15,550 - ERROR - API request failed for NSE_EQ|INE296A01024: 400 Client Error: Bad Request for url: https://api.upstox.com/v3/historical-candle/intraday/NSE_EQ%7CINE296A01024/minutes/1
2025-06-20 13:33:16,011 - INFO - Fetch cycle completed: 14/15 successful (93.3%)
2025-06-20 13:33:16,011 - WARNING - Failed symbols: ['Bajaj Finance']
2025-06-20 13:33:16,012 - INFO - Waiting 59.0 seconds until next fetch at 13:34:15
2025-06-20 13:34:15,059 - INFO - === FETCH CYCLE 60 ===
2025-06-20 13:34:15,059 - INFO - Current time: 13:34:15
2025-06-20 13:34:15,059 - INFO - Target timestamp: 13:33:00
2025-06-20 13:34:15,059 - INFO - Fetching data for 15 symbols at 13:33:00
2025-06-20 13:34:15,349 - ERROR - API request failed for NSE_EQ|INE296A01024: 400 Client Error: Bad Request for url: https://api.upstox.com/v3/historical-candle/intraday/NSE_EQ%7CINE296A01024/minutes/1
2025-06-20 13:34:15,941 - INFO - Fetch cycle completed: 14/15 successful (93.3%)
2025-06-20 13:34:15,941 - WARNING - Failed symbols: ['Bajaj Finance']
2025-06-20 13:34:15,941 - INFO - Waiting 59.1 seconds until next fetch at 13:35:15
2025-06-20 13:35:15,062 - INFO - === FETCH CYCLE 61 ===
2025-06-20 13:35:15,062 - INFO - Current time: 13:35:15
2025-06-20 13:35:15,063 - INFO - Target timestamp: 13:34:00
2025-06-20 13:35:15,063 - INFO - Fetching data for 15 symbols at 13:34:00
2025-06-20 13:35:15,397 - ERROR - API request failed for NSE_EQ|INE296A01024: 400 Client Error: Bad Request for url: https://api.upstox.com/v3/historical-candle/intraday/NSE_EQ%7CINE296A01024/minutes/1
2025-06-20 13:35:15,988 - INFO - Fetch cycle completed: 14/15 successful (93.3%)
2025-06-20 13:35:15,988 - WARNING - Failed symbols: ['Bajaj Finance']
2025-06-20 13:35:15,988 - INFO - Waiting 59.0 seconds until next fetch at 13:36:15
2025-06-20 13:36:15,058 - INFO - === FETCH CYCLE 62 ===
2025-06-20 13:36:15,058 - INFO - Current time: 13:36:15
2025-06-20 13:36:15,059 - INFO - Target timestamp: 13:35:00
2025-06-20 13:36:15,059 - INFO - Fetching data for 15 symbols at 13:35:00
2025-06-20 13:36:15,293 - ERROR - API request failed for NSE_EQ|INE296A01024: 400 Client Error: Bad Request for url: https://api.upstox.com/v3/historical-candle/intraday/NSE_EQ%7CINE296A01024/minutes/1
2025-06-20 13:36:15,938 - INFO - Fetch cycle completed: 14/15 successful (93.3%)
2025-06-20 13:36:15,938 - WARNING - Failed symbols: ['Bajaj Finance']
2025-06-20 13:36:15,939 - INFO - Waiting 59.1 seconds until next fetch at 13:37:15
2025-06-20 13:37:15,062 - INFO - === FETCH CYCLE 63 ===
2025-06-20 13:37:15,062 - INFO - Current time: 13:37:15
2025-06-20 13:37:15,062 - INFO - Target timestamp: 13:36:00
2025-06-20 13:37:15,063 - INFO - Fetching data for 15 symbols at 13:36:00
2025-06-20 13:37:15,379 - ERROR - API request failed for NSE_EQ|INE296A01024: 400 Client Error: Bad Request for url: https://api.upstox.com/v3/historical-candle/intraday/NSE_EQ%7CINE296A01024/minutes/1
2025-06-20 13:37:15,973 - INFO - Fetch cycle completed: 14/15 successful (93.3%)
2025-06-20 13:37:15,973 - WARNING - Failed symbols: ['Bajaj Finance']
2025-06-20 13:37:15,973 - INFO - Waiting 59.0 seconds until next fetch at 13:38:15
2025-06-20 13:38:15,061 - INFO - === FETCH CYCLE 64 ===
2025-06-20 13:38:15,062 - INFO - Current time: 13:38:15
2025-06-20 13:38:15,062 - INFO - Target timestamp: 13:37:00
2025-06-20 13:38:15,062 - INFO - Fetching data for 15 symbols at 13:37:00
2025-06-20 13:38:15,330 - ERROR - API request failed for NSE_EQ|INE296A01024: 400 Client Error: Bad Request for url: https://api.upstox.com/v3/historical-candle/intraday/NSE_EQ%7CINE296A01024/minutes/1
2025-06-20 13:38:15,942 - INFO - Fetch cycle completed: 14/15 successful (93.3%)
2025-06-20 13:38:15,944 - WARNING - Failed symbols: ['Bajaj Finance']
2025-06-20 13:38:15,944 - INFO - Waiting 59.1 seconds until next fetch at 13:39:15
2025-06-20 13:39:15,066 - INFO - === FETCH CYCLE 65 ===
2025-06-20 13:39:15,066 - INFO - Current time: 13:39:15
2025-06-20 13:39:15,066 - INFO - Target timestamp: 13:38:00
2025-06-20 13:39:15,066 - INFO - Fetching data for 15 symbols at 13:38:00
2025-06-20 13:39:15,443 - ERROR - API request failed for NSE_EQ|INE296A01024: 400 Client Error: Bad Request for url: https://api.upstox.com/v3/historical-candle/intraday/NSE_EQ%7CINE296A01024/minutes/1
2025-06-20 13:39:15,940 - INFO - Fetch cycle completed: 14/15 successful (93.3%)
2025-06-20 13:39:15,940 - WARNING - Failed symbols: ['Bajaj Finance']
2025-06-20 13:39:15,940 - INFO - Waiting 59.1 seconds until next fetch at 13:40:15
2025-06-20 13:40:15,061 - INFO - === FETCH CYCLE 66 ===
2025-06-20 13:40:15,061 - INFO - Current time: 13:40:15
2025-06-20 13:40:15,062 - INFO - Target timestamp: 13:39:00
2025-06-20 13:40:15,062 - INFO - Fetching data for 15 symbols at 13:39:00
2025-06-20 13:40:15,359 - ERROR - API request failed for NSE_EQ|INE296A01024: 400 Client Error: Bad Request for url: https://api.upstox.com/v3/historical-candle/intraday/NSE_EQ%7CINE296A01024/minutes/1
2025-06-20 13:40:15,981 - INFO - Fetch cycle completed: 14/15 successful (93.3%)
2025-06-20 13:40:15,981 - WARNING - Failed symbols: ['Bajaj Finance']
2025-06-20 13:40:15,981 - INFO - Waiting 59.0 seconds until next fetch at 13:41:15
2025-06-20 13:41:15,059 - INFO - === FETCH CYCLE 67 ===
2025-06-20 13:41:15,059 - INFO - Current time: 13:41:15
2025-06-20 13:41:15,059 - INFO - Target timestamp: 13:40:00
2025-06-20 13:41:15,059 - INFO - Fetching data for 15 symbols at 13:40:00
2025-06-20 13:41:15,367 - ERROR - API request failed for NSE_EQ|INE296A01024: 400 Client Error: Bad Request for url: https://api.upstox.com/v3/historical-candle/intraday/NSE_EQ%7CINE296A01024/minutes/1
2025-06-20 13:41:15,992 - INFO - Fetch cycle completed: 14/15 successful (93.3%)
2025-06-20 13:41:15,992 - WARNING - Failed symbols: ['Bajaj Finance']
2025-06-20 13:41:15,993 - INFO - Waiting 59.0 seconds until next fetch at 13:42:15
2025-06-20 13:42:15,065 - INFO - === FETCH CYCLE 68 ===
2025-06-20 13:42:15,065 - INFO - Current time: 13:42:15
2025-06-20 13:42:15,065 - INFO - Target timestamp: 13:41:00
2025-06-20 13:42:15,065 - INFO - Fetching data for 15 symbols at 13:41:00
2025-06-20 13:42:15,420 - ERROR - API request failed for NSE_EQ|INE296A01024: 400 Client Error: Bad Request for url: https://api.upstox.com/v3/historical-candle/intraday/NSE_EQ%7CINE296A01024/minutes/1
2025-06-20 13:42:16,026 - INFO - Fetch cycle completed: 14/15 successful (93.3%)
2025-06-20 13:42:16,026 - WARNING - Failed symbols: ['Bajaj Finance']
2025-06-20 13:42:16,026 - INFO - Waiting 59.0 seconds until next fetch at 13:43:15
2025-06-20 13:43:15,057 - INFO - === FETCH CYCLE 69 ===
2025-06-20 13:43:15,057 - INFO - Current time: 13:43:15
2025-06-20 13:43:15,057 - INFO - Target timestamp: 13:42:00
2025-06-20 13:43:15,058 - INFO - Fetching data for 15 symbols at 13:42:00
2025-06-20 13:43:15,401 - ERROR - API request failed for NSE_EQ|INE296A01024: 400 Client Error: Bad Request for url: https://api.upstox.com/v3/historical-candle/intraday/NSE_EQ%7CINE296A01024/minutes/1
2025-06-20 13:43:16,001 - INFO - Fetch cycle completed: 14/15 successful (93.3%)
2025-06-20 13:43:16,001 - WARNING - Failed symbols: ['Bajaj Finance']
2025-06-20 13:43:16,001 - INFO - Waiting 59.0 seconds until next fetch at 13:44:15
2025-06-20 13:44:15,058 - INFO - === FETCH CYCLE 70 ===
2025-06-20 13:44:15,059 - INFO - Current time: 13:44:15
2025-06-20 13:44:15,059 - INFO - Target timestamp: 13:43:00
2025-06-20 13:44:15,059 - INFO - Fetching data for 15 symbols at 13:43:00
2025-06-20 13:44:15,377 - ERROR - API request failed for NSE_EQ|INE296A01024: 400 Client Error: Bad Request for url: https://api.upstox.com/v3/historical-candle/intraday/NSE_EQ%7CINE296A01024/minutes/1
2025-06-20 13:44:15,972 - INFO - Fetch cycle completed: 14/15 successful (93.3%)
2025-06-20 13:44:15,972 - WARNING - Failed symbols: ['Bajaj Finance']
2025-06-20 13:44:15,972 - INFO - Waiting 59.0 seconds until next fetch at 13:45:15
2025-06-20 13:45:15,061 - INFO - === FETCH CYCLE 71 ===
2025-06-20 13:45:15,062 - INFO - Current time: 13:45:15
2025-06-20 13:45:15,062 - INFO - Target timestamp: 13:44:00
2025-06-20 13:45:15,062 - INFO - Fetching data for 15 symbols at 13:44:00
2025-06-20 13:45:15,362 - ERROR - API request failed for NSE_EQ|INE296A01024: 400 Client Error: Bad Request for url: https://api.upstox.com/v3/historical-candle/intraday/NSE_EQ%7CINE296A01024/minutes/1
2025-06-20 13:45:15,979 - INFO - Fetch cycle completed: 14/15 successful (93.3%)
2025-06-20 13:45:15,980 - WARNING - Failed symbols: ['Bajaj Finance']
2025-06-20 13:45:15,980 - INFO - Waiting 59.0 seconds until next fetch at 13:46:15
