2025-06-19 23:52:03,089 - INFO - Logging to: /home/abhishek/projects/CUPCAKE/logs/enhanced_historical_data_fetcher_20250619_235203_IST.log
2025-06-19 23:52:03,090 - INFO - Script directory: /home/abhishek/projects/CUPCAKE/scripts
2025-06-19 23:52:03,090 - INFO - Looking for symbols.json at: /home/abhishek/projects/CUPCAKE/scripts/symbols.json
2025-06-19 23:52:03,090 - INFO - Loaded credentials from /home/abhishek/projects/CUPCAKE/authentication/credentials.json
2025-06-19 23:52:03,090 - INFO - Loaded 15 symbols from /home/abhishek/projects/CUPCAKE/scripts/symbols.json
2025-06-19 23:52:03,092 - INFO - Connected to Redis at localhost:6379, DB 0
2025-06-19 23:52:03,092 - INFO - Flushed Redis database
2025-06-19 23:52:03,092 - INFO - Starting enhanced data fetch at 2025-06-19 23:52:03.092807
2025-06-19 23:52:03,092 - INFO - Starting to process 15 symbols with 3 workers
2025-06-19 23:52:03,093 - INFO - Processing symbol: Reliance Industries (NSE_EQ|INE002A01018)
2025-06-19 23:52:03,093 - INFO - Processing symbol: Tata Consultancy Services (NSE_EQ|INE467B01029)
2025-06-19 23:52:03,094 - INFO - Processing symbol: Infosys (NSE_EQ|INE009A01021)
2025-06-19 23:52:03,214 - INFO - Trying V3 intraday API for Tata Consultancy Services
2025-06-19 23:52:03,215 - INFO - Trying V3 intraday API for Reliance Industries
2025-06-19 23:52:03,237 - INFO - Trying V3 intraday API for Infosys
2025-06-19 23:52:03,403 - INFO - V3 Intraday: Got 375 candles
2025-06-19 23:52:03,405 - INFO - Final dataset: 250 candles from 2025-06-19 11:20:00+05:30 to 2025-06-19 15:29:00+05:30
2025-06-19 23:52:03,412 - INFO - ✓ Successfully included today's data
2025-06-19 23:52:03,413 - INFO - V3 Intraday: Got 375 candles
2025-06-19 23:52:03,415 - INFO - Final dataset: 250 candles from 2025-06-19 11:20:00+05:30 to 2025-06-19 15:29:00+05:30
2025-06-19 23:52:03,415 - INFO - ✓ Successfully included today's data
2025-06-19 23:52:03,434 - INFO - V3 Intraday: Got 375 candles
2025-06-19 23:52:03,435 - INFO - Final dataset: 250 candles from 2025-06-19 11:20:00+05:30 to 2025-06-19 15:29:00+05:30
2025-06-19 23:52:03,439 - INFO - ✓ Successfully included today's data
2025-06-19 23:52:03,484 - INFO - Added 250 candles for Reliance_Industries
2025-06-19 23:52:03,486 - INFO - Added 250 candles for Infosys
2025-06-19 23:52:03,487 - INFO - Processing symbol: HDFC Bank (NSE_EQ|INE040A01034)
2025-06-19 23:52:03,489 - INFO - Progress: 1/15 symbols processed
2025-06-19 23:52:03,489 - INFO - Trying V3 intraday API for HDFC Bank
2025-06-19 23:52:03,490 - INFO - Processing symbol: ICICI Bank (NSE_EQ|INE090A01021)
2025-06-19 23:52:03,492 - INFO - Added 250 candles for Tata_Consultancy_Services
2025-06-19 23:52:03,492 - INFO - Trying V3 intraday API for ICICI Bank
2025-06-19 23:52:03,493 - INFO - Processing symbol: Hindustan Unilever (NSE_EQ|INE030A01027)
2025-06-19 23:52:03,493 - INFO - Trying V3 intraday API for Hindustan Unilever
2025-06-19 23:52:03,597 - INFO - V3 Intraday: Got 375 candles
2025-06-19 23:52:03,597 - INFO - Final dataset: 250 candles from 2025-06-19 11:20:00+05:30 to 2025-06-19 15:29:00+05:30
2025-06-19 23:52:03,597 - INFO - ✓ Successfully included today's data
2025-06-19 23:52:03,608 - INFO - V3 Intraday: Got 375 candles
2025-06-19 23:52:03,611 - INFO - Final dataset: 250 candles from 2025-06-19 11:20:00+05:30 to 2025-06-19 15:29:00+05:30
2025-06-19 23:52:03,611 - INFO - ✓ Successfully included today's data
2025-06-19 23:52:03,625 - INFO - Added 250 candles for Hindustan_Unilever
2025-06-19 23:52:03,627 - INFO - Processing symbol: ITC (NSE_EQ|INE154A01025)
2025-06-19 23:52:03,629 - INFO - Trying V3 intraday API for ITC
2025-06-19 23:52:03,641 - INFO - Added 250 candles for ICICI_Bank
2025-06-19 23:52:03,642 - INFO - Processing symbol: State Bank of India (NSE_EQ|INE062A01020)
2025-06-19 23:52:03,642 - INFO - Trying V3 intraday API for State Bank of India
2025-06-19 23:52:03,646 - INFO - V3 Intraday: Got 375 candles
2025-06-19 23:52:03,647 - INFO - Final dataset: 250 candles from 2025-06-19 11:20:00+05:30 to 2025-06-19 15:29:00+05:30
2025-06-19 23:52:03,647 - INFO - ✓ Successfully included today's data
2025-06-19 23:52:03,670 - INFO - Added 250 candles for HDFC_Bank
2025-06-19 23:52:03,671 - INFO - Processing symbol: Bharti Airtel (NSE_EQ|INE397D01024)
2025-06-19 23:52:03,671 - INFO - Trying V3 intraday API for Bharti Airtel
2025-06-19 23:52:03,692 - INFO - Progress: 2/15 symbols processed
2025-06-19 23:52:03,756 - INFO - V3 Intraday: Got 375 candles
2025-06-19 23:52:03,758 - INFO - Final dataset: 250 candles from 2025-06-19 11:20:00+05:30 to 2025-06-19 15:29:00+05:30
2025-06-19 23:52:03,758 - INFO - ✓ Successfully included today's data
2025-06-19 23:52:03,776 - INFO - V3 Intraday: Got 375 candles
2025-06-19 23:52:03,780 - INFO - Final dataset: 250 candles from 2025-06-19 11:20:00+05:30 to 2025-06-19 15:29:00+05:30
2025-06-19 23:52:03,781 - INFO - ✓ Successfully included today's data
2025-06-19 23:52:03,792 - INFO - V3 Intraday: Got 375 candles
2025-06-19 23:52:03,794 - INFO - Final dataset: 250 candles from 2025-06-19 11:20:00+05:30 to 2025-06-19 15:29:00+05:30
2025-06-19 23:52:03,794 - INFO - ✓ Successfully included today's data
2025-06-19 23:52:03,880 - INFO - Added 250 candles for ITC
2025-06-19 23:52:03,887 - INFO - Processing symbol: Kotak Mahindra Bank (NSE_EQ|INE237A01028)
2025-06-19 23:52:03,888 - INFO - Trying V3 intraday API for Kotak Mahindra Bank
2025-06-19 23:52:03,898 - INFO - Progress: 3/15 symbols processed
2025-06-19 23:52:03,919 - INFO - Added 250 candles for State_Bank_of_India
2025-06-19 23:52:03,926 - INFO - Processing symbol: Larsen & Toubro (NSE_EQ|INE018A01030)
2025-06-19 23:52:03,928 - INFO - Trying V3 intraday API for Larsen & Toubro
2025-06-19 23:52:03,931 - INFO - Added 250 candles for Bharti_Airtel
2025-06-19 23:52:03,938 - INFO - Processing symbol: Asian Paints (NSE_EQ|INE021A01026)
2025-06-19 23:52:03,938 - INFO - Trying V3 intraday API for Asian Paints
2025-06-19 23:52:04,017 - INFO - V3 Intraday: Got 375 candles
2025-06-19 23:52:04,020 - INFO - Final dataset: 250 candles from 2025-06-19 11:20:00+05:30 to 2025-06-19 15:29:00+05:30
2025-06-19 23:52:04,022 - INFO - ✓ Successfully included today's data
2025-06-19 23:52:04,059 - INFO - Added 250 candles for Kotak_Mahindra_Bank
2025-06-19 23:52:04,059 - INFO - Processing symbol: Maruti Suzuki (NSE_EQ|INE585B01010)
2025-06-19 23:52:04,060 - INFO - Trying V3 intraday API for Maruti Suzuki
2025-06-19 23:52:04,064 - INFO - V3 Intraday: Got 375 candles
2025-06-19 23:52:04,065 - INFO - Final dataset: 250 candles from 2025-06-19 11:20:00+05:30 to 2025-06-19 15:29:00+05:30
2025-06-19 23:52:04,065 - INFO - ✓ Successfully included today's data
2025-06-19 23:52:04,088 - INFO - Added 250 candles for Larsen_and_Toubro
2025-06-19 23:52:04,091 - INFO - V3 Intraday: Got 375 candles
2025-06-19 23:52:04,092 - INFO - Processing symbol: Bajaj Finance (NSE_EQ|INE296A01024)
2025-06-19 23:52:04,093 - INFO - Final dataset: 250 candles from 2025-06-19 11:20:00+05:30 to 2025-06-19 15:29:00+05:30
2025-06-19 23:52:04,093 - INFO - Trying V3 intraday API for Bajaj Finance
2025-06-19 23:52:04,093 - INFO - ✓ Successfully included today's data
2025-06-19 23:52:04,099 - INFO - Progress: 4/15 symbols processed
2025-06-19 23:52:04,113 - INFO - Added 250 candles for Asian_Paints
2025-06-19 23:52:04,114 - INFO - Processing symbol: HCL Technologies (NSE_EQ|INE860A01027)
2025-06-19 23:52:04,114 - INFO - Trying V3 intraday API for HCL Technologies
2025-06-19 23:52:04,189 - INFO - V3 Intraday: Got 375 candles
2025-06-19 23:52:04,190 - INFO - Final dataset: 250 candles from 2025-06-19 11:20:00+05:30 to 2025-06-19 15:29:00+05:30
2025-06-19 23:52:04,190 - INFO - ✓ Successfully included today's data
2025-06-19 23:52:04,225 - INFO - Added 250 candles for Maruti_Suzuki
2025-06-19 23:52:04,234 - ERROR - V3 Intraday API request failed for NSE_EQ|INE296A01024: 400 Client Error: Bad Request for url: https://api.upstox.com/v3/historical-candle/intraday/NSE_EQ%7CINE296A01024/minutes/1
2025-06-19 23:52:04,235 - INFO - V3 intraday failed, trying V2 for Bajaj Finance
2025-06-19 23:52:04,247 - INFO - V3 Intraday: Got 375 candles
2025-06-19 23:52:04,250 - INFO - Final dataset: 250 candles from 2025-06-19 11:20:00+05:30 to 2025-06-19 15:29:00+05:30
2025-06-19 23:52:04,250 - INFO - ✓ Successfully included today's data
2025-06-19 23:52:04,305 - INFO - Progress: 5/15 symbols processed
2025-06-19 23:52:04,318 - INFO - Added 250 candles for HCL_Technologies
2025-06-19 23:52:04,351 - ERROR - V2 Intraday API failed for NSE_EQ|INE296A01024: 400 Client Error: Bad Request for url: https://api.upstox.com/v2/historical-candle/intraday/NSE_EQ%7CINE296A01024/1minute
2025-06-19 23:52:04,351 - INFO - Need 250 more candles from historical data
2025-06-19 23:52:04,352 - INFO - Fetching historical data from 2025-06-17 to 2025-06-19
2025-06-19 23:52:04,473 - ERROR - V3 Historical API failed for NSE_EQ|INE296A01024: 400 Client Error: Bad Request for url: https://api.upstox.com/v3/historical-candle/NSE_EQ%7CINE296A01024/minutes/1/2025-06-19/2025-06-17
2025-06-19 23:52:04,505 - INFO - Progress: 6/15 symbols processed
2025-06-19 23:52:04,576 - ERROR - V2 Historical API failed for NSE_EQ|INE296A01024: 400 Client Error: Bad Request for url: https://api.upstox.com/v2/historical-candle/NSE_EQ%7CINE296A01024/1minute/2025-06-19/2025-06-17
2025-06-19 23:52:04,577 - WARNING - No data received for Bajaj Finance
2025-06-19 23:52:04,706 - INFO - Progress: 7/15 symbols processed
2025-06-19 23:52:04,907 - INFO - Progress: 8/15 symbols processed
2025-06-19 23:52:05,107 - INFO - Progress: 9/15 symbols processed
2025-06-19 23:52:05,308 - INFO - Progress: 10/15 symbols processed
2025-06-19 23:52:05,509 - INFO - Progress: 11/15 symbols processed
2025-06-19 23:52:05,709 - INFO - Progress: 12/15 symbols processed
2025-06-19 23:52:05,910 - INFO - Progress: 13/15 symbols processed
2025-06-19 23:52:06,111 - INFO - Progress: 14/15 symbols processed
2025-06-19 23:52:06,311 - INFO - Progress: 15/15 symbols processed
2025-06-19 23:52:06,513 - INFO - Enhanced fetch completed in 0:00:03.420061. 14 successful, 1 failed
