2025-06-19 09:46:44,089 - INFO - Logging to: /home/abhishek/projects/CUPCAKE/logs/enhanced_historical_data_fetcher_20250619_094644_IST.log
2025-06-19 09:46:44,090 - INFO - Script directory: /home/abhishek/projects/CUPCAKE/scripts
2025-06-19 09:46:44,091 - INFO - Looking for symbols.json at: /home/abhishek/projects/CUPCAKE/scripts/symbols.json
2025-06-19 09:46:44,091 - INFO - Loaded credentials from /home/abhishek/projects/CUPCAKE/authentication/credentials.json
2025-06-19 09:46:44,091 - INFO - Loaded 15 symbols from /home/abhishek/projects/CUPCAKE/scripts/symbols.json
2025-06-19 09:46:44,092 - INFO - Connected to Redis at localhost:6379, DB 0
2025-06-19 09:46:44,092 - INFO - Flushed Redis database
2025-06-19 09:46:44,093 - INFO - Starting enhanced data fetch at 2025-06-19 09:46:44.093026
2025-06-19 09:46:44,093 - INFO - Starting to process 15 symbols with 3 workers
2025-06-19 09:46:44,093 - INFO - Processing symbol: Reliance Industries (NSE_EQ|INE002A01018)
2025-06-19 09:46:44,093 - INFO - Processing symbol: Tata Consultancy Services (NSE_EQ|INE467B01029)
2025-06-19 09:46:44,094 - INFO - Processing symbol: Infosys (NSE_EQ|INE009A01021)
2025-06-19 09:46:44,191 - INFO - Trying V3 intraday API for Reliance Industries
2025-06-19 09:46:44,193 - INFO - Trying V3 intraday API for Infosys
2025-06-19 09:46:44,195 - INFO - Trying V3 intraday API for Tata Consultancy Services
2025-06-19 09:46:44,301 - INFO - V3 Intraday: Got 31 candles
2025-06-19 09:46:44,302 - INFO - V3 Intraday: Got 31 candles
2025-06-19 09:46:44,303 - INFO - Need 219 more candles from historical data
2025-06-19 09:46:44,303 - INFO - Need 219 more candles from historical data
2025-06-19 09:46:44,304 - INFO - V3 Intraday: Got 31 candles
2025-06-19 09:46:44,305 - INFO - Fetching historical data from 2025-06-17 to 2025-06-18
2025-06-19 09:46:44,306 - INFO - Need 219 more candles from historical data
2025-06-19 09:46:44,305 - INFO - Fetching historical data from 2025-06-17 to 2025-06-18
2025-06-19 09:46:44,309 - INFO - Fetching historical data from 2025-06-17 to 2025-06-18
2025-06-19 09:46:44,422 - INFO - V3 Historical: Got 750 candles
2025-06-19 09:46:44,426 - INFO - Final dataset: 250 candles from 2025-06-18 11:51:00+05:30 to 2025-06-19 09:45:00+05:30
2025-06-19 09:46:44,426 - INFO - ✓ Successfully included today's data
2025-06-19 09:46:44,431 - INFO - V3 Historical: Got 750 candles
2025-06-19 09:46:44,433 - INFO - Final dataset: 250 candles from 2025-06-18 11:51:00+05:30 to 2025-06-19 09:45:00+05:30
2025-06-19 09:46:44,433 - INFO - ✓ Successfully included today's data
2025-06-19 09:46:44,445 - INFO - V3 Historical: Got 750 candles
2025-06-19 09:46:44,446 - INFO - Final dataset: 250 candles from 2025-06-18 11:51:00+05:30 to 2025-06-19 09:45:00+05:30
2025-06-19 09:46:44,451 - INFO - ✓ Successfully included today's data
2025-06-19 09:46:44,501 - INFO - Added 250 candles for Infosys
2025-06-19 09:46:44,503 - INFO - Added 250 candles for Reliance_Industries
2025-06-19 09:46:44,503 - INFO - Processing symbol: HDFC Bank (NSE_EQ|INE040A01034)
2025-06-19 09:46:44,504 - INFO - Processing symbol: ICICI Bank (NSE_EQ|INE090A01021)
2025-06-19 09:46:44,504 - INFO - Progress: 1/15 symbols processed
2025-06-19 09:46:44,504 - INFO - Trying V3 intraday API for HDFC Bank
2025-06-19 09:46:44,504 - INFO - Trying V3 intraday API for ICICI Bank
2025-06-19 09:46:44,508 - INFO - Added 250 candles for Tata_Consultancy_Services
2025-06-19 09:46:44,511 - INFO - Processing symbol: Hindustan Unilever (NSE_EQ|INE030A01027)
2025-06-19 09:46:44,511 - INFO - Trying V3 intraday API for Hindustan Unilever
2025-06-19 09:46:44,624 - INFO - V3 Intraday: Got 31 candles
2025-06-19 09:46:44,627 - INFO - Need 219 more candles from historical data
2025-06-19 09:46:44,627 - INFO - Fetching historical data from 2025-06-17 to 2025-06-18
2025-06-19 09:46:44,631 - INFO - V3 Intraday: Got 31 candles
2025-06-19 09:46:44,631 - INFO - Need 219 more candles from historical data
2025-06-19 09:46:44,631 - INFO - Fetching historical data from 2025-06-17 to 2025-06-18
2025-06-19 09:46:44,697 - INFO - V3 Intraday: Got 31 candles
2025-06-19 09:46:44,698 - INFO - Need 219 more candles from historical data
2025-06-19 09:46:44,698 - INFO - Fetching historical data from 2025-06-17 to 2025-06-18
2025-06-19 09:46:44,707 - INFO - Progress: 2/15 symbols processed
2025-06-19 09:46:44,753 - INFO - V3 Historical: Got 750 candles
2025-06-19 09:46:44,757 - INFO - Final dataset: 250 candles from 2025-06-18 11:51:00+05:30 to 2025-06-19 09:45:00+05:30
2025-06-19 09:46:44,757 - INFO - ✓ Successfully included today's data
2025-06-19 09:46:44,790 - INFO - V3 Historical: Got 750 candles
2025-06-19 09:46:44,792 - INFO - Final dataset: 250 candles from 2025-06-18 11:51:00+05:30 to 2025-06-19 09:45:00+05:30
2025-06-19 09:46:44,792 - INFO - ✓ Successfully included today's data
2025-06-19 09:46:44,794 - INFO - Added 250 candles for Hindustan_Unilever
2025-06-19 09:46:44,798 - INFO - Processing symbol: ITC (NSE_EQ|INE154A01025)
2025-06-19 09:46:44,798 - INFO - Trying V3 intraday API for ITC
2025-06-19 09:46:44,820 - INFO - V3 Historical: Got 750 candles
2025-06-19 09:46:44,822 - INFO - Final dataset: 250 candles from 2025-06-18 11:51:00+05:30 to 2025-06-19 09:45:00+05:30
2025-06-19 09:46:44,822 - INFO - ✓ Successfully included today's data
2025-06-19 09:46:44,838 - INFO - Added 250 candles for ICICI_Bank
2025-06-19 09:46:44,842 - INFO - Processing symbol: State Bank of India (NSE_EQ|INE062A01020)
2025-06-19 09:46:44,842 - INFO - Trying V3 intraday API for State Bank of India
2025-06-19 09:46:44,862 - INFO - Added 250 candles for HDFC_Bank
2025-06-19 09:46:44,863 - INFO - Processing symbol: Bharti Airtel (NSE_EQ|INE397D01024)
2025-06-19 09:46:44,863 - INFO - Trying V3 intraday API for Bharti Airtel
2025-06-19 09:46:44,907 - INFO - Progress: 3/15 symbols processed
2025-06-19 09:46:44,925 - INFO - V3 Intraday: Got 31 candles
2025-06-19 09:46:44,925 - INFO - Need 219 more candles from historical data
2025-06-19 09:46:44,925 - INFO - Fetching historical data from 2025-06-17 to 2025-06-18
2025-06-19 09:46:44,954 - INFO - V3 Intraday: Got 31 candles
2025-06-19 09:46:44,954 - INFO - Need 219 more candles from historical data
2025-06-19 09:46:44,954 - INFO - Fetching historical data from 2025-06-17 to 2025-06-18
2025-06-19 09:46:44,974 - INFO - V3 Intraday: Got 31 candles
2025-06-19 09:46:44,974 - INFO - Need 219 more candles from historical data
2025-06-19 09:46:44,974 - INFO - Fetching historical data from 2025-06-17 to 2025-06-18
2025-06-19 09:46:45,080 - INFO - V3 Historical: Got 750 candles
2025-06-19 09:46:45,084 - INFO - Final dataset: 250 candles from 2025-06-18 11:51:00+05:30 to 2025-06-19 09:45:00+05:30
2025-06-19 09:46:45,087 - INFO - ✓ Successfully included today's data
2025-06-19 09:46:45,104 - INFO - V3 Historical: Got 750 candles
2025-06-19 09:46:45,107 - INFO - Final dataset: 250 candles from 2025-06-18 11:51:00+05:30 to 2025-06-19 09:45:00+05:30
2025-06-19 09:46:45,108 - INFO - ✓ Successfully included today's data
2025-06-19 09:46:45,112 - INFO - Progress: 4/15 symbols processed
2025-06-19 09:46:45,118 - INFO - V3 Historical: Got 750 candles
2025-06-19 09:46:45,121 - INFO - Final dataset: 250 candles from 2025-06-18 11:51:00+05:30 to 2025-06-19 09:45:00+05:30
2025-06-19 09:46:45,126 - INFO - ✓ Successfully included today's data
2025-06-19 09:46:45,167 - INFO - Added 250 candles for ITC
2025-06-19 09:46:45,169 - INFO - Added 250 candles for State_Bank_of_India
2025-06-19 09:46:45,170 - INFO - Processing symbol: Kotak Mahindra Bank (NSE_EQ|INE237A01028)
2025-06-19 09:46:45,170 - INFO - Trying V3 intraday API for Kotak Mahindra Bank
2025-06-19 09:46:45,172 - INFO - Processing symbol: Larsen & Toubro (NSE_EQ|INE018A01030)
2025-06-19 09:46:45,173 - INFO - Added 250 candles for Bharti_Airtel
2025-06-19 09:46:45,174 - INFO - Trying V3 intraday API for Larsen & Toubro
2025-06-19 09:46:45,176 - INFO - Processing symbol: Asian Paints (NSE_EQ|INE021A01026)
2025-06-19 09:46:45,176 - INFO - Trying V3 intraday API for Asian Paints
2025-06-19 09:46:45,272 - INFO - V3 Intraday: Got 31 candles
2025-06-19 09:46:45,273 - INFO - Need 219 more candles from historical data
2025-06-19 09:46:45,273 - INFO - Fetching historical data from 2025-06-17 to 2025-06-18
2025-06-19 09:46:45,277 - INFO - V3 Intraday: Got 31 candles
2025-06-19 09:46:45,283 - INFO - V3 Intraday: Got 31 candles
2025-06-19 09:46:45,283 - INFO - Need 219 more candles from historical data
2025-06-19 09:46:45,284 - INFO - Need 219 more candles from historical data
2025-06-19 09:46:45,285 - INFO - Fetching historical data from 2025-06-17 to 2025-06-18
2025-06-19 09:46:45,286 - INFO - Fetching historical data from 2025-06-17 to 2025-06-18
2025-06-19 09:46:45,314 - INFO - Progress: 5/15 symbols processed
2025-06-19 09:46:45,421 - INFO - V3 Historical: Got 750 candles
2025-06-19 09:46:45,427 - INFO - Final dataset: 250 candles from 2025-06-18 11:51:00+05:30 to 2025-06-19 09:45:00+05:30
2025-06-19 09:46:45,427 - INFO - ✓ Successfully included today's data
2025-06-19 09:46:45,450 - INFO - V3 Historical: Got 750 candles
2025-06-19 09:46:45,451 - INFO - V3 Historical: Got 750 candles
2025-06-19 09:46:45,453 - INFO - Final dataset: 250 candles from 2025-06-18 11:51:00+05:30 to 2025-06-19 09:45:00+05:30
2025-06-19 09:46:45,456 - INFO - ✓ Successfully included today's data
2025-06-19 09:46:45,456 - INFO - Final dataset: 250 candles from 2025-06-18 11:51:00+05:30 to 2025-06-19 09:45:00+05:30
2025-06-19 09:46:45,459 - INFO - ✓ Successfully included today's data
2025-06-19 09:46:45,519 - INFO - Progress: 6/15 symbols processed
2025-06-19 09:46:45,528 - INFO - Added 250 candles for Larsen_and_Toubro
2025-06-19 09:46:45,532 - INFO - Processing symbol: Maruti Suzuki (NSE_EQ|INE585B01010)
2025-06-19 09:46:45,532 - INFO - Trying V3 intraday API for Maruti Suzuki
2025-06-19 09:46:45,549 - INFO - Added 250 candles for Kotak_Mahindra_Bank
2025-06-19 09:46:45,553 - INFO - Added 250 candles for Asian_Paints
2025-06-19 09:46:45,553 - INFO - Processing symbol: Bajaj Finance (NSE_EQ|INE296A01024)
2025-06-19 09:46:45,555 - INFO - Processing symbol: HCL Technologies (NSE_EQ|INE860A01027)
2025-06-19 09:46:45,556 - INFO - Trying V3 intraday API for HCL Technologies
2025-06-19 09:46:45,555 - INFO - Trying V3 intraday API for Bajaj Finance
2025-06-19 09:46:45,639 - INFO - V3 Intraday: Got 31 candles
2025-06-19 09:46:45,639 - INFO - Need 219 more candles from historical data
2025-06-19 09:46:45,639 - INFO - Fetching historical data from 2025-06-17 to 2025-06-18
2025-06-19 09:46:45,648 - INFO - V3 Intraday: Got 31 candles
2025-06-19 09:46:45,648 - INFO - Need 219 more candles from historical data
2025-06-19 09:46:45,648 - INFO - Fetching historical data from 2025-06-17 to 2025-06-18
2025-06-19 09:46:45,658 - ERROR - V3 Intraday API request failed for NSE_EQ|INE296A01024: 400 Client Error: Bad Request for url: https://api.upstox.com/v3/historical-candle/intraday/NSE_EQ%7CINE296A01024/minutes/1
2025-06-19 09:46:45,658 - INFO - V3 intraday failed, trying V2 for Bajaj Finance
2025-06-19 09:46:45,721 - INFO - Progress: 7/15 symbols processed
2025-06-19 09:46:45,745 - ERROR - V2 Intraday API failed for NSE_EQ|INE296A01024: 400 Client Error: Bad Request for url: https://api.upstox.com/v2/historical-candle/intraday/NSE_EQ%7CINE296A01024/1minute
2025-06-19 09:46:45,745 - INFO - Need 250 more candles from historical data
2025-06-19 09:46:45,745 - INFO - Fetching historical data from 2025-06-17 to 2025-06-19
2025-06-19 09:46:45,776 - INFO - V3 Historical: Got 750 candles
2025-06-19 09:46:45,778 - INFO - Final dataset: 250 candles from 2025-06-18 11:51:00+05:30 to 2025-06-19 09:45:00+05:30
2025-06-19 09:46:45,783 - INFO - V3 Historical: Got 750 candles
2025-06-19 09:46:45,783 - INFO - ✓ Successfully included today's data
2025-06-19 09:46:45,785 - INFO - Final dataset: 250 candles from 2025-06-18 11:51:00+05:30 to 2025-06-19 09:45:00+05:30
2025-06-19 09:46:45,786 - INFO - ✓ Successfully included today's data
2025-06-19 09:46:45,822 - INFO - Added 250 candles for Maruti_Suzuki
2025-06-19 09:46:45,823 - INFO - Added 250 candles for HCL_Technologies
2025-06-19 09:46:45,864 - ERROR - V3 Historical API failed for NSE_EQ|INE296A01024: 400 Client Error: Bad Request for url: https://api.upstox.com/v3/historical-candle/NSE_EQ%7CINE296A01024/minutes/1/2025-06-19/2025-06-17
2025-06-19 09:46:45,921 - INFO - Progress: 8/15 symbols processed
2025-06-19 09:46:45,957 - ERROR - V2 Historical API failed for NSE_EQ|INE296A01024: 400 Client Error: Bad Request for url: https://api.upstox.com/v2/historical-candle/NSE_EQ%7CINE296A01024/1minute/2025-06-19/2025-06-17
2025-06-19 09:46:45,958 - WARNING - No data received for Bajaj Finance
2025-06-19 09:46:46,122 - INFO - Progress: 9/15 symbols processed
2025-06-19 09:46:46,322 - INFO - Progress: 10/15 symbols processed
2025-06-19 09:46:46,523 - INFO - Progress: 11/15 symbols processed
2025-06-19 09:46:46,723 - INFO - Progress: 12/15 symbols processed
2025-06-19 09:46:46,924 - INFO - Progress: 13/15 symbols processed
2025-06-19 09:46:47,124 - INFO - Progress: 14/15 symbols processed
2025-06-19 09:46:47,325 - INFO - Progress: 15/15 symbols processed
2025-06-19 09:46:47,527 - INFO - Enhanced fetch completed in 0:00:03.433587. 14 successful, 1 failed
