2025-06-19 23:53:21,846 - INFO - Logging to: /home/abhishek/projects/CUPCAKE/logs/enhanced_historical_data_fetcher_20250619_235321_IST.log
2025-06-19 23:53:21,847 - INFO - Script directory: /home/abhishek/projects/CUPCAKE/scripts
2025-06-19 23:53:21,847 - INFO - Looking for symbols.json at: /home/abhishek/projects/CUPCAKE/scripts/symbols.json
2025-06-19 23:53:21,848 - INFO - Loaded credentials from /home/abhishek/projects/CUPCAKE/authentication/credentials.json
2025-06-19 23:53:21,848 - INFO - Loaded 15 symbols from /home/abhishek/projects/CUPCAKE/scripts/symbols.json
2025-06-19 23:53:21,849 - INFO - Connected to Redis at localhost:6379, DB 0
2025-06-19 23:53:21,849 - INFO - Flushed Redis database
2025-06-19 23:53:21,849 - INFO - Starting enhanced data fetch at 2025-06-19 23:53:21.849927
2025-06-19 23:53:21,850 - INFO - Starting to process 15 symbols with 3 workers
2025-06-19 23:53:21,850 - INFO - Processing symbol: Reliance Industries (NSE_EQ|INE002A01018)
2025-06-19 23:53:21,850 - INFO - Processing symbol: Tata Consultancy Services (NSE_EQ|INE467B01029)
2025-06-19 23:53:21,850 - INFO - Processing symbol: Infosys (NSE_EQ|INE009A01021)
2025-06-19 23:53:21,940 - INFO - Trying V3 intraday API for Tata Consultancy Services
2025-06-19 23:53:21,947 - INFO - Trying V3 intraday API for Infosys
2025-06-19 23:53:21,954 - INFO - Trying V3 intraday API for Reliance Industries
2025-06-19 23:53:22,036 - INFO - V3 Intraday: Got 375 candles
2025-06-19 23:53:22,039 - INFO - Final dataset: 250 candles from 2025-06-19 11:20:00+05:30 to 2025-06-19 15:29:00+05:30
2025-06-19 23:53:22,040 - INFO - V3 Intraday: Got 375 candles
2025-06-19 23:53:22,040 - INFO - ✓ Successfully included today's data
2025-06-19 23:53:22,042 - INFO - Final dataset: 250 candles from 2025-06-19 11:20:00+05:30 to 2025-06-19 15:29:00+05:30
2025-06-19 23:53:22,052 - INFO - V3 Intraday: Got 375 candles
2025-06-19 23:53:22,052 - INFO - ✓ Successfully included today's data
2025-06-19 23:53:22,054 - INFO - Final dataset: 250 candles from 2025-06-19 11:20:00+05:30 to 2025-06-19 15:29:00+05:30
2025-06-19 23:53:22,060 - INFO - ✓ Successfully included today's data
2025-06-19 23:53:22,101 - INFO - Added 250 candles for Tata_Consultancy_Services
2025-06-19 23:53:22,105 - INFO - Processing symbol: HDFC Bank (NSE_EQ|INE040A01034)
2025-06-19 23:53:22,106 - INFO - Progress: 1/15 symbols processed
2025-06-19 23:53:22,108 - INFO - Trying V3 intraday API for HDFC Bank
2025-06-19 23:53:22,112 - INFO - Added 250 candles for Reliance_Industries
2025-06-19 23:53:22,114 - INFO - Processing symbol: ICICI Bank (NSE_EQ|INE090A01021)
2025-06-19 23:53:22,114 - INFO - Trying V3 intraday API for ICICI Bank
2025-06-19 23:53:22,116 - INFO - Added 250 candles for Infosys
2025-06-19 23:53:22,117 - INFO - Processing symbol: Hindustan Unilever (NSE_EQ|INE030A01027)
2025-06-19 23:53:22,117 - INFO - Trying V3 intraday API for Hindustan Unilever
2025-06-19 23:53:22,183 - INFO - V3 Intraday: Got 375 candles
2025-06-19 23:53:22,184 - INFO - Final dataset: 250 candles from 2025-06-19 11:20:00+05:30 to 2025-06-19 15:29:00+05:30
2025-06-19 23:53:22,184 - INFO - ✓ Successfully included today's data
2025-06-19 23:53:22,186 - INFO - V3 Intraday: Got 375 candles
2025-06-19 23:53:22,187 - INFO - Final dataset: 250 candles from 2025-06-19 11:20:00+05:30 to 2025-06-19 15:29:00+05:30
2025-06-19 23:53:22,187 - INFO - ✓ Successfully included today's data
2025-06-19 23:53:22,218 - INFO - Added 250 candles for HDFC_Bank
2025-06-19 23:53:22,221 - INFO - Processing symbol: ITC (NSE_EQ|INE154A01025)
2025-06-19 23:53:22,221 - INFO - Trying V3 intraday API for ITC
2025-06-19 23:53:22,223 - INFO - Added 250 candles for ICICI_Bank
2025-06-19 23:53:22,223 - INFO - Processing symbol: State Bank of India (NSE_EQ|INE062A01020)
2025-06-19 23:53:22,224 - INFO - Trying V3 intraday API for State Bank of India
2025-06-19 23:53:22,229 - INFO - V3 Intraday: Got 375 candles
2025-06-19 23:53:22,230 - INFO - Final dataset: 250 candles from 2025-06-19 11:20:00+05:30 to 2025-06-19 15:29:00+05:30
2025-06-19 23:53:22,230 - INFO - ✓ Successfully included today's data
2025-06-19 23:53:22,249 - INFO - Added 250 candles for Hindustan_Unilever
2025-06-19 23:53:22,249 - INFO - Processing symbol: Bharti Airtel (NSE_EQ|INE397D01024)
2025-06-19 23:53:22,249 - INFO - Trying V3 intraday API for Bharti Airtel
2025-06-19 23:53:22,296 - INFO - V3 Intraday: Got 375 candles
2025-06-19 23:53:22,298 - INFO - Final dataset: 250 candles from 2025-06-19 11:20:00+05:30 to 2025-06-19 15:29:00+05:30
2025-06-19 23:53:22,298 - INFO - ✓ Successfully included today's data
2025-06-19 23:53:22,308 - INFO - V3 Intraday: Got 375 candles
2025-06-19 23:53:22,308 - INFO - Progress: 2/15 symbols processed
2025-06-19 23:53:22,310 - INFO - Final dataset: 250 candles from 2025-06-19 11:20:00+05:30 to 2025-06-19 15:29:00+05:30
2025-06-19 23:53:22,312 - INFO - ✓ Successfully included today's data
2025-06-19 23:53:22,349 - INFO - V3 Intraday: Got 375 candles
2025-06-19 23:53:22,350 - INFO - Final dataset: 250 candles from 2025-06-19 11:20:00+05:30 to 2025-06-19 15:29:00+05:30
2025-06-19 23:53:22,351 - INFO - ✓ Successfully included today's data
2025-06-19 23:53:22,404 - INFO - Added 250 candles for ITC
2025-06-19 23:53:22,410 - INFO - Added 250 candles for State_Bank_of_India
2025-06-19 23:53:22,411 - INFO - Processing symbol: Kotak Mahindra Bank (NSE_EQ|INE237A01028)
2025-06-19 23:53:22,414 - INFO - Trying V3 intraday API for Kotak Mahindra Bank
2025-06-19 23:53:22,415 - INFO - Processing symbol: Larsen & Toubro (NSE_EQ|INE018A01030)
2025-06-19 23:53:22,419 - INFO - Trying V3 intraday API for Larsen & Toubro
2025-06-19 23:53:22,428 - INFO - Added 250 candles for Bharti_Airtel
2025-06-19 23:53:22,429 - INFO - Processing symbol: Asian Paints (NSE_EQ|INE021A01026)
2025-06-19 23:53:22,429 - INFO - Trying V3 intraday API for Asian Paints
2025-06-19 23:53:22,486 - INFO - V3 Intraday: Got 375 candles
2025-06-19 23:53:22,487 - INFO - Final dataset: 250 candles from 2025-06-19 11:20:00+05:30 to 2025-06-19 15:29:00+05:30
2025-06-19 23:53:22,487 - INFO - ✓ Successfully included today's data
2025-06-19 23:53:22,497 - INFO - V3 Intraday: Got 375 candles
2025-06-19 23:53:22,498 - INFO - Final dataset: 250 candles from 2025-06-19 11:20:00+05:30 to 2025-06-19 15:29:00+05:30
2025-06-19 23:53:22,498 - INFO - ✓ Successfully included today's data
2025-06-19 23:53:22,514 - INFO - Progress: 3/15 symbols processed
2025-06-19 23:53:22,516 - INFO - Added 250 candles for Kotak_Mahindra_Bank
2025-06-19 23:53:22,518 - INFO - Processing symbol: Maruti Suzuki (NSE_EQ|INE585B01010)
2025-06-19 23:53:22,518 - INFO - Trying V3 intraday API for Maruti Suzuki
2025-06-19 23:53:22,528 - INFO - Added 250 candles for Larsen_and_Toubro
2025-06-19 23:53:22,528 - INFO - Processing symbol: Bajaj Finance (NSE_EQ|INE296A01024)
2025-06-19 23:53:22,529 - INFO - Trying V3 intraday API for Bajaj Finance
2025-06-19 23:53:22,546 - INFO - V3 Intraday: Got 375 candles
2025-06-19 23:53:22,549 - INFO - Final dataset: 250 candles from 2025-06-19 11:20:00+05:30 to 2025-06-19 15:29:00+05:30
2025-06-19 23:53:22,549 - INFO - ✓ Successfully included today's data
2025-06-19 23:53:22,579 - INFO - Added 250 candles for Asian_Paints
2025-06-19 23:53:22,580 - INFO - Processing symbol: HCL Technologies (NSE_EQ|INE860A01027)
2025-06-19 23:53:22,580 - INFO - Trying V3 intraday API for HCL Technologies
2025-06-19 23:53:22,595 - INFO - V3 Intraday: Got 375 candles
2025-06-19 23:53:22,598 - INFO - Final dataset: 250 candles from 2025-06-19 11:20:00+05:30 to 2025-06-19 15:29:00+05:30
2025-06-19 23:53:22,598 - INFO - ✓ Successfully included today's data
2025-06-19 23:53:22,630 - ERROR - V3 Intraday API request failed for NSE_EQ|INE296A01024: 400 Client Error: Bad Request for url: https://api.upstox.com/v3/historical-candle/intraday/NSE_EQ%7CINE296A01024/minutes/1
2025-06-19 23:53:22,631 - INFO - V3 intraday failed, trying V2 for Bajaj Finance
2025-06-19 23:53:22,635 - INFO - Added 250 candles for Maruti_Suzuki
2025-06-19 23:53:22,665 - INFO - V3 Intraday: Got 375 candles
2025-06-19 23:53:22,667 - INFO - Final dataset: 250 candles from 2025-06-19 11:20:00+05:30 to 2025-06-19 15:29:00+05:30
2025-06-19 23:53:22,667 - INFO - ✓ Successfully included today's data
2025-06-19 23:53:22,719 - INFO - Progress: 4/15 symbols processed
2025-06-19 23:53:22,728 - INFO - Added 250 candles for HCL_Technologies
2025-06-19 23:53:22,750 - ERROR - V2 Intraday API failed for NSE_EQ|INE296A01024: 400 Client Error: Bad Request for url: https://api.upstox.com/v2/historical-candle/intraday/NSE_EQ%7CINE296A01024/1minute
2025-06-19 23:53:22,750 - INFO - Need 250 more candles from historical data
2025-06-19 23:53:22,751 - INFO - Fetching historical data from 2025-06-17 to 2025-06-19
2025-06-19 23:53:22,876 - ERROR - V3 Historical API failed for NSE_EQ|INE296A01024: 400 Client Error: Bad Request for url: https://api.upstox.com/v3/historical-candle/NSE_EQ%7CINE296A01024/minutes/1/2025-06-19/2025-06-17
2025-06-19 23:53:22,920 - INFO - Progress: 5/15 symbols processed
2025-06-19 23:53:22,984 - ERROR - V2 Historical API failed for NSE_EQ|INE296A01024: 400 Client Error: Bad Request for url: https://api.upstox.com/v2/historical-candle/NSE_EQ%7CINE296A01024/1minute/2025-06-19/2025-06-17
2025-06-19 23:53:22,985 - WARNING - No data received for Bajaj Finance
2025-06-19 23:53:23,120 - INFO - Progress: 6/15 symbols processed
2025-06-19 23:53:23,321 - INFO - Progress: 7/15 symbols processed
2025-06-19 23:53:23,522 - INFO - Progress: 8/15 symbols processed
2025-06-19 23:53:23,722 - INFO - Progress: 9/15 symbols processed
2025-06-19 23:53:23,923 - INFO - Progress: 10/15 symbols processed
2025-06-19 23:53:24,124 - INFO - Progress: 11/15 symbols processed
2025-06-19 23:53:24,324 - INFO - Progress: 12/15 symbols processed
2025-06-19 23:53:24,525 - INFO - Progress: 13/15 symbols processed
2025-06-19 23:53:24,725 - INFO - Progress: 14/15 symbols processed
2025-06-19 23:53:24,926 - INFO - Progress: 15/15 symbols processed
2025-06-19 23:53:25,128 - INFO - Enhanced fetch completed in 0:00:03.277681. 14 successful, 1 failed
