2025-06-19 23:53:04,905 - INFO - Logging to: /home/abhishek/projects/CUPCAKE/logs/enhanced_historical_data_fetcher_20250619_235304_IST.log
2025-06-19 23:53:04,906 - INFO - Script directory: /home/abhishek/projects/CUPCAKE/scripts
2025-06-19 23:53:04,906 - INFO - Looking for symbols.json at: /home/abhishek/projects/CUPCAKE/scripts/symbols.json
2025-06-19 23:53:04,906 - INFO - Loaded credentials from /home/abhishek/projects/CUPCAKE/authentication/credentials.json
2025-06-19 23:53:04,907 - INFO - Loaded 15 symbols from /home/abhishek/projects/CUPCAKE/scripts/symbols.json
2025-06-19 23:53:04,908 - INFO - Connected to Redis at localhost:6379, DB 0
2025-06-19 23:53:04,908 - INFO - Flushed Redis database
2025-06-19 23:53:04,908 - INFO - Starting enhanced data fetch at 2025-06-19 23:53:04.908953
2025-06-19 23:53:04,909 - INFO - Starting to process 15 symbols with 3 workers
2025-06-19 23:53:04,909 - INFO - Processing symbol: Reliance Industries (NSE_EQ|INE002A01018)
2025-06-19 23:53:04,909 - INFO - Processing symbol: Tata Consultancy Services (NSE_EQ|INE467B01029)
2025-06-19 23:53:04,910 - INFO - Processing symbol: Infosys (NSE_EQ|INE009A01021)
2025-06-19 23:53:04,987 - INFO - Trying V3 intraday API for Tata Consultancy Services
2025-06-19 23:53:04,989 - INFO - Trying V3 intraday API for Infosys
2025-06-19 23:53:04,994 - INFO - Trying V3 intraday API for Reliance Industries
2025-06-19 23:53:05,080 - INFO - V3 Intraday: Got 375 candles
2025-06-19 23:53:05,083 - INFO - Final dataset: 250 candles from 2025-06-19 11:20:00+05:30 to 2025-06-19 15:29:00+05:30
2025-06-19 23:53:05,083 - INFO - ✓ Successfully included today's data
2025-06-19 23:53:05,092 - INFO - V3 Intraday: Got 375 candles
2025-06-19 23:53:05,099 - INFO - V3 Intraday: Got 375 candles
2025-06-19 23:53:05,102 - INFO - Final dataset: 250 candles from 2025-06-19 11:20:00+05:30 to 2025-06-19 15:29:00+05:30
2025-06-19 23:53:05,104 - INFO - Final dataset: 250 candles from 2025-06-19 11:20:00+05:30 to 2025-06-19 15:29:00+05:30
2025-06-19 23:53:05,104 - INFO - ✓ Successfully included today's data
2025-06-19 23:53:05,104 - INFO - ✓ Successfully included today's data
2025-06-19 23:53:05,164 - INFO - Added 250 candles for Infosys
2025-06-19 23:53:05,167 - INFO - Processing symbol: HDFC Bank (NSE_EQ|INE040A01034)
2025-06-19 23:53:05,168 - INFO - Trying V3 intraday API for HDFC Bank
2025-06-19 23:53:05,169 - INFO - Progress: 1/15 symbols processed
2025-06-19 23:53:05,175 - INFO - Added 250 candles for Tata_Consultancy_Services
2025-06-19 23:53:05,175 - INFO - Processing symbol: ICICI Bank (NSE_EQ|INE090A01021)
2025-06-19 23:53:05,175 - INFO - Trying V3 intraday API for ICICI Bank
2025-06-19 23:53:05,177 - INFO - Added 250 candles for Reliance_Industries
2025-06-19 23:53:05,178 - INFO - Processing symbol: Hindustan Unilever (NSE_EQ|INE030A01027)
2025-06-19 23:53:05,178 - INFO - Trying V3 intraday API for Hindustan Unilever
2025-06-19 23:53:05,246 - INFO - V3 Intraday: Got 375 candles
2025-06-19 23:53:05,247 - INFO - Final dataset: 250 candles from 2025-06-19 11:20:00+05:30 to 2025-06-19 15:29:00+05:30
2025-06-19 23:53:05,247 - INFO - ✓ Successfully included today's data
2025-06-19 23:53:05,260 - INFO - V3 Intraday: Got 375 candles
2025-06-19 23:53:05,262 - INFO - Final dataset: 250 candles from 2025-06-19 11:20:00+05:30 to 2025-06-19 15:29:00+05:30
2025-06-19 23:53:05,262 - INFO - ✓ Successfully included today's data
2025-06-19 23:53:05,278 - INFO - V3 Intraday: Got 375 candles
2025-06-19 23:53:05,279 - INFO - Final dataset: 250 candles from 2025-06-19 11:20:00+05:30 to 2025-06-19 15:29:00+05:30
2025-06-19 23:53:05,279 - INFO - ✓ Successfully included today's data
2025-06-19 23:53:05,338 - INFO - Added 250 candles for HDFC_Bank
2025-06-19 23:53:05,343 - INFO - Processing symbol: ITC (NSE_EQ|INE154A01025)
2025-06-19 23:53:05,344 - INFO - Trying V3 intraday API for ITC
2025-06-19 23:53:05,367 - INFO - Added 250 candles for ICICI_Bank
2025-06-19 23:53:05,371 - INFO - Processing symbol: State Bank of India (NSE_EQ|INE062A01020)
2025-06-19 23:53:05,371 - INFO - Trying V3 intraday API for State Bank of India
2025-06-19 23:53:05,375 - INFO - Progress: 2/15 symbols processed
2025-06-19 23:53:05,377 - INFO - Added 250 candles for Hindustan_Unilever
2025-06-19 23:53:05,378 - INFO - Processing symbol: Bharti Airtel (NSE_EQ|INE397D01024)
2025-06-19 23:53:05,378 - INFO - Trying V3 intraday API for Bharti Airtel
2025-06-19 23:53:05,452 - INFO - V3 Intraday: Got 375 candles
2025-06-19 23:53:05,454 - INFO - Final dataset: 250 candles from 2025-06-19 11:20:00+05:30 to 2025-06-19 15:29:00+05:30
2025-06-19 23:53:05,454 - INFO - ✓ Successfully included today's data
2025-06-19 23:53:05,502 - INFO - V3 Intraday: Got 375 candles
2025-06-19 23:53:05,504 - INFO - Final dataset: 250 candles from 2025-06-19 11:20:00+05:30 to 2025-06-19 15:29:00+05:30
2025-06-19 23:53:05,509 - INFO - ✓ Successfully included today's data
2025-06-19 23:53:05,515 - INFO - V3 Intraday: Got 375 candles
2025-06-19 23:53:05,517 - INFO - Final dataset: 250 candles from 2025-06-19 11:20:00+05:30 to 2025-06-19 15:29:00+05:30
2025-06-19 23:53:05,517 - INFO - ✓ Successfully included today's data
2025-06-19 23:53:05,533 - INFO - Added 250 candles for State_Bank_of_India
2025-06-19 23:53:05,534 - INFO - Processing symbol: Kotak Mahindra Bank (NSE_EQ|INE237A01028)
2025-06-19 23:53:05,534 - INFO - Trying V3 intraday API for Kotak Mahindra Bank
2025-06-19 23:53:05,559 - INFO - Added 250 candles for ITC
2025-06-19 23:53:05,561 - INFO - Processing symbol: Larsen & Toubro (NSE_EQ|INE018A01030)
2025-06-19 23:53:05,562 - INFO - Added 250 candles for Bharti_Airtel
2025-06-19 23:53:05,562 - INFO - Trying V3 intraday API for Larsen & Toubro
2025-06-19 23:53:05,563 - INFO - Processing symbol: Asian Paints (NSE_EQ|INE021A01026)
2025-06-19 23:53:05,563 - INFO - Trying V3 intraday API for Asian Paints
2025-06-19 23:53:05,578 - INFO - Progress: 3/15 symbols processed
2025-06-19 23:53:05,628 - INFO - V3 Intraday: Got 375 candles
2025-06-19 23:53:05,630 - INFO - Final dataset: 250 candles from 2025-06-19 11:20:00+05:30 to 2025-06-19 15:29:00+05:30
2025-06-19 23:53:05,630 - INFO - ✓ Successfully included today's data
2025-06-19 23:53:05,674 - INFO - V3 Intraday: Got 375 candles
2025-06-19 23:53:05,677 - INFO - Final dataset: 250 candles from 2025-06-19 11:20:00+05:30 to 2025-06-19 15:29:00+05:30
2025-06-19 23:53:05,680 - INFO - ✓ Successfully included today's data
2025-06-19 23:53:05,683 - INFO - Added 250 candles for Kotak_Mahindra_Bank
2025-06-19 23:53:05,689 - INFO - V3 Intraday: Got 375 candles
2025-06-19 23:53:05,690 - INFO - Final dataset: 250 candles from 2025-06-19 11:20:00+05:30 to 2025-06-19 15:29:00+05:30
2025-06-19 23:53:05,690 - INFO - ✓ Successfully included today's data
2025-06-19 23:53:05,694 - INFO - Processing symbol: Maruti Suzuki (NSE_EQ|INE585B01010)
2025-06-19 23:53:05,695 - INFO - Trying V3 intraday API for Maruti Suzuki
2025-06-19 23:53:05,744 - INFO - Added 250 candles for Asian_Paints
2025-06-19 23:53:05,744 - INFO - Processing symbol: Bajaj Finance (NSE_EQ|INE296A01024)
2025-06-19 23:53:05,748 - INFO - Trying V3 intraday API for Bajaj Finance
2025-06-19 23:53:05,759 - INFO - Added 250 candles for Larsen_and_Toubro
2025-06-19 23:53:05,760 - INFO - Processing symbol: HCL Technologies (NSE_EQ|INE860A01027)
2025-06-19 23:53:05,761 - INFO - Trying V3 intraday API for HCL Technologies
2025-06-19 23:53:05,778 - INFO - Progress: 4/15 symbols processed
2025-06-19 23:53:05,835 - INFO - V3 Intraday: Got 375 candles
2025-06-19 23:53:05,837 - INFO - Final dataset: 250 candles from 2025-06-19 11:20:00+05:30 to 2025-06-19 15:29:00+05:30
2025-06-19 23:53:05,837 - INFO - ✓ Successfully included today's data
2025-06-19 23:53:05,864 - INFO - V3 Intraday: Got 375 candles
2025-06-19 23:53:05,866 - INFO - Final dataset: 250 candles from 2025-06-19 11:20:00+05:30 to 2025-06-19 15:29:00+05:30
2025-06-19 23:53:05,871 - INFO - ✓ Successfully included today's data
2025-06-19 23:53:05,903 - INFO - Added 250 candles for Maruti_Suzuki
2025-06-19 23:53:05,911 - ERROR - V3 Intraday API request failed for NSE_EQ|INE296A01024: 400 Client Error: Bad Request for url: https://api.upstox.com/v3/historical-candle/intraday/NSE_EQ%7CINE296A01024/minutes/1
2025-06-19 23:53:05,911 - INFO - V3 intraday failed, trying V2 for Bajaj Finance
2025-06-19 23:53:05,930 - INFO - Added 250 candles for HCL_Technologies
2025-06-19 23:53:05,979 - INFO - Progress: 5/15 symbols processed
2025-06-19 23:53:06,012 - ERROR - V2 Intraday API failed for NSE_EQ|INE296A01024: 400 Client Error: Bad Request for url: https://api.upstox.com/v2/historical-candle/intraday/NSE_EQ%7CINE296A01024/1minute
2025-06-19 23:53:06,012 - INFO - Need 250 more candles from historical data
2025-06-19 23:53:06,013 - INFO - Fetching historical data from 2025-06-17 to 2025-06-19
2025-06-19 23:53:06,135 - ERROR - V3 Historical API failed for NSE_EQ|INE296A01024: 400 Client Error: Bad Request for url: https://api.upstox.com/v3/historical-candle/NSE_EQ%7CINE296A01024/minutes/1/2025-06-19/2025-06-17
2025-06-19 23:53:06,179 - INFO - Progress: 6/15 symbols processed
2025-06-19 23:53:06,281 - ERROR - V2 Historical API failed for NSE_EQ|INE296A01024: 400 Client Error: Bad Request for url: https://api.upstox.com/v2/historical-candle/NSE_EQ%7CINE296A01024/1minute/2025-06-19/2025-06-17
2025-06-19 23:53:06,281 - WARNING - No data received for Bajaj Finance
2025-06-19 23:53:06,380 - INFO - Progress: 7/15 symbols processed
2025-06-19 23:53:06,581 - INFO - Progress: 8/15 symbols processed
2025-06-19 23:53:06,781 - INFO - Progress: 9/15 symbols processed
2025-06-19 23:53:06,981 - INFO - Progress: 10/15 symbols processed
2025-06-19 23:53:07,182 - INFO - Progress: 11/15 symbols processed
2025-06-19 23:53:07,385 - INFO - Progress: 12/15 symbols processed
2025-06-19 23:53:07,585 - INFO - Progress: 13/15 symbols processed
2025-06-19 23:53:07,786 - INFO - Progress: 14/15 symbols processed
2025-06-19 23:53:07,986 - INFO - Progress: 15/15 symbols processed
2025-06-19 23:53:08,187 - INFO - Enhanced fetch completed in 0:00:03.278418. 14 successful, 1 failed
