2025-06-19 23:52:20,005 - INFO - Logging to: /home/abhishek/projects/CUPCAKE/logs/enhanced_historical_data_fetcher_20250619_235220_IST.log
2025-06-19 23:52:20,006 - INFO - Script directory: /home/abhishek/projects/CUPCAKE/scripts
2025-06-19 23:52:20,006 - INFO - Looking for symbols.json at: /home/abhishek/projects/CUPCAKE/scripts/symbols.json
2025-06-19 23:52:20,006 - INFO - Loaded credentials from /home/abhishek/projects/CUPCAKE/authentication/credentials.json
2025-06-19 23:52:20,006 - INFO - Loaded 15 symbols from /home/abhishek/projects/CUPCAKE/scripts/symbols.json
2025-06-19 23:52:20,007 - INFO - Connected to Redis at localhost:6379, DB 0
2025-06-19 23:52:20,008 - INFO - Flushed Redis database
2025-06-19 23:52:20,008 - INFO - Starting enhanced data fetch at 2025-06-19 23:52:20.008131
2025-06-19 23:52:20,008 - INFO - Starting to process 15 symbols with 3 workers
2025-06-19 23:52:20,008 - INFO - Processing symbol: Reliance Industries (NSE_EQ|INE002A01018)
2025-06-19 23:52:20,008 - INFO - Processing symbol: Tata Consultancy Services (NSE_EQ|INE467B01029)
2025-06-19 23:52:20,009 - INFO - Processing symbol: Infosys (NSE_EQ|INE009A01021)
2025-06-19 23:52:20,083 - INFO - Trying V3 intraday API for Tata Consultancy Services
2025-06-19 23:52:20,087 - INFO - Trying V3 intraday API for Infosys
2025-06-19 23:52:20,091 - INFO - Trying V3 intraday API for Reliance Industries
2025-06-19 23:52:20,165 - INFO - V3 Intraday: Got 375 candles
2025-06-19 23:52:20,166 - INFO - Final dataset: 250 candles from 2025-06-19 11:20:00+05:30 to 2025-06-19 15:29:00+05:30
2025-06-19 23:52:20,166 - INFO - ✓ Successfully included today's data
2025-06-19 23:52:20,170 - INFO - V3 Intraday: Got 375 candles
2025-06-19 23:52:20,170 - INFO - V3 Intraday: Got 375 candles
2025-06-19 23:52:20,171 - INFO - Final dataset: 250 candles from 2025-06-19 11:20:00+05:30 to 2025-06-19 15:29:00+05:30
2025-06-19 23:52:20,172 - INFO - Final dataset: 250 candles from 2025-06-19 11:20:00+05:30 to 2025-06-19 15:29:00+05:30
2025-06-19 23:52:20,172 - INFO - ✓ Successfully included today's data
2025-06-19 23:52:20,175 - INFO - ✓ Successfully included today's data
2025-06-19 23:52:20,222 - INFO - Added 250 candles for Tata_Consultancy_Services
2025-06-19 23:52:20,223 - INFO - Added 250 candles for Reliance_Industries
2025-06-19 23:52:20,224 - INFO - Processing symbol: HDFC Bank (NSE_EQ|INE040A01034)
2025-06-19 23:52:20,224 - INFO - Trying V3 intraday API for HDFC Bank
2025-06-19 23:52:20,225 - INFO - Progress: 1/15 symbols processed
2025-06-19 23:52:20,226 - INFO - Processing symbol: ICICI Bank (NSE_EQ|INE090A01021)
2025-06-19 23:52:20,228 - INFO - Trying V3 intraday API for ICICI Bank
2025-06-19 23:52:20,235 - INFO - Added 250 candles for Infosys
2025-06-19 23:52:20,236 - INFO - Processing symbol: Hindustan Unilever (NSE_EQ|INE030A01027)
2025-06-19 23:52:20,236 - INFO - Trying V3 intraday API for Hindustan Unilever
2025-06-19 23:52:20,302 - INFO - V3 Intraday: Got 375 candles
2025-06-19 23:52:20,303 - INFO - Final dataset: 250 candles from 2025-06-19 11:20:00+05:30 to 2025-06-19 15:29:00+05:30
2025-06-19 23:52:20,303 - INFO - ✓ Successfully included today's data
2025-06-19 23:52:20,322 - INFO - Added 250 candles for HDFC_Bank
2025-06-19 23:52:20,324 - INFO - V3 Intraday: Got 375 candles
2025-06-19 23:52:20,325 - INFO - Final dataset: 250 candles from 2025-06-19 11:20:00+05:30 to 2025-06-19 15:29:00+05:30
2025-06-19 23:52:20,325 - INFO - Processing symbol: ITC (NSE_EQ|INE154A01025)
2025-06-19 23:52:20,325 - INFO - ✓ Successfully included today's data
2025-06-19 23:52:20,325 - INFO - Trying V3 intraday API for ITC
2025-06-19 23:52:20,332 - INFO - V3 Intraday: Got 375 candles
2025-06-19 23:52:20,333 - INFO - Final dataset: 250 candles from 2025-06-19 11:20:00+05:30 to 2025-06-19 15:29:00+05:30
2025-06-19 23:52:20,333 - INFO - ✓ Successfully included today's data
2025-06-19 23:52:20,359 - INFO - Added 250 candles for ICICI_Bank
2025-06-19 23:52:20,362 - INFO - Processing symbol: State Bank of India (NSE_EQ|INE062A01020)
2025-06-19 23:52:20,362 - INFO - Trying V3 intraday API for State Bank of India
2025-06-19 23:52:20,365 - INFO - Added 250 candles for Hindustan_Unilever
2025-06-19 23:52:20,366 - INFO - Processing symbol: Bharti Airtel (NSE_EQ|INE397D01024)
2025-06-19 23:52:20,366 - INFO - Trying V3 intraday API for Bharti Airtel
2025-06-19 23:52:20,431 - INFO - V3 Intraday: Got 375 candles
2025-06-19 23:52:20,433 - INFO - Final dataset: 250 candles from 2025-06-19 11:20:00+05:30 to 2025-06-19 15:29:00+05:30
2025-06-19 23:52:20,433 - INFO - Progress: 2/15 symbols processed
2025-06-19 23:52:20,433 - INFO - ✓ Successfully included today's data
2025-06-19 23:52:20,439 - INFO - V3 Intraday: Got 375 candles
2025-06-19 23:52:20,441 - INFO - Final dataset: 250 candles from 2025-06-19 11:20:00+05:30 to 2025-06-19 15:29:00+05:30
2025-06-19 23:52:20,443 - INFO - ✓ Successfully included today's data
2025-06-19 23:52:20,453 - INFO - V3 Intraday: Got 375 candles
2025-06-19 23:52:20,454 - INFO - Final dataset: 250 candles from 2025-06-19 11:20:00+05:30 to 2025-06-19 15:29:00+05:30
2025-06-19 23:52:20,459 - INFO - ✓ Successfully included today's data
2025-06-19 23:52:20,525 - INFO - Added 250 candles for ITC
2025-06-19 23:52:20,531 - INFO - Processing symbol: Kotak Mahindra Bank (NSE_EQ|INE237A01028)
2025-06-19 23:52:20,531 - INFO - Trying V3 intraday API for Kotak Mahindra Bank
2025-06-19 23:52:20,534 - INFO - Added 250 candles for State_Bank_of_India
2025-06-19 23:52:20,537 - INFO - Added 250 candles for Bharti_Airtel
2025-06-19 23:52:20,538 - INFO - Processing symbol: Larsen & Toubro (NSE_EQ|INE018A01030)
2025-06-19 23:52:20,538 - INFO - Trying V3 intraday API for Larsen & Toubro
2025-06-19 23:52:20,539 - INFO - Processing symbol: Asian Paints (NSE_EQ|INE021A01026)
2025-06-19 23:52:20,539 - INFO - Trying V3 intraday API for Asian Paints
2025-06-19 23:52:20,615 - INFO - V3 Intraday: Got 375 candles
2025-06-19 23:52:20,617 - INFO - Final dataset: 250 candles from 2025-06-19 11:20:00+05:30 to 2025-06-19 15:29:00+05:30
2025-06-19 23:52:20,618 - INFO - ✓ Successfully included today's data
2025-06-19 23:52:20,622 - INFO - V3 Intraday: Got 375 candles
2025-06-19 23:52:20,623 - INFO - Final dataset: 250 candles from 2025-06-19 11:20:00+05:30 to 2025-06-19 15:29:00+05:30
2025-06-19 23:52:20,626 - INFO - ✓ Successfully included today's data
2025-06-19 23:52:20,635 - INFO - Progress: 3/15 symbols processed
2025-06-19 23:52:20,656 - INFO - Added 250 candles for Asian_Paints
2025-06-19 23:52:20,658 - INFO - Processing symbol: Maruti Suzuki (NSE_EQ|INE585B01010)
2025-06-19 23:52:20,658 - INFO - Trying V3 intraday API for Maruti Suzuki
2025-06-19 23:52:20,662 - INFO - Added 250 candles for Larsen_and_Toubro
2025-06-19 23:52:20,663 - INFO - Processing symbol: Bajaj Finance (NSE_EQ|INE296A01024)
2025-06-19 23:52:20,663 - INFO - Trying V3 intraday API for Bajaj Finance
2025-06-19 23:52:20,667 - INFO - V3 Intraday: Got 375 candles
2025-06-19 23:52:20,668 - INFO - Final dataset: 250 candles from 2025-06-19 11:20:00+05:30 to 2025-06-19 15:29:00+05:30
2025-06-19 23:52:20,668 - INFO - ✓ Successfully included today's data
2025-06-19 23:52:20,687 - INFO - Added 250 candles for Kotak_Mahindra_Bank
2025-06-19 23:52:20,687 - INFO - Processing symbol: HCL Technologies (NSE_EQ|INE860A01027)
2025-06-19 23:52:20,687 - INFO - Trying V3 intraday API for HCL Technologies
2025-06-19 23:52:20,736 - INFO - V3 Intraday: Got 375 candles
2025-06-19 23:52:20,736 - INFO - Final dataset: 250 candles from 2025-06-19 11:20:00+05:30 to 2025-06-19 15:29:00+05:30
2025-06-19 23:52:20,736 - INFO - ✓ Successfully included today's data
2025-06-19 23:52:20,754 - INFO - Added 250 candles for Maruti_Suzuki
2025-06-19 23:52:20,756 - ERROR - V3 Intraday API request failed for NSE_EQ|INE296A01024: 400 Client Error: Bad Request for url: https://api.upstox.com/v3/historical-candle/intraday/NSE_EQ%7CINE296A01024/minutes/1
2025-06-19 23:52:20,756 - INFO - V3 intraday failed, trying V2 for Bajaj Finance
2025-06-19 23:52:20,787 - INFO - V3 Intraday: Got 375 candles
2025-06-19 23:52:20,788 - INFO - Final dataset: 250 candles from 2025-06-19 11:20:00+05:30 to 2025-06-19 15:29:00+05:30
2025-06-19 23:52:20,788 - INFO - ✓ Successfully included today's data
2025-06-19 23:52:20,806 - INFO - Added 250 candles for HCL_Technologies
2025-06-19 23:52:20,837 - INFO - Progress: 4/15 symbols processed
2025-06-19 23:52:20,859 - ERROR - V2 Intraday API failed for NSE_EQ|INE296A01024: 400 Client Error: Bad Request for url: https://api.upstox.com/v2/historical-candle/intraday/NSE_EQ%7CINE296A01024/1minute
2025-06-19 23:52:20,859 - INFO - Need 250 more candles from historical data
2025-06-19 23:52:20,860 - INFO - Fetching historical data from 2025-06-17 to 2025-06-19
2025-06-19 23:52:20,965 - ERROR - V3 Historical API failed for NSE_EQ|INE296A01024: 400 Client Error: Bad Request for url: https://api.upstox.com/v3/historical-candle/NSE_EQ%7CINE296A01024/minutes/1/2025-06-19/2025-06-17
2025-06-19 23:52:21,038 - INFO - Progress: 5/15 symbols processed
2025-06-19 23:52:21,116 - ERROR - V2 Historical API failed for NSE_EQ|INE296A01024: 400 Client Error: Bad Request for url: https://api.upstox.com/v2/historical-candle/NSE_EQ%7CINE296A01024/1minute/2025-06-19/2025-06-17
2025-06-19 23:52:21,117 - WARNING - No data received for Bajaj Finance
2025-06-19 23:52:21,238 - INFO - Progress: 6/15 symbols processed
2025-06-19 23:52:21,439 - INFO - Progress: 7/15 symbols processed
2025-06-19 23:52:21,640 - INFO - Progress: 8/15 symbols processed
2025-06-19 23:52:21,840 - INFO - Progress: 9/15 symbols processed
2025-06-19 23:52:22,041 - INFO - Progress: 10/15 symbols processed
2025-06-19 23:52:22,242 - INFO - Progress: 11/15 symbols processed
2025-06-19 23:52:22,442 - INFO - Progress: 12/15 symbols processed
2025-06-19 23:52:22,643 - INFO - Progress: 13/15 symbols processed
2025-06-19 23:52:22,844 - INFO - Progress: 14/15 symbols processed
2025-06-19 23:52:23,044 - INFO - Progress: 15/15 symbols processed
2025-06-19 23:52:23,246 - INFO - Enhanced fetch completed in 0:00:03.237581. 14 successful, 1 failed
