2025-06-19 23:52:59,278 - INFO - Logging to: /home/abhishek/projects/CUPCAKE/logs/enhanced_historical_data_fetcher_20250619_235259_IST.log
2025-06-19 23:52:59,279 - INFO - Script directory: /home/abhishek/projects/CUPCAKE/scripts
2025-06-19 23:52:59,279 - INFO - Looking for symbols.json at: /home/abhishek/projects/CUPCAKE/scripts/symbols.json
2025-06-19 23:52:59,279 - INFO - Loaded credentials from /home/abhishek/projects/CUPCAKE/authentication/credentials.json
2025-06-19 23:52:59,279 - INFO - Loaded 15 symbols from /home/abhishek/projects/CUPCAKE/scripts/symbols.json
2025-06-19 23:52:59,281 - INFO - Connected to Redis at localhost:6379, DB 0
2025-06-19 23:52:59,281 - INFO - Flushed Redis database
2025-06-19 23:52:59,281 - INFO - Starting enhanced data fetch at 2025-06-19 23:52:59.281689
2025-06-19 23:52:59,281 - INFO - Starting to process 15 symbols with 3 workers
2025-06-19 23:52:59,281 - INFO - Processing symbol: Reliance Industries (NSE_EQ|INE002A01018)
2025-06-19 23:52:59,282 - INFO - Processing symbol: Tata Consultancy Services (NSE_EQ|INE467B01029)
2025-06-19 23:52:59,282 - INFO - Processing symbol: Infosys (NSE_EQ|INE009A01021)
2025-06-19 23:52:59,366 - INFO - Trying V3 intraday API for Reliance Industries
2025-06-19 23:52:59,374 - INFO - Trying V3 intraday API for Tata Consultancy Services
2025-06-19 23:52:59,383 - INFO - Trying V3 intraday API for Infosys
2025-06-19 23:52:59,454 - INFO - V3 Intraday: Got 375 candles
2025-06-19 23:52:59,456 - INFO - Final dataset: 250 candles from 2025-06-19 11:20:00+05:30 to 2025-06-19 15:29:00+05:30
2025-06-19 23:52:59,457 - INFO - ✓ Successfully included today's data
2025-06-19 23:52:59,474 - INFO - V3 Intraday: Got 375 candles
2025-06-19 23:52:59,476 - INFO - Final dataset: 250 candles from 2025-06-19 11:20:00+05:30 to 2025-06-19 15:29:00+05:30
2025-06-19 23:52:59,480 - INFO - ✓ Successfully included today's data
2025-06-19 23:52:59,480 - INFO - V3 Intraday: Got 375 candles
2025-06-19 23:52:59,485 - INFO - Final dataset: 250 candles from 2025-06-19 11:20:00+05:30 to 2025-06-19 15:29:00+05:30
2025-06-19 23:52:59,485 - INFO - ✓ Successfully included today's data
2025-06-19 23:52:59,519 - INFO - Added 250 candles for Reliance_Industries
2025-06-19 23:52:59,523 - INFO - Processing symbol: HDFC Bank (NSE_EQ|INE040A01034)
2025-06-19 23:52:59,524 - INFO - Trying V3 intraday API for HDFC Bank
2025-06-19 23:52:59,525 - INFO - Progress: 1/15 symbols processed
2025-06-19 23:52:59,533 - INFO - Added 250 candles for Tata_Consultancy_Services
2025-06-19 23:52:59,535 - INFO - Processing symbol: ICICI Bank (NSE_EQ|INE090A01021)
2025-06-19 23:52:59,535 - INFO - Trying V3 intraday API for ICICI Bank
2025-06-19 23:52:59,537 - INFO - Added 250 candles for Infosys
2025-06-19 23:52:59,537 - INFO - Processing symbol: Hindustan Unilever (NSE_EQ|INE030A01027)
2025-06-19 23:52:59,538 - INFO - Trying V3 intraday API for Hindustan Unilever
2025-06-19 23:52:59,623 - INFO - V3 Intraday: Got 375 candles
2025-06-19 23:52:59,626 - INFO - Final dataset: 250 candles from 2025-06-19 11:20:00+05:30 to 2025-06-19 15:29:00+05:30
2025-06-19 23:52:59,626 - INFO - ✓ Successfully included today's data
2025-06-19 23:52:59,633 - INFO - V3 Intraday: Got 375 candles
2025-06-19 23:52:59,637 - INFO - Final dataset: 250 candles from 2025-06-19 11:20:00+05:30 to 2025-06-19 15:29:00+05:30
2025-06-19 23:52:59,638 - INFO - ✓ Successfully included today's data
2025-06-19 23:52:59,649 - INFO - V3 Intraday: Got 375 candles
2025-06-19 23:52:59,651 - INFO - Final dataset: 250 candles from 2025-06-19 11:20:00+05:30 to 2025-06-19 15:29:00+05:30
2025-06-19 23:52:59,652 - INFO - ✓ Successfully included today's data
2025-06-19 23:52:59,704 - INFO - Added 250 candles for ICICI_Bank
2025-06-19 23:52:59,706 - INFO - Processing symbol: ITC (NSE_EQ|INE154A01025)
2025-06-19 23:52:59,707 - INFO - Trying V3 intraday API for ITC
2025-06-19 23:52:59,709 - INFO - Added 250 candles for Hindustan_Unilever
2025-06-19 23:52:59,710 - INFO - Processing symbol: State Bank of India (NSE_EQ|INE062A01020)
2025-06-19 23:52:59,711 - INFO - Added 250 candles for HDFC_Bank
2025-06-19 23:52:59,711 - INFO - Trying V3 intraday API for State Bank of India
2025-06-19 23:52:59,712 - INFO - Processing symbol: Bharti Airtel (NSE_EQ|INE397D01024)
2025-06-19 23:52:59,712 - INFO - Trying V3 intraday API for Bharti Airtel
2025-06-19 23:52:59,727 - INFO - Progress: 2/15 symbols processed
2025-06-19 23:52:59,788 - INFO - V3 Intraday: Got 375 candles
2025-06-19 23:52:59,790 - INFO - Final dataset: 250 candles from 2025-06-19 11:20:00+05:30 to 2025-06-19 15:29:00+05:30
2025-06-19 23:52:59,790 - INFO - ✓ Successfully included today's data
2025-06-19 23:52:59,811 - INFO - V3 Intraday: Got 375 candles
2025-06-19 23:52:59,812 - INFO - Final dataset: 250 candles from 2025-06-19 11:20:00+05:30 to 2025-06-19 15:29:00+05:30
2025-06-19 23:52:59,812 - INFO - ✓ Successfully included today's data
2025-06-19 23:52:59,812 - INFO - V3 Intraday: Got 375 candles
2025-06-19 23:52:59,816 - INFO - Final dataset: 250 candles from 2025-06-19 11:20:00+05:30 to 2025-06-19 15:29:00+05:30
2025-06-19 23:52:59,821 - INFO - ✓ Successfully included today's data
2025-06-19 23:52:59,923 - INFO - Added 250 candles for Bharti_Airtel
2025-06-19 23:52:59,927 - INFO - Processing symbol: Kotak Mahindra Bank (NSE_EQ|INE237A01028)
2025-06-19 23:52:59,929 - INFO - Trying V3 intraday API for Kotak Mahindra Bank
2025-06-19 23:52:59,929 - INFO - Added 250 candles for ITC
2025-06-19 23:52:59,929 - INFO - Progress: 3/15 symbols processed
2025-06-19 23:52:59,937 - INFO - Processing symbol: Larsen & Toubro (NSE_EQ|INE018A01030)
2025-06-19 23:52:59,937 - INFO - Trying V3 intraday API for Larsen & Toubro
2025-06-19 23:52:59,941 - INFO - Added 250 candles for State_Bank_of_India
2025-06-19 23:52:59,943 - INFO - Processing symbol: Asian Paints (NSE_EQ|INE021A01026)
2025-06-19 23:52:59,943 - INFO - Trying V3 intraday API for Asian Paints
2025-06-19 23:53:00,005 - INFO - V3 Intraday: Got 375 candles
2025-06-19 23:53:00,005 - INFO - Final dataset: 250 candles from 2025-06-19 11:20:00+05:30 to 2025-06-19 15:29:00+05:30
2025-06-19 23:53:00,005 - INFO - ✓ Successfully included today's data
2025-06-19 23:53:00,008 - INFO - V3 Intraday: Got 375 candles
2025-06-19 23:53:00,011 - INFO - Final dataset: 250 candles from 2025-06-19 11:20:00+05:30 to 2025-06-19 15:29:00+05:30
2025-06-19 23:53:00,011 - INFO - ✓ Successfully included today's data
2025-06-19 23:53:00,021 - INFO - V3 Intraday: Got 375 candles
2025-06-19 23:53:00,022 - INFO - Final dataset: 250 candles from 2025-06-19 11:20:00+05:30 to 2025-06-19 15:29:00+05:30
2025-06-19 23:53:00,022 - INFO - ✓ Successfully included today's data
2025-06-19 23:53:00,045 - INFO - Added 250 candles for Kotak_Mahindra_Bank
2025-06-19 23:53:00,052 - INFO - Processing symbol: Maruti Suzuki (NSE_EQ|INE585B01010)
2025-06-19 23:53:00,052 - INFO - Trying V3 intraday API for Maruti Suzuki
2025-06-19 23:53:00,057 - INFO - Added 250 candles for Larsen_and_Toubro
2025-06-19 23:53:00,058 - INFO - Processing symbol: Bajaj Finance (NSE_EQ|INE296A01024)
2025-06-19 23:53:00,058 - INFO - Trying V3 intraday API for Bajaj Finance
2025-06-19 23:53:00,065 - INFO - Added 250 candles for Asian_Paints
2025-06-19 23:53:00,065 - INFO - Processing symbol: HCL Technologies (NSE_EQ|INE860A01027)
2025-06-19 23:53:00,066 - INFO - Trying V3 intraday API for HCL Technologies
2025-06-19 23:53:00,137 - INFO - Progress: 4/15 symbols processed
2025-06-19 23:53:00,152 - INFO - V3 Intraday: Got 375 candles
2025-06-19 23:53:00,154 - INFO - Final dataset: 250 candles from 2025-06-19 11:20:00+05:30 to 2025-06-19 15:29:00+05:30
2025-06-19 23:53:00,155 - INFO - ✓ Successfully included today's data
2025-06-19 23:53:00,177 - ERROR - V3 Intraday API request failed for NSE_EQ|INE296A01024: 400 Client Error: Bad Request for url: https://api.upstox.com/v3/historical-candle/intraday/NSE_EQ%7CINE296A01024/minutes/1
2025-06-19 23:53:00,179 - INFO - V3 Intraday: Got 375 candles
2025-06-19 23:53:00,186 - INFO - V3 intraday failed, trying V2 for Bajaj Finance
2025-06-19 23:53:00,189 - INFO - Final dataset: 250 candles from 2025-06-19 11:20:00+05:30 to 2025-06-19 15:29:00+05:30
2025-06-19 23:53:00,197 - INFO - ✓ Successfully included today's data
2025-06-19 23:53:00,259 - INFO - Added 250 candles for Maruti_Suzuki
2025-06-19 23:53:00,295 - INFO - Added 250 candles for HCL_Technologies
2025-06-19 23:53:00,309 - ERROR - V2 Intraday API failed for NSE_EQ|INE296A01024: 400 Client Error: Bad Request for url: https://api.upstox.com/v2/historical-candle/intraday/NSE_EQ%7CINE296A01024/1minute
2025-06-19 23:53:00,310 - INFO - Need 250 more candles from historical data
2025-06-19 23:53:00,310 - INFO - Fetching historical data from 2025-06-17 to 2025-06-19
2025-06-19 23:53:00,338 - INFO - Progress: 5/15 symbols processed
2025-06-19 23:53:00,424 - ERROR - V3 Historical API failed for NSE_EQ|INE296A01024: 400 Client Error: Bad Request for url: https://api.upstox.com/v3/historical-candle/NSE_EQ%7CINE296A01024/minutes/1/2025-06-19/2025-06-17
2025-06-19 23:53:00,538 - INFO - Progress: 6/15 symbols processed
2025-06-19 23:53:00,544 - ERROR - V2 Historical API failed for NSE_EQ|INE296A01024: 400 Client Error: Bad Request for url: https://api.upstox.com/v2/historical-candle/NSE_EQ%7CINE296A01024/1minute/2025-06-19/2025-06-17
2025-06-19 23:53:00,544 - WARNING - No data received for Bajaj Finance
2025-06-19 23:53:00,739 - INFO - Progress: 7/15 symbols processed
2025-06-19 23:53:00,940 - INFO - Progress: 8/15 symbols processed
2025-06-19 23:53:01,141 - INFO - Progress: 9/15 symbols processed
2025-06-19 23:53:01,341 - INFO - Progress: 10/15 symbols processed
2025-06-19 23:53:01,542 - INFO - Progress: 11/15 symbols processed
2025-06-19 23:53:01,742 - INFO - Progress: 12/15 symbols processed
2025-06-19 23:53:01,943 - INFO - Progress: 13/15 symbols processed
2025-06-19 23:53:02,144 - INFO - Progress: 14/15 symbols processed
2025-06-19 23:53:02,344 - INFO - Progress: 15/15 symbols processed
2025-06-19 23:53:02,545 - INFO - Enhanced fetch completed in 0:00:03.263355. 14 successful, 1 failed
