2025-06-19 23:52:31,254 - INFO - Logging to: /home/abhishek/projects/CUPCAKE/logs/enhanced_historical_data_fetcher_20250619_235231_IST.log
2025-06-19 23:52:31,255 - INFO - Script directory: /home/abhishek/projects/CUPCAKE/scripts
2025-06-19 23:52:31,255 - INFO - Looking for symbols.json at: /home/abhishek/projects/CUPCAKE/scripts/symbols.json
2025-06-19 23:52:31,255 - INFO - Loaded credentials from /home/abhishek/projects/CUPCAKE/authentication/credentials.json
2025-06-19 23:52:31,255 - INFO - Loaded 15 symbols from /home/abhishek/projects/CUPCAKE/scripts/symbols.json
2025-06-19 23:52:31,257 - INFO - Connected to Redis at localhost:6379, DB 0
2025-06-19 23:52:31,257 - INFO - Flushed Redis database
2025-06-19 23:52:31,257 - INFO - Starting enhanced data fetch at 2025-06-19 23:52:31.257457
2025-06-19 23:52:31,257 - INFO - Starting to process 15 symbols with 3 workers
2025-06-19 23:52:31,257 - INFO - Processing symbol: Reliance Industries (NSE_EQ|INE002A01018)
2025-06-19 23:52:31,257 - INFO - Processing symbol: Tata Consultancy Services (NSE_EQ|INE467B01029)
2025-06-19 23:52:31,258 - INFO - Processing symbol: Infosys (NSE_EQ|INE009A01021)
2025-06-19 23:52:31,339 - INFO - Trying V3 intraday API for Tata Consultancy Services
2025-06-19 23:52:31,341 - INFO - Trying V3 intraday API for Infosys
2025-06-19 23:52:31,344 - INFO - Trying V3 intraday API for Reliance Industries
2025-06-19 23:52:31,418 - INFO - V3 Intraday: Got 375 candles
2025-06-19 23:52:31,420 - INFO - V3 Intraday: Got 375 candles
2025-06-19 23:52:31,420 - INFO - Final dataset: 250 candles from 2025-06-19 11:20:00+05:30 to 2025-06-19 15:29:00+05:30
2025-06-19 23:52:31,421 - INFO - Final dataset: 250 candles from 2025-06-19 11:20:00+05:30 to 2025-06-19 15:29:00+05:30
2025-06-19 23:52:31,422 - INFO - ✓ Successfully included today's data
2025-06-19 23:52:31,422 - INFO - ✓ Successfully included today's data
2025-06-19 23:52:31,425 - INFO - V3 Intraday: Got 375 candles
2025-06-19 23:52:31,426 - INFO - Final dataset: 250 candles from 2025-06-19 11:20:00+05:30 to 2025-06-19 15:29:00+05:30
2025-06-19 23:52:31,427 - INFO - ✓ Successfully included today's data
2025-06-19 23:52:31,474 - INFO - Added 250 candles for Reliance_Industries
2025-06-19 23:52:31,476 - INFO - Processing symbol: HDFC Bank (NSE_EQ|INE040A01034)
2025-06-19 23:52:31,476 - INFO - Trying V3 intraday API for HDFC Bank
2025-06-19 23:52:31,477 - INFO - Progress: 1/15 symbols processed
2025-06-19 23:52:31,480 - INFO - Added 250 candles for Tata_Consultancy_Services
2025-06-19 23:52:31,483 - INFO - Processing symbol: ICICI Bank (NSE_EQ|INE090A01021)
2025-06-19 23:52:31,485 - INFO - Trying V3 intraday API for ICICI Bank
2025-06-19 23:52:31,485 - INFO - Added 250 candles for Infosys
2025-06-19 23:52:31,487 - INFO - Processing symbol: Hindustan Unilever (NSE_EQ|INE030A01027)
2025-06-19 23:52:31,487 - INFO - Trying V3 intraday API for Hindustan Unilever
2025-06-19 23:52:31,554 - INFO - V3 Intraday: Got 375 candles
2025-06-19 23:52:31,555 - INFO - Final dataset: 250 candles from 2025-06-19 11:20:00+05:30 to 2025-06-19 15:29:00+05:30
2025-06-19 23:52:31,555 - INFO - ✓ Successfully included today's data
2025-06-19 23:52:31,565 - INFO - V3 Intraday: Got 375 candles
2025-06-19 23:52:31,566 - INFO - Final dataset: 250 candles from 2025-06-19 11:20:00+05:30 to 2025-06-19 15:29:00+05:30
2025-06-19 23:52:31,566 - INFO - ✓ Successfully included today's data
2025-06-19 23:52:31,588 - INFO - Added 250 candles for Hindustan_Unilever
2025-06-19 23:52:31,589 - INFO - V3 Intraday: Got 375 candles
2025-06-19 23:52:31,590 - INFO - Processing symbol: ITC (NSE_EQ|INE154A01025)
2025-06-19 23:52:31,591 - INFO - Final dataset: 250 candles from 2025-06-19 11:20:00+05:30 to 2025-06-19 15:29:00+05:30
2025-06-19 23:52:31,593 - INFO - ✓ Successfully included today's data
2025-06-19 23:52:31,591 - INFO - Trying V3 intraday API for ITC
2025-06-19 23:52:31,604 - INFO - Added 250 candles for ICICI_Bank
2025-06-19 23:52:31,607 - INFO - Processing symbol: State Bank of India (NSE_EQ|INE062A01020)
2025-06-19 23:52:31,607 - INFO - Trying V3 intraday API for State Bank of India
2025-06-19 23:52:31,622 - INFO - Added 250 candles for HDFC_Bank
2025-06-19 23:52:31,622 - INFO - Processing symbol: Bharti Airtel (NSE_EQ|INE397D01024)
2025-06-19 23:52:31,622 - INFO - Trying V3 intraday API for Bharti Airtel
2025-06-19 23:52:31,668 - INFO - V3 Intraday: Got 375 candles
2025-06-19 23:52:31,669 - INFO - Final dataset: 250 candles from 2025-06-19 11:20:00+05:30 to 2025-06-19 15:29:00+05:30
2025-06-19 23:52:31,669 - INFO - ✓ Successfully included today's data
2025-06-19 23:52:31,678 - INFO - Progress: 2/15 symbols processed
2025-06-19 23:52:31,684 - INFO - V3 Intraday: Got 375 candles
2025-06-19 23:52:31,685 - INFO - Final dataset: 250 candles from 2025-06-19 11:20:00+05:30 to 2025-06-19 15:29:00+05:30
2025-06-19 23:52:31,685 - INFO - ✓ Successfully included today's data
2025-06-19 23:52:31,698 - INFO - V3 Intraday: Got 375 candles
2025-06-19 23:52:31,702 - INFO - Final dataset: 250 candles from 2025-06-19 11:20:00+05:30 to 2025-06-19 15:29:00+05:30
2025-06-19 23:52:31,702 - INFO - ✓ Successfully included today's data
2025-06-19 23:52:31,703 - INFO - Added 250 candles for ITC
2025-06-19 23:52:31,706 - INFO - Processing symbol: Kotak Mahindra Bank (NSE_EQ|INE237A01028)
2025-06-19 23:52:31,706 - INFO - Trying V3 intraday API for Kotak Mahindra Bank
2025-06-19 23:52:31,728 - INFO - Added 250 candles for State_Bank_of_India
2025-06-19 23:52:31,730 - INFO - Processing symbol: Larsen & Toubro (NSE_EQ|INE018A01030)
2025-06-19 23:52:31,731 - INFO - Trying V3 intraday API for Larsen & Toubro
2025-06-19 23:52:31,737 - INFO - Added 250 candles for Bharti_Airtel
2025-06-19 23:52:31,738 - INFO - Processing symbol: Asian Paints (NSE_EQ|INE021A01026)
2025-06-19 23:52:31,738 - INFO - Trying V3 intraday API for Asian Paints
2025-06-19 23:52:31,779 - INFO - V3 Intraday: Got 375 candles
2025-06-19 23:52:31,780 - INFO - Final dataset: 250 candles from 2025-06-19 11:20:00+05:30 to 2025-06-19 15:29:00+05:30
2025-06-19 23:52:31,780 - INFO - ✓ Successfully included today's data
2025-06-19 23:52:31,802 - INFO - Added 250 candles for Kotak_Mahindra_Bank
2025-06-19 23:52:31,805 - INFO - V3 Intraday: Got 375 candles
2025-06-19 23:52:31,805 - INFO - Processing symbol: Maruti Suzuki (NSE_EQ|INE585B01010)
2025-06-19 23:52:31,806 - INFO - Final dataset: 250 candles from 2025-06-19 11:20:00+05:30 to 2025-06-19 15:29:00+05:30
2025-06-19 23:52:31,806 - INFO - Trying V3 intraday API for Maruti Suzuki
2025-06-19 23:52:31,806 - INFO - ✓ Successfully included today's data
2025-06-19 23:52:31,827 - INFO - Added 250 candles for Larsen_and_Toubro
2025-06-19 23:52:31,828 - INFO - Processing symbol: Bajaj Finance (NSE_EQ|INE296A01024)
2025-06-19 23:52:31,828 - INFO - Trying V3 intraday API for Bajaj Finance
2025-06-19 23:52:31,832 - INFO - V3 Intraday: Got 375 candles
2025-06-19 23:52:31,833 - INFO - Final dataset: 250 candles from 2025-06-19 11:20:00+05:30 to 2025-06-19 15:29:00+05:30
2025-06-19 23:52:31,833 - INFO - ✓ Successfully included today's data
2025-06-19 23:52:31,857 - INFO - Added 250 candles for Asian_Paints
2025-06-19 23:52:31,859 - INFO - Processing symbol: HCL Technologies (NSE_EQ|INE860A01027)
2025-06-19 23:52:31,860 - INFO - Trying V3 intraday API for HCL Technologies
2025-06-19 23:52:31,877 - INFO - V3 Intraday: Got 375 candles
2025-06-19 23:52:31,878 - INFO - Final dataset: 250 candles from 2025-06-19 11:20:00+05:30 to 2025-06-19 15:29:00+05:30
2025-06-19 23:52:31,878 - INFO - ✓ Successfully included today's data
2025-06-19 23:52:31,881 - INFO - Progress: 3/15 symbols processed
2025-06-19 23:52:31,903 - INFO - Added 250 candles for Maruti_Suzuki
2025-06-19 23:52:31,922 - ERROR - V3 Intraday API request failed for NSE_EQ|INE296A01024: 400 Client Error: Bad Request for url: https://api.upstox.com/v3/historical-candle/intraday/NSE_EQ%7CINE296A01024/minutes/1
2025-06-19 23:52:31,923 - INFO - V3 intraday failed, trying V2 for Bajaj Finance
2025-06-19 23:52:31,936 - INFO - V3 Intraday: Got 375 candles
2025-06-19 23:52:31,937 - INFO - Final dataset: 250 candles from 2025-06-19 11:20:00+05:30 to 2025-06-19 15:29:00+05:30
2025-06-19 23:52:31,937 - INFO - ✓ Successfully included today's data
2025-06-19 23:52:31,958 - INFO - Added 250 candles for HCL_Technologies
2025-06-19 23:52:32,061 - ERROR - V2 Intraday API failed for NSE_EQ|INE296A01024: 400 Client Error: Bad Request for url: https://api.upstox.com/v2/historical-candle/intraday/NSE_EQ%7CINE296A01024/1minute
2025-06-19 23:52:32,062 - INFO - Need 250 more candles from historical data
2025-06-19 23:52:32,062 - INFO - Fetching historical data from 2025-06-17 to 2025-06-19
2025-06-19 23:52:32,085 - INFO - Progress: 4/15 symbols processed
2025-06-19 23:52:32,155 - ERROR - V3 Historical API failed for NSE_EQ|INE296A01024: 400 Client Error: Bad Request for url: https://api.upstox.com/v3/historical-candle/NSE_EQ%7CINE296A01024/minutes/1/2025-06-19/2025-06-17
2025-06-19 23:52:32,255 - ERROR - V2 Historical API failed for NSE_EQ|INE296A01024: 400 Client Error: Bad Request for url: https://api.upstox.com/v2/historical-candle/NSE_EQ%7CINE296A01024/1minute/2025-06-19/2025-06-17
2025-06-19 23:52:32,255 - WARNING - No data received for Bajaj Finance
2025-06-19 23:52:32,285 - INFO - Progress: 5/15 symbols processed
2025-06-19 23:52:32,486 - INFO - Progress: 6/15 symbols processed
2025-06-19 23:52:32,686 - INFO - Progress: 7/15 symbols processed
2025-06-19 23:52:32,886 - INFO - Progress: 8/15 symbols processed
2025-06-19 23:52:33,087 - INFO - Progress: 9/15 symbols processed
2025-06-19 23:52:33,287 - INFO - Progress: 10/15 symbols processed
2025-06-19 23:52:33,488 - INFO - Progress: 11/15 symbols processed
2025-06-19 23:52:33,688 - INFO - Progress: 12/15 symbols processed
2025-06-19 23:52:33,888 - INFO - Progress: 13/15 symbols processed
2025-06-19 23:52:34,089 - INFO - Progress: 14/15 symbols processed
2025-06-19 23:52:34,289 - INFO - Progress: 15/15 symbols processed
2025-06-19 23:52:34,490 - INFO - Enhanced fetch completed in 0:00:03.232875. 14 successful, 1 failed
