2025-06-19 23:52:36,870 - INFO - Logging to: /home/abhishek/projects/CUPCAKE/logs/enhanced_historical_data_fetcher_20250619_235236_IST.log
2025-06-19 23:52:36,871 - INFO - Script directory: /home/abhishek/projects/CUPCAKE/scripts
2025-06-19 23:52:36,871 - INFO - Looking for symbols.json at: /home/abhishek/projects/CUPCAKE/scripts/symbols.json
2025-06-19 23:52:36,871 - INFO - Loaded credentials from /home/abhishek/projects/CUPCAKE/authentication/credentials.json
2025-06-19 23:52:36,871 - INFO - Loaded 15 symbols from /home/abhishek/projects/CUPCAKE/scripts/symbols.json
2025-06-19 23:52:36,873 - INFO - Connected to Redis at localhost:6379, DB 0
2025-06-19 23:52:36,874 - INFO - Flushed Redis database
2025-06-19 23:52:36,874 - INFO - Starting enhanced data fetch at 2025-06-19 23:52:36.874179
2025-06-19 23:52:36,874 - INFO - Starting to process 15 symbols with 3 workers
2025-06-19 23:52:36,874 - INFO - Processing symbol: Reliance Industries (NSE_EQ|INE002A01018)
2025-06-19 23:52:36,874 - INFO - Processing symbol: Tata Consultancy Services (NSE_EQ|INE467B01029)
2025-06-19 23:52:36,875 - INFO - Processing symbol: Infosys (NSE_EQ|INE009A01021)
2025-06-19 23:52:36,963 - INFO - Trying V3 intraday API for Tata Consultancy Services
2025-06-19 23:52:36,969 - INFO - Trying V3 intraday API for Reliance Industries
2025-06-19 23:52:36,991 - INFO - Trying V3 intraday API for Infosys
2025-06-19 23:52:37,072 - INFO - V3 Intraday: Got 375 candles
2025-06-19 23:52:37,072 - INFO - Final dataset: 250 candles from 2025-06-19 11:20:00+05:30 to 2025-06-19 15:29:00+05:30
2025-06-19 23:52:37,072 - INFO - ✓ Successfully included today's data
2025-06-19 23:52:37,093 - INFO - V3 Intraday: Got 375 candles
2025-06-19 23:52:37,094 - INFO - Final dataset: 250 candles from 2025-06-19 11:20:00+05:30 to 2025-06-19 15:29:00+05:30
2025-06-19 23:52:37,094 - INFO - ✓ Successfully included today's data
2025-06-19 23:52:37,098 - INFO - Added 250 candles for Reliance_Industries
2025-06-19 23:52:37,099 - INFO - Processing symbol: HDFC Bank (NSE_EQ|INE040A01034)
2025-06-19 23:52:37,099 - INFO - Progress: 1/15 symbols processed
2025-06-19 23:52:37,099 - INFO - Trying V3 intraday API for HDFC Bank
2025-06-19 23:52:37,111 - INFO - V3 Intraday: Got 375 candles
2025-06-19 23:52:37,112 - INFO - Final dataset: 250 candles from 2025-06-19 11:20:00+05:30 to 2025-06-19 15:29:00+05:30
2025-06-19 23:52:37,113 - INFO - ✓ Successfully included today's data
2025-06-19 23:52:37,131 - INFO - Added 250 candles for Tata_Consultancy_Services
2025-06-19 23:52:37,132 - INFO - Processing symbol: ICICI Bank (NSE_EQ|INE090A01021)
2025-06-19 23:52:37,133 - INFO - Trying V3 intraday API for ICICI Bank
2025-06-19 23:52:37,150 - INFO - Added 250 candles for Infosys
2025-06-19 23:52:37,151 - INFO - Processing symbol: Hindustan Unilever (NSE_EQ|INE030A01027)
2025-06-19 23:52:37,151 - INFO - Trying V3 intraday API for Hindustan Unilever
2025-06-19 23:52:37,218 - INFO - V3 Intraday: Got 375 candles
2025-06-19 23:52:37,219 - INFO - Final dataset: 250 candles from 2025-06-19 11:20:00+05:30 to 2025-06-19 15:29:00+05:30
2025-06-19 23:52:37,219 - INFO - ✓ Successfully included today's data
2025-06-19 23:52:37,238 - INFO - Added 250 candles for HDFC_Bank
2025-06-19 23:52:37,239 - INFO - Processing symbol: ITC (NSE_EQ|INE154A01025)
2025-06-19 23:52:37,239 - INFO - Trying V3 intraday API for ITC
2025-06-19 23:52:37,243 - INFO - V3 Intraday: Got 375 candles
2025-06-19 23:52:37,244 - INFO - Final dataset: 250 candles from 2025-06-19 11:20:00+05:30 to 2025-06-19 15:29:00+05:30
2025-06-19 23:52:37,244 - INFO - ✓ Successfully included today's data
2025-06-19 23:52:37,261 - INFO - V3 Intraday: Got 375 candles
2025-06-19 23:52:37,263 - INFO - Final dataset: 250 candles from 2025-06-19 11:20:00+05:30 to 2025-06-19 15:29:00+05:30
2025-06-19 23:52:37,264 - INFO - ✓ Successfully included today's data
2025-06-19 23:52:37,267 - INFO - Added 250 candles for ICICI_Bank
2025-06-19 23:52:37,271 - INFO - Processing symbol: State Bank of India (NSE_EQ|INE062A01020)
2025-06-19 23:52:37,271 - INFO - Trying V3 intraday API for State Bank of India
2025-06-19 23:52:37,291 - INFO - Added 250 candles for Hindustan_Unilever
2025-06-19 23:52:37,292 - INFO - Processing symbol: Bharti Airtel (NSE_EQ|INE397D01024)
2025-06-19 23:52:37,292 - INFO - Trying V3 intraday API for Bharti Airtel
2025-06-19 23:52:37,301 - INFO - Progress: 2/15 symbols processed
2025-06-19 23:52:37,340 - INFO - V3 Intraday: Got 375 candles
2025-06-19 23:52:37,341 - INFO - Final dataset: 250 candles from 2025-06-19 11:20:00+05:30 to 2025-06-19 15:29:00+05:30
2025-06-19 23:52:37,341 - INFO - ✓ Successfully included today's data
2025-06-19 23:52:37,360 - INFO - V3 Intraday: Got 375 candles
2025-06-19 23:52:37,361 - INFO - Final dataset: 250 candles from 2025-06-19 11:20:00+05:30 to 2025-06-19 15:29:00+05:30
2025-06-19 23:52:37,361 - INFO - ✓ Successfully included today's data
2025-06-19 23:52:37,368 - INFO - Added 250 candles for State_Bank_of_India
2025-06-19 23:52:37,371 - INFO - Processing symbol: Kotak Mahindra Bank (NSE_EQ|INE237A01028)
2025-06-19 23:52:37,371 - INFO - Trying V3 intraday API for Kotak Mahindra Bank
2025-06-19 23:52:37,388 - INFO - Added 250 candles for ITC
2025-06-19 23:52:37,389 - INFO - Processing symbol: Larsen & Toubro (NSE_EQ|INE018A01030)
2025-06-19 23:52:37,390 - INFO - Trying V3 intraday API for Larsen & Toubro
2025-06-19 23:52:37,411 - INFO - V3 Intraday: Got 375 candles
2025-06-19 23:52:37,412 - INFO - Final dataset: 250 candles from 2025-06-19 11:20:00+05:30 to 2025-06-19 15:29:00+05:30
2025-06-19 23:52:37,412 - INFO - ✓ Successfully included today's data
2025-06-19 23:52:37,433 - INFO - Added 250 candles for Bharti_Airtel
2025-06-19 23:52:37,433 - INFO - Processing symbol: Asian Paints (NSE_EQ|INE021A01026)
2025-06-19 23:52:37,433 - INFO - Trying V3 intraday API for Asian Paints
2025-06-19 23:52:37,479 - INFO - V3 Intraday: Got 375 candles
2025-06-19 23:52:37,479 - INFO - Final dataset: 250 candles from 2025-06-19 11:20:00+05:30 to 2025-06-19 15:29:00+05:30
2025-06-19 23:52:37,479 - INFO - ✓ Successfully included today's data
2025-06-19 23:52:37,504 - INFO - Progress: 3/15 symbols processed
2025-06-19 23:52:37,516 - INFO - V3 Intraday: Got 375 candles
2025-06-19 23:52:37,519 - INFO - Final dataset: 250 candles from 2025-06-19 11:20:00+05:30 to 2025-06-19 15:29:00+05:30
2025-06-19 23:52:37,519 - INFO - ✓ Successfully included today's data
2025-06-19 23:52:37,545 - INFO - V3 Intraday: Got 375 candles
2025-06-19 23:52:37,550 - INFO - Final dataset: 250 candles from 2025-06-19 11:20:00+05:30 to 2025-06-19 15:29:00+05:30
2025-06-19 23:52:37,550 - INFO - ✓ Successfully included today's data
2025-06-19 23:52:37,553 - INFO - Added 250 candles for Kotak_Mahindra_Bank
2025-06-19 23:52:37,562 - INFO - Processing symbol: Maruti Suzuki (NSE_EQ|INE585B01010)
2025-06-19 23:52:37,562 - INFO - Trying V3 intraday API for Maruti Suzuki
2025-06-19 23:52:37,582 - INFO - Added 250 candles for Larsen_and_Toubro
2025-06-19 23:52:37,587 - INFO - Processing symbol: Bajaj Finance (NSE_EQ|INE296A01024)
2025-06-19 23:52:37,587 - INFO - Trying V3 intraday API for Bajaj Finance
2025-06-19 23:52:37,604 - INFO - Added 250 candles for Asian_Paints
2025-06-19 23:52:37,608 - INFO - Processing symbol: HCL Technologies (NSE_EQ|INE860A01027)
2025-06-19 23:52:37,608 - INFO - Trying V3 intraday API for HCL Technologies
2025-06-19 23:52:37,681 - INFO - V3 Intraday: Got 375 candles
2025-06-19 23:52:37,682 - INFO - Final dataset: 250 candles from 2025-06-19 11:20:00+05:30 to 2025-06-19 15:29:00+05:30
2025-06-19 23:52:37,682 - INFO - ✓ Successfully included today's data
2025-06-19 23:52:37,697 - ERROR - V3 Intraday API request failed for NSE_EQ|INE296A01024: 400 Client Error: Bad Request for url: https://api.upstox.com/v3/historical-candle/intraday/NSE_EQ%7CINE296A01024/minutes/1
2025-06-19 23:52:37,699 - INFO - V3 intraday failed, trying V2 for Bajaj Finance
2025-06-19 23:52:37,704 - INFO - Added 250 candles for Maruti_Suzuki
2025-06-19 23:52:37,709 - INFO - Progress: 4/15 symbols processed
2025-06-19 23:52:37,715 - INFO - V3 Intraday: Got 375 candles
2025-06-19 23:52:37,717 - INFO - Final dataset: 250 candles from 2025-06-19 11:20:00+05:30 to 2025-06-19 15:29:00+05:30
2025-06-19 23:52:37,717 - INFO - ✓ Successfully included today's data
2025-06-19 23:52:37,739 - INFO - Added 250 candles for HCL_Technologies
2025-06-19 23:52:37,818 - ERROR - V2 Intraday API failed for NSE_EQ|INE296A01024: 400 Client Error: Bad Request for url: https://api.upstox.com/v2/historical-candle/intraday/NSE_EQ%7CINE296A01024/1minute
2025-06-19 23:52:37,819 - INFO - Need 250 more candles from historical data
2025-06-19 23:52:37,819 - INFO - Fetching historical data from 2025-06-17 to 2025-06-19
2025-06-19 23:52:37,909 - INFO - Progress: 5/15 symbols processed
2025-06-19 23:52:37,948 - ERROR - V3 Historical API failed for NSE_EQ|INE296A01024: 400 Client Error: Bad Request for url: https://api.upstox.com/v3/historical-candle/NSE_EQ%7CINE296A01024/minutes/1/2025-06-19/2025-06-17
2025-06-19 23:52:38,094 - ERROR - V2 Historical API failed for NSE_EQ|INE296A01024: 400 Client Error: Bad Request for url: https://api.upstox.com/v2/historical-candle/NSE_EQ%7CINE296A01024/1minute/2025-06-19/2025-06-17
2025-06-19 23:52:38,094 - WARNING - No data received for Bajaj Finance
2025-06-19 23:52:38,110 - INFO - Progress: 6/15 symbols processed
2025-06-19 23:52:38,310 - INFO - Progress: 7/15 symbols processed
2025-06-19 23:52:38,510 - INFO - Progress: 8/15 symbols processed
2025-06-19 23:52:38,711 - INFO - Progress: 9/15 symbols processed
2025-06-19 23:52:38,911 - INFO - Progress: 10/15 symbols processed
2025-06-19 23:52:39,112 - INFO - Progress: 11/15 symbols processed
2025-06-19 23:52:39,312 - INFO - Progress: 12/15 symbols processed
2025-06-19 23:52:39,512 - INFO - Progress: 13/15 symbols processed
2025-06-19 23:52:39,713 - INFO - Progress: 14/15 symbols processed
2025-06-19 23:52:39,913 - INFO - Progress: 15/15 symbols processed
2025-06-19 23:52:40,115 - INFO - Enhanced fetch completed in 0:00:03.240230. 14 successful, 1 failed
