2025-06-19 23:52:53,703 - INFO - Logging to: /home/abhishek/projects/CUPCAKE/logs/enhanced_historical_data_fetcher_20250619_235253_IST.log
2025-06-19 23:52:53,704 - INFO - Script directory: /home/abhishek/projects/CUPCAKE/scripts
2025-06-19 23:52:53,704 - INFO - Looking for symbols.json at: /home/abhishek/projects/CUPCAKE/scripts/symbols.json
2025-06-19 23:52:53,704 - INFO - Loaded credentials from /home/abhishek/projects/CUPCAKE/authentication/credentials.json
2025-06-19 23:52:53,704 - INFO - Loaded 15 symbols from /home/abhishek/projects/CUPCAKE/scripts/symbols.json
2025-06-19 23:52:53,706 - INFO - Connected to Redis at localhost:6379, DB 0
2025-06-19 23:52:53,706 - INFO - Flushed Redis database
2025-06-19 23:52:53,706 - INFO - Starting enhanced data fetch at 2025-06-19 23:52:53.706811
2025-06-19 23:52:53,706 - INFO - Starting to process 15 symbols with 3 workers
2025-06-19 23:52:53,707 - INFO - Processing symbol: Reliance Industries (NSE_EQ|INE002A01018)
2025-06-19 23:52:53,707 - INFO - Processing symbol: Tata Consultancy Services (NSE_EQ|INE467B01029)
2025-06-19 23:52:53,707 - INFO - Processing symbol: Infosys (NSE_EQ|INE009A01021)
2025-06-19 23:52:53,779 - INFO - Trying V3 intraday API for Infosys
2025-06-19 23:52:53,782 - INFO - Trying V3 intraday API for Reliance Industries
2025-06-19 23:52:53,790 - INFO - Trying V3 intraday API for Tata Consultancy Services
2025-06-19 23:52:53,847 - INFO - V3 Intraday: Got 375 candles
2025-06-19 23:52:53,848 - INFO - Final dataset: 250 candles from 2025-06-19 11:20:00+05:30 to 2025-06-19 15:29:00+05:30
2025-06-19 23:52:53,849 - INFO - ✓ Successfully included today's data
2025-06-19 23:52:53,850 - INFO - V3 Intraday: Got 375 candles
2025-06-19 23:52:53,851 - INFO - Final dataset: 250 candles from 2025-06-19 11:20:00+05:30 to 2025-06-19 15:29:00+05:30
2025-06-19 23:52:53,852 - INFO - ✓ Successfully included today's data
2025-06-19 23:52:53,875 - INFO - V3 Intraday: Got 375 candles
2025-06-19 23:52:53,876 - INFO - Final dataset: 250 candles from 2025-06-19 11:20:00+05:30 to 2025-06-19 15:29:00+05:30
2025-06-19 23:52:53,877 - INFO - ✓ Successfully included today's data
2025-06-19 23:52:53,901 - INFO - Added 250 candles for Reliance_Industries
2025-06-19 23:52:53,902 - INFO - Added 250 candles for Infosys
2025-06-19 23:52:53,905 - INFO - Processing symbol: HDFC Bank (NSE_EQ|INE040A01034)
2025-06-19 23:52:53,906 - INFO - Trying V3 intraday API for HDFC Bank
2025-06-19 23:52:53,906 - INFO - Progress: 1/15 symbols processed
2025-06-19 23:52:53,906 - INFO - Processing symbol: ICICI Bank (NSE_EQ|INE090A01021)
2025-06-19 23:52:53,910 - INFO - Trying V3 intraday API for ICICI Bank
2025-06-19 23:52:53,923 - INFO - Added 250 candles for Tata_Consultancy_Services
2025-06-19 23:52:53,923 - INFO - Processing symbol: Hindustan Unilever (NSE_EQ|INE030A01027)
2025-06-19 23:52:53,923 - INFO - Trying V3 intraday API for Hindustan Unilever
2025-06-19 23:52:53,988 - INFO - V3 Intraday: Got 375 candles
2025-06-19 23:52:53,989 - INFO - Final dataset: 250 candles from 2025-06-19 11:20:00+05:30 to 2025-06-19 15:29:00+05:30
2025-06-19 23:52:53,989 - INFO - ✓ Successfully included today's data
2025-06-19 23:52:54,006 - INFO - V3 Intraday: Got 375 candles
2025-06-19 23:52:54,007 - INFO - Final dataset: 250 candles from 2025-06-19 11:20:00+05:30 to 2025-06-19 15:29:00+05:30
2025-06-19 23:52:54,007 - INFO - ✓ Successfully included today's data
2025-06-19 23:52:54,010 - INFO - Added 250 candles for ICICI_Bank
2025-06-19 23:52:54,014 - INFO - Processing symbol: ITC (NSE_EQ|INE154A01025)
2025-06-19 23:52:54,014 - INFO - Trying V3 intraday API for ITC
2025-06-19 23:52:54,032 - INFO - Added 250 candles for HDFC_Bank
2025-06-19 23:52:54,033 - INFO - Processing symbol: State Bank of India (NSE_EQ|INE062A01020)
2025-06-19 23:52:54,033 - INFO - Trying V3 intraday API for State Bank of India
2025-06-19 23:52:54,044 - INFO - V3 Intraday: Got 375 candles
2025-06-19 23:52:54,045 - INFO - Final dataset: 250 candles from 2025-06-19 11:20:00+05:30 to 2025-06-19 15:29:00+05:30
2025-06-19 23:52:54,045 - INFO - ✓ Successfully included today's data
2025-06-19 23:52:54,067 - INFO - Added 250 candles for Hindustan_Unilever
2025-06-19 23:52:54,068 - INFO - Processing symbol: Bharti Airtel (NSE_EQ|INE397D01024)
2025-06-19 23:52:54,068 - INFO - Trying V3 intraday API for Bharti Airtel
2025-06-19 23:52:54,100 - INFO - V3 Intraday: Got 375 candles
2025-06-19 23:52:54,101 - INFO - Final dataset: 250 candles from 2025-06-19 11:20:00+05:30 to 2025-06-19 15:29:00+05:30
2025-06-19 23:52:54,101 - INFO - ✓ Successfully included today's data
2025-06-19 23:52:54,110 - INFO - Progress: 2/15 symbols processed
2025-06-19 23:52:54,123 - INFO - Added 250 candles for ITC
2025-06-19 23:52:54,124 - INFO - Processing symbol: Kotak Mahindra Bank (NSE_EQ|INE237A01028)
2025-06-19 23:52:54,126 - INFO - Trying V3 intraday API for Kotak Mahindra Bank
2025-06-19 23:52:54,126 - INFO - V3 Intraday: Got 375 candles
2025-06-19 23:52:54,128 - INFO - Final dataset: 250 candles from 2025-06-19 11:20:00+05:30 to 2025-06-19 15:29:00+05:30
2025-06-19 23:52:54,128 - INFO - ✓ Successfully included today's data
2025-06-19 23:52:54,134 - INFO - V3 Intraday: Got 375 candles
2025-06-19 23:52:54,137 - INFO - Final dataset: 250 candles from 2025-06-19 11:20:00+05:30 to 2025-06-19 15:29:00+05:30
2025-06-19 23:52:54,140 - INFO - ✓ Successfully included today's data
2025-06-19 23:52:54,163 - INFO - Added 250 candles for State_Bank_of_India
2025-06-19 23:52:54,166 - INFO - Processing symbol: Larsen & Toubro (NSE_EQ|INE018A01030)
2025-06-19 23:52:54,166 - INFO - Trying V3 intraday API for Larsen & Toubro
2025-06-19 23:52:54,175 - INFO - Added 250 candles for Bharti_Airtel
2025-06-19 23:52:54,176 - INFO - Processing symbol: Asian Paints (NSE_EQ|INE021A01026)
2025-06-19 23:52:54,176 - INFO - Trying V3 intraday API for Asian Paints
2025-06-19 23:52:54,234 - INFO - V3 Intraday: Got 375 candles
2025-06-19 23:52:54,234 - INFO - Final dataset: 250 candles from 2025-06-19 11:20:00+05:30 to 2025-06-19 15:29:00+05:30
2025-06-19 23:52:54,235 - INFO - ✓ Successfully included today's data
2025-06-19 23:52:54,242 - INFO - V3 Intraday: Got 375 candles
2025-06-19 23:52:54,242 - INFO - Final dataset: 250 candles from 2025-06-19 11:20:00+05:30 to 2025-06-19 15:29:00+05:30
2025-06-19 23:52:54,242 - INFO - ✓ Successfully included today's data
2025-06-19 23:52:54,259 - INFO - V3 Intraday: Got 375 candles
2025-06-19 23:52:54,262 - INFO - Final dataset: 250 candles from 2025-06-19 11:20:00+05:30 to 2025-06-19 15:29:00+05:30
2025-06-19 23:52:54,262 - INFO - ✓ Successfully included today's data
2025-06-19 23:52:54,295 - INFO - Added 250 candles for Kotak_Mahindra_Bank
2025-06-19 23:52:54,297 - INFO - Added 250 candles for Larsen_and_Toubro
2025-06-19 23:52:54,297 - INFO - Processing symbol: Maruti Suzuki (NSE_EQ|INE585B01010)
2025-06-19 23:52:54,298 - INFO - Trying V3 intraday API for Maruti Suzuki
2025-06-19 23:52:54,301 - INFO - Processing symbol: Bajaj Finance (NSE_EQ|INE296A01024)
2025-06-19 23:52:54,301 - INFO - Trying V3 intraday API for Bajaj Finance
2025-06-19 23:52:54,310 - INFO - Progress: 3/15 symbols processed
2025-06-19 23:52:54,313 - INFO - Added 250 candles for Asian_Paints
2025-06-19 23:52:54,314 - INFO - Processing symbol: HCL Technologies (NSE_EQ|INE860A01027)
2025-06-19 23:52:54,314 - INFO - Trying V3 intraday API for HCL Technologies
2025-06-19 23:52:54,369 - INFO - V3 Intraday: Got 375 candles
2025-06-19 23:52:54,370 - INFO - Final dataset: 250 candles from 2025-06-19 11:20:00+05:30 to 2025-06-19 15:29:00+05:30
2025-06-19 23:52:54,370 - INFO - ✓ Successfully included today's data
2025-06-19 23:52:54,385 - INFO - V3 Intraday: Got 375 candles
2025-06-19 23:52:54,386 - INFO - Final dataset: 250 candles from 2025-06-19 11:20:00+05:30 to 2025-06-19 15:29:00+05:30
2025-06-19 23:52:54,387 - INFO - ✓ Successfully included today's data
2025-06-19 23:52:54,395 - ERROR - V3 Intraday API request failed for NSE_EQ|INE296A01024: 400 Client Error: Bad Request for url: https://api.upstox.com/v3/historical-candle/intraday/NSE_EQ%7CINE296A01024/minutes/1
2025-06-19 23:52:54,400 - INFO - V3 intraday failed, trying V2 for Bajaj Finance
2025-06-19 23:52:54,404 - INFO - Added 250 candles for Maruti_Suzuki
2025-06-19 23:52:54,419 - INFO - Added 250 candles for HCL_Technologies
2025-06-19 23:52:54,504 - ERROR - V2 Intraday API failed for NSE_EQ|INE296A01024: 400 Client Error: Bad Request for url: https://api.upstox.com/v2/historical-candle/intraday/NSE_EQ%7CINE296A01024/1minute
2025-06-19 23:52:54,504 - INFO - Need 250 more candles from historical data
2025-06-19 23:52:54,505 - INFO - Fetching historical data from 2025-06-17 to 2025-06-19
2025-06-19 23:52:54,511 - INFO - Progress: 4/15 symbols processed
2025-06-19 23:52:54,597 - ERROR - V3 Historical API failed for NSE_EQ|INE296A01024: 400 Client Error: Bad Request for url: https://api.upstox.com/v3/historical-candle/NSE_EQ%7CINE296A01024/minutes/1/2025-06-19/2025-06-17
2025-06-19 23:52:54,702 - ERROR - V2 Historical API failed for NSE_EQ|INE296A01024: 400 Client Error: Bad Request for url: https://api.upstox.com/v2/historical-candle/NSE_EQ%7CINE296A01024/1minute/2025-06-19/2025-06-17
2025-06-19 23:52:54,703 - WARNING - No data received for Bajaj Finance
2025-06-19 23:52:54,712 - INFO - Progress: 5/15 symbols processed
2025-06-19 23:52:54,913 - INFO - Progress: 6/15 symbols processed
2025-06-19 23:52:55,113 - INFO - Progress: 7/15 symbols processed
2025-06-19 23:52:55,314 - INFO - Progress: 8/15 symbols processed
2025-06-19 23:52:55,514 - INFO - Progress: 9/15 symbols processed
2025-06-19 23:52:55,715 - INFO - Progress: 10/15 symbols processed
2025-06-19 23:52:55,916 - INFO - Progress: 11/15 symbols processed
2025-06-19 23:52:56,116 - INFO - Progress: 12/15 symbols processed
2025-06-19 23:52:56,317 - INFO - Progress: 13/15 symbols processed
2025-06-19 23:52:56,517 - INFO - Progress: 14/15 symbols processed
2025-06-19 23:52:56,717 - INFO - Progress: 15/15 symbols processed
2025-06-19 23:52:56,918 - INFO - Enhanced fetch completed in 0:00:03.211843. 14 successful, 1 failed
