2025-06-19 23:53:10,559 - INFO - Logging to: /home/abhishek/projects/CUPCAKE/logs/enhanced_historical_data_fetcher_20250619_235310_IST.log
2025-06-19 23:53:10,560 - INFO - Script directory: /home/abhishek/projects/CUPCAKE/scripts
2025-06-19 23:53:10,560 - INFO - Looking for symbols.json at: /home/abhishek/projects/CUPCAKE/scripts/symbols.json
2025-06-19 23:53:10,560 - INFO - Loaded credentials from /home/abhishek/projects/CUPCAKE/authentication/credentials.json
2025-06-19 23:53:10,560 - INFO - Loaded 15 symbols from /home/abhishek/projects/CUPCAKE/scripts/symbols.json
2025-06-19 23:53:10,562 - INFO - Connected to Redis at localhost:6379, DB 0
2025-06-19 23:53:10,562 - INFO - Flushed Redis database
2025-06-19 23:53:10,562 - INFO - Starting enhanced data fetch at 2025-06-19 23:53:10.562796
2025-06-19 23:53:10,562 - INFO - Starting to process 15 symbols with 3 workers
2025-06-19 23:53:10,563 - INFO - Processing symbol: Reliance Industries (NSE_EQ|INE002A01018)
2025-06-19 23:53:10,563 - INFO - Processing symbol: Tata Consultancy Services (NSE_EQ|INE467B01029)
2025-06-19 23:53:10,563 - INFO - Processing symbol: Infosys (NSE_EQ|INE009A01021)
2025-06-19 23:53:10,638 - INFO - Trying V3 intraday API for Tata Consultancy Services
2025-06-19 23:53:10,641 - INFO - Trying V3 intraday API for Infosys
2025-06-19 23:53:10,644 - INFO - Trying V3 intraday API for Reliance Industries
2025-06-19 23:53:10,787 - INFO - V3 Intraday: Got 375 candles
2025-06-19 23:53:10,789 - INFO - Final dataset: 250 candles from 2025-06-19 11:20:00+05:30 to 2025-06-19 15:29:00+05:30
2025-06-19 23:53:10,790 - INFO - ✓ Successfully included today's data
2025-06-19 23:53:10,809 - INFO - V3 Intraday: Got 375 candles
2025-06-19 23:53:10,812 - INFO - Final dataset: 250 candles from 2025-06-19 11:20:00+05:30 to 2025-06-19 15:29:00+05:30
2025-06-19 23:53:10,823 - INFO - ✓ Successfully included today's data
2025-06-19 23:53:10,822 - INFO - V3 Intraday: Got 375 candles
2025-06-19 23:53:10,826 - INFO - Final dataset: 250 candles from 2025-06-19 11:20:00+05:30 to 2025-06-19 15:29:00+05:30
2025-06-19 23:53:10,829 - INFO - ✓ Successfully included today's data
2025-06-19 23:53:10,860 - INFO - Added 250 candles for Tata_Consultancy_Services
2025-06-19 23:53:10,863 - INFO - Processing symbol: HDFC Bank (NSE_EQ|INE040A01034)
2025-06-19 23:53:10,863 - INFO - Trying V3 intraday API for HDFC Bank
2025-06-19 23:53:10,865 - INFO - Progress: 1/15 symbols processed
2025-06-19 23:53:10,878 - INFO - Added 250 candles for Infosys
2025-06-19 23:53:10,879 - INFO - Processing symbol: ICICI Bank (NSE_EQ|INE090A01021)
2025-06-19 23:53:10,882 - INFO - Added 250 candles for Reliance_Industries
2025-06-19 23:53:10,882 - INFO - Trying V3 intraday API for ICICI Bank
2025-06-19 23:53:10,883 - INFO - Processing symbol: Hindustan Unilever (NSE_EQ|INE030A01027)
2025-06-19 23:53:10,883 - INFO - Trying V3 intraday API for Hindustan Unilever
2025-06-19 23:53:10,942 - INFO - V3 Intraday: Got 375 candles
2025-06-19 23:53:10,943 - INFO - Final dataset: 250 candles from 2025-06-19 11:20:00+05:30 to 2025-06-19 15:29:00+05:30
2025-06-19 23:53:10,943 - INFO - ✓ Successfully included today's data
2025-06-19 23:53:10,969 - INFO - Added 250 candles for HDFC_Bank
2025-06-19 23:53:10,969 - INFO - Processing symbol: ITC (NSE_EQ|INE154A01025)
2025-06-19 23:53:10,970 - INFO - Trying V3 intraday API for ITC
2025-06-19 23:53:10,983 - INFO - V3 Intraday: Got 375 candles
2025-06-19 23:53:10,984 - INFO - Final dataset: 250 candles from 2025-06-19 11:20:00+05:30 to 2025-06-19 15:29:00+05:30
2025-06-19 23:53:10,984 - INFO - ✓ Successfully included today's data
2025-06-19 23:53:10,997 - INFO - V3 Intraday: Got 375 candles
2025-06-19 23:53:10,998 - INFO - Final dataset: 250 candles from 2025-06-19 11:20:00+05:30 to 2025-06-19 15:29:00+05:30
2025-06-19 23:53:10,998 - INFO - ✓ Successfully included today's data
2025-06-19 23:53:11,029 - INFO - Added 250 candles for Hindustan_Unilever
2025-06-19 23:53:11,032 - INFO - Processing symbol: State Bank of India (NSE_EQ|INE062A01020)
2025-06-19 23:53:11,032 - INFO - Trying V3 intraday API for State Bank of India
2025-06-19 23:53:11,041 - INFO - Added 250 candles for ICICI_Bank
2025-06-19 23:53:11,042 - INFO - Processing symbol: Bharti Airtel (NSE_EQ|INE397D01024)
2025-06-19 23:53:11,042 - INFO - Trying V3 intraday API for Bharti Airtel
2025-06-19 23:53:11,068 - INFO - Progress: 2/15 symbols processed
2025-06-19 23:53:11,082 - INFO - V3 Intraday: Got 375 candles
2025-06-19 23:53:11,083 - INFO - Final dataset: 250 candles from 2025-06-19 11:20:00+05:30 to 2025-06-19 15:29:00+05:30
2025-06-19 23:53:11,083 - INFO - ✓ Successfully included today's data
2025-06-19 23:53:11,107 - INFO - Added 250 candles for ITC
2025-06-19 23:53:11,107 - INFO - Processing symbol: Kotak Mahindra Bank (NSE_EQ|INE237A01028)
2025-06-19 23:53:11,108 - INFO - Trying V3 intraday API for Kotak Mahindra Bank
2025-06-19 23:53:11,117 - INFO - V3 Intraday: Got 375 candles
2025-06-19 23:53:11,117 - INFO - Final dataset: 250 candles from 2025-06-19 11:20:00+05:30 to 2025-06-19 15:29:00+05:30
2025-06-19 23:53:11,118 - INFO - ✓ Successfully included today's data
2025-06-19 23:53:11,142 - INFO - Added 250 candles for State_Bank_of_India
2025-06-19 23:53:11,143 - INFO - Processing symbol: Larsen & Toubro (NSE_EQ|INE018A01030)
2025-06-19 23:53:11,143 - INFO - Trying V3 intraday API for Larsen & Toubro
2025-06-19 23:53:11,203 - INFO - V3 Intraday: Got 375 candles
2025-06-19 23:53:11,204 - INFO - Final dataset: 250 candles from 2025-06-19 11:20:00+05:30 to 2025-06-19 15:29:00+05:30
2025-06-19 23:53:11,204 - INFO - ✓ Successfully included today's data
2025-06-19 23:53:11,211 - INFO - V3 Intraday: Got 375 candles
2025-06-19 23:53:11,216 - INFO - Final dataset: 250 candles from 2025-06-19 11:20:00+05:30 to 2025-06-19 15:29:00+05:30
2025-06-19 23:53:11,218 - INFO - ✓ Successfully included today's data
2025-06-19 23:53:11,257 - INFO - Added 250 candles for Bharti_Airtel
2025-06-19 23:53:11,257 - INFO - V3 Intraday: Got 375 candles
2025-06-19 23:53:11,258 - INFO - Final dataset: 250 candles from 2025-06-19 11:20:00+05:30 to 2025-06-19 15:29:00+05:30
2025-06-19 23:53:11,258 - INFO - ✓ Successfully included today's data
2025-06-19 23:53:11,258 - INFO - Processing symbol: Asian Paints (NSE_EQ|INE021A01026)
2025-06-19 23:53:11,258 - INFO - Trying V3 intraday API for Asian Paints
2025-06-19 23:53:11,268 - INFO - Progress: 3/15 symbols processed
2025-06-19 23:53:11,272 - INFO - Added 250 candles for Kotak_Mahindra_Bank
2025-06-19 23:53:11,274 - INFO - Processing symbol: Maruti Suzuki (NSE_EQ|INE585B01010)
2025-06-19 23:53:11,275 - INFO - Trying V3 intraday API for Maruti Suzuki
2025-06-19 23:53:11,284 - INFO - Added 250 candles for Larsen_and_Toubro
2025-06-19 23:53:11,284 - INFO - Processing symbol: Bajaj Finance (NSE_EQ|INE296A01024)
2025-06-19 23:53:11,284 - INFO - Trying V3 intraday API for Bajaj Finance
2025-06-19 23:53:11,375 - ERROR - V3 Intraday API request failed for NSE_EQ|INE296A01024: 400 Client Error: Bad Request for url: https://api.upstox.com/v3/historical-candle/intraday/NSE_EQ%7CINE296A01024/minutes/1
2025-06-19 23:53:11,375 - INFO - V3 intraday failed, trying V2 for Bajaj Finance
2025-06-19 23:53:11,385 - INFO - V3 Intraday: Got 375 candles
2025-06-19 23:53:11,387 - INFO - Final dataset: 250 candles from 2025-06-19 11:20:00+05:30 to 2025-06-19 15:29:00+05:30
2025-06-19 23:53:11,389 - INFO - ✓ Successfully included today's data
2025-06-19 23:53:11,394 - INFO - V3 Intraday: Got 375 candles
2025-06-19 23:53:11,398 - INFO - Final dataset: 250 candles from 2025-06-19 11:20:00+05:30 to 2025-06-19 15:29:00+05:30
2025-06-19 23:53:11,398 - INFO - ✓ Successfully included today's data
2025-06-19 23:53:11,472 - INFO - Progress: 4/15 symbols processed
2025-06-19 23:53:11,503 - ERROR - V2 Intraday API failed for NSE_EQ|INE296A01024: 400 Client Error: Bad Request for url: https://api.upstox.com/v2/historical-candle/intraday/NSE_EQ%7CINE296A01024/1minute
2025-06-19 23:53:11,504 - INFO - Need 250 more candles from historical data
2025-06-19 23:53:11,504 - INFO - Fetching historical data from 2025-06-17 to 2025-06-19
2025-06-19 23:53:11,518 - INFO - Added 250 candles for Asian_Paints
2025-06-19 23:53:11,523 - INFO - Added 250 candles for Maruti_Suzuki
2025-06-19 23:53:11,524 - INFO - Processing symbol: HCL Technologies (NSE_EQ|INE860A01027)
2025-06-19 23:53:11,527 - INFO - Trying V3 intraday API for HCL Technologies
2025-06-19 23:53:11,612 - ERROR - V3 Historical API failed for NSE_EQ|INE296A01024: 400 Client Error: Bad Request for url: https://api.upstox.com/v3/historical-candle/NSE_EQ%7CINE296A01024/minutes/1/2025-06-19/2025-06-17
2025-06-19 23:53:11,651 - INFO - V3 Intraday: Got 375 candles
2025-06-19 23:53:11,653 - INFO - Final dataset: 250 candles from 2025-06-19 11:20:00+05:30 to 2025-06-19 15:29:00+05:30
2025-06-19 23:53:11,653 - INFO - ✓ Successfully included today's data
2025-06-19 23:53:11,679 - INFO - Progress: 5/15 symbols processed
2025-06-19 23:53:11,680 - INFO - Added 250 candles for HCL_Technologies
2025-06-19 23:53:11,733 - ERROR - V2 Historical API failed for NSE_EQ|INE296A01024: 400 Client Error: Bad Request for url: https://api.upstox.com/v2/historical-candle/NSE_EQ%7CINE296A01024/1minute/2025-06-19/2025-06-17
2025-06-19 23:53:11,733 - WARNING - No data received for Bajaj Finance
2025-06-19 23:53:11,879 - INFO - Progress: 6/15 symbols processed
2025-06-19 23:53:12,080 - INFO - Progress: 7/15 symbols processed
2025-06-19 23:53:12,280 - INFO - Progress: 8/15 symbols processed
2025-06-19 23:53:12,481 - INFO - Progress: 9/15 symbols processed
2025-06-19 23:53:12,681 - INFO - Progress: 10/15 symbols processed
2025-06-19 23:53:12,882 - INFO - Progress: 11/15 symbols processed
2025-06-19 23:53:13,083 - INFO - Progress: 12/15 symbols processed
2025-06-19 23:53:13,283 - INFO - Progress: 13/15 symbols processed
2025-06-19 23:53:13,484 - INFO - Progress: 14/15 symbols processed
2025-06-19 23:53:13,685 - INFO - Progress: 15/15 symbols processed
2025-06-19 23:53:13,887 - INFO - Enhanced fetch completed in 0:00:03.323408. 14 successful, 1 failed
