2025-06-19 23:52:25,612 - INFO - Logging to: /home/abhishek/projects/CUPCAKE/logs/enhanced_historical_data_fetcher_20250619_235225_IST.log
2025-06-19 23:52:25,613 - INFO - Script directory: /home/abhishek/projects/CUPCAKE/scripts
2025-06-19 23:52:25,613 - INFO - Looking for symbols.json at: /home/abhishek/projects/CUPCAKE/scripts/symbols.json
2025-06-19 23:52:25,613 - INFO - Loaded credentials from /home/abhishek/projects/CUPCAKE/authentication/credentials.json
2025-06-19 23:52:25,613 - INFO - Loaded 15 symbols from /home/abhishek/projects/CUPCAKE/scripts/symbols.json
2025-06-19 23:52:25,615 - INFO - Connected to Redis at localhost:6379, DB 0
2025-06-19 23:52:25,615 - INFO - Flushed Redis database
2025-06-19 23:52:25,615 - INFO - Starting enhanced data fetch at 2025-06-19 23:52:25.615852
2025-06-19 23:52:25,615 - INFO - Starting to process 15 symbols with 3 workers
2025-06-19 23:52:25,616 - INFO - Processing symbol: Reliance Industries (NSE_EQ|INE002A01018)
2025-06-19 23:52:25,616 - INFO - Processing symbol: Tata Consultancy Services (NSE_EQ|INE467B01029)
2025-06-19 23:52:25,617 - INFO - Processing symbol: Infosys (NSE_EQ|INE009A01021)
2025-06-19 23:52:25,695 - INFO - Trying V3 intraday API for Tata Consultancy Services
2025-06-19 23:52:25,703 - INFO - Trying V3 intraday API for Infosys
2025-06-19 23:52:25,726 - INFO - Trying V3 intraday API for Reliance Industries
2025-06-19 23:52:25,767 - INFO - V3 Intraday: Got 375 candles
2025-06-19 23:52:25,768 - INFO - Final dataset: 250 candles from 2025-06-19 11:20:00+05:30 to 2025-06-19 15:29:00+05:30
2025-06-19 23:52:25,768 - INFO - ✓ Successfully included today's data
2025-06-19 23:52:25,789 - INFO - V3 Intraday: Got 375 candles
2025-06-19 23:52:25,790 - INFO - Final dataset: 250 candles from 2025-06-19 11:20:00+05:30 to 2025-06-19 15:29:00+05:30
2025-06-19 23:52:25,792 - INFO - ✓ Successfully included today's data
2025-06-19 23:52:25,800 - INFO - V3 Intraday: Got 375 candles
2025-06-19 23:52:25,801 - INFO - Final dataset: 250 candles from 2025-06-19 11:20:00+05:30 to 2025-06-19 15:29:00+05:30
2025-06-19 23:52:25,802 - INFO - ✓ Successfully included today's data
2025-06-19 23:52:25,849 - INFO - Added 250 candles for Tata_Consultancy_Services
2025-06-19 23:52:25,851 - INFO - Processing symbol: HDFC Bank (NSE_EQ|INE040A01034)
2025-06-19 23:52:25,851 - INFO - Trying V3 intraday API for HDFC Bank
2025-06-19 23:52:25,856 - INFO - Progress: 1/15 symbols processed
2025-06-19 23:52:25,882 - INFO - Added 250 candles for Infosys
2025-06-19 23:52:25,886 - INFO - Processing symbol: ICICI Bank (NSE_EQ|INE090A01021)
2025-06-19 23:52:25,886 - INFO - Trying V3 intraday API for ICICI Bank
2025-06-19 23:52:25,892 - INFO - Added 250 candles for Reliance_Industries
2025-06-19 23:52:25,893 - INFO - Processing symbol: Hindustan Unilever (NSE_EQ|INE030A01027)
2025-06-19 23:52:25,893 - INFO - Trying V3 intraday API for Hindustan Unilever
2025-06-19 23:52:25,934 - INFO - V3 Intraday: Got 375 candles
2025-06-19 23:52:25,935 - INFO - Final dataset: 250 candles from 2025-06-19 11:20:00+05:30 to 2025-06-19 15:29:00+05:30
2025-06-19 23:52:25,935 - INFO - ✓ Successfully included today's data
2025-06-19 23:52:25,953 - INFO - V3 Intraday: Got 375 candles
2025-06-19 23:52:25,953 - INFO - Final dataset: 250 candles from 2025-06-19 11:20:00+05:30 to 2025-06-19 15:29:00+05:30
2025-06-19 23:52:25,955 - INFO - ✓ Successfully included today's data
2025-06-19 23:52:25,957 - INFO - Added 250 candles for HDFC_Bank
2025-06-19 23:52:25,958 - INFO - Processing symbol: ITC (NSE_EQ|INE154A01025)
2025-06-19 23:52:25,958 - INFO - Trying V3 intraday API for ITC
2025-06-19 23:52:25,976 - INFO - Added 250 candles for ICICI_Bank
2025-06-19 23:52:25,977 - INFO - Processing symbol: State Bank of India (NSE_EQ|INE062A01020)
2025-06-19 23:52:25,977 - INFO - Trying V3 intraday API for State Bank of India
2025-06-19 23:52:25,980 - INFO - V3 Intraday: Got 375 candles
2025-06-19 23:52:25,981 - INFO - Final dataset: 250 candles from 2025-06-19 11:20:00+05:30 to 2025-06-19 15:29:00+05:30
2025-06-19 23:52:25,981 - INFO - ✓ Successfully included today's data
2025-06-19 23:52:25,999 - INFO - Added 250 candles for Hindustan_Unilever
2025-06-19 23:52:26,000 - INFO - Processing symbol: Bharti Airtel (NSE_EQ|INE397D01024)
2025-06-19 23:52:26,000 - INFO - Trying V3 intraday API for Bharti Airtel
2025-06-19 23:52:26,031 - INFO - V3 Intraday: Got 375 candles
2025-06-19 23:52:26,033 - INFO - Final dataset: 250 candles from 2025-06-19 11:20:00+05:30 to 2025-06-19 15:29:00+05:30
2025-06-19 23:52:26,034 - INFO - ✓ Successfully included today's data
2025-06-19 23:52:26,058 - INFO - Progress: 2/15 symbols processed
2025-06-19 23:52:26,073 - INFO - V3 Intraday: Got 375 candles
2025-06-19 23:52:26,083 - INFO - Final dataset: 250 candles from 2025-06-19 11:20:00+05:30 to 2025-06-19 15:29:00+05:30
2025-06-19 23:52:26,089 - INFO - ✓ Successfully included today's data
2025-06-19 23:52:26,115 - INFO - V3 Intraday: Got 375 candles
2025-06-19 23:52:26,120 - INFO - Final dataset: 250 candles from 2025-06-19 11:20:00+05:30 to 2025-06-19 15:29:00+05:30
2025-06-19 23:52:26,129 - INFO - ✓ Successfully included today's data
2025-06-19 23:52:26,165 - INFO - Added 250 candles for ITC
2025-06-19 23:52:26,170 - INFO - Processing symbol: Kotak Mahindra Bank (NSE_EQ|INE237A01028)
2025-06-19 23:52:26,170 - INFO - Trying V3 intraday API for Kotak Mahindra Bank
2025-06-19 23:52:26,192 - INFO - Added 250 candles for State_Bank_of_India
2025-06-19 23:52:26,197 - INFO - Added 250 candles for Bharti_Airtel
2025-06-19 23:52:26,197 - INFO - Processing symbol: Larsen & Toubro (NSE_EQ|INE018A01030)
2025-06-19 23:52:26,197 - INFO - Trying V3 intraday API for Larsen & Toubro
2025-06-19 23:52:26,198 - INFO - Processing symbol: Asian Paints (NSE_EQ|INE021A01026)
2025-06-19 23:52:26,200 - INFO - Trying V3 intraday API for Asian Paints
2025-06-19 23:52:26,259 - INFO - Progress: 3/15 symbols processed
2025-06-19 23:52:26,261 - INFO - V3 Intraday: Got 375 candles
2025-06-19 23:52:26,262 - INFO - Final dataset: 250 candles from 2025-06-19 11:20:00+05:30 to 2025-06-19 15:29:00+05:30
2025-06-19 23:52:26,262 - INFO - ✓ Successfully included today's data
2025-06-19 23:52:26,280 - INFO - V3 Intraday: Got 375 candles
2025-06-19 23:52:26,282 - INFO - Final dataset: 250 candles from 2025-06-19 11:20:00+05:30 to 2025-06-19 15:29:00+05:30
2025-06-19 23:52:26,285 - INFO - ✓ Successfully included today's data
2025-06-19 23:52:26,287 - INFO - V3 Intraday: Got 375 candles
2025-06-19 23:52:26,290 - INFO - Final dataset: 250 candles from 2025-06-19 11:20:00+05:30 to 2025-06-19 15:29:00+05:30
2025-06-19 23:52:26,289 - INFO - Added 250 candles for Kotak_Mahindra_Bank
2025-06-19 23:52:26,290 - INFO - ✓ Successfully included today's data
2025-06-19 23:52:26,293 - INFO - Processing symbol: Maruti Suzuki (NSE_EQ|INE585B01010)
2025-06-19 23:52:26,294 - INFO - Trying V3 intraday API for Maruti Suzuki
2025-06-19 23:52:26,327 - INFO - Added 250 candles for Asian_Paints
2025-06-19 23:52:26,330 - INFO - Added 250 candles for Larsen_and_Toubro
2025-06-19 23:52:26,332 - INFO - Processing symbol: Bajaj Finance (NSE_EQ|INE296A01024)
2025-06-19 23:52:26,332 - INFO - Trying V3 intraday API for Bajaj Finance
2025-06-19 23:52:26,332 - INFO - Processing symbol: HCL Technologies (NSE_EQ|INE860A01027)
2025-06-19 23:52:26,333 - INFO - Trying V3 intraday API for HCL Technologies
2025-06-19 23:52:26,375 - INFO - V3 Intraday: Got 375 candles
2025-06-19 23:52:26,376 - INFO - Final dataset: 250 candles from 2025-06-19 11:20:00+05:30 to 2025-06-19 15:29:00+05:30
2025-06-19 23:52:26,376 - INFO - ✓ Successfully included today's data
2025-06-19 23:52:26,393 - INFO - Added 250 candles for Maruti_Suzuki
2025-06-19 23:52:26,409 - INFO - V3 Intraday: Got 375 candles
2025-06-19 23:52:26,409 - INFO - Final dataset: 250 candles from 2025-06-19 11:20:00+05:30 to 2025-06-19 15:29:00+05:30
2025-06-19 23:52:26,410 - INFO - ✓ Successfully included today's data
2025-06-19 23:52:26,427 - ERROR - V3 Intraday API request failed for NSE_EQ|INE296A01024: 400 Client Error: Bad Request for url: https://api.upstox.com/v3/historical-candle/intraday/NSE_EQ%7CINE296A01024/minutes/1
2025-06-19 23:52:26,427 - INFO - V3 intraday failed, trying V2 for Bajaj Finance
2025-06-19 23:52:26,429 - INFO - Added 250 candles for HCL_Technologies
2025-06-19 23:52:26,460 - INFO - Progress: 4/15 symbols processed
2025-06-19 23:52:26,527 - ERROR - V2 Intraday API failed for NSE_EQ|INE296A01024: 400 Client Error: Bad Request for url: https://api.upstox.com/v2/historical-candle/intraday/NSE_EQ%7CINE296A01024/1minute
2025-06-19 23:52:26,527 - INFO - Need 250 more candles from historical data
2025-06-19 23:52:26,527 - INFO - Fetching historical data from 2025-06-17 to 2025-06-19
2025-06-19 23:52:26,617 - ERROR - V3 Historical API failed for NSE_EQ|INE296A01024: 400 Client Error: Bad Request for url: https://api.upstox.com/v3/historical-candle/NSE_EQ%7CINE296A01024/minutes/1/2025-06-19/2025-06-17
2025-06-19 23:52:26,660 - INFO - Progress: 5/15 symbols processed
2025-06-19 23:52:26,714 - ERROR - V2 Historical API failed for NSE_EQ|INE296A01024: 400 Client Error: Bad Request for url: https://api.upstox.com/v2/historical-candle/NSE_EQ%7CINE296A01024/1minute/2025-06-19/2025-06-17
2025-06-19 23:52:26,714 - WARNING - No data received for Bajaj Finance
2025-06-19 23:52:26,861 - INFO - Progress: 6/15 symbols processed
2025-06-19 23:52:27,061 - INFO - Progress: 7/15 symbols processed
2025-06-19 23:52:27,262 - INFO - Progress: 8/15 symbols processed
2025-06-19 23:52:27,462 - INFO - Progress: 9/15 symbols processed
2025-06-19 23:52:27,662 - INFO - Progress: 10/15 symbols processed
2025-06-19 23:52:27,863 - INFO - Progress: 11/15 symbols processed
2025-06-19 23:52:28,063 - INFO - Progress: 12/15 symbols processed
2025-06-19 23:52:28,264 - INFO - Progress: 13/15 symbols processed
2025-06-19 23:52:28,464 - INFO - Progress: 14/15 symbols processed
2025-06-19 23:52:28,664 - INFO - Progress: 15/15 symbols processed
2025-06-19 23:52:28,865 - INFO - Enhanced fetch completed in 0:00:03.249577. 14 successful, 1 failed
