2025-06-19 23:53:33,267 - INFO - Logging to: /home/abhishek/projects/CUPCAKE/logs/enhanced_historical_data_fetcher_20250619_235333_IST.log
2025-06-19 23:53:33,268 - INFO - Script directory: /home/abhishek/projects/CUPCAKE/scripts
2025-06-19 23:53:33,268 - INFO - Looking for symbols.json at: /home/abhishek/projects/CUPCAKE/scripts/symbols.json
2025-06-19 23:53:33,268 - INFO - Loaded credentials from /home/abhishek/projects/CUPCAKE/authentication/credentials.json
2025-06-19 23:53:33,268 - INFO - Loaded 15 symbols from /home/abhishek/projects/CUPCAKE/scripts/symbols.json
2025-06-19 23:53:33,270 - INFO - Connected to Redis at localhost:6379, DB 0
2025-06-19 23:53:33,270 - INFO - Flushed Redis database
2025-06-19 23:53:33,270 - INFO - Starting enhanced data fetch at 2025-06-19 23:53:33.270746
2025-06-19 23:53:33,270 - INFO - Starting to process 15 symbols with 3 workers
2025-06-19 23:53:33,271 - INFO - Processing symbol: Reliance Industries (NSE_EQ|INE002A01018)
2025-06-19 23:53:33,271 - INFO - Processing symbol: Tata Consultancy Services (NSE_EQ|INE467B01029)
2025-06-19 23:53:33,271 - INFO - Processing symbol: Infosys (NSE_EQ|INE009A01021)
2025-06-19 23:53:33,352 - INFO - Trying V3 intraday API for Reliance Industries
2025-06-19 23:53:33,355 - INFO - Trying V3 intraday API for Infosys
2025-06-19 23:53:33,380 - INFO - Trying V3 intraday API for Tata Consultancy Services
2025-06-19 23:53:33,442 - INFO - V3 Intraday: Got 375 candles
2025-06-19 23:53:33,443 - INFO - V3 Intraday: Got 375 candles
2025-06-19 23:53:33,444 - INFO - Final dataset: 250 candles from 2025-06-19 11:20:00+05:30 to 2025-06-19 15:29:00+05:30
2025-06-19 23:53:33,447 - INFO - Final dataset: 250 candles from 2025-06-19 11:20:00+05:30 to 2025-06-19 15:29:00+05:30
2025-06-19 23:53:33,448 - INFO - ✓ Successfully included today's data
2025-06-19 23:53:33,455 - INFO - ✓ Successfully included today's data
2025-06-19 23:53:33,474 - INFO - V3 Intraday: Got 375 candles
2025-06-19 23:53:33,480 - INFO - Final dataset: 250 candles from 2025-06-19 11:20:00+05:30 to 2025-06-19 15:29:00+05:30
2025-06-19 23:53:33,481 - INFO - ✓ Successfully included today's data
2025-06-19 23:53:33,510 - INFO - Added 250 candles for Reliance_Industries
2025-06-19 23:53:33,512 - INFO - Processing symbol: HDFC Bank (NSE_EQ|INE040A01034)
2025-06-19 23:53:33,513 - INFO - Trying V3 intraday API for HDFC Bank
2025-06-19 23:53:33,513 - INFO - Progress: 1/15 symbols processed
2025-06-19 23:53:33,528 - INFO - Added 250 candles for Infosys
2025-06-19 23:53:33,530 - INFO - Processing symbol: ICICI Bank (NSE_EQ|INE090A01021)
2025-06-19 23:53:33,531 - INFO - Trying V3 intraday API for ICICI Bank
2025-06-19 23:53:33,536 - INFO - Added 250 candles for Tata_Consultancy_Services
2025-06-19 23:53:33,537 - INFO - Processing symbol: Hindustan Unilever (NSE_EQ|INE030A01027)
2025-06-19 23:53:33,537 - INFO - Trying V3 intraday API for Hindustan Unilever
2025-06-19 23:53:33,614 - INFO - V3 Intraday: Got 375 candles
2025-06-19 23:53:33,615 - INFO - Final dataset: 250 candles from 2025-06-19 11:20:00+05:30 to 2025-06-19 15:29:00+05:30
2025-06-19 23:53:33,616 - INFO - ✓ Successfully included today's data
2025-06-19 23:53:33,618 - INFO - V3 Intraday: Got 375 candles
2025-06-19 23:53:33,619 - INFO - Final dataset: 250 candles from 2025-06-19 11:20:00+05:30 to 2025-06-19 15:29:00+05:30
2025-06-19 23:53:33,620 - INFO - ✓ Successfully included today's data
2025-06-19 23:53:33,646 - INFO - V3 Intraday: Got 375 candles
2025-06-19 23:53:33,649 - INFO - Final dataset: 250 candles from 2025-06-19 11:20:00+05:30 to 2025-06-19 15:29:00+05:30
2025-06-19 23:53:33,651 - INFO - ✓ Successfully included today's data
2025-06-19 23:53:33,660 - INFO - Added 250 candles for Hindustan_Unilever
2025-06-19 23:53:33,666 - INFO - Processing symbol: ITC (NSE_EQ|INE154A01025)
2025-06-19 23:53:33,668 - INFO - Trying V3 intraday API for ITC
2025-06-19 23:53:33,668 - INFO - Added 250 candles for ICICI_Bank
2025-06-19 23:53:33,674 - INFO - Processing symbol: State Bank of India (NSE_EQ|INE062A01020)
2025-06-19 23:53:33,675 - INFO - Trying V3 intraday API for State Bank of India
2025-06-19 23:53:33,683 - INFO - Added 250 candles for HDFC_Bank
2025-06-19 23:53:33,684 - INFO - Processing symbol: Bharti Airtel (NSE_EQ|INE397D01024)
2025-06-19 23:53:33,684 - INFO - Trying V3 intraday API for Bharti Airtel
2025-06-19 23:53:33,719 - INFO - Progress: 2/15 symbols processed
2025-06-19 23:53:33,752 - INFO - V3 Intraday: Got 375 candles
2025-06-19 23:53:33,755 - INFO - Final dataset: 250 candles from 2025-06-19 11:20:00+05:30 to 2025-06-19 15:29:00+05:30
2025-06-19 23:53:33,755 - INFO - ✓ Successfully included today's data
2025-06-19 23:53:33,767 - INFO - V3 Intraday: Got 375 candles
2025-06-19 23:53:33,774 - INFO - V3 Intraday: Got 375 candles
2025-06-19 23:53:33,783 - INFO - Final dataset: 250 candles from 2025-06-19 11:20:00+05:30 to 2025-06-19 15:29:00+05:30
2025-06-19 23:53:33,789 - INFO - Final dataset: 250 candles from 2025-06-19 11:20:00+05:30 to 2025-06-19 15:29:00+05:30
2025-06-19 23:53:33,789 - INFO - ✓ Successfully included today's data
2025-06-19 23:53:33,793 - INFO - ✓ Successfully included today's data
2025-06-19 23:53:33,883 - INFO - Added 250 candles for ITC
2025-06-19 23:53:33,889 - INFO - Processing symbol: Kotak Mahindra Bank (NSE_EQ|INE237A01028)
2025-06-19 23:53:33,889 - INFO - Trying V3 intraday API for Kotak Mahindra Bank
2025-06-19 23:53:33,905 - INFO - Added 250 candles for State_Bank_of_India
2025-06-19 23:53:33,908 - INFO - Added 250 candles for Bharti_Airtel
2025-06-19 23:53:33,909 - INFO - Processing symbol: Larsen & Toubro (NSE_EQ|INE018A01030)
2025-06-19 23:53:33,909 - INFO - Trying V3 intraday API for Larsen & Toubro
2025-06-19 23:53:33,911 - INFO - Processing symbol: Asian Paints (NSE_EQ|INE021A01026)
2025-06-19 23:53:33,911 - INFO - Trying V3 intraday API for Asian Paints
2025-06-19 23:53:33,919 - INFO - Progress: 3/15 symbols processed
2025-06-19 23:53:33,983 - INFO - V3 Intraday: Got 375 candles
2025-06-19 23:53:33,985 - INFO - Final dataset: 250 candles from 2025-06-19 11:20:00+05:30 to 2025-06-19 15:29:00+05:30
2025-06-19 23:53:33,985 - INFO - ✓ Successfully included today's data
2025-06-19 23:53:33,996 - INFO - V3 Intraday: Got 375 candles
2025-06-19 23:53:33,998 - INFO - Final dataset: 250 candles from 2025-06-19 11:20:00+05:30 to 2025-06-19 15:29:00+05:30
2025-06-19 23:53:34,003 - INFO - ✓ Successfully included today's data
2025-06-19 23:53:34,010 - INFO - V3 Intraday: Got 375 candles
2025-06-19 23:53:34,015 - INFO - Final dataset: 250 candles from 2025-06-19 11:20:00+05:30 to 2025-06-19 15:29:00+05:30
2025-06-19 23:53:34,020 - INFO - ✓ Successfully included today's data
2025-06-19 23:53:34,128 - INFO - Progress: 4/15 symbols processed
2025-06-19 23:53:34,143 - INFO - Added 250 candles for Kotak_Mahindra_Bank
2025-06-19 23:53:34,150 - INFO - Processing symbol: Maruti Suzuki (NSE_EQ|INE585B01010)
2025-06-19 23:53:34,151 - INFO - Trying V3 intraday API for Maruti Suzuki
2025-06-19 23:53:34,172 - INFO - Added 250 candles for Asian_Paints
2025-06-19 23:53:34,178 - INFO - Processing symbol: Bajaj Finance (NSE_EQ|INE296A01024)
2025-06-19 23:53:34,179 - INFO - Trying V3 intraday API for Bajaj Finance
2025-06-19 23:53:34,193 - INFO - Added 250 candles for Larsen_and_Toubro
2025-06-19 23:53:34,194 - INFO - Processing symbol: HCL Technologies (NSE_EQ|INE860A01027)
2025-06-19 23:53:34,195 - INFO - Trying V3 intraday API for HCL Technologies
2025-06-19 23:53:34,253 - INFO - V3 Intraday: Got 375 candles
2025-06-19 23:53:34,256 - INFO - Final dataset: 250 candles from 2025-06-19 11:20:00+05:30 to 2025-06-19 15:29:00+05:30
2025-06-19 23:53:34,256 - INFO - ✓ Successfully included today's data
2025-06-19 23:53:34,277 - INFO - V3 Intraday: Got 375 candles
2025-06-19 23:53:34,279 - INFO - Final dataset: 250 candles from 2025-06-19 11:20:00+05:30 to 2025-06-19 15:29:00+05:30
2025-06-19 23:53:34,280 - INFO - ✓ Successfully included today's data
2025-06-19 23:53:34,295 - ERROR - V3 Intraday API request failed for NSE_EQ|INE296A01024: 400 Client Error: Bad Request for url: https://api.upstox.com/v3/historical-candle/intraday/NSE_EQ%7CINE296A01024/minutes/1
2025-06-19 23:53:34,295 - INFO - V3 intraday failed, trying V2 for Bajaj Finance
2025-06-19 23:53:34,330 - INFO - Progress: 5/15 symbols processed
2025-06-19 23:53:34,365 - INFO - Added 250 candles for Maruti_Suzuki
2025-06-19 23:53:34,390 - INFO - Added 250 candles for HCL_Technologies
2025-06-19 23:53:34,446 - ERROR - V2 Intraday API failed for NSE_EQ|INE296A01024: 400 Client Error: Bad Request for url: https://api.upstox.com/v2/historical-candle/intraday/NSE_EQ%7CINE296A01024/1minute
2025-06-19 23:53:34,446 - INFO - Need 250 more candles from historical data
2025-06-19 23:53:34,447 - INFO - Fetching historical data from 2025-06-17 to 2025-06-19
2025-06-19 23:53:34,531 - INFO - Progress: 6/15 symbols processed
2025-06-19 23:53:34,551 - ERROR - V3 Historical API failed for NSE_EQ|INE296A01024: 400 Client Error: Bad Request for url: https://api.upstox.com/v3/historical-candle/NSE_EQ%7CINE296A01024/minutes/1/2025-06-19/2025-06-17
2025-06-19 23:53:34,659 - ERROR - V2 Historical API failed for NSE_EQ|INE296A01024: 400 Client Error: Bad Request for url: https://api.upstox.com/v2/historical-candle/NSE_EQ%7CINE296A01024/1minute/2025-06-19/2025-06-17
2025-06-19 23:53:34,659 - WARNING - No data received for Bajaj Finance
2025-06-19 23:53:34,732 - INFO - Progress: 7/15 symbols processed
2025-06-19 23:53:34,932 - INFO - Progress: 8/15 symbols processed
2025-06-19 23:53:35,133 - INFO - Progress: 9/15 symbols processed
2025-06-19 23:53:35,334 - INFO - Progress: 10/15 symbols processed
2025-06-19 23:53:35,535 - INFO - Progress: 11/15 symbols processed
2025-06-19 23:53:35,735 - INFO - Progress: 12/15 symbols processed
2025-06-19 23:53:35,936 - INFO - Progress: 13/15 symbols processed
2025-06-19 23:53:36,137 - INFO - Progress: 14/15 symbols processed
2025-06-19 23:53:36,340 - INFO - Progress: 15/15 symbols processed
2025-06-19 23:53:36,542 - INFO - Enhanced fetch completed in 0:00:03.270869. 14 successful, 1 failed
