2025-06-19 10:21:01,976 - INFO - Logging to: /home/abhishek/projects/CUPCAKE/logs/enhanced_historical_data_fetcher_20250619_102101_IST.log
2025-06-19 10:21:01,977 - INFO - Script directory: /home/abhishek/projects/CUPCAKE/scripts
2025-06-19 10:21:01,978 - INFO - Looking for symbols.json at: /home/abhishek/projects/CUPCAKE/scripts/symbols.json
2025-06-19 10:21:01,978 - INFO - Loaded credentials from /home/abhishek/projects/CUPCAKE/authentication/credentials.json
2025-06-19 10:21:01,978 - INFO - Loaded 15 symbols from /home/abhishek/projects/CUPCAKE/scripts/symbols.json
2025-06-19 10:21:01,979 - INFO - Connected to Redis at localhost:6379, DB 0
2025-06-19 10:21:01,980 - INFO - Flushed Redis database
2025-06-19 10:21:01,980 - INFO - Starting enhanced data fetch at 2025-06-19 10:21:01.980289
2025-06-19 10:21:01,980 - INFO - Starting to process 15 symbols with 3 workers
2025-06-19 10:21:01,980 - INFO - Processing symbol: Reliance Industries (NSE_EQ|INE002A01018)
2025-06-19 10:21:01,980 - INFO - Processing symbol: Tata Consultancy Services (NSE_EQ|INE467B01029)
2025-06-19 10:21:01,981 - INFO - Processing symbol: Infosys (NSE_EQ|INE009A01021)
2025-06-19 10:21:02,086 - INFO - Trying V3 intraday API for Infosys
2025-06-19 10:21:02,109 - INFO - Trying V3 intraday API for Reliance Industries
2025-06-19 10:21:02,151 - INFO - Trying V3 intraday API for Tata Consultancy Services
2025-06-19 10:21:02,182 - INFO - V3 Intraday: Got 65 candles
2025-06-19 10:21:02,182 - INFO - Need 185 more candles from historical data
2025-06-19 10:21:02,183 - INFO - Fetching historical data from 2025-06-17 to 2025-06-18
2025-06-19 10:21:02,224 - INFO - V3 Intraday: Got 65 candles
2025-06-19 10:21:02,224 - INFO - Need 185 more candles from historical data
2025-06-19 10:21:02,225 - INFO - Fetching historical data from 2025-06-17 to 2025-06-18
2025-06-19 10:21:02,247 - INFO - V3 Intraday: Got 65 candles
2025-06-19 10:21:02,247 - INFO - Need 185 more candles from historical data
2025-06-19 10:21:02,247 - INFO - Fetching historical data from 2025-06-17 to 2025-06-18
2025-06-19 10:21:02,280 - INFO - V3 Historical: Got 750 candles
2025-06-19 10:21:02,282 - INFO - Final dataset: 250 candles from 2025-06-18 12:25:00+05:30 to 2025-06-19 10:19:00+05:30
2025-06-19 10:21:02,282 - INFO - ✓ Successfully included today's data
2025-06-19 10:21:02,299 - INFO - V3 Historical: Got 750 candles
2025-06-19 10:21:02,300 - INFO - Final dataset: 250 candles from 2025-06-18 12:25:00+05:30 to 2025-06-19 10:19:00+05:30
2025-06-19 10:21:02,301 - INFO - ✓ Successfully included today's data
2025-06-19 10:21:02,312 - INFO - Added 250 candles for Infosys
2025-06-19 10:21:02,313 - INFO - Processing symbol: HDFC Bank (NSE_EQ|INE040A01034)
2025-06-19 10:21:02,313 - INFO - Progress: 1/15 symbols processed
2025-06-19 10:21:02,313 - INFO - Trying V3 intraday API for HDFC Bank
2025-06-19 10:21:02,331 - INFO - Added 250 candles for Reliance_Industries
2025-06-19 10:21:02,331 - INFO - Processing symbol: ICICI Bank (NSE_EQ|INE090A01021)
2025-06-19 10:21:02,331 - INFO - Trying V3 intraday API for ICICI Bank
2025-06-19 10:21:02,337 - INFO - V3 Historical: Got 750 candles
2025-06-19 10:21:02,339 - INFO - Final dataset: 250 candles from 2025-06-18 12:25:00+05:30 to 2025-06-19 10:19:00+05:30
2025-06-19 10:21:02,339 - INFO - ✓ Successfully included today's data
2025-06-19 10:21:02,362 - INFO - Added 250 candles for Tata_Consultancy_Services
2025-06-19 10:21:02,363 - INFO - Processing symbol: Hindustan Unilever (NSE_EQ|INE030A01027)
2025-06-19 10:21:02,363 - INFO - Trying V3 intraday API for Hindustan Unilever
2025-06-19 10:21:02,420 - INFO - V3 Intraday: Got 65 candles
2025-06-19 10:21:02,421 - INFO - Need 185 more candles from historical data
2025-06-19 10:21:02,421 - INFO - Fetching historical data from 2025-06-17 to 2025-06-18
2025-06-19 10:21:02,432 - INFO - V3 Intraday: Got 65 candles
2025-06-19 10:21:02,432 - INFO - Need 185 more candles from historical data
2025-06-19 10:21:02,432 - INFO - Fetching historical data from 2025-06-17 to 2025-06-18
2025-06-19 10:21:02,456 - INFO - V3 Intraday: Got 65 candles
2025-06-19 10:21:02,456 - INFO - Need 185 more candles from historical data
2025-06-19 10:21:02,456 - INFO - Fetching historical data from 2025-06-17 to 2025-06-18
2025-06-19 10:21:02,498 - INFO - V3 Historical: Got 750 candles
2025-06-19 10:21:02,499 - INFO - Final dataset: 250 candles from 2025-06-18 12:25:00+05:30 to 2025-06-19 10:19:00+05:30
2025-06-19 10:21:02,499 - INFO - ✓ Successfully included today's data
2025-06-19 10:21:02,513 - INFO - V3 Historical: Got 750 candles
2025-06-19 10:21:02,515 - INFO - Final dataset: 250 candles from 2025-06-18 12:25:00+05:30 to 2025-06-19 10:19:00+05:30
2025-06-19 10:21:02,516 - INFO - Progress: 2/15 symbols processed
2025-06-19 10:21:02,517 - INFO - ✓ Successfully included today's data
2025-06-19 10:21:02,532 - INFO - Added 250 candles for HDFC_Bank
2025-06-19 10:21:02,535 - INFO - Processing symbol: ITC (NSE_EQ|INE154A01025)
2025-06-19 10:21:02,535 - INFO - Trying V3 intraday API for ITC
2025-06-19 10:21:02,546 - INFO - V3 Historical: Got 750 candles
2025-06-19 10:21:02,549 - INFO - Final dataset: 250 candles from 2025-06-18 12:25:00+05:30 to 2025-06-19 10:19:00+05:30
2025-06-19 10:21:02,549 - INFO - ✓ Successfully included today's data
2025-06-19 10:21:02,560 - INFO - Added 250 candles for ICICI_Bank
2025-06-19 10:21:02,561 - INFO - Processing symbol: State Bank of India (NSE_EQ|INE062A01020)
2025-06-19 10:21:02,562 - INFO - Trying V3 intraday API for State Bank of India
2025-06-19 10:21:02,586 - INFO - Added 250 candles for Hindustan_Unilever
2025-06-19 10:21:02,588 - INFO - Processing symbol: Bharti Airtel (NSE_EQ|INE397D01024)
2025-06-19 10:21:02,588 - INFO - Trying V3 intraday API for Bharti Airtel
2025-06-19 10:21:02,669 - INFO - V3 Intraday: Got 65 candles
2025-06-19 10:21:02,669 - INFO - Need 185 more candles from historical data
2025-06-19 10:21:02,669 - INFO - Fetching historical data from 2025-06-17 to 2025-06-18
2025-06-19 10:21:02,682 - INFO - V3 Intraday: Got 65 candles
2025-06-19 10:21:02,682 - INFO - Need 185 more candles from historical data
2025-06-19 10:21:02,682 - INFO - Fetching historical data from 2025-06-17 to 2025-06-18
2025-06-19 10:21:02,704 - INFO - V3 Intraday: Got 65 candles
2025-06-19 10:21:02,704 - INFO - Need 185 more candles from historical data
2025-06-19 10:21:02,704 - INFO - Fetching historical data from 2025-06-17 to 2025-06-18
2025-06-19 10:21:02,719 - INFO - Progress: 3/15 symbols processed
2025-06-19 10:21:02,770 - INFO - V3 Historical: Got 750 candles
2025-06-19 10:21:02,772 - INFO - Final dataset: 250 candles from 2025-06-18 12:25:00+05:30 to 2025-06-19 10:19:00+05:30
2025-06-19 10:21:02,772 - INFO - ✓ Successfully included today's data
2025-06-19 10:21:02,790 - INFO - V3 Historical: Got 750 candles
2025-06-19 10:21:02,792 - INFO - Final dataset: 250 candles from 2025-06-18 12:25:00+05:30 to 2025-06-19 10:19:00+05:30
2025-06-19 10:21:02,792 - INFO - ✓ Successfully included today's data
2025-06-19 10:21:02,819 - INFO - V3 Historical: Got 750 candles
2025-06-19 10:21:02,824 - INFO - Added 250 candles for State_Bank_of_India
2025-06-19 10:21:02,829 - INFO - Processing symbol: Kotak Mahindra Bank (NSE_EQ|INE237A01028)
2025-06-19 10:21:02,829 - INFO - Trying V3 intraday API for Kotak Mahindra Bank
2025-06-19 10:21:02,827 - INFO - Final dataset: 250 candles from 2025-06-18 12:25:00+05:30 to 2025-06-19 10:19:00+05:30
2025-06-19 10:21:02,831 - INFO - ✓ Successfully included today's data
2025-06-19 10:21:02,844 - INFO - Added 250 candles for Bharti_Airtel
2025-06-19 10:21:02,847 - INFO - Processing symbol: Larsen & Toubro (NSE_EQ|INE018A01030)
2025-06-19 10:21:02,848 - INFO - Trying V3 intraday API for Larsen & Toubro
2025-06-19 10:21:02,868 - INFO - Added 250 candles for ITC
2025-06-19 10:21:02,869 - INFO - Processing symbol: Asian Paints (NSE_EQ|INE021A01026)
2025-06-19 10:21:02,869 - INFO - Trying V3 intraday API for Asian Paints
2025-06-19 10:21:02,919 - INFO - Progress: 4/15 symbols processed
2025-06-19 10:21:02,950 - INFO - V3 Intraday: Got 65 candles
2025-06-19 10:21:02,951 - INFO - Need 185 more candles from historical data
2025-06-19 10:21:02,951 - INFO - Fetching historical data from 2025-06-17 to 2025-06-18
2025-06-19 10:21:02,954 - INFO - V3 Intraday: Got 65 candles
2025-06-19 10:21:02,954 - INFO - Need 185 more candles from historical data
2025-06-19 10:21:02,954 - INFO - Fetching historical data from 2025-06-17 to 2025-06-18
2025-06-19 10:21:02,991 - INFO - V3 Intraday: Got 65 candles
2025-06-19 10:21:02,992 - INFO - Need 185 more candles from historical data
2025-06-19 10:21:02,992 - INFO - Fetching historical data from 2025-06-17 to 2025-06-18
2025-06-19 10:21:03,033 - INFO - V3 Historical: Got 750 candles
2025-06-19 10:21:03,034 - INFO - Final dataset: 250 candles from 2025-06-18 12:25:00+05:30 to 2025-06-19 10:19:00+05:30
2025-06-19 10:21:03,035 - INFO - V3 Historical: Got 750 candles
2025-06-19 10:21:03,035 - INFO - ✓ Successfully included today's data
2025-06-19 10:21:03,036 - INFO - Final dataset: 250 candles from 2025-06-18 12:25:00+05:30 to 2025-06-19 10:19:00+05:30
2025-06-19 10:21:03,037 - INFO - ✓ Successfully included today's data
2025-06-19 10:21:03,071 - INFO - V3 Historical: Got 750 candles
2025-06-19 10:21:03,072 - INFO - Final dataset: 250 candles from 2025-06-18 12:25:00+05:30 to 2025-06-19 10:19:00+05:30
2025-06-19 10:21:03,073 - INFO - ✓ Successfully included today's data
2025-06-19 10:21:03,081 - INFO - Added 250 candles for Larsen_and_Toubro
2025-06-19 10:21:03,088 - INFO - Added 250 candles for Kotak_Mahindra_Bank
2025-06-19 10:21:03,089 - INFO - Processing symbol: Maruti Suzuki (NSE_EQ|INE585B01010)
2025-06-19 10:21:03,089 - INFO - Processing symbol: Bajaj Finance (NSE_EQ|INE296A01024)
2025-06-19 10:21:03,089 - INFO - Trying V3 intraday API for Maruti Suzuki
2025-06-19 10:21:03,090 - INFO - Trying V3 intraday API for Bajaj Finance
2025-06-19 10:21:03,107 - INFO - Added 250 candles for Asian_Paints
2025-06-19 10:21:03,107 - INFO - Processing symbol: HCL Technologies (NSE_EQ|INE860A01027)
2025-06-19 10:21:03,108 - INFO - Trying V3 intraday API for HCL Technologies
2025-06-19 10:21:03,120 - INFO - Progress: 5/15 symbols processed
2025-06-19 10:21:03,188 - INFO - V3 Intraday: Got 65 candles
2025-06-19 10:21:03,188 - INFO - Need 185 more candles from historical data
2025-06-19 10:21:03,188 - INFO - Fetching historical data from 2025-06-17 to 2025-06-18
2025-06-19 10:21:03,191 - ERROR - V3 Intraday API request failed for NSE_EQ|INE296A01024: 400 Client Error: Bad Request for url: https://api.upstox.com/v3/historical-candle/intraday/NSE_EQ%7CINE296A01024/minutes/1
2025-06-19 10:21:03,191 - INFO - V3 intraday failed, trying V2 for Bajaj Finance
2025-06-19 10:21:03,199 - INFO - V3 Intraday: Got 65 candles
2025-06-19 10:21:03,199 - INFO - Need 185 more candles from historical data
2025-06-19 10:21:03,200 - INFO - Fetching historical data from 2025-06-17 to 2025-06-18
2025-06-19 10:21:03,266 - INFO - V3 Historical: Got 750 candles
2025-06-19 10:21:03,267 - INFO - Final dataset: 250 candles from 2025-06-18 12:25:00+05:30 to 2025-06-19 10:19:00+05:30
2025-06-19 10:21:03,267 - INFO - ✓ Successfully included today's data
2025-06-19 10:21:03,282 - INFO - V3 Historical: Got 750 candles
2025-06-19 10:21:03,287 - INFO - Final dataset: 250 candles from 2025-06-18 12:25:00+05:30 to 2025-06-19 10:19:00+05:30
2025-06-19 10:21:03,288 - INFO - ✓ Successfully included today's data
2025-06-19 10:21:03,295 - ERROR - V2 Intraday API failed for NSE_EQ|INE296A01024: 400 Client Error: Bad Request for url: https://api.upstox.com/v2/historical-candle/intraday/NSE_EQ%7CINE296A01024/1minute
2025-06-19 10:21:03,296 - INFO - Need 250 more candles from historical data
2025-06-19 10:21:03,300 - INFO - Fetching historical data from 2025-06-17 to 2025-06-19
2025-06-19 10:21:03,304 - INFO - Added 250 candles for Maruti_Suzuki
2025-06-19 10:21:03,318 - INFO - Added 250 candles for HCL_Technologies
2025-06-19 10:21:03,320 - INFO - Progress: 6/15 symbols processed
2025-06-19 10:21:03,404 - ERROR - V3 Historical API failed for NSE_EQ|INE296A01024: 400 Client Error: Bad Request for url: https://api.upstox.com/v3/historical-candle/NSE_EQ%7CINE296A01024/minutes/1/2025-06-19/2025-06-17
2025-06-19 10:21:03,520 - ERROR - V2 Historical API failed for NSE_EQ|INE296A01024: 400 Client Error: Bad Request for url: https://api.upstox.com/v2/historical-candle/NSE_EQ%7CINE296A01024/1minute/2025-06-19/2025-06-17
2025-06-19 10:21:03,521 - INFO - Progress: 7/15 symbols processed
2025-06-19 10:21:03,521 - WARNING - No data received for Bajaj Finance
2025-06-19 10:21:03,722 - INFO - Progress: 8/15 symbols processed
2025-06-19 10:21:03,922 - INFO - Progress: 9/15 symbols processed
2025-06-19 10:21:04,123 - INFO - Progress: 10/15 symbols processed
2025-06-19 10:21:04,323 - INFO - Progress: 11/15 symbols processed
2025-06-19 10:21:04,524 - INFO - Progress: 12/15 symbols processed
2025-06-19 10:21:04,725 - INFO - Progress: 13/15 symbols processed
2025-06-19 10:21:04,925 - INFO - Progress: 14/15 symbols processed
2025-06-19 10:21:05,126 - INFO - Progress: 15/15 symbols processed
2025-06-19 10:21:05,328 - INFO - Enhanced fetch completed in 0:00:03.346889. 14 successful, 1 failed
