2025-06-19 23:52:08,874 - INFO - Logging to: /home/abhishek/projects/CUPCAKE/logs/enhanced_historical_data_fetcher_20250619_235208_IST.log
2025-06-19 23:52:08,875 - INFO - Script directory: /home/abhishek/projects/CUPCAKE/scripts
2025-06-19 23:52:08,875 - INFO - Looking for symbols.json at: /home/abhishek/projects/CUPCAKE/scripts/symbols.json
2025-06-19 23:52:08,875 - INFO - Loaded credentials from /home/abhishek/projects/CUPCAKE/authentication/credentials.json
2025-06-19 23:52:08,875 - INFO - Loaded 15 symbols from /home/abhishek/projects/CUPCAKE/scripts/symbols.json
2025-06-19 23:52:08,877 - INFO - Connected to Redis at localhost:6379, DB 0
2025-06-19 23:52:08,877 - INFO - Flushed Redis database
2025-06-19 23:52:08,877 - INFO - Starting enhanced data fetch at 2025-06-19 23:52:08.877777
2025-06-19 23:52:08,877 - INFO - Starting to process 15 symbols with 3 workers
2025-06-19 23:52:08,878 - INFO - Processing symbol: Reliance Industries (NSE_EQ|INE002A01018)
2025-06-19 23:52:08,878 - INFO - Processing symbol: Tata Consultancy Services (NSE_EQ|INE467B01029)
2025-06-19 23:52:08,878 - INFO - Processing symbol: Infosys (NSE_EQ|INE009A01021)
2025-06-19 23:52:08,949 - INFO - Trying V3 intraday API for Tata Consultancy Services
2025-06-19 23:52:08,969 - INFO - Trying V3 intraday API for Infosys
2025-06-19 23:52:09,023 - INFO - V3 Intraday: Got 375 candles
2025-06-19 23:52:09,024 - INFO - Final dataset: 250 candles from 2025-06-19 11:20:00+05:30 to 2025-06-19 15:29:00+05:30
2025-06-19 23:52:09,024 - INFO - ✓ Successfully included today's data
2025-06-19 23:52:09,044 - INFO - Added 250 candles for Tata_Consultancy_Services
2025-06-19 23:52:09,044 - INFO - Processing symbol: HDFC Bank (NSE_EQ|INE040A01034)
2025-06-19 23:52:09,044 - INFO - Trying V3 intraday API for HDFC Bank
2025-06-19 23:52:09,044 - INFO - Progress: 1/15 symbols processed
2025-06-19 23:52:09,074 - INFO - V3 Intraday: Got 375 candles
2025-06-19 23:52:09,074 - INFO - Final dataset: 250 candles from 2025-06-19 11:20:00+05:30 to 2025-06-19 15:29:00+05:30
2025-06-19 23:52:09,074 - INFO - ✓ Successfully included today's data
2025-06-19 23:52:09,083 - INFO - Trying V3 intraday API for Reliance Industries
2025-06-19 23:52:09,094 - INFO - Added 250 candles for Infosys
2025-06-19 23:52:09,094 - INFO - Processing symbol: ICICI Bank (NSE_EQ|INE090A01021)
2025-06-19 23:52:09,095 - INFO - Trying V3 intraday API for ICICI Bank
2025-06-19 23:52:09,128 - INFO - V3 Intraday: Got 375 candles
2025-06-19 23:52:09,129 - INFO - Final dataset: 250 candles from 2025-06-19 11:20:00+05:30 to 2025-06-19 15:29:00+05:30
2025-06-19 23:52:09,129 - INFO - ✓ Successfully included today's data
2025-06-19 23:52:09,146 - INFO - Added 250 candles for HDFC_Bank
2025-06-19 23:52:09,147 - INFO - Processing symbol: Hindustan Unilever (NSE_EQ|INE030A01027)
2025-06-19 23:52:09,147 - INFO - Trying V3 intraday API for Hindustan Unilever
2025-06-19 23:52:09,169 - INFO - V3 Intraday: Got 375 candles
2025-06-19 23:52:09,170 - INFO - Final dataset: 250 candles from 2025-06-19 11:20:00+05:30 to 2025-06-19 15:29:00+05:30
2025-06-19 23:52:09,170 - INFO - ✓ Successfully included today's data
2025-06-19 23:52:09,188 - INFO - Added 250 candles for Reliance_Industries
2025-06-19 23:52:09,191 - INFO - V3 Intraday: Got 375 candles
2025-06-19 23:52:09,191 - INFO - Processing symbol: ITC (NSE_EQ|INE154A01025)
2025-06-19 23:52:09,192 - INFO - Final dataset: 250 candles from 2025-06-19 11:20:00+05:30 to 2025-06-19 15:29:00+05:30
2025-06-19 23:52:09,192 - INFO - Trying V3 intraday API for ITC
2025-06-19 23:52:09,192 - INFO - ✓ Successfully included today's data
2025-06-19 23:52:09,214 - INFO - Added 250 candles for ICICI_Bank
2025-06-19 23:52:09,215 - INFO - Processing symbol: State Bank of India (NSE_EQ|INE062A01020)
2025-06-19 23:52:09,215 - INFO - Trying V3 intraday API for State Bank of India
2025-06-19 23:52:09,232 - INFO - V3 Intraday: Got 375 candles
2025-06-19 23:52:09,233 - INFO - Final dataset: 250 candles from 2025-06-19 11:20:00+05:30 to 2025-06-19 15:29:00+05:30
2025-06-19 23:52:09,233 - INFO - ✓ Successfully included today's data
2025-06-19 23:52:09,247 - INFO - Progress: 2/15 symbols processed
2025-06-19 23:52:09,273 - INFO - Added 250 candles for Hindustan_Unilever
2025-06-19 23:52:09,274 - INFO - Processing symbol: Bharti Airtel (NSE_EQ|INE397D01024)
2025-06-19 23:52:09,274 - INFO - Trying V3 intraday API for Bharti Airtel
2025-06-19 23:52:09,303 - INFO - V3 Intraday: Got 375 candles
2025-06-19 23:52:09,304 - INFO - Final dataset: 250 candles from 2025-06-19 11:20:00+05:30 to 2025-06-19 15:29:00+05:30
2025-06-19 23:52:09,304 - INFO - ✓ Successfully included today's data
2025-06-19 23:52:09,327 - INFO - V3 Intraday: Got 375 candles
2025-06-19 23:52:09,329 - INFO - Final dataset: 250 candles from 2025-06-19 11:20:00+05:30 to 2025-06-19 15:29:00+05:30
2025-06-19 23:52:09,330 - INFO - ✓ Successfully included today's data
2025-06-19 23:52:09,331 - INFO - Added 250 candles for ITC
2025-06-19 23:52:09,332 - INFO - Processing symbol: Kotak Mahindra Bank (NSE_EQ|INE237A01028)
2025-06-19 23:52:09,332 - INFO - Trying V3 intraday API for Kotak Mahindra Bank
2025-06-19 23:52:09,352 - INFO - Added 250 candles for State_Bank_of_India
2025-06-19 23:52:09,353 - INFO - Processing symbol: Larsen & Toubro (NSE_EQ|INE018A01030)
2025-06-19 23:52:09,353 - INFO - Trying V3 intraday API for Larsen & Toubro
2025-06-19 23:52:09,406 - INFO - V3 Intraday: Got 375 candles
2025-06-19 23:52:09,406 - INFO - Final dataset: 250 candles from 2025-06-19 11:20:00+05:30 to 2025-06-19 15:29:00+05:30
2025-06-19 23:52:09,406 - INFO - ✓ Successfully included today's data
2025-06-19 23:52:09,418 - INFO - V3 Intraday: Got 375 candles
2025-06-19 23:52:09,421 - INFO - Final dataset: 250 candles from 2025-06-19 11:20:00+05:30 to 2025-06-19 15:29:00+05:30
2025-06-19 23:52:09,421 - INFO - ✓ Successfully included today's data
2025-06-19 23:52:09,433 - INFO - V3 Intraday: Got 375 candles
2025-06-19 23:52:09,434 - INFO - Final dataset: 250 candles from 2025-06-19 11:20:00+05:30 to 2025-06-19 15:29:00+05:30
2025-06-19 23:52:09,434 - INFO - ✓ Successfully included today's data
2025-06-19 23:52:09,447 - INFO - Added 250 candles for Kotak_Mahindra_Bank
2025-06-19 23:52:09,449 - INFO - Progress: 3/15 symbols processed
2025-06-19 23:52:09,452 - INFO - Processing symbol: Asian Paints (NSE_EQ|INE021A01026)
2025-06-19 23:52:09,452 - INFO - Trying V3 intraday API for Asian Paints
2025-06-19 23:52:09,468 - INFO - Added 250 candles for Bharti_Airtel
2025-06-19 23:52:09,470 - INFO - Processing symbol: Maruti Suzuki (NSE_EQ|INE585B01010)
2025-06-19 23:52:09,470 - INFO - Trying V3 intraday API for Maruti Suzuki
2025-06-19 23:52:09,480 - INFO - Added 250 candles for Larsen_and_Toubro
2025-06-19 23:52:09,480 - INFO - Processing symbol: Bajaj Finance (NSE_EQ|INE296A01024)
2025-06-19 23:52:09,481 - INFO - Trying V3 intraday API for Bajaj Finance
2025-06-19 23:52:09,531 - INFO - V3 Intraday: Got 375 candles
2025-06-19 23:52:09,532 - INFO - Final dataset: 250 candles from 2025-06-19 11:20:00+05:30 to 2025-06-19 15:29:00+05:30
2025-06-19 23:52:09,532 - INFO - ✓ Successfully included today's data
2025-06-19 23:52:09,549 - INFO - V3 Intraday: Got 375 candles
2025-06-19 23:52:09,550 - INFO - Final dataset: 250 candles from 2025-06-19 11:20:00+05:30 to 2025-06-19 15:29:00+05:30
2025-06-19 23:52:09,550 - INFO - ✓ Successfully included today's data
2025-06-19 23:52:09,571 - INFO - Added 250 candles for Asian_Paints
2025-06-19 23:52:09,574 - INFO - Processing symbol: HCL Technologies (NSE_EQ|INE860A01027)
2025-06-19 23:52:09,575 - INFO - Trying V3 intraday API for HCL Technologies
2025-06-19 23:52:09,578 - ERROR - V3 Intraday API request failed for NSE_EQ|INE296A01024: 400 Client Error: Bad Request for url: https://api.upstox.com/v3/historical-candle/intraday/NSE_EQ%7CINE296A01024/minutes/1
2025-06-19 23:52:09,578 - INFO - V3 intraday failed, trying V2 for Bajaj Finance
2025-06-19 23:52:09,592 - INFO - Added 250 candles for Maruti_Suzuki
2025-06-19 23:52:09,652 - INFO - Progress: 4/15 symbols processed
2025-06-19 23:52:09,661 - INFO - V3 Intraday: Got 375 candles
2025-06-19 23:52:09,663 - INFO - Final dataset: 250 candles from 2025-06-19 11:20:00+05:30 to 2025-06-19 15:29:00+05:30
2025-06-19 23:52:09,663 - INFO - ✓ Successfully included today's data
2025-06-19 23:52:09,699 - ERROR - V2 Intraday API failed for NSE_EQ|INE296A01024: 400 Client Error: Bad Request for url: https://api.upstox.com/v2/historical-candle/intraday/NSE_EQ%7CINE296A01024/1minute
2025-06-19 23:52:09,700 - INFO - Need 250 more candles from historical data
2025-06-19 23:52:09,700 - INFO - Fetching historical data from 2025-06-17 to 2025-06-19
2025-06-19 23:52:09,733 - INFO - Added 250 candles for HCL_Technologies
2025-06-19 23:52:09,826 - ERROR - V3 Historical API failed for NSE_EQ|INE296A01024: 400 Client Error: Bad Request for url: https://api.upstox.com/v3/historical-candle/NSE_EQ%7CINE296A01024/minutes/1/2025-06-19/2025-06-17
2025-06-19 23:52:09,853 - INFO - Progress: 5/15 symbols processed
2025-06-19 23:52:09,949 - ERROR - V2 Historical API failed for NSE_EQ|INE296A01024: 400 Client Error: Bad Request for url: https://api.upstox.com/v2/historical-candle/NSE_EQ%7CINE296A01024/1minute/2025-06-19/2025-06-17
2025-06-19 23:52:09,950 - WARNING - No data received for Bajaj Finance
2025-06-19 23:52:10,054 - INFO - Progress: 6/15 symbols processed
2025-06-19 23:52:10,254 - INFO - Progress: 7/15 symbols processed
2025-06-19 23:52:10,455 - INFO - Progress: 8/15 symbols processed
2025-06-19 23:52:10,656 - INFO - Progress: 9/15 symbols processed
2025-06-19 23:52:10,856 - INFO - Progress: 10/15 symbols processed
2025-06-19 23:52:11,057 - INFO - Progress: 11/15 symbols processed
2025-06-19 23:52:11,258 - INFO - Progress: 12/15 symbols processed
2025-06-19 23:52:11,458 - INFO - Progress: 13/15 symbols processed
2025-06-19 23:52:11,659 - INFO - Progress: 14/15 symbols processed
2025-06-19 23:52:11,860 - INFO - Progress: 15/15 symbols processed
2025-06-19 23:52:12,062 - INFO - Enhanced fetch completed in 0:00:03.183539. 14 successful, 1 failed
