2025-06-19 23:53:27,531 - INFO - Logging to: /home/abhishek/projects/CUPCAKE/logs/enhanced_historical_data_fetcher_20250619_235327_IST.log
2025-06-19 23:53:27,532 - INFO - Script directory: /home/abhishek/projects/CUPCAKE/scripts
2025-06-19 23:53:27,533 - INFO - Looking for symbols.json at: /home/abhishek/projects/CUPCAKE/scripts/symbols.json
2025-06-19 23:53:27,533 - INFO - Loaded credentials from /home/abhishek/projects/CUPCAKE/authentication/credentials.json
2025-06-19 23:53:27,533 - INFO - Loaded 15 symbols from /home/abhishek/projects/CUPCAKE/scripts/symbols.json
2025-06-19 23:53:27,535 - INFO - Connected to Redis at localhost:6379, DB 0
2025-06-19 23:53:27,535 - INFO - Flushed Redis database
2025-06-19 23:53:27,535 - INFO - Starting enhanced data fetch at 2025-06-19 23:53:27.535402
2025-06-19 23:53:27,535 - INFO - Starting to process 15 symbols with 3 workers
2025-06-19 23:53:27,535 - INFO - Processing symbol: Reliance Industries (NSE_EQ|INE002A01018)
2025-06-19 23:53:27,535 - INFO - Processing symbol: Tata Consultancy Services (NSE_EQ|INE467B01029)
2025-06-19 23:53:27,536 - INFO - Processing symbol: Infosys (NSE_EQ|INE009A01021)
2025-06-19 23:53:27,616 - INFO - Trying V3 intraday API for Reliance Industries
2025-06-19 23:53:27,633 - INFO - Trying V3 intraday API for Tata Consultancy Services
2025-06-19 23:53:27,641 - INFO - Trying V3 intraday API for Infosys
2025-06-19 23:53:27,722 - INFO - V3 Intraday: Got 375 candles
2025-06-19 23:53:27,724 - INFO - Final dataset: 250 candles from 2025-06-19 11:20:00+05:30 to 2025-06-19 15:29:00+05:30
2025-06-19 23:53:27,724 - INFO - ✓ Successfully included today's data
2025-06-19 23:53:27,743 - INFO - V3 Intraday: Got 375 candles
2025-06-19 23:53:27,752 - INFO - Final dataset: 250 candles from 2025-06-19 11:20:00+05:30 to 2025-06-19 15:29:00+05:30
2025-06-19 23:53:27,752 - INFO - V3 Intraday: Got 375 candles
2025-06-19 23:53:27,756 - INFO - ✓ Successfully included today's data
2025-06-19 23:53:27,758 - INFO - Final dataset: 250 candles from 2025-06-19 11:20:00+05:30 to 2025-06-19 15:29:00+05:30
2025-06-19 23:53:27,764 - INFO - ✓ Successfully included today's data
2025-06-19 23:53:27,820 - INFO - Added 250 candles for Infosys
2025-06-19 23:53:27,825 - INFO - Processing symbol: HDFC Bank (NSE_EQ|INE040A01034)
2025-06-19 23:53:27,830 - INFO - Trying V3 intraday API for HDFC Bank
2025-06-19 23:53:27,832 - INFO - Progress: 1/15 symbols processed
2025-06-19 23:53:27,866 - INFO - Added 250 candles for Tata_Consultancy_Services
2025-06-19 23:53:27,869 - INFO - Added 250 candles for Reliance_Industries
2025-06-19 23:53:27,871 - INFO - Processing symbol: ICICI Bank (NSE_EQ|INE090A01021)
2025-06-19 23:53:27,871 - INFO - Trying V3 intraday API for ICICI Bank
2025-06-19 23:53:27,873 - INFO - Processing symbol: Hindustan Unilever (NSE_EQ|INE030A01027)
2025-06-19 23:53:27,873 - INFO - Trying V3 intraday API for Hindustan Unilever
2025-06-19 23:53:27,940 - INFO - V3 Intraday: Got 375 candles
2025-06-19 23:53:27,942 - INFO - Final dataset: 250 candles from 2025-06-19 11:20:00+05:30 to 2025-06-19 15:29:00+05:30
2025-06-19 23:53:27,945 - INFO - ✓ Successfully included today's data
2025-06-19 23:53:27,950 - INFO - V3 Intraday: Got 375 candles
2025-06-19 23:53:27,952 - INFO - Final dataset: 250 candles from 2025-06-19 11:20:00+05:30 to 2025-06-19 15:29:00+05:30
2025-06-19 23:53:27,952 - INFO - ✓ Successfully included today's data
2025-06-19 23:53:28,001 - INFO - V3 Intraday: Got 375 candles
2025-06-19 23:53:28,003 - INFO - Final dataset: 250 candles from 2025-06-19 11:20:00+05:30 to 2025-06-19 15:29:00+05:30
2025-06-19 23:53:28,004 - INFO - ✓ Successfully included today's data
2025-06-19 23:53:28,056 - INFO - Progress: 2/15 symbols processed
2025-06-19 23:53:28,069 - INFO - Added 250 candles for ICICI_Bank
2025-06-19 23:53:28,075 - INFO - Processing symbol: ITC (NSE_EQ|INE154A01025)
2025-06-19 23:53:28,080 - INFO - Trying V3 intraday API for ITC
2025-06-19 23:53:28,092 - INFO - Added 250 candles for Hindustan_Unilever
2025-06-19 23:53:28,097 - INFO - Processing symbol: State Bank of India (NSE_EQ|INE062A01020)
2025-06-19 23:53:28,098 - INFO - Trying V3 intraday API for State Bank of India
2025-06-19 23:53:28,110 - INFO - Added 250 candles for HDFC_Bank
2025-06-19 23:53:28,111 - INFO - Processing symbol: Bharti Airtel (NSE_EQ|INE397D01024)
2025-06-19 23:53:28,112 - INFO - Trying V3 intraday API for Bharti Airtel
2025-06-19 23:53:28,167 - INFO - V3 Intraday: Got 375 candles
2025-06-19 23:53:28,169 - INFO - Final dataset: 250 candles from 2025-06-19 11:20:00+05:30 to 2025-06-19 15:29:00+05:30
2025-06-19 23:53:28,169 - INFO - ✓ Successfully included today's data
2025-06-19 23:53:28,199 - INFO - V3 Intraday: Got 375 candles
2025-06-19 23:53:28,203 - INFO - V3 Intraday: Got 375 candles
2025-06-19 23:53:28,208 - INFO - Final dataset: 250 candles from 2025-06-19 11:20:00+05:30 to 2025-06-19 15:29:00+05:30
2025-06-19 23:53:28,209 - INFO - Final dataset: 250 candles from 2025-06-19 11:20:00+05:30 to 2025-06-19 15:29:00+05:30
2025-06-19 23:53:28,210 - INFO - ✓ Successfully included today's data
2025-06-19 23:53:28,213 - INFO - ✓ Successfully included today's data
2025-06-19 23:53:28,225 - INFO - Added 250 candles for ITC
2025-06-19 23:53:28,234 - INFO - Processing symbol: Kotak Mahindra Bank (NSE_EQ|INE237A01028)
2025-06-19 23:53:28,235 - INFO - Trying V3 intraday API for Kotak Mahindra Bank
2025-06-19 23:53:28,257 - INFO - Progress: 3/15 symbols processed
2025-06-19 23:53:28,281 - INFO - Added 250 candles for Bharti_Airtel
2025-06-19 23:53:28,283 - INFO - Added 250 candles for State_Bank_of_India
2025-06-19 23:53:28,284 - INFO - Processing symbol: Larsen & Toubro (NSE_EQ|INE018A01030)
2025-06-19 23:53:28,284 - INFO - Processing symbol: Asian Paints (NSE_EQ|INE021A01026)
2025-06-19 23:53:28,284 - INFO - Trying V3 intraday API for Larsen & Toubro
2025-06-19 23:53:28,285 - INFO - Trying V3 intraday API for Asian Paints
2025-06-19 23:53:28,308 - INFO - V3 Intraday: Got 375 candles
2025-06-19 23:53:28,309 - INFO - Final dataset: 250 candles from 2025-06-19 11:20:00+05:30 to 2025-06-19 15:29:00+05:30
2025-06-19 23:53:28,309 - INFO - ✓ Successfully included today's data
2025-06-19 23:53:28,336 - INFO - Added 250 candles for Kotak_Mahindra_Bank
2025-06-19 23:53:28,337 - INFO - Processing symbol: Maruti Suzuki (NSE_EQ|INE585B01010)
2025-06-19 23:53:28,337 - INFO - Trying V3 intraday API for Maruti Suzuki
2025-06-19 23:53:28,358 - INFO - V3 Intraday: Got 375 candles
2025-06-19 23:53:28,359 - INFO - Final dataset: 250 candles from 2025-06-19 11:20:00+05:30 to 2025-06-19 15:29:00+05:30
2025-06-19 23:53:28,359 - INFO - ✓ Successfully included today's data
2025-06-19 23:53:28,364 - INFO - V3 Intraday: Got 375 candles
2025-06-19 23:53:28,365 - INFO - Final dataset: 250 candles from 2025-06-19 11:20:00+05:30 to 2025-06-19 15:29:00+05:30
2025-06-19 23:53:28,365 - INFO - ✓ Successfully included today's data
2025-06-19 23:53:28,392 - INFO - Added 250 candles for Larsen_and_Toubro
2025-06-19 23:53:28,393 - INFO - Processing symbol: Bajaj Finance (NSE_EQ|INE296A01024)
2025-06-19 23:53:28,393 - INFO - Trying V3 intraday API for Bajaj Finance
2025-06-19 23:53:28,396 - INFO - Added 250 candles for Asian_Paints
2025-06-19 23:53:28,397 - INFO - Processing symbol: HCL Technologies (NSE_EQ|INE860A01027)
2025-06-19 23:53:28,397 - INFO - Trying V3 intraday API for HCL Technologies
2025-06-19 23:53:28,415 - INFO - V3 Intraday: Got 375 candles
2025-06-19 23:53:28,415 - INFO - Final dataset: 250 candles from 2025-06-19 11:20:00+05:30 to 2025-06-19 15:29:00+05:30
2025-06-19 23:53:28,415 - INFO - ✓ Successfully included today's data
2025-06-19 23:53:28,433 - INFO - Added 250 candles for Maruti_Suzuki
2025-06-19 23:53:28,458 - INFO - Progress: 4/15 symbols processed
2025-06-19 23:53:28,465 - INFO - V3 Intraday: Got 375 candles
2025-06-19 23:53:28,466 - INFO - Final dataset: 250 candles from 2025-06-19 11:20:00+05:30 to 2025-06-19 15:29:00+05:30
2025-06-19 23:53:28,466 - INFO - ✓ Successfully included today's data
2025-06-19 23:53:28,492 - ERROR - V3 Intraday API request failed for NSE_EQ|INE296A01024: 400 Client Error: Bad Request for url: https://api.upstox.com/v3/historical-candle/intraday/NSE_EQ%7CINE296A01024/minutes/1
2025-06-19 23:53:28,492 - INFO - V3 intraday failed, trying V2 for Bajaj Finance
2025-06-19 23:53:28,498 - INFO - Added 250 candles for HCL_Technologies
2025-06-19 23:53:28,586 - ERROR - V2 Intraday API failed for NSE_EQ|INE296A01024: 400 Client Error: Bad Request for url: https://api.upstox.com/v2/historical-candle/intraday/NSE_EQ%7CINE296A01024/1minute
2025-06-19 23:53:28,586 - INFO - Need 250 more candles from historical data
2025-06-19 23:53:28,586 - INFO - Fetching historical data from 2025-06-17 to 2025-06-19
2025-06-19 23:53:28,658 - INFO - Progress: 5/15 symbols processed
2025-06-19 23:53:28,680 - ERROR - V3 Historical API failed for NSE_EQ|INE296A01024: 400 Client Error: Bad Request for url: https://api.upstox.com/v3/historical-candle/NSE_EQ%7CINE296A01024/minutes/1/2025-06-19/2025-06-17
2025-06-19 23:53:28,775 - ERROR - V2 Historical API failed for NSE_EQ|INE296A01024: 400 Client Error: Bad Request for url: https://api.upstox.com/v2/historical-candle/NSE_EQ%7CINE296A01024/1minute/2025-06-19/2025-06-17
2025-06-19 23:53:28,776 - WARNING - No data received for Bajaj Finance
2025-06-19 23:53:28,859 - INFO - Progress: 6/15 symbols processed
2025-06-19 23:53:29,059 - INFO - Progress: 7/15 symbols processed
2025-06-19 23:53:29,260 - INFO - Progress: 8/15 symbols processed
2025-06-19 23:53:29,461 - INFO - Progress: 9/15 symbols processed
2025-06-19 23:53:29,662 - INFO - Progress: 10/15 symbols processed
2025-06-19 23:53:29,862 - INFO - Progress: 11/15 symbols processed
2025-06-19 23:53:30,063 - INFO - Progress: 12/15 symbols processed
2025-06-19 23:53:30,264 - INFO - Progress: 13/15 symbols processed
2025-06-19 23:53:30,464 - INFO - Progress: 14/15 symbols processed
2025-06-19 23:53:30,665 - INFO - Progress: 15/15 symbols processed
2025-06-19 23:53:30,867 - INFO - Enhanced fetch completed in 0:00:03.331265. 14 successful, 1 failed
