2025-06-19 09:54:18,450 - INFO - Logging to: /home/abhishek/projects/CUPCAKE/logs/enhanced_historical_data_fetcher_20250619_095418_IST.log
2025-06-19 09:54:18,451 - INFO - Script directory: /home/abhishek/projects/CUPCAKE/scripts
2025-06-19 09:54:18,452 - INFO - Looking for symbols.json at: /home/abhishek/projects/CUPCAKE/scripts/symbols.json
2025-06-19 09:54:18,452 - INFO - Loaded credentials from /home/abhishek/projects/CUPCAKE/authentication/credentials.json
2025-06-19 09:54:18,452 - INFO - Loaded 15 symbols from /home/abhishek/projects/CUPCAKE/scripts/symbols.json
2025-06-19 09:54:18,453 - INFO - Connected to Redis at localhost:6379, DB 0
2025-06-19 09:54:18,454 - INFO - Flushed Redis database
2025-06-19 09:54:18,454 - INFO - Starting enhanced data fetch at 2025-06-19 09:54:18.454249
2025-06-19 09:54:18,454 - INFO - Starting to process 15 symbols with 3 workers
2025-06-19 09:54:18,454 - INFO - Processing symbol: Reliance Industries (NSE_EQ|INE002A01018)
2025-06-19 09:54:18,455 - INFO - Processing symbol: Tata Consultancy Services (NSE_EQ|INE467B01029)
2025-06-19 09:54:18,455 - INFO - Processing symbol: Infosys (NSE_EQ|INE009A01021)
2025-06-19 09:54:18,539 - INFO - Trying V3 intraday API for Reliance Industries
2025-06-19 09:54:18,541 - INFO - Trying V3 intraday API for Tata Consultancy Services
2025-06-19 09:54:18,552 - INFO - Trying V3 intraday API for Infosys
2025-06-19 09:54:18,661 - INFO - V3 Intraday: Got 39 candles
2025-06-19 09:54:18,662 - INFO - Need 211 more candles from historical data
2025-06-19 09:54:18,662 - INFO - Fetching historical data from 2025-06-17 to 2025-06-18
2025-06-19 09:54:18,674 - INFO - V3 Intraday: Got 39 candles
2025-06-19 09:54:18,674 - INFO - Need 211 more candles from historical data
2025-06-19 09:54:18,674 - INFO - Fetching historical data from 2025-06-17 to 2025-06-18
2025-06-19 09:54:18,678 - INFO - V3 Intraday: Got 39 candles
2025-06-19 09:54:18,678 - INFO - Need 211 more candles from historical data
2025-06-19 09:54:18,679 - INFO - Fetching historical data from 2025-06-17 to 2025-06-18
2025-06-19 09:54:18,750 - INFO - V3 Historical: Got 750 candles
2025-06-19 09:54:18,751 - INFO - Final dataset: 250 candles from 2025-06-18 11:59:00+05:30 to 2025-06-19 09:53:00+05:30
2025-06-19 09:54:18,751 - INFO - ✓ Successfully included today's data
2025-06-19 09:54:18,760 - INFO - V3 Historical: Got 750 candles
2025-06-19 09:54:18,761 - INFO - Final dataset: 250 candles from 2025-06-18 11:59:00+05:30 to 2025-06-19 09:53:00+05:30
2025-06-19 09:54:18,761 - INFO - ✓ Successfully included today's data
2025-06-19 09:54:18,769 - INFO - V3 Historical: Got 750 candles
2025-06-19 09:54:18,771 - INFO - Final dataset: 250 candles from 2025-06-18 11:59:00+05:30 to 2025-06-19 09:53:00+05:30
2025-06-19 09:54:18,772 - INFO - ✓ Successfully included today's data
2025-06-19 09:54:18,790 - INFO - Added 250 candles for Infosys
2025-06-19 09:54:18,790 - INFO - Processing symbol: HDFC Bank (NSE_EQ|INE040A01034)
2025-06-19 09:54:18,791 - INFO - Trying V3 intraday API for HDFC Bank
2025-06-19 09:54:18,792 - INFO - Progress: 1/15 symbols processed
2025-06-19 09:54:18,819 - INFO - Added 250 candles for Tata_Consultancy_Services
2025-06-19 09:54:18,820 - INFO - Added 250 candles for Reliance_Industries
2025-06-19 09:54:18,820 - INFO - Processing symbol: ICICI Bank (NSE_EQ|INE090A01021)
2025-06-19 09:54:18,820 - INFO - Trying V3 intraday API for ICICI Bank
2025-06-19 09:54:18,821 - INFO - Processing symbol: Hindustan Unilever (NSE_EQ|INE030A01027)
2025-06-19 09:54:18,821 - INFO - Trying V3 intraday API for Hindustan Unilever
2025-06-19 09:54:18,903 - INFO - V3 Intraday: Got 39 candles
2025-06-19 09:54:18,904 - INFO - Need 211 more candles from historical data
2025-06-19 09:54:18,904 - INFO - Fetching historical data from 2025-06-17 to 2025-06-18
2025-06-19 09:54:18,921 - INFO - V3 Intraday: Got 39 candles
2025-06-19 09:54:18,922 - INFO - Need 211 more candles from historical data
2025-06-19 09:54:18,922 - INFO - Fetching historical data from 2025-06-17 to 2025-06-18
2025-06-19 09:54:18,934 - INFO - V3 Intraday: Got 39 candles
2025-06-19 09:54:18,935 - INFO - Need 211 more candles from historical data
2025-06-19 09:54:18,935 - INFO - Fetching historical data from 2025-06-17 to 2025-06-18
2025-06-19 09:54:18,998 - INFO - Progress: 2/15 symbols processed
2025-06-19 09:54:19,001 - INFO - V3 Historical: Got 750 candles
2025-06-19 09:54:19,004 - INFO - Final dataset: 250 candles from 2025-06-18 11:59:00+05:30 to 2025-06-19 09:53:00+05:30
2025-06-19 09:54:19,004 - INFO - ✓ Successfully included today's data
2025-06-19 09:54:19,031 - INFO - V3 Historical: Got 750 candles
2025-06-19 09:54:19,034 - INFO - Final dataset: 250 candles from 2025-06-18 11:59:00+05:30 to 2025-06-19 09:53:00+05:30
2025-06-19 09:54:19,034 - INFO - ✓ Successfully included today's data
2025-06-19 09:54:19,039 - INFO - Added 250 candles for HDFC_Bank
2025-06-19 09:54:19,043 - INFO - V3 Historical: Got 750 candles
2025-06-19 09:54:19,045 - INFO - Final dataset: 250 candles from 2025-06-18 11:59:00+05:30 to 2025-06-19 09:53:00+05:30
2025-06-19 09:54:19,045 - INFO - Processing symbol: ITC (NSE_EQ|INE154A01025)
2025-06-19 09:54:19,045 - INFO - ✓ Successfully included today's data
2025-06-19 09:54:19,045 - INFO - Trying V3 intraday API for ITC
2025-06-19 09:54:19,079 - INFO - Added 250 candles for ICICI_Bank
2025-06-19 09:54:19,084 - INFO - Processing symbol: State Bank of India (NSE_EQ|INE062A01020)
2025-06-19 09:54:19,086 - INFO - Trying V3 intraday API for State Bank of India
2025-06-19 09:54:19,090 - INFO - Added 250 candles for Hindustan_Unilever
2025-06-19 09:54:19,091 - INFO - Processing symbol: Bharti Airtel (NSE_EQ|INE397D01024)
2025-06-19 09:54:19,091 - INFO - Trying V3 intraday API for Bharti Airtel
2025-06-19 09:54:19,168 - INFO - V3 Intraday: Got 39 candles
2025-06-19 09:54:19,168 - INFO - Need 211 more candles from historical data
2025-06-19 09:54:19,169 - INFO - Fetching historical data from 2025-06-17 to 2025-06-18
2025-06-19 09:54:19,199 - INFO - V3 Intraday: Got 39 candles
2025-06-19 09:54:19,200 - INFO - Need 211 more candles from historical data
2025-06-19 09:54:19,200 - INFO - Fetching historical data from 2025-06-17 to 2025-06-18
2025-06-19 09:54:19,206 - INFO - Progress: 3/15 symbols processed
2025-06-19 09:54:19,209 - INFO - V3 Intraday: Got 39 candles
2025-06-19 09:54:19,209 - INFO - Need 211 more candles from historical data
2025-06-19 09:54:19,210 - INFO - Fetching historical data from 2025-06-17 to 2025-06-18
2025-06-19 09:54:19,274 - INFO - V3 Historical: Got 750 candles
2025-06-19 09:54:19,275 - INFO - Final dataset: 250 candles from 2025-06-18 11:59:00+05:30 to 2025-06-19 09:53:00+05:30
2025-06-19 09:54:19,275 - INFO - ✓ Successfully included today's data
2025-06-19 09:54:19,294 - INFO - V3 Historical: Got 750 candles
2025-06-19 09:54:19,295 - INFO - Final dataset: 250 candles from 2025-06-18 11:59:00+05:30 to 2025-06-19 09:53:00+05:30
2025-06-19 09:54:19,297 - INFO - ✓ Successfully included today's data
2025-06-19 09:54:19,301 - INFO - Added 250 candles for ITC
2025-06-19 09:54:19,306 - INFO - V3 Historical: Got 750 candles
2025-06-19 09:54:19,308 - INFO - Final dataset: 250 candles from 2025-06-18 11:59:00+05:30 to 2025-06-19 09:53:00+05:30
2025-06-19 09:54:19,308 - INFO - Processing symbol: Kotak Mahindra Bank (NSE_EQ|INE237A01028)
2025-06-19 09:54:19,308 - INFO - ✓ Successfully included today's data
2025-06-19 09:54:19,308 - INFO - Trying V3 intraday API for Kotak Mahindra Bank
2025-06-19 09:54:19,336 - INFO - Added 250 candles for State_Bank_of_India
2025-06-19 09:54:19,339 - INFO - Processing symbol: Larsen & Toubro (NSE_EQ|INE018A01030)
2025-06-19 09:54:19,340 - INFO - Trying V3 intraday API for Larsen & Toubro
2025-06-19 09:54:19,344 - INFO - Added 250 candles for Bharti_Airtel
2025-06-19 09:54:19,345 - INFO - Processing symbol: Asian Paints (NSE_EQ|INE021A01026)
2025-06-19 09:54:19,345 - INFO - Trying V3 intraday API for Asian Paints
2025-06-19 09:54:19,407 - INFO - Progress: 4/15 symbols processed
2025-06-19 09:54:19,440 - INFO - V3 Intraday: Got 39 candles
2025-06-19 09:54:19,440 - INFO - Need 211 more candles from historical data
2025-06-19 09:54:19,440 - INFO - Fetching historical data from 2025-06-17 to 2025-06-18
2025-06-19 09:54:19,443 - INFO - V3 Intraday: Got 39 candles
2025-06-19 09:54:19,443 - INFO - Need 211 more candles from historical data
2025-06-19 09:54:19,443 - INFO - Fetching historical data from 2025-06-17 to 2025-06-18
2025-06-19 09:54:19,472 - INFO - V3 Intraday: Got 39 candles
2025-06-19 09:54:19,473 - INFO - Need 211 more candles from historical data
2025-06-19 09:54:19,473 - INFO - Fetching historical data from 2025-06-17 to 2025-06-18
2025-06-19 09:54:19,542 - INFO - V3 Historical: Got 750 candles
2025-06-19 09:54:19,544 - INFO - Final dataset: 250 candles from 2025-06-18 11:59:00+05:30 to 2025-06-19 09:53:00+05:30
2025-06-19 09:54:19,544 - INFO - ✓ Successfully included today's data
2025-06-19 09:54:19,558 - INFO - V3 Historical: Got 750 candles
2025-06-19 09:54:19,561 - INFO - Final dataset: 250 candles from 2025-06-18 11:59:00+05:30 to 2025-06-19 09:53:00+05:30
2025-06-19 09:54:19,561 - INFO - ✓ Successfully included today's data
2025-06-19 09:54:19,575 - INFO - V3 Historical: Got 750 candles
2025-06-19 09:54:19,576 - INFO - Final dataset: 250 candles from 2025-06-18 11:59:00+05:30 to 2025-06-19 09:53:00+05:30
2025-06-19 09:54:19,578 - INFO - Added 250 candles for Kotak_Mahindra_Bank
2025-06-19 09:54:19,578 - INFO - ✓ Successfully included today's data
2025-06-19 09:54:19,580 - INFO - Processing symbol: Maruti Suzuki (NSE_EQ|INE585B01010)
2025-06-19 09:54:19,582 - INFO - Trying V3 intraday API for Maruti Suzuki
2025-06-19 09:54:19,602 - INFO - Added 250 candles for Larsen_and_Toubro
2025-06-19 09:54:19,604 - INFO - Processing symbol: Bajaj Finance (NSE_EQ|INE296A01024)
2025-06-19 09:54:19,605 - INFO - Trying V3 intraday API for Bajaj Finance
2025-06-19 09:54:19,608 - INFO - Progress: 5/15 symbols processed
2025-06-19 09:54:19,612 - INFO - Added 250 candles for Asian_Paints
2025-06-19 09:54:19,612 - INFO - Processing symbol: HCL Technologies (NSE_EQ|INE860A01027)
2025-06-19 09:54:19,612 - INFO - Trying V3 intraday API for HCL Technologies
2025-06-19 09:54:19,684 - INFO - V3 Intraday: Got 39 candles
2025-06-19 09:54:19,685 - INFO - Need 211 more candles from historical data
2025-06-19 09:54:19,685 - INFO - Fetching historical data from 2025-06-17 to 2025-06-18
2025-06-19 09:54:19,718 - ERROR - V3 Intraday API request failed for NSE_EQ|INE296A01024: 400 Client Error: Bad Request for url: https://api.upstox.com/v3/historical-candle/intraday/NSE_EQ%7CINE296A01024/minutes/1
2025-06-19 09:54:19,719 - INFO - V3 intraday failed, trying V2 for Bajaj Finance
2025-06-19 09:54:19,733 - INFO - V3 Intraday: Got 39 candles
2025-06-19 09:54:19,734 - INFO - Need 211 more candles from historical data
2025-06-19 09:54:19,734 - INFO - Fetching historical data from 2025-06-17 to 2025-06-18
2025-06-19 09:54:19,772 - INFO - V3 Historical: Got 750 candles
2025-06-19 09:54:19,777 - INFO - Final dataset: 250 candles from 2025-06-18 11:59:00+05:30 to 2025-06-19 09:53:00+05:30
2025-06-19 09:54:19,777 - INFO - ✓ Successfully included today's data
2025-06-19 09:54:19,812 - INFO - Progress: 6/15 symbols processed
2025-06-19 09:54:19,824 - ERROR - V2 Intraday API failed for NSE_EQ|INE296A01024: 400 Client Error: Bad Request for url: https://api.upstox.com/v2/historical-candle/intraday/NSE_EQ%7CINE296A01024/1minute
2025-06-19 09:54:19,824 - INFO - Need 250 more candles from historical data
2025-06-19 09:54:19,841 - INFO - V3 Historical: Got 750 candles
2025-06-19 09:54:19,842 - INFO - Fetching historical data from 2025-06-17 to 2025-06-19
2025-06-19 09:54:19,847 - INFO - Final dataset: 250 candles from 2025-06-18 11:59:00+05:30 to 2025-06-19 09:53:00+05:30
2025-06-19 09:54:19,855 - INFO - ✓ Successfully included today's data
2025-06-19 09:54:19,880 - INFO - Added 250 candles for Maruti_Suzuki
2025-06-19 09:54:19,934 - INFO - Added 250 candles for HCL_Technologies
2025-06-19 09:54:19,977 - ERROR - V3 Historical API failed for NSE_EQ|INE296A01024: 400 Client Error: Bad Request for url: https://api.upstox.com/v3/historical-candle/NSE_EQ%7CINE296A01024/minutes/1/2025-06-19/2025-06-17
2025-06-19 09:54:20,013 - INFO - Progress: 7/15 symbols processed
2025-06-19 09:54:20,102 - ERROR - V2 Historical API failed for NSE_EQ|INE296A01024: 400 Client Error: Bad Request for url: https://api.upstox.com/v2/historical-candle/NSE_EQ%7CINE296A01024/1minute/2025-06-19/2025-06-17
2025-06-19 09:54:20,102 - WARNING - No data received for Bajaj Finance
2025-06-19 09:54:20,214 - INFO - Progress: 8/15 symbols processed
2025-06-19 09:54:20,414 - INFO - Progress: 9/15 symbols processed
2025-06-19 09:54:20,615 - INFO - Progress: 10/15 symbols processed
2025-06-19 09:54:20,816 - INFO - Progress: 11/15 symbols processed
2025-06-19 09:54:21,016 - INFO - Progress: 12/15 symbols processed
2025-06-19 09:54:21,217 - INFO - Progress: 13/15 symbols processed
2025-06-19 09:54:21,418 - INFO - Progress: 14/15 symbols processed
2025-06-19 09:54:21,618 - INFO - Progress: 15/15 symbols processed
2025-06-19 09:54:21,820 - INFO - Enhanced fetch completed in 0:00:03.365522. 14 successful, 1 failed
