2025-06-19 23:52:48,116 - INFO - Logging to: /home/abhishek/projects/CUPCAKE/logs/enhanced_historical_data_fetcher_20250619_235248_IST.log
2025-06-19 23:52:48,117 - INFO - Script directory: /home/abhishek/projects/CUPCAKE/scripts
2025-06-19 23:52:48,117 - INFO - Looking for symbols.json at: /home/abhishek/projects/CUPCAKE/scripts/symbols.json
2025-06-19 23:52:48,117 - INFO - Loaded credentials from /home/abhishek/projects/CUPCAKE/authentication/credentials.json
2025-06-19 23:52:48,117 - INFO - Loaded 15 symbols from /home/abhishek/projects/CUPCAKE/scripts/symbols.json
2025-06-19 23:52:48,118 - INFO - Connected to Redis at localhost:6379, DB 0
2025-06-19 23:52:48,119 - INFO - Flushed Redis database
2025-06-19 23:52:48,119 - INFO - Starting enhanced data fetch at 2025-06-19 23:52:48.119289
2025-06-19 23:52:48,119 - INFO - Starting to process 15 symbols with 3 workers
2025-06-19 23:52:48,119 - INFO - Processing symbol: Reliance Industries (NSE_EQ|INE002A01018)
2025-06-19 23:52:48,121 - INFO - Processing symbol: Tata Consultancy Services (NSE_EQ|INE467B01029)
2025-06-19 23:52:48,121 - INFO - Processing symbol: Infosys (NSE_EQ|INE009A01021)
2025-06-19 23:52:48,192 - INFO - Trying V3 intraday API for Reliance Industries
2025-06-19 23:52:48,194 - INFO - Trying V3 intraday API for Tata Consultancy Services
2025-06-19 23:52:48,260 - INFO - V3 Intraday: Got 375 candles
2025-06-19 23:52:48,261 - INFO - Final dataset: 250 candles from 2025-06-19 11:20:00+05:30 to 2025-06-19 15:29:00+05:30
2025-06-19 23:52:48,261 - INFO - ✓ Successfully included today's data
2025-06-19 23:52:48,267 - INFO - V3 Intraday: Got 375 candles
2025-06-19 23:52:48,268 - INFO - Final dataset: 250 candles from 2025-06-19 11:20:00+05:30 to 2025-06-19 15:29:00+05:30
2025-06-19 23:52:48,268 - INFO - ✓ Successfully included today's data
2025-06-19 23:52:48,275 - INFO - Trying V3 intraday API for Infosys
2025-06-19 23:52:48,298 - INFO - Added 250 candles for Reliance_Industries
2025-06-19 23:52:48,300 - INFO - Processing symbol: HDFC Bank (NSE_EQ|INE040A01034)
2025-06-19 23:52:48,300 - INFO - Progress: 1/15 symbols processed
2025-06-19 23:52:48,302 - INFO - Trying V3 intraday API for HDFC Bank
2025-06-19 23:52:48,309 - INFO - Added 250 candles for Tata_Consultancy_Services
2025-06-19 23:52:48,310 - INFO - Processing symbol: ICICI Bank (NSE_EQ|INE090A01021)
2025-06-19 23:52:48,311 - INFO - Trying V3 intraday API for ICICI Bank
2025-06-19 23:52:48,350 - INFO - V3 Intraday: Got 375 candles
2025-06-19 23:52:48,351 - INFO - Final dataset: 250 candles from 2025-06-19 11:20:00+05:30 to 2025-06-19 15:29:00+05:30
2025-06-19 23:52:48,351 - INFO - ✓ Successfully included today's data
2025-06-19 23:52:48,370 - INFO - Added 250 candles for Infosys
2025-06-19 23:52:48,371 - INFO - Processing symbol: Hindustan Unilever (NSE_EQ|INE030A01027)
2025-06-19 23:52:48,371 - INFO - Trying V3 intraday API for Hindustan Unilever
2025-06-19 23:52:48,377 - INFO - V3 Intraday: Got 375 candles
2025-06-19 23:52:48,377 - INFO - Final dataset: 250 candles from 2025-06-19 11:20:00+05:30 to 2025-06-19 15:29:00+05:30
2025-06-19 23:52:48,378 - INFO - ✓ Successfully included today's data
2025-06-19 23:52:48,381 - INFO - V3 Intraday: Got 375 candles
2025-06-19 23:52:48,382 - INFO - Final dataset: 250 candles from 2025-06-19 11:20:00+05:30 to 2025-06-19 15:29:00+05:30
2025-06-19 23:52:48,382 - INFO - ✓ Successfully included today's data
2025-06-19 23:52:48,417 - INFO - Added 250 candles for HDFC_Bank
2025-06-19 23:52:48,418 - INFO - Added 250 candles for ICICI_Bank
2025-06-19 23:52:48,419 - INFO - Processing symbol: ITC (NSE_EQ|INE154A01025)
2025-06-19 23:52:48,419 - INFO - Trying V3 intraday API for ITC
2025-06-19 23:52:48,420 - INFO - Processing symbol: State Bank of India (NSE_EQ|INE062A01020)
2025-06-19 23:52:48,420 - INFO - Trying V3 intraday API for State Bank of India
2025-06-19 23:52:48,450 - INFO - V3 Intraday: Got 375 candles
2025-06-19 23:52:48,451 - INFO - Final dataset: 250 candles from 2025-06-19 11:20:00+05:30 to 2025-06-19 15:29:00+05:30
2025-06-19 23:52:48,451 - INFO - ✓ Successfully included today's data
2025-06-19 23:52:48,472 - INFO - Added 250 candles for Hindustan_Unilever
2025-06-19 23:52:48,472 - INFO - Processing symbol: Bharti Airtel (NSE_EQ|INE397D01024)
2025-06-19 23:52:48,472 - INFO - Trying V3 intraday API for Bharti Airtel
2025-06-19 23:52:48,503 - INFO - Progress: 2/15 symbols processed
2025-06-19 23:52:48,511 - INFO - V3 Intraday: Got 375 candles
2025-06-19 23:52:48,512 - INFO - Final dataset: 250 candles from 2025-06-19 11:20:00+05:30 to 2025-06-19 15:29:00+05:30
2025-06-19 23:52:48,512 - INFO - ✓ Successfully included today's data
2025-06-19 23:52:48,517 - INFO - V3 Intraday: Got 375 candles
2025-06-19 23:52:48,518 - INFO - Final dataset: 250 candles from 2025-06-19 11:20:00+05:30 to 2025-06-19 15:29:00+05:30
2025-06-19 23:52:48,518 - INFO - ✓ Successfully included today's data
2025-06-19 23:52:48,549 - INFO - Added 250 candles for ITC
2025-06-19 23:52:48,552 - INFO - Processing symbol: Kotak Mahindra Bank (NSE_EQ|INE237A01028)
2025-06-19 23:52:48,552 - INFO - Added 250 candles for State_Bank_of_India
2025-06-19 23:52:48,552 - INFO - Trying V3 intraday API for Kotak Mahindra Bank
2025-06-19 23:52:48,554 - INFO - Processing symbol: Larsen & Toubro (NSE_EQ|INE018A01030)
2025-06-19 23:52:48,554 - INFO - Trying V3 intraday API for Larsen & Toubro
2025-06-19 23:52:48,579 - INFO - V3 Intraday: Got 375 candles
2025-06-19 23:52:48,580 - INFO - Final dataset: 250 candles from 2025-06-19 11:20:00+05:30 to 2025-06-19 15:29:00+05:30
2025-06-19 23:52:48,580 - INFO - ✓ Successfully included today's data
2025-06-19 23:52:48,605 - INFO - Added 250 candles for Bharti_Airtel
2025-06-19 23:52:48,606 - INFO - Processing symbol: Asian Paints (NSE_EQ|INE021A01026)
2025-06-19 23:52:48,606 - INFO - Trying V3 intraday API for Asian Paints
2025-06-19 23:52:48,630 - INFO - V3 Intraday: Got 375 candles
2025-06-19 23:52:48,631 - INFO - Final dataset: 250 candles from 2025-06-19 11:20:00+05:30 to 2025-06-19 15:29:00+05:30
2025-06-19 23:52:48,631 - INFO - ✓ Successfully included today's data
2025-06-19 23:52:48,637 - INFO - V3 Intraday: Got 375 candles
2025-06-19 23:52:48,638 - INFO - Final dataset: 250 candles from 2025-06-19 11:20:00+05:30 to 2025-06-19 15:29:00+05:30
2025-06-19 23:52:48,638 - INFO - ✓ Successfully included today's data
2025-06-19 23:52:48,673 - INFO - Added 250 candles for Kotak_Mahindra_Bank
2025-06-19 23:52:48,676 - INFO - Processing symbol: Maruti Suzuki (NSE_EQ|INE585B01010)
2025-06-19 23:52:48,677 - INFO - Trying V3 intraday API for Maruti Suzuki
2025-06-19 23:52:48,686 - INFO - Added 250 candles for Larsen_and_Toubro
2025-06-19 23:52:48,688 - INFO - Processing symbol: Bajaj Finance (NSE_EQ|INE296A01024)
2025-06-19 23:52:48,688 - INFO - Trying V3 intraday API for Bajaj Finance
2025-06-19 23:52:48,691 - INFO - V3 Intraday: Got 375 candles
2025-06-19 23:52:48,692 - INFO - Final dataset: 250 candles from 2025-06-19 11:20:00+05:30 to 2025-06-19 15:29:00+05:30
2025-06-19 23:52:48,692 - INFO - ✓ Successfully included today's data
2025-06-19 23:52:48,704 - INFO - Progress: 3/15 symbols processed
2025-06-19 23:52:48,715 - INFO - Added 250 candles for Asian_Paints
2025-06-19 23:52:48,716 - INFO - Processing symbol: HCL Technologies (NSE_EQ|INE860A01027)
2025-06-19 23:52:48,716 - INFO - Trying V3 intraday API for HCL Technologies
2025-06-19 23:52:48,748 - INFO - V3 Intraday: Got 375 candles
2025-06-19 23:52:48,749 - INFO - Final dataset: 250 candles from 2025-06-19 11:20:00+05:30 to 2025-06-19 15:29:00+05:30
2025-06-19 23:52:48,749 - INFO - ✓ Successfully included today's data
2025-06-19 23:52:48,771 - INFO - Added 250 candles for Maruti_Suzuki
2025-06-19 23:52:48,780 - INFO - V3 Intraday: Got 375 candles
2025-06-19 23:52:48,781 - INFO - Final dataset: 250 candles from 2025-06-19 11:20:00+05:30 to 2025-06-19 15:29:00+05:30
2025-06-19 23:52:48,781 - INFO - ✓ Successfully included today's data
2025-06-19 23:52:48,789 - ERROR - V3 Intraday API request failed for NSE_EQ|INE296A01024: 400 Client Error: Bad Request for url: https://api.upstox.com/v3/historical-candle/intraday/NSE_EQ%7CINE296A01024/minutes/1
2025-06-19 23:52:48,790 - INFO - V3 intraday failed, trying V2 for Bajaj Finance
2025-06-19 23:52:48,803 - INFO - Added 250 candles for HCL_Technologies
2025-06-19 23:52:48,882 - ERROR - V2 Intraday API failed for NSE_EQ|INE296A01024: 400 Client Error: Bad Request for url: https://api.upstox.com/v2/historical-candle/intraday/NSE_EQ%7CINE296A01024/1minute
2025-06-19 23:52:48,882 - INFO - Need 250 more candles from historical data
2025-06-19 23:52:48,882 - INFO - Fetching historical data from 2025-06-17 to 2025-06-19
2025-06-19 23:52:48,904 - INFO - Progress: 4/15 symbols processed
2025-06-19 23:52:48,981 - ERROR - V3 Historical API failed for NSE_EQ|INE296A01024: 400 Client Error: Bad Request for url: https://api.upstox.com/v3/historical-candle/NSE_EQ%7CINE296A01024/minutes/1/2025-06-19/2025-06-17
2025-06-19 23:52:49,073 - ERROR - V2 Historical API failed for NSE_EQ|INE296A01024: 400 Client Error: Bad Request for url: https://api.upstox.com/v2/historical-candle/NSE_EQ%7CINE296A01024/1minute/2025-06-19/2025-06-17
2025-06-19 23:52:49,073 - WARNING - No data received for Bajaj Finance
2025-06-19 23:52:49,105 - INFO - Progress: 5/15 symbols processed
2025-06-19 23:52:49,305 - INFO - Progress: 6/15 symbols processed
2025-06-19 23:52:49,506 - INFO - Progress: 7/15 symbols processed
2025-06-19 23:52:49,706 - INFO - Progress: 8/15 symbols processed
2025-06-19 23:52:49,906 - INFO - Progress: 9/15 symbols processed
2025-06-19 23:52:50,107 - INFO - Progress: 10/15 symbols processed
2025-06-19 23:52:50,307 - INFO - Progress: 11/15 symbols processed
2025-06-19 23:52:50,507 - INFO - Progress: 12/15 symbols processed
2025-06-19 23:52:50,708 - INFO - Progress: 13/15 symbols processed
2025-06-19 23:52:50,908 - INFO - Progress: 14/15 symbols processed
2025-06-19 23:52:51,108 - INFO - Progress: 15/15 symbols processed
2025-06-19 23:52:51,309 - INFO - Enhanced fetch completed in 0:00:03.190120. 14 successful, 1 failed
