2025-06-19 02:18:39,289 - INFO - Logging to: /home/abhishek/projects/CUPCAKE/logs/enhanced_historical_data_fetcher_20250619_021839_IST.log
2025-06-19 02:18:39,290 - INFO - Script directory: /home/abhishek/projects/CUPCAKE/scripts
2025-06-19 02:18:39,290 - INFO - Looking for symbols.json at: /home/abhishek/projects/CUPCAKE/scripts/symbols.json
2025-06-19 02:18:39,290 - INFO - Loaded credentials from /home/abhishek/projects/CUPCAKE/authentication/credentials.json
2025-06-19 02:18:39,290 - INFO - Loaded 15 symbols from /home/abhishek/projects/CUPCAKE/scripts/symbols.json
2025-06-19 02:18:39,292 - INFO - Connected to Redis at localhost:6379, DB 0
2025-06-19 02:18:39,292 - INFO - Flushed Redis database
2025-06-19 02:18:39,292 - INFO - Starting enhanced data fetch at 2025-06-19 02:18:39.292895
2025-06-19 02:18:39,292 - INFO - Starting to process 15 symbols with 3 workers
2025-06-19 02:18:39,293 - INFO - Processing symbol: Reliance Industries (NSE_EQ|INE002A01018)
2025-06-19 02:18:39,293 - INFO - Processing symbol: Tata Consultancy Services (NSE_EQ|INE467B01029)
2025-06-19 02:18:39,293 - INFO - Processing symbol: Infosys (NSE_EQ|INE009A01021)
2025-06-19 02:18:39,375 - INFO - Need 250 more candles from historical data
2025-06-19 02:18:39,377 - INFO - Fetching historical data from 2025-06-17 to 2025-06-19
2025-06-19 02:18:39,378 - INFO - Need 250 more candles from historical data
2025-06-19 02:18:39,379 - INFO - Fetching historical data from 2025-06-17 to 2025-06-19
2025-06-19 02:18:39,384 - INFO - Need 250 more candles from historical data
2025-06-19 02:18:39,384 - INFO - Fetching historical data from 2025-06-17 to 2025-06-19
2025-06-19 02:18:39,458 - INFO - V3 Historical: Got 750 candles
2025-06-19 02:18:39,460 - INFO - Final dataset: 250 candles from 2025-06-18 11:20:00+05:30 to 2025-06-18 15:29:00+05:30
2025-06-19 02:18:39,461 - WARNING - ⚠ Latest data is from 2025-06-18, not today (2025-06-19)
2025-06-19 02:18:39,466 - INFO - V3 Historical: Got 750 candles
2025-06-19 02:18:39,468 - INFO - Final dataset: 250 candles from 2025-06-18 11:20:00+05:30 to 2025-06-18 15:29:00+05:30
2025-06-19 02:18:39,468 - WARNING - ⚠ Latest data is from 2025-06-18, not today (2025-06-19)
2025-06-19 02:18:39,477 - INFO - V3 Historical: Got 750 candles
2025-06-19 02:18:39,479 - INFO - Final dataset: 250 candles from 2025-06-18 11:20:00+05:30 to 2025-06-18 15:29:00+05:30
2025-06-19 02:18:39,479 - WARNING - ⚠ Latest data is from 2025-06-18, not today (2025-06-19)
2025-06-19 02:18:39,524 - INFO - Added 250 candles for Infosys
2025-06-19 02:18:39,526 - INFO - Added 250 candles for Tata_Consultancy_Services
2025-06-19 02:18:39,527 - INFO - Processing symbol: HDFC Bank (NSE_EQ|INE040A01034)
2025-06-19 02:18:39,528 - INFO - Processing symbol: ICICI Bank (NSE_EQ|INE090A01021)
2025-06-19 02:18:39,529 - INFO - Progress: 1/15 symbols processed
2025-06-19 02:18:39,532 - INFO - Need 250 more candles from historical data
2025-06-19 02:18:39,532 - INFO - Need 250 more candles from historical data
2025-06-19 02:18:39,533 - INFO - Fetching historical data from 2025-06-17 to 2025-06-19
2025-06-19 02:18:39,535 - INFO - Fetching historical data from 2025-06-17 to 2025-06-19
2025-06-19 02:18:39,539 - INFO - Added 250 candles for Reliance_Industries
2025-06-19 02:18:39,541 - INFO - Processing symbol: Hindustan Unilever (NSE_EQ|INE030A01027)
2025-06-19 02:18:39,541 - INFO - Need 250 more candles from historical data
2025-06-19 02:18:39,542 - INFO - Fetching historical data from 2025-06-17 to 2025-06-19
2025-06-19 02:18:39,620 - INFO - V3 Historical: Got 750 candles
2025-06-19 02:18:39,621 - INFO - Final dataset: 250 candles from 2025-06-18 11:20:00+05:30 to 2025-06-18 15:29:00+05:30
2025-06-19 02:18:39,621 - WARNING - ⚠ Latest data is from 2025-06-18, not today (2025-06-19)
2025-06-19 02:18:39,626 - INFO - V3 Historical: Got 750 candles
2025-06-19 02:18:39,629 - INFO - Final dataset: 250 candles from 2025-06-18 11:20:00+05:30 to 2025-06-18 15:29:00+05:30
2025-06-19 02:18:39,630 - WARNING - ⚠ Latest data is from 2025-06-18, not today (2025-06-19)
2025-06-19 02:18:39,633 - INFO - V3 Historical: Got 750 candles
2025-06-19 02:18:39,635 - INFO - Final dataset: 250 candles from 2025-06-18 11:20:00+05:30 to 2025-06-18 15:29:00+05:30
2025-06-19 02:18:39,638 - WARNING - ⚠ Latest data is from 2025-06-18, not today (2025-06-19)
2025-06-19 02:18:39,688 - INFO - Added 250 candles for ICICI_Bank
2025-06-19 02:18:39,689 - INFO - Added 250 candles for HDFC_Bank
2025-06-19 02:18:39,695 - INFO - Processing symbol: ITC (NSE_EQ|INE154A01025)
2025-06-19 02:18:39,696 - INFO - Processing symbol: State Bank of India (NSE_EQ|INE062A01020)
2025-06-19 02:18:39,696 - INFO - Need 250 more candles from historical data
2025-06-19 02:18:39,698 - INFO - Need 250 more candles from historical data
2025-06-19 02:18:39,698 - INFO - Fetching historical data from 2025-06-17 to 2025-06-19
2025-06-19 02:18:39,698 - INFO - Fetching historical data from 2025-06-17 to 2025-06-19
2025-06-19 02:18:39,705 - INFO - Added 250 candles for Hindustan_Unilever
2025-06-19 02:18:39,706 - INFO - Processing symbol: Bharti Airtel (NSE_EQ|INE397D01024)
2025-06-19 02:18:39,706 - INFO - Need 250 more candles from historical data
2025-06-19 02:18:39,706 - INFO - Fetching historical data from 2025-06-17 to 2025-06-19
2025-06-19 02:18:39,732 - INFO - Progress: 2/15 symbols processed
2025-06-19 02:18:39,773 - INFO - V3 Historical: Got 750 candles
2025-06-19 02:18:39,775 - INFO - Final dataset: 250 candles from 2025-06-18 11:20:00+05:30 to 2025-06-18 15:29:00+05:30
2025-06-19 02:18:39,775 - WARNING - ⚠ Latest data is from 2025-06-18, not today (2025-06-19)
2025-06-19 02:18:39,779 - INFO - V3 Historical: Got 750 candles
2025-06-19 02:18:39,781 - INFO - Final dataset: 250 candles from 2025-06-18 11:20:00+05:30 to 2025-06-18 15:29:00+05:30
2025-06-19 02:18:39,781 - WARNING - ⚠ Latest data is from 2025-06-18, not today (2025-06-19)
2025-06-19 02:18:39,792 - INFO - V3 Historical: Got 750 candles
2025-06-19 02:18:39,793 - INFO - Final dataset: 250 candles from 2025-06-18 11:20:00+05:30 to 2025-06-18 15:29:00+05:30
2025-06-19 02:18:39,793 - WARNING - ⚠ Latest data is from 2025-06-18, not today (2025-06-19)
2025-06-19 02:18:39,840 - INFO - Added 250 candles for ITC
2025-06-19 02:18:39,843 - INFO - Processing symbol: Kotak Mahindra Bank (NSE_EQ|INE237A01028)
2025-06-19 02:18:39,843 - INFO - Need 250 more candles from historical data
2025-06-19 02:18:39,845 - INFO - Fetching historical data from 2025-06-17 to 2025-06-19
2025-06-19 02:18:39,849 - INFO - Added 250 candles for State_Bank_of_India
2025-06-19 02:18:39,851 - INFO - Processing symbol: Larsen & Toubro (NSE_EQ|INE018A01030)
2025-06-19 02:18:39,853 - INFO - Need 250 more candles from historical data
2025-06-19 02:18:39,853 - INFO - Fetching historical data from 2025-06-17 to 2025-06-19
2025-06-19 02:18:39,855 - INFO - Added 250 candles for Bharti_Airtel
2025-06-19 02:18:39,856 - INFO - Processing symbol: Asian Paints (NSE_EQ|INE021A01026)
2025-06-19 02:18:39,857 - INFO - Need 250 more candles from historical data
2025-06-19 02:18:39,857 - INFO - Fetching historical data from 2025-06-17 to 2025-06-19
2025-06-19 02:18:39,922 - INFO - V3 Historical: Got 750 candles
2025-06-19 02:18:39,923 - INFO - Final dataset: 250 candles from 2025-06-18 11:20:00+05:30 to 2025-06-18 15:29:00+05:30
2025-06-19 02:18:39,923 - WARNING - ⚠ Latest data is from 2025-06-18, not today (2025-06-19)
2025-06-19 02:18:39,935 - INFO - V3 Historical: Got 750 candles
2025-06-19 02:18:39,936 - INFO - Progress: 3/15 symbols processed
2025-06-19 02:18:39,946 - INFO - Final dataset: 250 candles from 2025-06-18 11:20:00+05:30 to 2025-06-18 15:29:00+05:30
2025-06-19 02:18:39,946 - INFO - V3 Historical: Got 750 candles
2025-06-19 02:18:39,947 - WARNING - ⚠ Latest data is from 2025-06-18, not today (2025-06-19)
2025-06-19 02:18:39,950 - INFO - Final dataset: 250 candles from 2025-06-18 11:20:00+05:30 to 2025-06-18 15:29:00+05:30
2025-06-19 02:18:39,951 - WARNING - ⚠ Latest data is from 2025-06-18, not today (2025-06-19)
2025-06-19 02:18:39,975 - INFO - Added 250 candles for Kotak_Mahindra_Bank
2025-06-19 02:18:39,979 - INFO - Processing symbol: Maruti Suzuki (NSE_EQ|INE585B01010)
2025-06-19 02:18:39,980 - INFO - Need 250 more candles from historical data
2025-06-19 02:18:39,982 - INFO - Fetching historical data from 2025-06-17 to 2025-06-19
2025-06-19 02:18:39,996 - INFO - Added 250 candles for Asian_Paints
2025-06-19 02:18:39,997 - INFO - Processing symbol: Bajaj Finance (NSE_EQ|INE296A01024)
2025-06-19 02:18:39,997 - INFO - Need 250 more candles from historical data
2025-06-19 02:18:39,997 - INFO - Fetching historical data from 2025-06-17 to 2025-06-19
2025-06-19 02:18:40,005 - INFO - Added 250 candles for Larsen_and_Toubro
2025-06-19 02:18:40,006 - INFO - Processing symbol: HCL Technologies (NSE_EQ|INE860A01027)
2025-06-19 02:18:40,006 - INFO - Need 250 more candles from historical data
2025-06-19 02:18:40,006 - INFO - Fetching historical data from 2025-06-17 to 2025-06-19
2025-06-19 02:18:40,071 - INFO - V3 Historical: Got 750 candles
2025-06-19 02:18:40,072 - INFO - Final dataset: 250 candles from 2025-06-18 11:20:00+05:30 to 2025-06-18 15:29:00+05:30
2025-06-19 02:18:40,073 - WARNING - ⚠ Latest data is from 2025-06-18, not today (2025-06-19)
2025-06-19 02:18:40,079 - INFO - V3 Historical: Got 750 candles
2025-06-19 02:18:40,080 - INFO - Final dataset: 250 candles from 2025-06-18 11:20:00+05:30 to 2025-06-18 15:29:00+05:30
2025-06-19 02:18:40,081 - WARNING - ⚠ Latest data is from 2025-06-18, not today (2025-06-19)
2025-06-19 02:18:40,110 - INFO - Added 250 candles for Maruti_Suzuki
2025-06-19 02:18:40,121 - INFO - Added 250 candles for HCL_Technologies
2025-06-19 02:18:40,146 - ERROR - V3 Historical API failed for NSE_EQ|INE296A01024: 400 Client Error: Bad Request for url: https://api.upstox.com/v3/historical-candle/NSE_EQ%7CINE296A01024/minutes/1/2025-06-19/2025-06-17
2025-06-19 02:18:40,148 - INFO - Progress: 4/15 symbols processed
2025-06-19 02:18:40,301 - ERROR - V2 Historical API failed for NSE_EQ|INE296A01024: 400 Client Error: Bad Request for url: https://api.upstox.com/v2/historical-candle/NSE_EQ%7CINE296A01024/1minute/2025-06-19/2025-06-17
2025-06-19 02:18:40,301 - WARNING - No data received for Bajaj Finance
2025-06-19 02:18:40,348 - INFO - Progress: 5/15 symbols processed
2025-06-19 02:18:40,549 - INFO - Progress: 6/15 symbols processed
2025-06-19 02:18:40,749 - INFO - Progress: 7/15 symbols processed
2025-06-19 02:18:40,949 - INFO - Progress: 8/15 symbols processed
2025-06-19 02:18:41,150 - INFO - Progress: 9/15 symbols processed
2025-06-19 02:18:41,350 - INFO - Progress: 10/15 symbols processed
2025-06-19 02:18:41,551 - INFO - Progress: 11/15 symbols processed
2025-06-19 02:18:41,751 - INFO - Progress: 12/15 symbols processed
2025-06-19 02:18:41,952 - INFO - Progress: 13/15 symbols processed
2025-06-19 02:18:42,152 - INFO - Progress: 14/15 symbols processed
2025-06-19 02:18:42,352 - INFO - Progress: 15/15 symbols processed
2025-06-19 02:18:42,554 - INFO - Enhanced fetch completed in 0:00:03.260875. 14 successful, 1 failed
