2025-06-19 02:15:01,782 - INFO - Logging to: /home/abhishek/projects/CUPCAKE/logs/enhanced_historical_data_fetcher_20250619_021501_IST.log
2025-06-19 02:15:01,783 - INFO - Script directory: /home/abhishek/projects/CUPCAKE/scripts
2025-06-19 02:15:01,783 - INFO - Looking for symbols.json at: /home/abhishek/projects/CUPCAKE/scripts/symbols.json
2025-06-19 02:15:01,783 - INFO - Loaded credentials from /home/abhishek/projects/CUPCAKE/authentication/credentials.json
2025-06-19 02:15:01,783 - INFO - Loaded 15 symbols from /home/abhishek/projects/CUPCAKE/scripts/symbols.json
2025-06-19 02:15:01,785 - INFO - Connected to Redis at localhost:6379, DB 0
2025-06-19 02:15:01,785 - INFO - Flushed Redis database
2025-06-19 02:15:01,785 - INFO - Starting enhanced data fetch at 2025-06-19 02:15:01.785939
2025-06-19 02:15:01,785 - INFO - Starting to process 15 symbols with 3 workers
2025-06-19 02:15:01,786 - INFO - Processing symbol: Reliance Industries (NSE_EQ|INE002A01018)
2025-06-19 02:15:01,786 - INFO - Processing symbol: Tata Consultancy Services (NSE_EQ|INE467B01029)
2025-06-19 02:15:01,786 - INFO - Processing symbol: Infosys (NSE_EQ|INE009A01021)
2025-06-19 02:15:01,925 - INFO - Need 250 more candles from historical data
2025-06-19 02:15:01,926 - INFO - Fetching historical data from 2025-06-17 to 2025-06-19
2025-06-19 02:15:01,930 - INFO - Need 250 more candles from historical data
2025-06-19 02:15:01,930 - INFO - Fetching historical data from 2025-06-17 to 2025-06-19
2025-06-19 02:15:02,007 - INFO - Need 250 more candles from historical data
2025-06-19 02:15:02,007 - INFO - Fetching historical data from 2025-06-17 to 2025-06-19
2025-06-19 02:15:02,039 - INFO - V3 Historical: Got 750 candles
2025-06-19 02:15:02,040 - INFO - V3 Historical: Got 750 candles
2025-06-19 02:15:02,044 - INFO - Final dataset: 250 candles from 2025-06-18 11:20:00+05:30 to 2025-06-18 15:29:00+05:30
2025-06-19 02:15:02,049 - INFO - Final dataset: 250 candles from 2025-06-18 11:20:00+05:30 to 2025-06-18 15:29:00+05:30
2025-06-19 02:15:02,049 - WARNING - ⚠ Latest data is from 2025-06-18, not today (2025-06-19)
2025-06-19 02:15:02,050 - WARNING - ⚠ Latest data is from 2025-06-18, not today (2025-06-19)
2025-06-19 02:15:02,090 - INFO - Added 250 candles for Tata_Consultancy_Services
2025-06-19 02:15:02,091 - INFO - Processing symbol: HDFC Bank (NSE_EQ|INE040A01034)
2025-06-19 02:15:02,091 - INFO - Need 250 more candles from historical data
2025-06-19 02:15:02,091 - INFO - Progress: 1/15 symbols processed
2025-06-19 02:15:02,091 - INFO - Fetching historical data from 2025-06-17 to 2025-06-19
2025-06-19 02:15:02,094 - INFO - Added 250 candles for Infosys
2025-06-19 02:15:02,097 - INFO - Processing symbol: ICICI Bank (NSE_EQ|INE090A01021)
2025-06-19 02:15:02,097 - INFO - Need 250 more candles from historical data
2025-06-19 02:15:02,097 - INFO - Fetching historical data from 2025-06-17 to 2025-06-19
2025-06-19 02:15:02,107 - INFO - V3 Historical: Got 750 candles
2025-06-19 02:15:02,108 - INFO - Final dataset: 250 candles from 2025-06-18 11:20:00+05:30 to 2025-06-18 15:29:00+05:30
2025-06-19 02:15:02,108 - WARNING - ⚠ Latest data is from 2025-06-18, not today (2025-06-19)
2025-06-19 02:15:02,126 - INFO - Added 250 candles for Reliance_Industries
2025-06-19 02:15:02,127 - INFO - Processing symbol: Hindustan Unilever (NSE_EQ|INE030A01027)
2025-06-19 02:15:02,127 - INFO - Need 250 more candles from historical data
2025-06-19 02:15:02,127 - INFO - Fetching historical data from 2025-06-17 to 2025-06-19
2025-06-19 02:15:02,173 - INFO - V3 Historical: Got 750 candles
2025-06-19 02:15:02,174 - INFO - Final dataset: 250 candles from 2025-06-18 11:20:00+05:30 to 2025-06-18 15:29:00+05:30
2025-06-19 02:15:02,174 - WARNING - ⚠ Latest data is from 2025-06-18, not today (2025-06-19)
2025-06-19 02:15:02,187 - INFO - V3 Historical: Got 750 candles
2025-06-19 02:15:02,188 - INFO - Final dataset: 250 candles from 2025-06-18 11:20:00+05:30 to 2025-06-18 15:29:00+05:30
2025-06-19 02:15:02,188 - WARNING - ⚠ Latest data is from 2025-06-18, not today (2025-06-19)
2025-06-19 02:15:02,207 - INFO - Added 250 candles for HDFC_Bank
2025-06-19 02:15:02,208 - INFO - Processing symbol: ITC (NSE_EQ|INE154A01025)
2025-06-19 02:15:02,210 - INFO - Need 250 more candles from historical data
2025-06-19 02:15:02,210 - INFO - Fetching historical data from 2025-06-17 to 2025-06-19
2025-06-19 02:15:02,220 - INFO - Added 250 candles for ICICI_Bank
2025-06-19 02:15:02,221 - INFO - Processing symbol: State Bank of India (NSE_EQ|INE062A01020)
2025-06-19 02:15:02,224 - INFO - V3 Historical: Got 750 candles
2025-06-19 02:15:02,224 - INFO - Need 250 more candles from historical data
2025-06-19 02:15:02,225 - INFO - Final dataset: 250 candles from 2025-06-18 11:20:00+05:30 to 2025-06-18 15:29:00+05:30
2025-06-19 02:15:02,225 - INFO - Fetching historical data from 2025-06-17 to 2025-06-19
2025-06-19 02:15:02,226 - WARNING - ⚠ Latest data is from 2025-06-18, not today (2025-06-19)
2025-06-19 02:15:02,246 - INFO - Added 250 candles for Hindustan_Unilever
2025-06-19 02:15:02,247 - INFO - Processing symbol: Bharti Airtel (NSE_EQ|INE397D01024)
2025-06-19 02:15:02,247 - INFO - Need 250 more candles from historical data
2025-06-19 02:15:02,247 - INFO - Fetching historical data from 2025-06-17 to 2025-06-19
2025-06-19 02:15:02,291 - INFO - V3 Historical: Got 750 candles
2025-06-19 02:15:02,292 - INFO - Final dataset: 250 candles from 2025-06-18 11:20:00+05:30 to 2025-06-18 15:29:00+05:30
2025-06-19 02:15:02,292 - WARNING - ⚠ Latest data is from 2025-06-18, not today (2025-06-19)
2025-06-19 02:15:02,293 - INFO - Progress: 2/15 symbols processed
2025-06-19 02:15:02,296 - INFO - V3 Historical: Got 750 candles
2025-06-19 02:15:02,298 - INFO - Final dataset: 250 candles from 2025-06-18 11:20:00+05:30 to 2025-06-18 15:29:00+05:30
2025-06-19 02:15:02,298 - WARNING - ⚠ Latest data is from 2025-06-18, not today (2025-06-19)
2025-06-19 02:15:02,331 - INFO - V3 Historical: Got 750 candles
2025-06-19 02:15:02,336 - INFO - Final dataset: 250 candles from 2025-06-18 11:20:00+05:30 to 2025-06-18 15:29:00+05:30
2025-06-19 02:15:02,338 - WARNING - ⚠ Latest data is from 2025-06-18, not today (2025-06-19)
2025-06-19 02:15:02,342 - INFO - Added 250 candles for ITC
2025-06-19 02:15:02,346 - INFO - Added 250 candles for State_Bank_of_India
2025-06-19 02:15:02,347 - INFO - Processing symbol: Kotak Mahindra Bank (NSE_EQ|INE237A01028)
2025-06-19 02:15:02,347 - INFO - Need 250 more candles from historical data
2025-06-19 02:15:02,348 - INFO - Processing symbol: Larsen & Toubro (NSE_EQ|INE018A01030)
2025-06-19 02:15:02,348 - INFO - Fetching historical data from 2025-06-17 to 2025-06-19
2025-06-19 02:15:02,349 - INFO - Need 250 more candles from historical data
2025-06-19 02:15:02,351 - INFO - Fetching historical data from 2025-06-17 to 2025-06-19
2025-06-19 02:15:02,372 - INFO - Added 250 candles for Bharti_Airtel
2025-06-19 02:15:02,373 - INFO - Processing symbol: Asian Paints (NSE_EQ|INE021A01026)
2025-06-19 02:15:02,373 - INFO - Need 250 more candles from historical data
2025-06-19 02:15:02,373 - INFO - Fetching historical data from 2025-06-17 to 2025-06-19
2025-06-19 02:15:02,434 - INFO - V3 Historical: Got 750 candles
2025-06-19 02:15:02,435 - INFO - Final dataset: 250 candles from 2025-06-18 11:20:00+05:30 to 2025-06-18 15:29:00+05:30
2025-06-19 02:15:02,435 - WARNING - ⚠ Latest data is from 2025-06-18, not today (2025-06-19)
2025-06-19 02:15:02,442 - INFO - V3 Historical: Got 750 candles
2025-06-19 02:15:02,444 - INFO - Final dataset: 250 candles from 2025-06-18 11:20:00+05:30 to 2025-06-18 15:29:00+05:30
2025-06-19 02:15:02,446 - WARNING - ⚠ Latest data is from 2025-06-18, not today (2025-06-19)
2025-06-19 02:15:02,457 - INFO - V3 Historical: Got 750 candles
2025-06-19 02:15:02,458 - INFO - Final dataset: 250 candles from 2025-06-18 11:20:00+05:30 to 2025-06-18 15:29:00+05:30
2025-06-19 02:15:02,460 - WARNING - ⚠ Latest data is from 2025-06-18, not today (2025-06-19)
2025-06-19 02:15:02,490 - INFO - Added 250 candles for Kotak_Mahindra_Bank
2025-06-19 02:15:02,492 - INFO - Processing symbol: Maruti Suzuki (NSE_EQ|INE585B01010)
2025-06-19 02:15:02,497 - INFO - Progress: 3/15 symbols processed
2025-06-19 02:15:02,497 - INFO - Need 250 more candles from historical data
2025-06-19 02:15:02,498 - INFO - Fetching historical data from 2025-06-17 to 2025-06-19
2025-06-19 02:15:02,502 - INFO - Added 250 candles for Larsen_and_Toubro
2025-06-19 02:15:02,507 - INFO - Processing symbol: Bajaj Finance (NSE_EQ|INE296A01024)
2025-06-19 02:15:02,507 - INFO - Need 250 more candles from historical data
2025-06-19 02:15:02,507 - INFO - Fetching historical data from 2025-06-17 to 2025-06-19
2025-06-19 02:15:02,511 - INFO - Added 250 candles for Asian_Paints
2025-06-19 02:15:02,512 - INFO - Processing symbol: HCL Technologies (NSE_EQ|INE860A01027)
2025-06-19 02:15:02,512 - INFO - Need 250 more candles from historical data
2025-06-19 02:15:02,512 - INFO - Fetching historical data from 2025-06-17 to 2025-06-19
2025-06-19 02:15:02,575 - INFO - V3 Historical: Got 750 candles
2025-06-19 02:15:02,576 - INFO - Final dataset: 250 candles from 2025-06-18 11:20:00+05:30 to 2025-06-18 15:29:00+05:30
2025-06-19 02:15:02,576 - WARNING - ⚠ Latest data is from 2025-06-18, not today (2025-06-19)
2025-06-19 02:15:02,588 - INFO - V3 Historical: Got 750 candles
2025-06-19 02:15:02,591 - INFO - Final dataset: 250 candles from 2025-06-18 11:20:00+05:30 to 2025-06-18 15:29:00+05:30
2025-06-19 02:15:02,591 - WARNING - ⚠ Latest data is from 2025-06-18, not today (2025-06-19)
2025-06-19 02:15:02,604 - INFO - Added 250 candles for Maruti_Suzuki
2025-06-19 02:15:02,617 - INFO - Added 250 candles for HCL_Technologies
2025-06-19 02:15:02,647 - ERROR - V3 Historical API failed for NSE_EQ|INE296A01024: 400 Client Error: Bad Request for url: https://api.upstox.com/v3/historical-candle/NSE_EQ%7CINE296A01024/minutes/1/2025-06-19/2025-06-17
2025-06-19 02:15:02,698 - INFO - Progress: 4/15 symbols processed
2025-06-19 02:15:02,756 - ERROR - V2 Historical API failed for NSE_EQ|INE296A01024: 400 Client Error: Bad Request for url: https://api.upstox.com/v2/historical-candle/NSE_EQ%7CINE296A01024/1minute/2025-06-19/2025-06-17
2025-06-19 02:15:02,757 - WARNING - No data received for Bajaj Finance
2025-06-19 02:15:02,899 - INFO - Progress: 5/15 symbols processed
2025-06-19 02:15:03,099 - INFO - Progress: 6/15 symbols processed
2025-06-19 02:15:03,300 - INFO - Progress: 7/15 symbols processed
2025-06-19 02:15:03,501 - INFO - Progress: 8/15 symbols processed
2025-06-19 02:15:03,701 - INFO - Progress: 9/15 symbols processed
2025-06-19 02:15:03,902 - INFO - Progress: 10/15 symbols processed
2025-06-19 02:15:04,103 - INFO - Progress: 11/15 symbols processed
2025-06-19 02:15:04,303 - INFO - Progress: 12/15 symbols processed
2025-06-19 02:15:04,504 - INFO - Progress: 13/15 symbols processed
2025-06-19 02:15:04,705 - INFO - Progress: 14/15 symbols processed
2025-06-19 02:15:04,905 - INFO - Progress: 15/15 symbols processed
2025-06-19 02:15:05,107 - INFO - Enhanced fetch completed in 0:00:03.320748. 14 successful, 1 failed
