2025-06-19 10:40:45,458 - INFO - Live data fetcher logging to: /home/abhishek/projects/CUPCAKE/logs/live_data_fetcher_20250619_104045_IST.log
2025-06-19 10:40:45,459 - INFO - Script directory: /home/abhishek/projects/CUPCAKE/scripts
2025-06-19 10:40:45,459 - INFO - Looking for symbols.json at: /home/abhishek/projects/CUPCAKE/scripts/symbols.json
2025-06-19 10:40:45,460 - INFO - Loaded credentials from /home/abhishek/projects/CUPCAKE/authentication/credentials.json
2025-06-19 10:40:45,460 - INFO - Loaded 15 symbols from /home/abhishek/projects/CUPCAKE/scripts/symbols.json
2025-06-19 10:40:45,464 - INFO - Connected to Redis at localhost:6379, DB 0
2025-06-19 10:40:45,464 - INFO - Starting continuous live data fetching...
2025-06-19 10:40:45,464 - INFO - Monitoring 15 symbols
2025-06-19 10:40:45,464 - INFO - Log file: /home/abhishek/projects/CUPCAKE/logs/live_data_fetcher_20250619_104045_IST.log
2025-06-19 10:40:45,464 - INFO - Performing initial gap filling...
2025-06-19 10:40:45,544 - INFO - === Cycle 1 - 2025-06-19 10:40:45 IST ===
2025-06-19 10:40:45,544 - INFO - Processing 15 symbols with 3 workers
2025-06-19 10:40:45,692 - ERROR - Upstox V2 API error fetching NSE_EQ|INE296A01024 for 2025-06-19 09:15:00+05:30: (400)
Reason: Bad Request
HTTP response headers: HTTPHeaderDict({'Date': 'Thu, 19 Jun 2025 05:10:45 GMT', 'Content-Type': 'application/json', 'Transfer-Encoding': 'chunked', 'Connection': 'keep-alive', 'vary': 'Origin, Access-Control-Request-Method, Access-Control-Request-Headers', 'message': 'request failed', 'requestid': '62db9391-b058-4d8a-a474-36a3a29416ad', 'x-content-type-options': 'nosniff', 'x-xss-protection': '1; mode=block', 'Cache-Control': 'no-cache, no-store, max-age=0, must-revalidate', 'pragma': 'no-cache', 'expires': '0', 'strict-transport-security': 'max-age=0; includeSubDomains', 'x-frame-options': 'DENY', 'CF-Cache-Status': 'MISS', 'Set-Cookie': '__cf_bm=nbhgbTWN2yNkPFb.7.YGr1rK1SEgiVTVY.gK_55lBwQ-1750309845-1.0.1.1-gjanuvLSScOEvTvpTGIymFwKOvTsJCQ6NmqHQ5S1mEaUXVrQ2HeaBQkOfdFMY7i0; path=/; expires=Thu, 19-Jun-25 05:40:45 GMT; domain=.upstox.com; HttpOnly; Secure; SameSite=None, _cfuvid=8ReLfCw57J4bSInGNXqui.j5.89ssvdFoPY1ob3tEm8-1750309845653-0.0.1.1-604800000; path=/; domain=.upstox.com; HttpOnly; Secure; SameSite=None', 'Server': 'cloudflare', 'CF-RAY': '95208596fa032fe5-CNN', 'alt-svc': 'h3=":443"; ma=86400'})
HTTP response body: b'{"status":"error","errors":[{"errorCode":"UDAPI100011","message":"Invalid Instrument key","propertyPath":null,"invalidValue":null,"error_code":"UDAPI100011","property_path":null,"invalid_value":null}]}'

2025-06-19 10:40:45,813 - ERROR - V3 fallback HTTP request failed for NSE_EQ|INE296A01024: 400 Client Error: Bad Request for url: https://api.upstox.com/v3/historical-candle/intraday/NSE_EQ%7CINE296A01024/minutes/1
2025-06-19 10:40:45,814 - WARNING - No candle data received for Bajaj Finance at 2025-06-19 09:15:00+05:30
2025-06-19 10:40:47,053 - INFO - Cycle 1 completed: 14/15 successful, 1 failed
2025-06-19 10:40:47,053 - INFO - Waiting 42.9 seconds until next fetch at 10:41:30
2025-06-19 10:41:00,652 - INFO - Received signal 2, shutting down gracefully...
