2025-06-19 09:46:50,841 - INFO - Live data fetcher logging to: /home/abhishek/projects/CUPCAKE/logs/live_data_fetcher_20250619_094650_IST.log
2025-06-19 09:46:50,842 - INFO - Script directory: /home/abhishek/projects/CUPCAKE/scripts
2025-06-19 09:46:50,842 - INFO - Looking for symbols.json at: /home/abhishek/projects/CUPCAKE/scripts/symbols.json
2025-06-19 09:46:50,842 - INFO - Loaded credentials from /home/abhishek/projects/CUPCAKE/authentication/credentials.json
2025-06-19 09:46:50,843 - INFO - Loaded 15 symbols from /home/abhishek/projects/CUPCAKE/scripts/symbols.json
2025-06-19 09:46:50,848 - INFO - Connected to Redis at localhost:6379, DB 0
2025-06-19 09:46:50,849 - INFO - Starting continuous live data fetching...
2025-06-19 09:46:50,849 - INFO - Monitoring 15 symbols
2025-06-19 09:46:50,849 - INFO - Log file: /home/abhishek/projects/CUPCAKE/logs/live_data_fetcher_20250619_094650_IST.log
2025-06-19 09:46:50,849 - INFO - Performing initial gap filling...
2025-06-19 09:46:50,853 - INFO - No existing data for Bajaj Finance, skipping gap fill
2025-06-19 09:46:50,922 - INFO - === Cycle 1 - 2025-06-19 09:46:50 IST ===
2025-06-19 09:46:50,922 - INFO - Processing 15 symbols with 3 workers
2025-06-19 09:46:50,923 - ERROR - Unexpected error fetching NSE_EQ|INE002A01018: Got an unexpected keyword argument 'unit' to method get_intra_day_candle_data
2025-06-19 09:46:50,923 - WARNING - No candle data received for Reliance Industries
2025-06-19 09:46:50,923 - ERROR - Unexpected error fetching NSE_EQ|INE467B01029: Got an unexpected keyword argument 'unit' to method get_intra_day_candle_data
2025-06-19 09:46:50,923 - WARNING - No candle data received for Tata Consultancy Services
2025-06-19 09:46:50,923 - ERROR - Unexpected error fetching NSE_EQ|INE009A01021: Got an unexpected keyword argument 'unit' to method get_intra_day_candle_data
2025-06-19 09:46:50,923 - WARNING - No candle data received for Infosys
2025-06-19 09:46:50,924 - ERROR - Unexpected error fetching NSE_EQ|INE040A01034: Got an unexpected keyword argument 'unit' to method get_intra_day_candle_data
2025-06-19 09:46:50,924 - WARNING - No candle data received for HDFC Bank
2025-06-19 09:46:50,924 - ERROR - Unexpected error fetching NSE_EQ|INE090A01021: Got an unexpected keyword argument 'unit' to method get_intra_day_candle_data
2025-06-19 09:46:50,931 - WARNING - No candle data received for ICICI Bank
2025-06-19 09:46:50,931 - ERROR - Unexpected error fetching NSE_EQ|INE154A01025: Got an unexpected keyword argument 'unit' to method get_intra_day_candle_data
2025-06-19 09:46:50,931 - WARNING - No candle data received for ITC
2025-06-19 09:46:50,931 - ERROR - Unexpected error fetching NSE_EQ|INE062A01020: Got an unexpected keyword argument 'unit' to method get_intra_day_candle_data
2025-06-19 09:46:50,931 - WARNING - No candle data received for State Bank of India
2025-06-19 09:46:50,931 - ERROR - Unexpected error fetching NSE_EQ|INE397D01024: Got an unexpected keyword argument 'unit' to method get_intra_day_candle_data
2025-06-19 09:46:50,930 - ERROR - Unexpected error fetching NSE_EQ|INE030A01027: Got an unexpected keyword argument 'unit' to method get_intra_day_candle_data
2025-06-19 09:46:50,931 - ERROR - Unexpected error fetching NSE_EQ|INE237A01028: Got an unexpected keyword argument 'unit' to method get_intra_day_candle_data
2025-06-19 09:46:50,931 - WARNING - No candle data received for Kotak Mahindra Bank
2025-06-19 09:46:50,931 - ERROR - Unexpected error fetching NSE_EQ|INE018A01030: Got an unexpected keyword argument 'unit' to method get_intra_day_candle_data
2025-06-19 09:46:50,931 - WARNING - No candle data received for Larsen & Toubro
2025-06-19 09:46:50,931 - ERROR - Unexpected error fetching NSE_EQ|INE021A01026: Got an unexpected keyword argument 'unit' to method get_intra_day_candle_data
2025-06-19 09:46:50,932 - WARNING - No candle data received for Asian Paints
2025-06-19 09:46:50,932 - ERROR - Unexpected error fetching NSE_EQ|INE585B01010: Got an unexpected keyword argument 'unit' to method get_intra_day_candle_data
2025-06-19 09:46:50,932 - WARNING - No candle data received for Maruti Suzuki
2025-06-19 09:46:50,932 - ERROR - Unexpected error fetching NSE_EQ|INE296A01024: Got an unexpected keyword argument 'unit' to method get_intra_day_candle_data
2025-06-19 09:46:50,932 - WARNING - No candle data received for Bajaj Finance
2025-06-19 09:46:50,932 - ERROR - Unexpected error fetching NSE_EQ|INE860A01027: Got an unexpected keyword argument 'unit' to method get_intra_day_candle_data
2025-06-19 09:46:50,932 - WARNING - No candle data received for HCL Technologies
2025-06-19 09:46:50,931 - WARNING - No candle data received for Hindustan Unilever
2025-06-19 09:46:50,931 - WARNING - No candle data received for Bharti Airtel
2025-06-19 09:46:52,434 - INFO - Cycle 1 completed: 0/15 successful, 15 failed
2025-06-19 09:46:52,434 - INFO - Waiting 13 seconds for next minute...
2025-06-19 09:47:05,447 - INFO - === Cycle 2 - 2025-06-19 09:47:05 IST ===
2025-06-19 09:47:05,447 - INFO - Processing 15 symbols with 3 workers
2025-06-19 09:47:05,448 - ERROR - Unexpected error fetching NSE_EQ|INE002A01018: Got an unexpected keyword argument 'unit' to method get_intra_day_candle_data
2025-06-19 09:47:05,449 - WARNING - No candle data received for Reliance Industries
2025-06-19 09:47:05,449 - ERROR - Unexpected error fetching NSE_EQ|INE467B01029: Got an unexpected keyword argument 'unit' to method get_intra_day_candle_data
2025-06-19 09:47:05,450 - ERROR - Unexpected error fetching NSE_EQ|INE009A01021: Got an unexpected keyword argument 'unit' to method get_intra_day_candle_data
2025-06-19 09:47:05,451 - ERROR - Unexpected error fetching NSE_EQ|INE040A01034: Got an unexpected keyword argument 'unit' to method get_intra_day_candle_data
2025-06-19 09:47:05,451 - WARNING - No candle data received for Tata Consultancy Services
2025-06-19 09:47:05,451 - WARNING - No candle data received for Infosys
2025-06-19 09:47:05,451 - WARNING - No candle data received for HDFC Bank
2025-06-19 09:47:05,452 - ERROR - Unexpected error fetching NSE_EQ|INE090A01021: Got an unexpected keyword argument 'unit' to method get_intra_day_candle_data
2025-06-19 09:47:05,453 - WARNING - No candle data received for ICICI Bank
2025-06-19 09:47:05,452 - ERROR - Unexpected error fetching NSE_EQ|INE030A01027: Got an unexpected keyword argument 'unit' to method get_intra_day_candle_data
2025-06-19 09:47:05,453 - ERROR - Unexpected error fetching NSE_EQ|INE154A01025: Got an unexpected keyword argument 'unit' to method get_intra_day_candle_data
2025-06-19 09:47:05,453 - ERROR - Unexpected error fetching NSE_EQ|INE062A01020: Got an unexpected keyword argument 'unit' to method get_intra_day_candle_data
2025-06-19 09:47:05,455 - WARNING - No candle data received for State Bank of India
2025-06-19 09:47:05,454 - WARNING - No candle data received for ITC
2025-06-19 09:47:05,455 - ERROR - Unexpected error fetching NSE_EQ|INE397D01024: Got an unexpected keyword argument 'unit' to method get_intra_day_candle_data
2025-06-19 09:47:05,456 - WARNING - No candle data received for Bharti Airtel
2025-06-19 09:47:05,456 - ERROR - Unexpected error fetching NSE_EQ|INE237A01028: Got an unexpected keyword argument 'unit' to method get_intra_day_candle_data
2025-06-19 09:47:05,457 - ERROR - Unexpected error fetching NSE_EQ|INE018A01030: Got an unexpected keyword argument 'unit' to method get_intra_day_candle_data
2025-06-19 09:47:05,457 - WARNING - No candle data received for Larsen & Toubro
2025-06-19 09:47:05,454 - WARNING - No candle data received for Hindustan Unilever
2025-06-19 09:47:05,457 - WARNING - No candle data received for Kotak Mahindra Bank
2025-06-19 09:47:05,459 - ERROR - Unexpected error fetching NSE_EQ|INE296A01024: Got an unexpected keyword argument 'unit' to method get_intra_day_candle_data
2025-06-19 09:47:05,459 - WARNING - No candle data received for Bajaj Finance
2025-06-19 09:47:05,458 - ERROR - Unexpected error fetching NSE_EQ|INE021A01026: Got an unexpected keyword argument 'unit' to method get_intra_day_candle_data
2025-06-19 09:47:05,459 - WARNING - No candle data received for Asian Paints
2025-06-19 09:47:05,458 - ERROR - Unexpected error fetching NSE_EQ|INE585B01010: Got an unexpected keyword argument 'unit' to method get_intra_day_candle_data
2025-06-19 09:47:05,460 - WARNING - No candle data received for Maruti Suzuki
2025-06-19 09:47:05,459 - ERROR - Unexpected error fetching NSE_EQ|INE860A01027: Got an unexpected keyword argument 'unit' to method get_intra_day_candle_data
2025-06-19 09:47:05,461 - WARNING - No candle data received for HCL Technologies
2025-06-19 09:47:06,954 - INFO - Cycle 2 completed: 0/15 successful, 15 failed
2025-06-19 09:47:06,954 - INFO - Waiting 59 seconds for next minute...
2025-06-19 09:48:05,969 - INFO - === Cycle 3 - 2025-06-19 09:48:05 IST ===
2025-06-19 09:48:05,970 - INFO - Processing 15 symbols with 3 workers
2025-06-19 09:48:05,970 - ERROR - Unexpected error fetching NSE_EQ|INE002A01018: Got an unexpected keyword argument 'unit' to method get_intra_day_candle_data
2025-06-19 09:48:05,971 - WARNING - No candle data received for Reliance Industries
2025-06-19 09:48:05,971 - ERROR - Unexpected error fetching NSE_EQ|INE467B01029: Got an unexpected keyword argument 'unit' to method get_intra_day_candle_data
2025-06-19 09:48:05,972 - ERROR - Unexpected error fetching NSE_EQ|INE009A01021: Got an unexpected keyword argument 'unit' to method get_intra_day_candle_data
2025-06-19 09:48:05,972 - WARNING - No candle data received for Tata Consultancy Services
2025-06-19 09:48:05,972 - ERROR - Unexpected error fetching NSE_EQ|INE040A01034: Got an unexpected keyword argument 'unit' to method get_intra_day_candle_data
2025-06-19 09:48:05,973 - WARNING - No candle data received for Infosys
2025-06-19 09:48:05,973 - ERROR - Unexpected error fetching NSE_EQ|INE090A01021: Got an unexpected keyword argument 'unit' to method get_intra_day_candle_data
2025-06-19 09:48:05,974 - WARNING - No candle data received for HDFC Bank
2025-06-19 09:48:05,974 - ERROR - Unexpected error fetching NSE_EQ|INE030A01027: Got an unexpected keyword argument 'unit' to method get_intra_day_candle_data
2025-06-19 09:48:05,975 - WARNING - No candle data received for ICICI Bank
2025-06-19 09:48:05,975 - ERROR - Unexpected error fetching NSE_EQ|INE154A01025: Got an unexpected keyword argument 'unit' to method get_intra_day_candle_data
2025-06-19 09:48:05,976 - WARNING - No candle data received for ITC
2025-06-19 09:48:05,977 - ERROR - Unexpected error fetching NSE_EQ|INE397D01024: Got an unexpected keyword argument 'unit' to method get_intra_day_candle_data
2025-06-19 09:48:05,977 - WARNING - No candle data received for Bharti Airtel
2025-06-19 09:48:05,977 - ERROR - Unexpected error fetching NSE_EQ|INE237A01028: Got an unexpected keyword argument 'unit' to method get_intra_day_candle_data
2025-06-19 09:48:05,977 - WARNING - No candle data received for Kotak Mahindra Bank
2025-06-19 09:48:05,977 - ERROR - Unexpected error fetching NSE_EQ|INE018A01030: Got an unexpected keyword argument 'unit' to method get_intra_day_candle_data
2025-06-19 09:48:05,977 - WARNING - No candle data received for Larsen & Toubro
2025-06-19 09:48:05,978 - ERROR - Unexpected error fetching NSE_EQ|INE021A01026: Got an unexpected keyword argument 'unit' to method get_intra_day_candle_data
2025-06-19 09:48:05,978 - WARNING - No candle data received for Asian Paints
2025-06-19 09:48:05,976 - WARNING - No candle data received for Hindustan Unilever
2025-06-19 09:48:05,978 - ERROR - Unexpected error fetching NSE_EQ|INE585B01010: Got an unexpected keyword argument 'unit' to method get_intra_day_candle_data
2025-06-19 09:48:05,979 - WARNING - No candle data received for Maruti Suzuki
2025-06-19 09:48:05,978 - ERROR - Unexpected error fetching NSE_EQ|INE296A01024: Got an unexpected keyword argument 'unit' to method get_intra_day_candle_data
2025-06-19 09:48:05,976 - ERROR - Unexpected error fetching NSE_EQ|INE062A01020: Got an unexpected keyword argument 'unit' to method get_intra_day_candle_data
2025-06-19 09:48:05,979 - ERROR - Unexpected error fetching NSE_EQ|INE860A01027: Got an unexpected keyword argument 'unit' to method get_intra_day_candle_data
2025-06-19 09:48:05,980 - WARNING - No candle data received for Bajaj Finance
2025-06-19 09:48:05,980 - WARNING - No candle data received for HCL Technologies
2025-06-19 09:48:05,981 - WARNING - No candle data received for State Bank of India
2025-06-19 09:48:07,477 - INFO - Cycle 3 completed: 0/15 successful, 15 failed
2025-06-19 09:48:07,478 - INFO - Waiting 58 seconds for next minute...
2025-06-19 09:48:20,695 - INFO - Received signal 2, shutting down gracefully...
