2025-06-20 13:10:32,631 - INFO - Technical Indicators logging to: /home/abhishek/projects/CUPCAKE/logs/live_technical_indicators_20250620_131032_IST.log
2025-06-20 13:10:32,635 - INFO - Connected to Redis DB0 (OHLCV source)
2025-06-20 13:10:32,636 - INFO - Connected to Redis DB2 (Technical Indicators)
2025-06-20 13:10:32,636 - INFO - ✅ Flushed Redis DB2 (Technical Indicators) - Starting fresh session
2025-06-20 13:10:32,636 - INFO - ✅ TA-Lib initialized successfully
2025-06-20 13:10:32,636 - INFO - Loaded 15 symbols from /home/abhishek/projects/CUPCAKE/scripts/symbols.json
2025-06-20 13:10:32,637 - INFO - 🚀 Live Technical Indicator System initialized
2025-06-20 13:10:32,637 - INFO - 🔄 Starting initial technical indicator calculation...
2025-06-20 13:10:32,637 - INFO - Found 14 symbols in Redis DB0
2025-06-20 13:10:32,637 - INFO - 📊 Processing 14 symbols
2025-06-20 13:10:34,073 - INFO - 🔄 Starting continuous technical indicator monitoring...
2025-06-20 13:10:34,073 - INFO - 📊 Monitoring cycle 1
2025-06-20 13:10:34,074 - INFO - Found 14 symbols in Redis DB0
2025-06-20 13:10:34,075 - INFO - 🆕 New data detected for Asian_Paints
2025-06-20 13:10:34,157 - INFO - 🆕 New data detected for Bharti_Airtel
2025-06-20 13:10:34,237 - INFO - 🆕 New data detected for HCL_Technologies
2025-06-20 13:10:34,297 - INFO - 🆕 New data detected for HDFC_Bank
2025-06-20 13:10:34,357 - INFO - 🆕 New data detected for Hindustan_Unilever
2025-06-20 13:10:34,419 - INFO - 🆕 New data detected for ICICI_Bank
2025-06-20 13:10:34,503 - INFO - 🆕 New data detected for ITC
2025-06-20 13:10:34,570 - INFO - 🆕 New data detected for Infosys
2025-06-20 13:10:34,632 - INFO - 🆕 New data detected for Kotak_Mahindra_Bank
2025-06-20 13:10:34,710 - INFO - 🆕 New data detected for Larsen_and_Toubro
2025-06-20 13:10:34,795 - INFO - 🆕 New data detected for Maruti_Suzuki
2025-06-20 13:10:34,881 - INFO - 🆕 New data detected for Reliance_Industries
2025-06-20 13:10:34,944 - INFO - 🆕 New data detected for State_Bank_of_India
2025-06-20 13:10:35,003 - INFO - 🆕 New data detected for Tata_Consultancy_Services
2025-06-20 13:10:35,073 - INFO - ✅ Updated indicators for 14 symbols in 1.00s
2025-06-20 13:11:04,074 - INFO - 📊 Monitoring cycle 2
2025-06-20 13:11:04,075 - INFO - Found 14 symbols in Redis DB0
2025-06-20 13:11:34,075 - INFO - 📊 Monitoring cycle 3
2025-06-20 13:11:34,076 - INFO - Found 14 symbols in Redis DB0
2025-06-20 13:11:34,077 - INFO - 🆕 New data detected for Asian_Paints
2025-06-20 13:11:34,163 - INFO - 🆕 New data detected for Bharti_Airtel
2025-06-20 13:11:34,246 - INFO - 🆕 New data detected for HCL_Technologies
2025-06-20 13:11:34,330 - INFO - 🆕 New data detected for HDFC_Bank
2025-06-20 13:11:34,400 - INFO - 🆕 New data detected for Hindustan_Unilever
2025-06-20 13:11:34,487 - INFO - 🆕 New data detected for ICICI_Bank
2025-06-20 13:11:34,571 - INFO - 🆕 New data detected for ITC
2025-06-20 13:11:34,656 - INFO - 🆕 New data detected for Infosys
2025-06-20 13:11:34,741 - INFO - 🆕 New data detected for Kotak_Mahindra_Bank
2025-06-20 13:11:34,811 - INFO - 🆕 New data detected for Larsen_and_Toubro
2025-06-20 13:11:34,871 - INFO - 🆕 New data detected for Maruti_Suzuki
2025-06-20 13:11:34,931 - INFO - 🆕 New data detected for Reliance_Industries
2025-06-20 13:11:34,991 - INFO - 🆕 New data detected for State_Bank_of_India
2025-06-20 13:11:35,051 - INFO - 🆕 New data detected for Tata_Consultancy_Services
2025-06-20 13:11:35,110 - INFO - ✅ Updated indicators for 14 symbols in 1.04s
2025-06-20 13:12:04,076 - INFO - 📊 Monitoring cycle 4
2025-06-20 13:12:04,077 - INFO - Found 14 symbols in Redis DB0
2025-06-20 13:12:34,077 - INFO - 📊 Monitoring cycle 5
2025-06-20 13:12:34,078 - INFO - Found 14 symbols in Redis DB0
2025-06-20 13:12:34,079 - INFO - 🆕 New data detected for Asian_Paints
2025-06-20 13:12:34,148 - INFO - 🆕 New data detected for Bharti_Airtel
2025-06-20 13:12:34,217 - INFO - 🆕 New data detected for HCL_Technologies
2025-06-20 13:12:34,301 - INFO - 🆕 New data detected for HDFC_Bank
2025-06-20 13:12:34,387 - INFO - 🆕 New data detected for Hindustan_Unilever
2025-06-20 13:12:34,473 - INFO - 🆕 New data detected for ICICI_Bank
2025-06-20 13:12:34,558 - INFO - 🆕 New data detected for ITC
2025-06-20 13:12:34,643 - INFO - 🆕 New data detected for Infosys
2025-06-20 13:12:34,703 - INFO - 🆕 New data detected for Kotak_Mahindra_Bank
2025-06-20 13:12:34,779 - INFO - 🆕 New data detected for Larsen_and_Toubro
2025-06-20 13:12:34,840 - INFO - 🆕 New data detected for Maruti_Suzuki
2025-06-20 13:12:34,923 - INFO - 🆕 New data detected for Reliance_Industries
2025-06-20 13:12:35,008 - INFO - 🆕 New data detected for State_Bank_of_India
2025-06-20 13:12:35,095 - INFO - 🆕 New data detected for Tata_Consultancy_Services
2025-06-20 13:12:35,182 - INFO - ✅ Updated indicators for 14 symbols in 1.11s
2025-06-20 13:13:04,078 - INFO - 📊 Monitoring cycle 6
2025-06-20 13:13:04,079 - INFO - Found 14 symbols in Redis DB0
2025-06-20 13:13:34,079 - INFO - 📊 Monitoring cycle 7
2025-06-20 13:13:34,080 - INFO - Found 14 symbols in Redis DB0
2025-06-20 13:13:34,081 - INFO - 🆕 New data detected for Asian_Paints
2025-06-20 13:13:34,148 - INFO - 🆕 New data detected for Bharti_Airtel
2025-06-20 13:13:34,233 - INFO - 🆕 New data detected for HCL_Technologies
2025-06-20 13:13:34,318 - INFO - 🆕 New data detected for HDFC_Bank
2025-06-20 13:13:34,406 - INFO - 🆕 New data detected for Hindustan_Unilever
2025-06-20 13:13:34,492 - INFO - 🆕 New data detected for ICICI_Bank
2025-06-20 13:13:34,577 - INFO - 🆕 New data detected for ITC
2025-06-20 13:13:34,661 - INFO - 🆕 New data detected for Infosys
2025-06-20 13:13:34,746 - INFO - 🆕 New data detected for Kotak_Mahindra_Bank
2025-06-20 13:13:34,832 - INFO - 🆕 New data detected for Larsen_and_Toubro
2025-06-20 13:13:34,916 - INFO - 🆕 New data detected for Maruti_Suzuki
2025-06-20 13:13:35,001 - INFO - 🆕 New data detected for Reliance_Industries
2025-06-20 13:13:35,088 - INFO - 🆕 New data detected for State_Bank_of_India
2025-06-20 13:13:35,170 - INFO - 🆕 New data detected for Tata_Consultancy_Services
2025-06-20 13:13:35,230 - INFO - ✅ Updated indicators for 14 symbols in 1.15s
2025-06-20 13:14:04,080 - INFO - 📊 Monitoring cycle 8
2025-06-20 13:14:04,080 - INFO - Found 14 symbols in Redis DB0
2025-06-20 13:14:34,081 - INFO - 📊 Monitoring cycle 9
2025-06-20 13:14:34,082 - INFO - Found 14 symbols in Redis DB0
2025-06-20 13:14:34,083 - INFO - 🆕 New data detected for Asian_Paints
2025-06-20 13:14:34,153 - INFO - 🆕 New data detected for Bharti_Airtel
2025-06-20 13:14:34,241 - INFO - 🆕 New data detected for HCL_Technologies
2025-06-20 13:14:34,302 - INFO - 🆕 New data detected for HDFC_Bank
2025-06-20 13:14:34,374 - INFO - 🆕 New data detected for Hindustan_Unilever
2025-06-20 13:14:34,461 - INFO - 🆕 New data detected for ICICI_Bank
2025-06-20 13:14:34,548 - INFO - 🆕 New data detected for ITC
2025-06-20 13:14:34,635 - INFO - 🆕 New data detected for Infosys
2025-06-20 13:14:34,720 - INFO - 🆕 New data detected for Kotak_Mahindra_Bank
2025-06-20 13:14:34,780 - INFO - 🆕 New data detected for Larsen_and_Toubro
2025-06-20 13:14:34,842 - INFO - 🆕 New data detected for Maruti_Suzuki
2025-06-20 13:14:34,903 - INFO - 🆕 New data detected for Reliance_Industries
2025-06-20 13:14:34,965 - INFO - 🆕 New data detected for State_Bank_of_India
2025-06-20 13:14:35,030 - INFO - 🆕 New data detected for Tata_Consultancy_Services
2025-06-20 13:14:35,093 - INFO - ✅ Updated indicators for 14 symbols in 1.01s
2025-06-20 13:15:04,082 - INFO - 📊 Monitoring cycle 10
2025-06-20 13:15:04,083 - INFO - Found 14 symbols in Redis DB0
2025-06-20 13:15:34,083 - INFO - 📊 Monitoring cycle 11
2025-06-20 13:15:34,084 - INFO - Found 14 symbols in Redis DB0
2025-06-20 13:15:34,085 - INFO - 🆕 New data detected for Asian_Paints
2025-06-20 13:15:34,173 - INFO - 🆕 New data detected for Bharti_Airtel
2025-06-20 13:15:34,251 - INFO - 🆕 New data detected for HCL_Technologies
2025-06-20 13:15:34,338 - INFO - 🆕 New data detected for HDFC_Bank
2025-06-20 13:15:34,427 - INFO - 🆕 New data detected for Hindustan_Unilever
2025-06-20 13:15:34,516 - INFO - 🆕 New data detected for ICICI_Bank
2025-06-20 13:15:34,605 - INFO - 🆕 New data detected for ITC
2025-06-20 13:15:34,689 - INFO - 🆕 New data detected for Infosys
2025-06-20 13:15:34,775 - INFO - 🆕 New data detected for Kotak_Mahindra_Bank
2025-06-20 13:15:34,860 - INFO - 🆕 New data detected for Larsen_and_Toubro
2025-06-20 13:15:34,947 - INFO - 🆕 New data detected for Maruti_Suzuki
2025-06-20 13:15:35,032 - INFO - 🆕 New data detected for Reliance_Industries
2025-06-20 13:15:35,118 - INFO - 🆕 New data detected for State_Bank_of_India
2025-06-20 13:15:35,198 - INFO - 🆕 New data detected for Tata_Consultancy_Services
2025-06-20 13:15:35,259 - INFO - ✅ Updated indicators for 14 symbols in 1.18s
2025-06-20 13:16:04,084 - INFO - 📊 Monitoring cycle 12
2025-06-20 13:16:04,085 - INFO - Found 14 symbols in Redis DB0
2025-06-20 13:16:34,085 - INFO - 📊 Monitoring cycle 13
2025-06-20 13:16:34,087 - INFO - Found 14 symbols in Redis DB0
2025-06-20 13:16:34,088 - INFO - 🆕 New data detected for Asian_Paints
2025-06-20 13:16:34,162 - INFO - 🆕 New data detected for Bharti_Airtel
2025-06-20 13:16:34,230 - INFO - 🆕 New data detected for HCL_Technologies
2025-06-20 13:16:34,295 - INFO - 🆕 New data detected for HDFC_Bank
2025-06-20 13:16:34,378 - INFO - 🆕 New data detected for Hindustan_Unilever
2025-06-20 13:16:34,446 - INFO - 🆕 New data detected for ICICI_Bank
2025-06-20 13:16:34,510 - INFO - 🆕 New data detected for ITC
2025-06-20 13:16:34,573 - INFO - 🆕 New data detected for Infosys
2025-06-20 13:16:34,637 - INFO - 🆕 New data detected for Kotak_Mahindra_Bank
2025-06-20 13:16:34,710 - INFO - 🆕 New data detected for Larsen_and_Toubro
2025-06-20 13:16:34,789 - INFO - 🆕 New data detected for Maruti_Suzuki
2025-06-20 13:16:34,878 - INFO - 🆕 New data detected for Reliance_Industries
2025-06-20 13:16:34,964 - INFO - 🆕 New data detected for State_Bank_of_India
2025-06-20 13:16:35,055 - INFO - 🆕 New data detected for Tata_Consultancy_Services
2025-06-20 13:16:35,144 - INFO - ✅ Updated indicators for 14 symbols in 1.06s
2025-06-20 13:17:04,086 - INFO - 📊 Monitoring cycle 14
2025-06-20 13:17:04,087 - INFO - Found 14 symbols in Redis DB0
2025-06-20 13:17:34,087 - INFO - 📊 Monitoring cycle 15
2025-06-20 13:17:34,088 - INFO - Found 14 symbols in Redis DB0
2025-06-20 13:17:34,089 - INFO - 🆕 New data detected for Asian_Paints
2025-06-20 13:17:34,174 - INFO - 🆕 New data detected for Bharti_Airtel
2025-06-20 13:17:34,249 - INFO - 🆕 New data detected for HCL_Technologies
2025-06-20 13:17:34,333 - INFO - 🆕 New data detected for HDFC_Bank
2025-06-20 13:17:34,407 - INFO - 🆕 New data detected for Hindustan_Unilever
2025-06-20 13:17:34,493 - INFO - 🆕 New data detected for ICICI_Bank
2025-06-20 13:17:34,558 - INFO - 🆕 New data detected for ITC
2025-06-20 13:17:34,642 - INFO - 🆕 New data detected for Infosys
2025-06-20 13:17:34,728 - INFO - 🆕 New data detected for Kotak_Mahindra_Bank
2025-06-20 13:17:34,815 - INFO - 🆕 New data detected for Larsen_and_Toubro
2025-06-20 13:17:34,883 - INFO - 🆕 New data detected for Maruti_Suzuki
2025-06-20 13:17:34,944 - INFO - 🆕 New data detected for Reliance_Industries
2025-06-20 13:17:35,028 - INFO - 🆕 New data detected for State_Bank_of_India
2025-06-20 13:17:35,112 - INFO - 🆕 New data detected for Tata_Consultancy_Services
2025-06-20 13:17:35,194 - INFO - ✅ Updated indicators for 14 symbols in 1.11s
2025-06-20 13:18:04,088 - INFO - 📊 Monitoring cycle 16
2025-06-20 13:18:04,088 - INFO - Found 14 symbols in Redis DB0
2025-06-20 13:18:34,089 - INFO - 📊 Monitoring cycle 17
2025-06-20 13:18:34,091 - INFO - Found 14 symbols in Redis DB0
2025-06-20 13:18:34,092 - INFO - 🆕 New data detected for Asian_Paints
2025-06-20 13:18:34,160 - INFO - 🆕 New data detected for Bharti_Airtel
2025-06-20 13:18:34,224 - INFO - 🆕 New data detected for HCL_Technologies
2025-06-20 13:18:34,307 - INFO - 🆕 New data detected for HDFC_Bank
2025-06-20 13:18:34,388 - INFO - 🆕 New data detected for Hindustan_Unilever
2025-06-20 13:18:34,470 - INFO - 🆕 New data detected for ICICI_Bank
2025-06-20 13:18:34,540 - INFO - 🆕 New data detected for ITC
2025-06-20 13:18:34,616 - INFO - 🆕 New data detected for Infosys
2025-06-20 13:18:34,699 - INFO - 🆕 New data detected for Kotak_Mahindra_Bank
2025-06-20 13:18:34,783 - INFO - 🆕 New data detected for Larsen_and_Toubro
2025-06-20 13:18:34,867 - INFO - 🆕 New data detected for Maruti_Suzuki
2025-06-20 13:18:34,954 - INFO - 🆕 New data detected for Reliance_Industries
2025-06-20 13:18:35,016 - INFO - 🆕 New data detected for State_Bank_of_India
2025-06-20 13:18:35,085 - INFO - 🆕 New data detected for Tata_Consultancy_Services
2025-06-20 13:18:35,167 - INFO - ✅ Updated indicators for 14 symbols in 1.08s
2025-06-20 13:19:04,090 - INFO - 📊 Monitoring cycle 18
2025-06-20 13:19:04,090 - INFO - Found 14 symbols in Redis DB0
2025-06-20 13:19:34,091 - INFO - 📊 Monitoring cycle 19
2025-06-20 13:19:34,091 - INFO - Found 14 symbols in Redis DB0
2025-06-20 13:19:34,092 - INFO - 🆕 New data detected for Asian_Paints
2025-06-20 13:19:34,154 - INFO - 🆕 New data detected for Bharti_Airtel
2025-06-20 13:19:34,215 - INFO - 🆕 New data detected for HCL_Technologies
2025-06-20 13:19:34,274 - INFO - 🆕 New data detected for HDFC_Bank
2025-06-20 13:19:34,336 - INFO - 🆕 New data detected for Hindustan_Unilever
2025-06-20 13:19:34,402 - INFO - 🆕 New data detected for ICICI_Bank
2025-06-20 13:19:34,461 - INFO - 🆕 New data detected for ITC
2025-06-20 13:19:34,521 - INFO - 🆕 New data detected for Infosys
2025-06-20 13:19:34,582 - INFO - 🆕 New data detected for Kotak_Mahindra_Bank
2025-06-20 13:19:34,643 - INFO - 🆕 New data detected for Larsen_and_Toubro
2025-06-20 13:19:34,704 - INFO - 🆕 New data detected for Maruti_Suzuki
2025-06-20 13:19:34,764 - INFO - 🆕 New data detected for Reliance_Industries
2025-06-20 13:19:34,826 - INFO - 🆕 New data detected for State_Bank_of_India
2025-06-20 13:19:34,886 - INFO - 🆕 New data detected for Tata_Consultancy_Services
2025-06-20 13:19:34,946 - INFO - ✅ Updated indicators for 14 symbols in 0.86s
2025-06-20 13:20:04,091 - INFO - 📊 Monitoring cycle 20
2025-06-20 13:20:04,091 - INFO - Found 14 symbols in Redis DB0
2025-06-20 13:20:34,092 - INFO - 📊 Monitoring cycle 21
2025-06-20 13:20:34,093 - INFO - Found 14 symbols in Redis DB0
2025-06-20 13:20:34,093 - INFO - 🆕 New data detected for Asian_Paints
2025-06-20 13:20:34,153 - INFO - 🆕 New data detected for Bharti_Airtel
2025-06-20 13:20:34,213 - INFO - 🆕 New data detected for HCL_Technologies
2025-06-20 13:20:34,273 - INFO - 🆕 New data detected for HDFC_Bank
2025-06-20 13:20:34,337 - INFO - 🆕 New data detected for Hindustan_Unilever
2025-06-20 13:20:34,401 - INFO - 🆕 New data detected for ICICI_Bank
2025-06-20 13:20:34,466 - INFO - 🆕 New data detected for ITC
2025-06-20 13:20:34,528 - INFO - 🆕 New data detected for Infosys
2025-06-20 13:20:34,591 - INFO - 🆕 New data detected for Kotak_Mahindra_Bank
2025-06-20 13:20:34,650 - INFO - 🆕 New data detected for Larsen_and_Toubro
2025-06-20 13:20:34,715 - INFO - 🆕 New data detected for Maruti_Suzuki
2025-06-20 13:20:34,778 - INFO - 🆕 New data detected for Reliance_Industries
2025-06-20 13:20:34,839 - INFO - 🆕 New data detected for State_Bank_of_India
2025-06-20 13:20:34,901 - INFO - 🆕 New data detected for Tata_Consultancy_Services
2025-06-20 13:20:34,964 - INFO - ✅ Updated indicators for 14 symbols in 0.87s
2025-06-20 13:21:04,092 - INFO - 📊 Monitoring cycle 22
2025-06-20 13:21:04,094 - INFO - Found 14 symbols in Redis DB0
2025-06-20 13:21:34,093 - INFO - 📊 Monitoring cycle 23
2025-06-20 13:21:34,094 - INFO - Found 14 symbols in Redis DB0
2025-06-20 13:21:34,094 - INFO - 🆕 New data detected for Asian_Paints
2025-06-20 13:21:34,154 - INFO - 🆕 New data detected for Bharti_Airtel
2025-06-20 13:21:34,215 - INFO - 🆕 New data detected for HCL_Technologies
2025-06-20 13:21:34,276 - INFO - 🆕 New data detected for HDFC_Bank
2025-06-20 13:21:34,336 - INFO - 🆕 New data detected for Hindustan_Unilever
2025-06-20 13:21:34,397 - INFO - 🆕 New data detected for ICICI_Bank
2025-06-20 13:21:34,460 - INFO - 🆕 New data detected for ITC
2025-06-20 13:21:34,522 - INFO - 🆕 New data detected for Infosys
2025-06-20 13:21:34,583 - INFO - 🆕 New data detected for Kotak_Mahindra_Bank
2025-06-20 13:21:34,643 - INFO - 🆕 New data detected for Larsen_and_Toubro
2025-06-20 13:21:34,710 - INFO - 🆕 New data detected for Maruti_Suzuki
2025-06-20 13:21:34,770 - INFO - 🆕 New data detected for Reliance_Industries
2025-06-20 13:21:34,833 - INFO - 🆕 New data detected for State_Bank_of_India
2025-06-20 13:21:34,894 - INFO - 🆕 New data detected for Tata_Consultancy_Services
2025-06-20 13:21:34,954 - INFO - ✅ Updated indicators for 14 symbols in 0.86s
2025-06-20 13:22:04,093 - INFO - 📊 Monitoring cycle 24
2025-06-20 13:22:04,094 - INFO - Found 14 symbols in Redis DB0
2025-06-20 13:22:34,094 - INFO - 📊 Monitoring cycle 25
2025-06-20 13:22:34,095 - INFO - Found 14 symbols in Redis DB0
2025-06-20 13:22:34,095 - INFO - 🆕 New data detected for Asian_Paints
2025-06-20 13:22:34,154 - INFO - 🆕 New data detected for Bharti_Airtel
2025-06-20 13:22:34,215 - INFO - 🆕 New data detected for HCL_Technologies
2025-06-20 13:22:34,275 - INFO - 🆕 New data detected for HDFC_Bank
2025-06-20 13:22:34,336 - INFO - 🆕 New data detected for Hindustan_Unilever
2025-06-20 13:22:34,396 - INFO - 🆕 New data detected for ICICI_Bank
2025-06-20 13:22:34,457 - INFO - 🆕 New data detected for ITC
2025-06-20 13:22:34,518 - INFO - 🆕 New data detected for Infosys
2025-06-20 13:22:34,580 - INFO - 🆕 New data detected for Kotak_Mahindra_Bank
2025-06-20 13:22:34,639 - INFO - 🆕 New data detected for Larsen_and_Toubro
2025-06-20 13:22:34,700 - INFO - 🆕 New data detected for Maruti_Suzuki
2025-06-20 13:22:34,760 - INFO - 🆕 New data detected for Reliance_Industries
2025-06-20 13:22:34,820 - INFO - 🆕 New data detected for State_Bank_of_India
2025-06-20 13:22:34,880 - INFO - 🆕 New data detected for Tata_Consultancy_Services
2025-06-20 13:22:34,940 - INFO - ✅ Updated indicators for 14 symbols in 0.85s
2025-06-20 13:23:04,094 - INFO - 📊 Monitoring cycle 26
2025-06-20 13:23:04,094 - INFO - Found 14 symbols in Redis DB0
2025-06-20 13:23:34,095 - INFO - 📊 Monitoring cycle 27
2025-06-20 13:23:34,095 - INFO - Found 14 symbols in Redis DB0
2025-06-20 13:23:34,096 - INFO - 🆕 New data detected for Asian_Paints
2025-06-20 13:23:34,156 - INFO - 🆕 New data detected for Bharti_Airtel
2025-06-20 13:23:34,217 - INFO - 🆕 New data detected for HCL_Technologies
2025-06-20 13:23:34,277 - INFO - 🆕 New data detected for HDFC_Bank
2025-06-20 13:23:34,344 - INFO - 🆕 New data detected for Hindustan_Unilever
2025-06-20 13:23:34,406 - INFO - 🆕 New data detected for ICICI_Bank
2025-06-20 13:23:34,468 - INFO - 🆕 New data detected for ITC
2025-06-20 13:23:34,528 - INFO - 🆕 New data detected for Infosys
2025-06-20 13:23:34,594 - INFO - 🆕 New data detected for Kotak_Mahindra_Bank
2025-06-20 13:23:34,667 - INFO - 🆕 New data detected for Larsen_and_Toubro
2025-06-20 13:23:34,733 - INFO - 🆕 New data detected for Maruti_Suzuki
2025-06-20 13:23:34,793 - INFO - 🆕 New data detected for Reliance_Industries
2025-06-20 13:23:34,874 - INFO - 🆕 New data detected for State_Bank_of_India
2025-06-20 13:23:34,955 - INFO - 🆕 New data detected for Tata_Consultancy_Services
2025-06-20 13:23:35,034 - INFO - ✅ Updated indicators for 14 symbols in 0.94s
2025-06-20 13:24:04,095 - INFO - 📊 Monitoring cycle 28
2025-06-20 13:24:04,096 - INFO - Found 14 symbols in Redis DB0
2025-06-20 13:24:34,096 - INFO - 📊 Monitoring cycle 29
2025-06-20 13:24:34,098 - INFO - Found 14 symbols in Redis DB0
2025-06-20 13:24:34,099 - INFO - 🆕 New data detected for Asian_Paints
2025-06-20 13:24:34,183 - INFO - 🆕 New data detected for Bharti_Airtel
2025-06-20 13:24:34,266 - INFO - 🆕 New data detected for HCL_Technologies
2025-06-20 13:24:34,350 - INFO - 🆕 New data detected for HDFC_Bank
2025-06-20 13:24:34,436 - INFO - 🆕 New data detected for Hindustan_Unilever
2025-06-20 13:24:34,520 - INFO - 🆕 New data detected for ICICI_Bank
2025-06-20 13:24:34,605 - INFO - 🆕 New data detected for ITC
2025-06-20 13:24:34,690 - INFO - 🆕 New data detected for Infosys
2025-06-20 13:24:34,775 - INFO - 🆕 New data detected for Kotak_Mahindra_Bank
2025-06-20 13:24:34,858 - INFO - 🆕 New data detected for Larsen_and_Toubro
2025-06-20 13:24:34,944 - INFO - 🆕 New data detected for Maruti_Suzuki
2025-06-20 13:24:35,030 - INFO - 🆕 New data detected for Reliance_Industries
2025-06-20 13:24:35,114 - INFO - 🆕 New data detected for State_Bank_of_India
2025-06-20 13:24:35,197 - INFO - 🆕 New data detected for Tata_Consultancy_Services
2025-06-20 13:24:35,258 - INFO - ✅ Updated indicators for 14 symbols in 1.16s
2025-06-20 13:25:04,097 - INFO - 📊 Monitoring cycle 30
2025-06-20 13:25:04,097 - INFO - Found 14 symbols in Redis DB0
2025-06-20 13:25:34,098 - INFO - 📊 Monitoring cycle 31
2025-06-20 13:25:34,098 - INFO - Found 14 symbols in Redis DB0
2025-06-20 13:25:34,098 - INFO - 🆕 New data detected for Asian_Paints
2025-06-20 13:25:34,160 - INFO - 🆕 New data detected for Bharti_Airtel
2025-06-20 13:25:34,221 - INFO - 🆕 New data detected for HCL_Technologies
2025-06-20 13:25:34,281 - INFO - 🆕 New data detected for HDFC_Bank
2025-06-20 13:25:34,342 - INFO - 🆕 New data detected for Hindustan_Unilever
2025-06-20 13:25:34,402 - INFO - 🆕 New data detected for ICICI_Bank
2025-06-20 13:25:34,464 - INFO - 🆕 New data detected for ITC
2025-06-20 13:25:34,526 - INFO - 🆕 New data detected for Infosys
2025-06-20 13:25:34,588 - INFO - 🆕 New data detected for Kotak_Mahindra_Bank
2025-06-20 13:25:34,648 - INFO - 🆕 New data detected for Larsen_and_Toubro
2025-06-20 13:25:34,709 - INFO - 🆕 New data detected for Maruti_Suzuki
2025-06-20 13:25:34,769 - INFO - 🆕 New data detected for Reliance_Industries
2025-06-20 13:25:34,829 - INFO - 🆕 New data detected for State_Bank_of_India
2025-06-20 13:25:34,889 - INFO - 🆕 New data detected for Tata_Consultancy_Services
2025-06-20 13:25:34,949 - INFO - ✅ Updated indicators for 14 symbols in 0.85s
2025-06-20 13:26:04,098 - INFO - 📊 Monitoring cycle 32
2025-06-20 13:26:04,098 - INFO - Found 14 symbols in Redis DB0
2025-06-20 13:26:34,099 - INFO - 📊 Monitoring cycle 33
2025-06-20 13:26:34,099 - INFO - Found 14 symbols in Redis DB0
2025-06-20 13:26:34,100 - INFO - 🆕 New data detected for Asian_Paints
2025-06-20 13:26:34,159 - INFO - 🆕 New data detected for Bharti_Airtel
2025-06-20 13:26:34,219 - INFO - 🆕 New data detected for HCL_Technologies
2025-06-20 13:26:34,280 - INFO - 🆕 New data detected for HDFC_Bank
2025-06-20 13:26:34,340 - INFO - 🆕 New data detected for Hindustan_Unilever
2025-06-20 13:26:34,401 - INFO - 🆕 New data detected for ICICI_Bank
2025-06-20 13:26:34,461 - INFO - 🆕 New data detected for ITC
2025-06-20 13:26:34,521 - INFO - 🆕 New data detected for Infosys
2025-06-20 13:26:34,582 - INFO - 🆕 New data detected for Kotak_Mahindra_Bank
2025-06-20 13:26:34,641 - INFO - 🆕 New data detected for Larsen_and_Toubro
2025-06-20 13:26:34,704 - INFO - 🆕 New data detected for Maruti_Suzuki
2025-06-20 13:26:34,765 - INFO - 🆕 New data detected for Reliance_Industries
2025-06-20 13:26:34,826 - INFO - 🆕 New data detected for State_Bank_of_India
2025-06-20 13:26:34,891 - INFO - 🆕 New data detected for Tata_Consultancy_Services
2025-06-20 13:26:34,952 - INFO - ✅ Updated indicators for 14 symbols in 0.85s
2025-06-20 13:27:04,099 - INFO - 📊 Monitoring cycle 34
2025-06-20 13:27:04,099 - INFO - Found 14 symbols in Redis DB0
2025-06-20 13:27:34,100 - INFO - 📊 Monitoring cycle 35
2025-06-20 13:27:34,100 - INFO - Found 14 symbols in Redis DB0
2025-06-20 13:27:34,101 - INFO - 🆕 New data detected for Asian_Paints
2025-06-20 13:27:34,165 - INFO - 🆕 New data detected for Bharti_Airtel
2025-06-20 13:27:34,225 - INFO - 🆕 New data detected for HCL_Technologies
2025-06-20 13:27:34,310 - INFO - 🆕 New data detected for HDFC_Bank
2025-06-20 13:27:34,395 - INFO - 🆕 New data detected for Hindustan_Unilever
2025-06-20 13:27:34,478 - INFO - 🆕 New data detected for ICICI_Bank
2025-06-20 13:27:34,562 - INFO - 🆕 New data detected for ITC
2025-06-20 13:27:34,646 - INFO - 🆕 New data detected for Infosys
2025-06-20 13:27:34,729 - INFO - 🆕 New data detected for Kotak_Mahindra_Bank
2025-06-20 13:27:34,800 - INFO - 🆕 New data detected for Larsen_and_Toubro
2025-06-20 13:27:34,884 - INFO - 🆕 New data detected for Maruti_Suzuki
2025-06-20 13:27:34,969 - INFO - 🆕 New data detected for Reliance_Industries
2025-06-20 13:27:35,054 - INFO - 🆕 New data detected for State_Bank_of_India
2025-06-20 13:27:35,156 - INFO - 🆕 New data detected for Tata_Consultancy_Services
2025-06-20 13:27:35,223 - INFO - ✅ Updated indicators for 14 symbols in 1.12s
2025-06-20 13:28:04,101 - INFO - 📊 Monitoring cycle 36
2025-06-20 13:28:04,102 - INFO - Found 14 symbols in Redis DB0
2025-06-20 13:28:34,102 - INFO - 📊 Monitoring cycle 37
2025-06-20 13:28:34,103 - INFO - Found 14 symbols in Redis DB0
2025-06-20 13:28:34,105 - INFO - 🆕 New data detected for Asian_Paints
2025-06-20 13:28:34,188 - INFO - 🆕 New data detected for Bharti_Airtel
2025-06-20 13:28:34,272 - INFO - 🆕 New data detected for HCL_Technologies
2025-06-20 13:28:34,356 - INFO - 🆕 New data detected for HDFC_Bank
2025-06-20 13:28:34,440 - INFO - 🆕 New data detected for Hindustan_Unilever
2025-06-20 13:28:34,523 - INFO - 🆕 New data detected for ICICI_Bank
2025-06-20 13:28:34,608 - INFO - 🆕 New data detected for ITC
2025-06-20 13:28:34,692 - INFO - 🆕 New data detected for Infosys
2025-06-20 13:28:34,774 - INFO - 🆕 New data detected for Kotak_Mahindra_Bank
2025-06-20 13:28:34,857 - INFO - 🆕 New data detected for Larsen_and_Toubro
2025-06-20 13:28:34,941 - INFO - 🆕 New data detected for Maruti_Suzuki
2025-06-20 13:28:35,025 - INFO - 🆕 New data detected for Reliance_Industries
2025-06-20 13:28:35,110 - INFO - 🆕 New data detected for State_Bank_of_India
2025-06-20 13:28:35,193 - INFO - 🆕 New data detected for Tata_Consultancy_Services
2025-06-20 13:28:35,253 - INFO - ✅ Updated indicators for 14 symbols in 1.15s
2025-06-20 13:29:04,102 - INFO - 📊 Monitoring cycle 38
2025-06-20 13:29:04,103 - INFO - Found 14 symbols in Redis DB0
2025-06-20 13:29:34,103 - INFO - 📊 Monitoring cycle 39
2025-06-20 13:29:34,104 - INFO - Found 14 symbols in Redis DB0
2025-06-20 13:29:34,105 - INFO - 🆕 New data detected for Asian_Paints
2025-06-20 13:29:34,183 - INFO - 🆕 New data detected for Bharti_Airtel
2025-06-20 13:29:34,249 - INFO - 🆕 New data detected for HCL_Technologies
2025-06-20 13:29:34,331 - INFO - 🆕 New data detected for HDFC_Bank
2025-06-20 13:29:34,415 - INFO - 🆕 New data detected for Hindustan_Unilever
2025-06-20 13:29:34,498 - INFO - 🆕 New data detected for ICICI_Bank
2025-06-20 13:29:34,585 - INFO - 🆕 New data detected for ITC
2025-06-20 13:29:34,670 - INFO - 🆕 New data detected for Infosys
2025-06-20 13:29:34,755 - INFO - 🆕 New data detected for Kotak_Mahindra_Bank
2025-06-20 13:29:34,839 - INFO - 🆕 New data detected for Larsen_and_Toubro
2025-06-20 13:29:34,924 - INFO - 🆕 New data detected for Maruti_Suzuki
2025-06-20 13:29:35,007 - INFO - 🆕 New data detected for Reliance_Industries
2025-06-20 13:29:35,089 - INFO - 🆕 New data detected for State_Bank_of_India
2025-06-20 13:29:35,174 - INFO - 🆕 New data detected for Tata_Consultancy_Services
2025-06-20 13:29:35,234 - INFO - ✅ Updated indicators for 14 symbols in 1.13s
2025-06-20 13:30:04,103 - INFO - 📊 Monitoring cycle 40
2025-06-20 13:30:04,104 - INFO - Found 14 symbols in Redis DB0
2025-06-20 13:30:34,104 - INFO - 📊 Monitoring cycle 41
2025-06-20 13:30:34,107 - INFO - Found 14 symbols in Redis DB0
2025-06-20 13:30:34,109 - INFO - 🆕 New data detected for Asian_Paints
2025-06-20 13:30:34,180 - INFO - 🆕 New data detected for Bharti_Airtel
2025-06-20 13:30:34,245 - INFO - 🆕 New data detected for HCL_Technologies
2025-06-20 13:30:34,332 - INFO - 🆕 New data detected for HDFC_Bank
2025-06-20 13:30:34,414 - INFO - 🆕 New data detected for Hindustan_Unilever
2025-06-20 13:30:34,505 - INFO - 🆕 New data detected for ICICI_Bank
2025-06-20 13:30:34,580 - INFO - 🆕 New data detected for ITC
2025-06-20 13:30:34,664 - INFO - 🆕 New data detected for Infosys
2025-06-20 13:30:34,750 - INFO - 🆕 New data detected for Kotak_Mahindra_Bank
2025-06-20 13:30:34,836 - INFO - 🆕 New data detected for Larsen_and_Toubro
2025-06-20 13:30:34,922 - INFO - 🆕 New data detected for Maruti_Suzuki
2025-06-20 13:30:35,007 - INFO - 🆕 New data detected for Reliance_Industries
2025-06-20 13:30:35,092 - INFO - 🆕 New data detected for State_Bank_of_India
2025-06-20 13:30:35,176 - INFO - 🆕 New data detected for Tata_Consultancy_Services
2025-06-20 13:30:35,238 - INFO - ✅ Updated indicators for 14 symbols in 1.13s
2025-06-20 13:31:04,105 - INFO - 📊 Monitoring cycle 42
2025-06-20 13:31:04,105 - INFO - Found 14 symbols in Redis DB0
2025-06-20 13:31:34,106 - INFO - 📊 Monitoring cycle 43
2025-06-20 13:31:34,107 - INFO - Found 14 symbols in Redis DB0
2025-06-20 13:31:34,109 - INFO - 🆕 New data detected for Asian_Paints
2025-06-20 13:31:34,194 - INFO - 🆕 New data detected for Bharti_Airtel
2025-06-20 13:31:34,281 - INFO - 🆕 New data detected for HCL_Technologies
2025-06-20 13:31:34,365 - INFO - 🆕 New data detected for HDFC_Bank
2025-06-20 13:31:34,424 - INFO - 🆕 New data detected for Hindustan_Unilever
2025-06-20 13:31:34,484 - INFO - 🆕 New data detected for ICICI_Bank
2025-06-20 13:31:34,543 - INFO - 🆕 New data detected for ITC
2025-06-20 13:31:34,603 - INFO - 🆕 New data detected for Infosys
2025-06-20 13:31:34,663 - INFO - 🆕 New data detected for Kotak_Mahindra_Bank
2025-06-20 13:31:34,750 - INFO - 🆕 New data detected for Larsen_and_Toubro
2025-06-20 13:31:34,815 - INFO - 🆕 New data detected for Maruti_Suzuki
2025-06-20 13:31:34,879 - INFO - 🆕 New data detected for Reliance_Industries
2025-06-20 13:31:34,939 - INFO - 🆕 New data detected for Tata_Consultancy_Services
2025-06-20 13:31:34,999 - INFO - ✅ Updated indicators for 13 symbols in 0.89s
2025-06-20 13:32:04,106 - INFO - 📊 Monitoring cycle 44
2025-06-20 13:32:04,109 - INFO - Found 14 symbols in Redis DB0
2025-06-20 13:32:30,366 - INFO - Received signal 2, initiating graceful shutdown...
2025-06-20 13:32:31,144 - INFO - 🛑 Continuous monitoring stopped
