2025-06-19 11:07:15,164 - INFO - Simple live data fetcher logging to: /home/abhishek/projects/CUPCAKE/logs/simple_live_data_20250619_110715_IST.log
2025-06-19 11:07:15,165 - INFO - Script directory: /home/abhishek/projects/CUPCAKE/scripts
2025-06-19 11:07:15,165 - INFO - Looking for symbols.json at: /home/abhishek/projects/CUPCAKE/scripts/symbols.json
2025-06-19 11:07:15,165 - INFO - Loaded credentials from /home/abhishek/projects/CUPCAKE/authentication/credentials.json
2025-06-19 11:07:15,166 - INFO - Loaded 15 symbols from /home/abhishek/projects/CUPCAKE/scripts/symbols.json
2025-06-19 11:07:15,167 - INFO - Connected to Redis at localhost:6379, DB 0
2025-06-19 11:07:15,167 - INFO - Starting simple live data fetching using V3 OHLC API...
2025-06-19 11:07:15,167 - INFO - Monitoring 15 symbols
2025-06-19 11:07:15,167 - INFO - Batch size: 500 symbols per API call
2025-06-19 11:07:15,167 - INFO - Log file: /home/abhishek/projects/CUPCAKE/logs/simple_live_data_20250619_110715_IST.log
2025-06-19 11:07:15,256 - INFO - === Cycle 1 - 2025-06-19 11:07:15 IST ===
2025-06-19 11:07:15,256 - INFO - Processing batch 1: 15 symbols
2025-06-19 11:07:15,389 - INFO - OHLC API: 0/15 instruments successful
2025-06-19 11:07:15,389 - INFO - Cycle 1 completed: 0/15 successful, 15 failed
2025-06-19 11:07:15,389 - INFO - Waiting 54.6 seconds until next fetch at 11:08:10
2025-06-19 11:08:10,018 - INFO - === Cycle 2 - 2025-06-19 11:08:10 IST ===
2025-06-19 11:08:10,018 - INFO - Processing batch 1: 15 symbols
2025-06-19 11:08:10,282 - INFO - OHLC API: 0/15 instruments successful
2025-06-19 11:08:10,283 - INFO - Cycle 2 completed: 0/15 successful, 15 failed
2025-06-19 11:08:10,283 - INFO - Waiting 59.7 seconds until next fetch at 11:09:10
2025-06-19 11:08:25,768 - INFO - Received signal 2, shutting down gracefully...
